TN:
SF:/Users/alexismajyambere/tembea-frontend/src/app/active-time.directive.ts
FN:7,(anonymous_2)
FN:10,ActiveTimeDirective
FN:16,(anonymous_4)
FN:22,(anonymous_5)
FNF:4
FNH:4
FNDA:1,(anonymous_2)
FNDA:2,ActiveTimeDirective
FNDA:1,(anonymous_4)
FNDA:1,(anonymous_5)
DA:1,1
DA:2,1
DA:7,1
DA:13,2
DA:16,1
DA:17,1
DA:18,1
DA:19,1
DA:22,1
DA:23,1
DA:25,1
LF:11
LH:11
BRDA:11,0,0,1
BRDA:11,0,1,0
BRDA:11,1,0,1
BRF:3
BRH:2
end_of_record
TN:
SF:/Users/alexismajyambere/tembea-frontend/src/app/app.component.ts
FN:23,(anonymous_2)
FN:27,AppComponent
FN:35,(anonymous_4)
FN:38,(anonymous_5)
FN:54,(anonymous_6)
FNF:5
FNH:4
FNDA:1,(anonymous_2)
FNDA:3,AppComponent
FNDA:4,(anonymous_4)
FNDA:0,(anonymous_5)
FNDA:3,(anonymous_6)
DA:1,1
DA:2,1
DA:3,1
DA:4,1
DA:5,1
DA:6,1
DA:7,1
DA:8,1
DA:9,1
DA:23,1
DA:28,3
DA:29,3
DA:30,3
DA:31,3
DA:32,3
DA:35,4
DA:36,4
DA:38,4
DA:39,0
DA:42,4
DA:44,4
DA:45,0
DA:50,0
DA:54,1
DA:55,3
DA:57,1
LF:26
LH:23
BRDA:44,0,0,0
BRDA:44,0,1,4
BRDA:28,1,0,1
BRDA:28,1,1,0
BRDA:28,2,0,1
BRDA:29,3,0,1
BRDA:29,3,1,0
BRDA:28,4,0,1
BRDA:28,4,1,1
BRDA:30,5,0,1
BRDA:30,5,1,0
BRDA:29,6,0,1
BRDA:29,6,1,1
BRDA:31,7,0,1
BRDA:31,7,1,0
BRDA:30,8,0,1
BRDA:30,8,1,1
BRDA:32,9,0,1
BRDA:32,9,1,0
BRDA:31,10,0,1
BRDA:31,10,1,1
BRF:21
BRH:15
end_of_record
TN:
SF:/Users/alexismajyambere/tembea-frontend/src/app/app.constants.ts
FNF:0
FNH:0
DA:2,16
DA:3,16
DA:6,16
LF:3
LH:3
BRF:0
BRH:0
end_of_record
TN:
SF:/Users/alexismajyambere/tembea-frontend/src/app/admin/baseHttpService.ts
FN:3,(anonymous_0)
FN:4,BaseHttpService
FNF:2
FNH:2
FNDA:3,(anonymous_0)
FNDA:6,BaseHttpService
DA:3,3
DA:4,6
DA:5,3
LF:3
LH:3
BRF:0
BRH:0
end_of_record
TN:
SF:/Users/alexismajyambere/tembea-frontend/src/app/admin/__pipes__/convert-nullValue.pipe.ts
FN:6,(anonymous_1)
FN:8,(anonymous_3)
FNF:2
FNH:2
FNDA:28,(anonymous_1)
FNDA:102,(anonymous_3)
DA:1,3
DA:6,3
DA:8,103
DA:9,102
DA:10,1
DA:12,101
DA:14,3
LF:7
LH:7
BRDA:8,0,0,1
BRDA:8,0,1,101
BRDA:9,1,0,1
BRDA:9,1,1,101
BRF:4
BRH:4
end_of_record
TN:
SF:/Users/alexismajyambere/tembea-frontend/src/app/admin/__pipes__/convert-time.pipe.ts
FN:6,(anonymous_1)
FN:8,(anonymous_3)
FN:10,(anonymous_4)
FN:21,(anonymous_5)
FN:25,(anonymous_6)
FN:29,(anonymous_7)
FNF:6
FNH:6
FNDA:13,(anonymous_1)
FNDA:5,(anonymous_3)
FNDA:10,(anonymous_4)
FNDA:10,(anonymous_5)
FNDA:10,(anonymous_6)
FNDA:10,(anonymous_7)
DA:1,2
DA:6,2
DA:8,5
DA:9,5
DA:10,5
DA:11,10
DA:12,10
DA:13,10
DA:14,10
DA:15,10
DA:16,10
DA:18,5
DA:21,2
DA:22,10
DA:25,2
DA:26,10
DA:29,2
DA:30,10
DA:31,1
DA:32,1
DA:34,9
DA:35,9
DA:36,9
DA:39,2
LF:24
LH:24
BRDA:22,0,0,6
BRDA:22,0,1,4
BRDA:26,1,0,0
BRDA:26,1,1,10
BRDA:30,2,0,1
BRDA:30,2,1,9
BRDA:34,3,0,6
BRDA:34,3,1,3
BRDA:35,4,0,4
BRDA:35,4,1,5
BRF:10
BRH:9
end_of_record
TN:
SF:/Users/alexismajyambere/tembea-frontend/src/app/admin/__pipes__/custom-titlecase.pipe.ts
FN:6,(anonymous_1)
FN:8,(anonymous_3)
FNF:2
FNH:2
FNDA:14,(anonymous_1)
FNDA:12,(anonymous_3)
DA:1,4
DA:6,4
DA:8,4
DA:9,12
DA:11,8
DA:12,8
DA:15,4
LF:7
LH:7
BRDA:9,0,0,4
BRDA:9,0,1,8
BRDA:9,1,0,12
BRDA:9,1,1,8
BRF:4
BRH:4
end_of_record
TN:
SF:/Users/alexismajyambere/tembea-frontend/src/app/admin/__pipes__/shorten-name.pipe.ts
FN:11,(anonymous_3)
FN:8,ShortenNamePipe
FN:16,(anonymous_5)
FN:27,(anonymous_6)
FNF:4
FNH:4
FNDA:8,(anonymous_3)
FNDA:48,ShortenNamePipe
FNDA:112,(anonymous_5)
FNDA:109,(anonymous_6)
DA:1,8
DA:11,8
DA:12,48
DA:16,8
DA:17,112
DA:18,112
DA:19,2
DA:21,110
DA:22,110
DA:23,110
DA:24,108
DA:25,108
DA:26,108
DA:27,109
DA:28,108
DA:29,108
DA:31,110
DA:32,110
DA:35,8
LF:19
LH:19
BRDA:18,0,0,2
BRDA:18,0,1,110
BRDA:23,1,0,108
BRDA:23,1,1,2
BRDA:32,2,0,2
BRDA:32,2,1,108
BRF:6
BRH:6
end_of_record
TN:
SF:/Users/alexismajyambere/tembea-frontend/src/app/admin/__pipes__/shorten-text.pipe.ts
FN:4,(anonymous_1)
FN:6,(anonymous_3)
FNF:2
FNH:2
FNDA:39,(anonymous_1)
FNDA:14,(anonymous_3)
DA:1,9
DA:4,9
DA:6,21
DA:7,14
DA:11,9
LF:5
LH:5
BRDA:6,0,0,7
BRDA:6,0,1,7
BRDA:8,1,0,8
BRDA:8,1,1,6
BRF:4
BRH:4
end_of_record
TN:
SF:/Users/alexismajyambere/tembea-frontend/src/app/admin/__services__/address.service.ts
FN:7,(anonymous_2)
FN:10,AddressService
FN:14,(anonymous_4)
FNF:3
FNH:3
FNDA:3,(anonymous_2)
FNDA:2,AddressService
FNDA:1,(anonymous_4)
DA:1,3
DA:2,3
DA:3,3
DA:7,3
DA:10,2
DA:11,2
DA:14,3
DA:15,1
DA:17,3
LF:9
LH:9
BRDA:10,0,0,3
BRDA:10,0,1,0
BRDA:10,1,0,3
BRF:3
BRH:2
end_of_record
TN:
SF:/Users/alexismajyambere/tembea-frontend/src/app/admin/__services__/ais.service.ts
FN:12,(anonymous_2)
FN:15,AisService
FN:17,(anonymous_4)
FN:24,(anonymous_5)
FNF:4
FNH:4
FNDA:21,(anonymous_2)
FNDA:2,AisService
FNDA:1,(anonymous_4)
FNDA:1,(anonymous_5)
DA:1,21
DA:2,21
DA:3,21
DA:5,21
DA:6,21
DA:12,21
DA:13,2
DA:15,2
DA:17,21
DA:18,1
DA:23,1
DA:26,1
DA:27,1
DA:30,21
LF:14
LH:14
BRDA:15,0,0,21
BRDA:15,0,1,0
BRDA:15,1,0,21
BRF:3
BRH:2
end_of_record
TN:
SF:/Users/alexismajyambere/tembea-frontend/src/app/admin/__services__/base-inventory-service.ts
FN:7,(anonymous_2)
FN:13,BaseInventoryService
FN:18,(anonymous_4)
FN:22,(anonymous_5)
FN:26,(anonymous_6)
FN:30,(anonymous_7)
FNF:6
FNH:6
FNDA:12,(anonymous_2)
FNDA:28,BaseInventoryService
FNDA:22,(anonymous_4)
FNDA:1,(anonymous_5)
FNDA:1,(anonymous_6)
FNDA:1,(anonymous_7)
DA:1,12
DA:3,12
DA:4,12
DA:7,12
DA:8,28
DA:9,28
DA:14,28
DA:15,28
DA:18,12
DA:19,22
DA:22,12
DA:23,1
DA:26,12
DA:27,1
DA:30,12
DA:31,1
DA:33,12
LF:17
LH:17
BRF:0
BRH:0
end_of_record
TN:
SF:/Users/alexismajyambere/tembea-frontend/src/app/admin/__services__/cabs-inventory.service.ts
FN:13,(anonymous_8)
FN:14,CabsInventoryService
FNF:2
FNH:2
FNDA:7,(anonymous_8)
FNDA:16,CabsInventoryService
DA:3,7
DA:4,7
DA:5,7
DA:6,7
DA:7,7
DA:13,7
DA:17,7
LF:7
LH:7
BRDA:15,0,0,16
BRDA:15,0,1,16
BRDA:14,1,0,7
BRDA:14,1,1,0
BRDA:14,2,0,7
BRF:5
BRH:4
end_of_record
TN:
SF:/Users/alexismajyambere/tembea-frontend/src/app/admin/__services__/country.service.ts
FN:7,(anonymous_2)
FN:16,CountryService
FN:18,(anonymous_4)
FNF:3
FNH:3
FNDA:6,(anonymous_2)
FNDA:2,CountryService
FNDA:1,(anonymous_4)
DA:1,6
DA:2,6
DA:4,6
DA:7,6
DA:8,2
DA:10,2
DA:16,2
DA:18,6
DA:19,1
DA:21,6
LF:10
LH:10
BRDA:16,0,0,6
BRDA:16,0,1,0
BRDA:16,1,0,6
BRF:3
BRH:2
end_of_record
TN:
SF:/Users/alexismajyambere/tembea-frontend/src/app/admin/__services__/departments.service.ts
FN:11,(anonymous_4)
FN:14,DepartmentsService
FN:17,(anonymous_6)
FN:18,(anonymous_7)
FN:23,(anonymous_8)
FN:28,(anonymous_9)
FN:37,(anonymous_10)
FNF:7
FNH:7
FNDA:4,(anonymous_4)
FNDA:5,DepartmentsService
FNDA:1,(anonymous_6)
FNDA:1,(anonymous_7)
FNDA:1,(anonymous_8)
FNDA:1,(anonymous_9)
FNDA:1,(anonymous_10)
DA:1,4
DA:2,4
DA:4,4
DA:5,4
DA:6,4
DA:11,4
DA:13,5
DA:14,5
DA:15,5
DA:17,4
DA:18,1
DA:19,1
DA:23,4
DA:24,1
DA:25,1
DA:28,4
DA:29,1
DA:34,1
DA:37,4
DA:39,1
DA:43,1
DA:45,4
LF:22
LH:22
BRDA:14,0,0,4
BRDA:14,0,1,0
BRDA:14,1,0,4
BRF:3
BRH:2
end_of_record
TN:
SF:/Users/alexismajyambere/tembea-frontend/src/app/admin/__services__/drivers-inventory.service.ts
FN:14,(anonymous_8)
FN:16,DriversInventoryService
FN:20,(anonymous_10)
FN:23,(anonymous_11)
FNF:4
FNH:4
FNDA:5,(anonymous_8)
FNDA:12,DriversInventoryService
FNDA:1,(anonymous_10)
FNDA:1,(anonymous_11)
DA:2,5
DA:3,5
DA:4,5
DA:5,5
DA:7,5
DA:14,5
DA:15,12
DA:17,12
DA:20,5
DA:21,1
DA:23,5
DA:24,1
DA:26,5
LF:13
LH:13
BRDA:17,0,0,12
BRDA:17,0,1,12
BRDA:16,1,0,5
BRDA:16,1,1,0
BRDA:16,2,0,5
BRF:5
BRH:4
end_of_record
TN:
SF:/Users/alexismajyambere/tembea-frontend/src/app/admin/__services__/export.component.service.ts
FN:12,(anonymous_2)
FN:16,ExportService
FN:20,(anonymous_4)
FNF:3
FNH:3
FNDA:8,(anonymous_2)
FNDA:50,ExportService
FNDA:2,(anonymous_4)
DA:1,8
DA:2,8
DA:3,8
DA:4,8
DA:6,8
DA:7,8
DA:12,8
DA:13,50
DA:14,50
DA:17,50
DA:20,8
DA:22,2
DA:23,2
DA:24,2
DA:26,2
DA:27,2
DA:28,2
DA:35,8
LF:18
LH:18
BRDA:22,0,0,2
BRDA:22,0,1,0
BRDA:27,1,0,1
BRDA:27,1,1,1
BRDA:17,2,0,8
BRDA:17,2,1,0
BRDA:17,3,0,8
BRF:7
BRH:5
end_of_record
TN:
SF:/Users/alexismajyambere/tembea-frontend/src/app/admin/__services__/fellow-route.service.ts
FN:11,(anonymous_2)
FN:17,FellowRouteService
FN:19,(anonymous_4)
FN:21,(anonymous_5)
FNF:4
FNH:3
FNDA:2,(anonymous_2)
FNDA:2,FellowRouteService
FNDA:1,(anonymous_4)
FNDA:0,(anonymous_5)
DA:1,2
DA:2,2
DA:4,2
DA:5,2
DA:6,2
DA:11,2
DA:12,2
DA:13,2
DA:17,2
DA:19,2
DA:20,1
DA:22,0
DA:23,0
DA:27,2
LF:14
LH:12
BRDA:17,0,0,2
BRDA:17,0,1,0
BRDA:17,1,0,2
BRF:3
BRH:2
end_of_record
TN:
SF:/Users/alexismajyambere/tembea-frontend/src/app/admin/__services__/fellows.service.ts
FN:10,(anonymous_2)
FN:18,FellowsService
FN:21,(anonymous_4)
FN:25,(anonymous_5)
FN:30,(anonymous_6)
FNF:5
FNH:3
FNDA:5,(anonymous_2)
FNDA:9,FellowsService
FNDA:0,(anonymous_4)
FNDA:0,(anonymous_5)
FNDA:1,(anonymous_6)
DA:1,5
DA:2,5
DA:4,5
DA:5,5
DA:10,5
DA:13,9
DA:18,9
DA:19,9
DA:21,5
DA:22,0
DA:23,0
DA:26,0
DA:30,5
DA:31,1
DA:32,1
DA:34,5
LF:16
LH:13
BRDA:21,0,0,0
BRDA:21,0,1,0
BRDA:21,1,0,0
BRDA:21,1,1,0
BRDA:22,2,0,0
BRDA:22,2,1,0
BRDA:18,3,0,5
BRDA:18,3,1,0
BRDA:18,4,0,5
BRF:9
BRH:2
end_of_record
TN:
SF:/Users/alexismajyambere/tembea-frontend/src/app/admin/__services__/google-analytics.service.ts
FN:9,(anonymous_2)
FN:11,GoogleAnalyticsService
FN:15,(anonymous_4)
FN:29,(anonymous_5)
FN:34,(anonymous_6)
FNF:5
FNH:5
FNDA:23,(anonymous_2)
FNDA:25,GoogleAnalyticsService
FNDA:4,(anonymous_4)
FNDA:3,(anonymous_5)
FNDA:3,(anonymous_6)
DA:1,23
DA:2,23
DA:9,23
DA:12,25
DA:15,23
DA:16,4
DA:17,4
DA:18,4
DA:19,4
DA:21,4
DA:22,4
DA:26,4
DA:29,23
DA:30,3
DA:31,1
DA:34,23
DA:35,3
DA:37,23
LF:18
LH:18
BRF:0
BRH:0
end_of_record
TN:
SF:/Users/alexismajyambere/tembea-frontend/src/app/admin/__services__/nav-menu.service.ts
FN:8,(anonymous_1)
FN:5,NavMenuService
FN:14,(anonymous_3)
FN:18,(anonymous_4)
FN:22,(anonymous_5)
FN:26,(anonymous_6)
FN:30,(anonymous_7)
FN:34,(anonymous_8)
FN:38,(anonymous_9)
FNF:9
FNH:8
FNDA:4,(anonymous_1)
FNDA:11,NavMenuService
FNDA:7,(anonymous_3)
FNDA:3,(anonymous_4)
FNDA:2,(anonymous_5)
FNDA:0,(anonymous_6)
FNDA:1,(anonymous_7)
FNDA:1,(anonymous_8)
FNDA:10,(anonymous_9)
DA:1,4
DA:3,4
DA:8,4
DA:10,11
DA:14,4
DA:15,7
DA:18,4
DA:19,3
DA:22,4
DA:23,2
DA:26,4
DA:27,0
DA:30,4
DA:31,1
DA:34,4
DA:35,1
DA:38,4
DA:39,10
DA:41,4
LF:19
LH:18
BRF:0
BRH:0
end_of_record
TN:
SF:/Users/alexismajyambere/tembea-frontend/src/app/admin/__services__/providers.service.ts
FN:11,(anonymous_4)
FN:14,ProviderService
FN:16,(anonymous_6)
FN:24,(anonymous_7)
FN:28,(anonymous_8)
FN:32,(anonymous_9)
FN:36,(anonymous_10)
FN:40,(anonymous_11)
FN:45,(anonymous_12)
FNF:9
FNH:9
FNDA:22,(anonymous_4)
FNDA:77,ProviderService
FNDA:16,(anonymous_6)
FNDA:13,(anonymous_7)
FNDA:2,(anonymous_8)
FNDA:3,(anonymous_9)
FNDA:1,(anonymous_10)
FNDA:2,(anonymous_11)
FNDA:3,(anonymous_12)
DA:1,22
DA:2,22
DA:4,22
DA:5,22
DA:11,22
DA:12,77
DA:14,77
DA:16,22
DA:17,16
DA:18,16
DA:19,15
DA:21,16
DA:24,22
DA:25,13
DA:28,22
DA:29,2
DA:32,22
DA:33,3
DA:36,22
DA:37,1
DA:40,22
DA:41,2
DA:42,2
DA:45,22
DA:46,3
DA:49,22
LF:26
LH:26
BRDA:18,0,0,15
BRDA:18,0,1,1
BRDA:18,1,0,16
BRDA:18,1,1,15
BRDA:14,2,0,22
BRDA:14,2,1,0
BRDA:14,3,0,22
BRF:7
BRH:6
end_of_record
TN:
SF:/Users/alexismajyambere/tembea-frontend/src/app/admin/__services__/roles.service.ts
FN:9,(anonymous_2)
FN:13,RoleService
FN:16,(anonymous_4)
FN:20,(anonymous_5)
FN:24,(anonymous_6)
FN:28,(anonymous_7)
FNF:6
FNH:6
FNDA:6,(anonymous_2)
FNDA:9,RoleService
FNDA:2,(anonymous_4)
FNDA:1,(anonymous_5)
FNDA:2,(anonymous_6)
FNDA:2,(anonymous_7)
DA:1,6
DA:2,6
DA:4,6
DA:9,6
DA:10,9
DA:11,9
DA:13,9
DA:16,6
DA:17,2
DA:20,6
DA:21,1
DA:24,6
DA:25,2
DA:28,6
DA:29,2
DA:30,0
DA:32,2
DA:34,6
LF:18
LH:17
BRDA:29,0,0,0
BRDA:29,0,1,2
BRDA:13,1,0,6
BRDA:13,1,1,0
BRDA:13,2,0,6
BRF:5
BRH:3
end_of_record
TN:
SF:/Users/alexismajyambere/tembea-frontend/src/app/admin/__services__/route-ratings.service.ts
FN:13,(anonymous_8)
FN:14,RouteRatingsService
FN:18,(anonymous_10)
FNF:3
FNH:3
FNDA:2,(anonymous_8)
FNDA:4,RouteRatingsService
FNDA:3,(anonymous_10)
DA:1,2
DA:2,2
DA:4,2
DA:5,2
DA:6,2
DA:13,2
DA:18,2
DA:19,3
DA:20,3
DA:21,3
DA:22,3
DA:24,2
LF:12
LH:12
BRDA:15,0,0,4
BRDA:15,0,1,4
BRDA:20,1,0,2
BRDA:20,1,1,1
BRDA:21,2,0,2
BRDA:21,2,1,1
BRDA:14,3,0,2
BRDA:14,3,1,0
BRDA:14,4,0,2
BRF:9
BRH:8
end_of_record
TN:
SF:/Users/alexismajyambere/tembea-frontend/src/app/admin/__services__/route-request.service.ts
FN:14,(anonymous_2)
FN:17,RouteRequestService
FN:48,(anonymous_4)
FN:52,(anonymous_5)
FN:19,(anonymous_6)
FN:23,(anonymous_7)
FN:23,(anonymous_8)
FN:27,(anonymous_9)
FN:33,(anonymous_10)
FN:36,(anonymous_11)
FN:45,(anonymous_12)
FNF:11
FNH:11
FNDA:3,(anonymous_2)
FNDA:23,RouteRequestService
FNDA:2,(anonymous_4)
FNDA:2,(anonymous_5)
FNDA:8,(anonymous_6)
FNDA:3,(anonymous_7)
FNDA:9,(anonymous_8)
FNDA:2,(anonymous_9)
FNDA:1,(anonymous_10)
FNDA:2,(anonymous_11)
FNDA:1,(anonymous_12)
DA:1,3
DA:2,3
DA:4,3
DA:5,3
DA:6,3
DA:7,3
DA:9,3
DA:14,3
DA:15,23
DA:17,23
DA:19,3
DA:20,8
DA:23,9
DA:27,3
DA:28,2
DA:29,2
DA:30,2
DA:33,1
DA:36,3
DA:37,2
DA:45,1
DA:48,23
DA:49,2
DA:52,23
DA:53,2
DA:54,1
DA:56,1
DA:59,3
LF:28
LH:28
BRDA:53,0,0,1
BRDA:53,0,1,1
BRDA:17,1,0,3
BRDA:17,1,1,0
BRDA:17,2,0,3
BRDA:17,3,0,3
BRDA:17,3,1,0
BRDA:17,4,0,3
BRDA:17,4,1,3
BRF:9
BRH:7
end_of_record
TN:
SF:/Users/alexismajyambere/tembea-frontend/src/app/admin/__services__/route-trips.service.ts
FN:18,(anonymous_2)
FN:21,RouteTripsService
FN:26,(anonymous_4)
FN:28,(anonymous_5)
FN:28,(anonymous_6)
FN:31,(anonymous_7)
FNF:6
FNH:6
FNDA:2,(anonymous_2)
FNDA:4,RouteTripsService
FNDA:2,(anonymous_4)
FNDA:1,(anonymous_5)
FNDA:1,(anonymous_6)
FNDA:2,(anonymous_7)
DA:1,2
DA:2,2
DA:3,2
DA:4,2
DA:5,2
DA:8,2
DA:18,2
DA:21,4
DA:22,4
DA:23,4
DA:26,2
DA:27,2
DA:28,1
DA:31,2
DA:32,2
DA:33,2
DA:35,2
LF:17
LH:17
BRDA:21,0,0,2
BRDA:21,0,1,0
BRDA:21,1,0,2
BRDA:21,2,0,2
BRDA:21,2,1,0
BRDA:21,3,0,2
BRDA:21,3,1,2
BRF:7
BRH:5
end_of_record
TN:
SF:/Users/alexismajyambere/tembea-frontend/src/app/admin/__services__/route-usage.service.ts
FN:11,(anonymous_2)
FN:14,RouteUsageService
FN:18,(anonymous_4)
FN:25,(anonymous_5)
FNF:4
FNH:4
FNDA:2,(anonymous_2)
FNDA:2,RouteUsageService
FNDA:1,(anonymous_4)
FNDA:1,(anonymous_5)
DA:1,2
DA:2,2
DA:4,2
DA:5,2
DA:11,2
DA:14,2
DA:15,2
DA:18,2
DA:20,1
DA:22,1
DA:23,1
DA:25,1
DA:26,1
DA:27,1
DA:30,2
LF:15
LH:15
BRDA:22,0,0,1
BRDA:22,0,1,0
BRDA:23,1,0,1
BRDA:23,1,1,0
BRDA:14,2,0,2
BRDA:14,2,1,0
BRDA:14,3,0,2
BRF:7
BRH:4
end_of_record
TN:
SF:/Users/alexismajyambere/tembea-frontend/src/app/admin/__services__/routes-inventory.service.ts
FN:12,(anonymous_4)
FN:21,RoutesInventoryService
FN:25,(anonymous_6)
FN:29,(anonymous_7)
FN:33,(anonymous_8)
FN:37,(anonymous_9)
FNF:6
FNH:6
FNDA:5,(anonymous_4)
FNDA:7,RoutesInventoryService
FNDA:1,(anonymous_6)
FNDA:2,(anonymous_7)
FNDA:1,(anonymous_8)
FNDA:1,(anonymous_9)
DA:1,5
DA:2,5
DA:4,5
DA:7,5
DA:12,5
DA:13,7
DA:14,7
DA:15,7
DA:16,7
DA:22,7
DA:25,5
DA:26,1
DA:29,5
DA:30,2
DA:33,5
DA:34,1
DA:37,5
DA:38,1
DA:39,1
DA:40,1
DA:44,5
LF:21
LH:21
BRDA:37,0,0,1
BRDA:37,0,1,0
BRDA:38,1,0,0
BRDA:38,1,1,1
BRDA:39,2,0,0
BRDA:39,2,1,1
BRDA:22,3,0,5
BRDA:22,3,1,0
BRDA:22,4,0,5
BRF:9
BRH:5
end_of_record
TN:
SF:/Users/alexismajyambere/tembea-frontend/src/app/admin/__services__/search.service.ts
FN:12,(anonymous_2)
FN:21,SearchService
FN:26,(anonymous_4)
FN:29,(anonymous_5)
FN:34,(anonymous_6)
FN:39,(anonymous_7)
FN:46,(anonymous_8)
FNF:7
FNH:7
FNDA:3,(anonymous_2)
FNDA:36,SearchService
FNDA:22,(anonymous_4)
FNDA:1,(anonymous_5)
FNDA:1,(anonymous_6)
FNDA:3,(anonymous_7)
FNDA:1,(anonymous_8)
DA:1,3
DA:2,3
DA:4,3
DA:5,3
DA:6,3
DA:7,3
DA:8,3
DA:9,3
DA:12,3
DA:13,36
DA:14,36
DA:22,36
DA:23,36
DA:26,22
DA:27,22
DA:30,1
DA:31,1
DA:32,1
DA:35,1
DA:39,3
DA:40,3
DA:41,2
DA:43,1
DA:46,3
DA:47,1
DA:50,3
LF:26
LH:26
BRDA:40,0,0,2
BRDA:40,0,1,1
BRDA:22,1,0,3
BRDA:22,1,1,0
BRDA:22,2,0,3
BRDA:23,3,0,3
BRDA:23,3,1,0
BRDA:22,4,0,3
BRDA:22,4,1,3
BRF:9
BRH:7
end_of_record
TN:
SF:/Users/alexismajyambere/tembea-frontend/src/app/admin/__services__/slack.service.ts
FN:7,(anonymous_2)
FN:17,SlackService
FN:19,(anonymous_4)
FNF:3
FNH:3
FNDA:7,(anonymous_2)
FNDA:3,SlackService
FNDA:2,(anonymous_4)
DA:1,7
DA:2,7
DA:4,7
DA:7,7
DA:8,3
DA:10,3
DA:17,3
DA:19,7
DA:20,2
DA:22,7
LF:10
LH:10
BRDA:17,0,0,7
BRDA:17,0,1,0
BRDA:17,1,0,7
BRF:3
BRH:2
end_of_record
TN:
SF:/Users/alexismajyambere/tembea-frontend/src/app/admin/__services__/trip-request.service.ts
FN:20,(anonymous_5)
FN:22,TripRequestService
FN:89,(anonymous_7)
FN:93,(anonymous_8)
FN:28,(anonymous_9)
FN:32,(anonymous_10)
FN:34,(anonymous_11)
FN:36,(anonymous_12)
FN:37,(anonymous_13)
FN:42,(anonymous_14)
FN:48,(anonymous_15)
FN:50,(anonymous_16)
FN:59,(anonymous_17)
FN:63,(anonymous_18)
FN:70,(anonymous_19)
FN:77,(anonymous_20)
FN:80,(anonymous_21)
FN:86,(anonymous_22)
FN:101,(anonymous_23)
FNF:19
FNH:17
FNDA:17,(anonymous_5)
FNDA:50,TripRequestService
FNDA:2,(anonymous_7)
FNDA:4,(anonymous_8)
FNDA:36,(anonymous_9)
FNDA:54,(anonymous_10)
FNDA:0,(anonymous_11)
FNDA:54,(anonymous_12)
FNDA:0,(anonymous_13)
FNDA:34,(anonymous_14)
FNDA:1,(anonymous_15)
FNDA:1,(anonymous_16)
FNDA:28,(anonymous_17)
FNDA:1,(anonymous_18)
FNDA:2,(anonymous_19)
FNDA:1,(anonymous_20)
FNDA:2,(anonymous_21)
FNDA:1,(anonymous_22)
FNDA:1,(anonymous_23)
DA:2,17
DA:4,17
DA:5,17
DA:6,17
DA:7,17
DA:8,17
DA:12,17
DA:20,17
DA:22,50
DA:24,50
DA:25,50
DA:26,50
DA:28,17
DA:29,36
DA:30,36
DA:31,36
DA:32,27
DA:33,54
DA:34,54
DA:35,54
DA:36,54
DA:37,27
DA:39,36
DA:42,17
DA:43,34
DA:44,34
DA:45,34
DA:49,1
DA:50,1
DA:51,1
DA:52,1
DA:54,1
DA:59,17
DA:60,28
DA:64,1
DA:65,1
DA:70,17
DA:71,2
DA:72,2
DA:73,2
DA:74,2
DA:77,1
DA:80,17
DA:81,2
DA:82,2
DA:83,2
DA:86,1
DA:89,50
DA:90,2
DA:93,50
DA:94,4
DA:95,2
DA:97,2
DA:101,17
DA:102,1
DA:104,17
LF:56
LH:56
BRDA:94,0,0,2
BRDA:94,0,1,2
BRDA:95,1,0,1
BRDA:95,1,1,1
BRDA:31,2,0,27
BRDA:31,2,1,9
BRDA:22,3,0,17
BRDA:22,3,1,0
BRDA:22,4,0,17
BRDA:22,5,0,17
BRDA:22,5,1,0
BRDA:22,6,0,17
BRDA:22,6,1,17
BRF:13
BRH:11
end_of_record
TN:
SF:/Users/alexismajyambere/tembea-frontend/src/app/admin/__services__/trips-data.service.ts
FN:10,(anonymous_4)
FN:12,TripsDataService
FN:14,(anonymous_6)
FN:22,(anonymous_7)
FNF:4
FNH:4
FNDA:2,(anonymous_4)
FNDA:3,TripsDataService
FNDA:1,(anonymous_6)
FNDA:2,(anonymous_7)
DA:1,2
DA:2,2
DA:4,2
DA:5,2
DA:10,2
DA:12,3
DA:14,2
DA:15,1
DA:16,1
DA:17,1
DA:18,1
DA:19,1
DA:22,2
DA:23,2
DA:24,2
DA:25,2
DA:26,2
DA:29,2
LF:18
LH:18
BRDA:14,0,0,1
BRDA:14,0,1,0
BRDA:15,1,0,0
BRDA:15,1,1,1
BRDA:12,2,0,2
BRDA:12,2,1,0
BRDA:12,3,0,2
BRF:7
BRH:4
end_of_record
TN:
SF:/Users/alexismajyambere/tembea-frontend/src/app/admin/__services__/user.service.ts
FN:21,(anonymous_2)
FN:24,UserService
FN:26,(anonymous_4)
FN:30,(anonymous_5)
FN:34,(anonymous_6)
FNF:5
FNH:3
FNDA:6,(anonymous_2)
FNDA:3,UserService
FNDA:1,(anonymous_4)
FNDA:0,(anonymous_5)
FNDA:0,(anonymous_6)
DA:2,6
DA:3,6
DA:5,6
DA:21,6
DA:22,3
DA:24,3
DA:26,6
DA:27,1
DA:30,6
DA:31,0
DA:34,6
DA:35,0
DA:37,6
LF:13
LH:11
BRDA:24,0,0,6
BRDA:24,0,1,0
BRDA:24,1,0,6
BRF:3
BRH:2
end_of_record
TN:
SF:/Users/alexismajyambere/tembea-frontend/src/app/admin/admin/admin.component.ts
FN:21,(anonymous_2)
FN:35,AdminComponent
FN:57,(anonymous_4)
FN:87,(anonymous_5)
FN:108,(anonymous_6)
FN:114,(anonymous_7)
FN:115,(anonymous_8)
FN:116,(anonymous_9)
FN:128,(anonymous_10)
FN:47,(anonymous_11)
FN:54,(anonymous_12)
FN:63,(anonymous_13)
FN:64,(anonymous_14)
FN:66,(anonymous_15)
FN:75,(anonymous_16)
FN:81,(anonymous_17)
FN:134,(anonymous_18)
FNF:17
FNH:15
FNDA:2,(anonymous_2)
FNDA:11,AdminComponent
FNDA:1,(anonymous_4)
FNDA:11,(anonymous_5)
FNDA:187,(anonymous_6)
FNDA:7,(anonymous_7)
FNDA:0,(anonymous_8)
FNDA:0,(anonymous_9)
FNDA:3,(anonymous_10)
FNDA:14,(anonymous_11)
FNDA:88,(anonymous_12)
FNDA:10,(anonymous_13)
FNDA:21,(anonymous_14)
FNDA:174,(anonymous_15)
FNDA:7,(anonymous_16)
FNDA:10,(anonymous_17)
FNDA:88,(anonymous_18)
DA:1,2
DA:2,2
DA:3,2
DA:4,2
DA:5,2
DA:6,2
DA:7,2
DA:8,2
DA:9,2
DA:10,2
DA:11,2
DA:13,2
DA:21,2
DA:22,11
DA:25,11
DA:26,11
DA:28,11
DA:29,11
DA:31,2
DA:32,2
DA:35,11
DA:36,11
DA:37,11
DA:38,11
DA:39,11
DA:40,11
DA:41,11
DA:42,11
DA:43,11
DA:44,11
DA:46,11
DA:47,11
DA:48,14
DA:49,2
DA:50,2
DA:53,11
DA:54,88
DA:57,11
DA:58,1
DA:63,10
DA:64,10
DA:65,21
DA:66,21
DA:67,174
DA:68,174
DA:69,5
DA:75,2
DA:76,7
DA:77,7
DA:78,7
DA:81,2
DA:82,10
DA:83,7
DA:87,11
DA:88,11
DA:108,11
DA:109,187
DA:114,11
DA:115,7
DA:116,0
DA:117,0
DA:118,0
DA:119,0
DA:121,0
DA:122,0
DA:128,11
DA:129,3
DA:130,1
DA:134,2
DA:135,88
DA:137,2
LF:71
LH:65
BRDA:117,0,0,0
BRDA:117,0,1,0
BRDA:117,1,0,0
BRDA:117,1,1,0
BRDA:129,2,0,1
BRDA:129,2,1,2
BRDA:129,3,0,3
BRDA:129,3,1,1
BRDA:48,4,0,2
BRDA:48,4,1,12
BRDA:68,5,0,5
BRDA:68,5,1,169
BRDA:82,6,0,7
BRDA:82,6,1,3
BRDA:135,7,0,11
BRDA:135,7,1,77
BRDA:31,8,0,2
BRDA:31,8,1,0
BRDA:31,9,0,2
BRDA:32,10,0,2
BRDA:32,10,1,0
BRDA:32,11,0,2
BRDA:36,12,0,2
BRDA:36,12,1,0
BRDA:36,13,0,2
BRDA:37,14,0,2
BRDA:37,14,1,0
BRDA:36,15,0,2
BRDA:36,15,1,2
BRDA:38,16,0,2
BRDA:38,16,1,0
BRDA:37,17,0,2
BRDA:37,17,1,2
BRDA:39,18,0,2
BRDA:39,18,1,0
BRDA:38,19,0,2
BRDA:38,19,1,2
BRDA:40,20,0,2
BRDA:40,20,1,0
BRDA:39,21,0,2
BRDA:39,21,1,2
BRDA:41,22,0,2
BRDA:41,22,1,0
BRDA:40,23,0,2
BRDA:40,23,1,2
BRDA:42,24,0,2
BRDA:42,24,1,0
BRDA:41,25,0,2
BRDA:41,25,1,2
BRDA:43,26,0,2
BRDA:43,26,1,0
BRDA:42,27,0,2
BRDA:42,27,1,2
BRDA:44,28,0,2
BRDA:44,28,1,0
BRDA:43,29,0,2
BRDA:43,29,1,2
BRF:57
BRH:42
end_of_record
TN:
SF:/Users/alexismajyambere/tembea-frontend/src/app/admin/base-inventory/base-inventory.component.ts
FN:12,(anonymous_2)
FN:27,BaseInventoryComponent
FN:38,(anonymous_4)
FN:41,(anonymous_5)
FN:47,(anonymous_6)
FN:55,(anonymous_7)
FN:59,(anonymous_8)
FN:68,(anonymous_9)
FN:74,(anonymous_10)
FNF:9
FNH:9
FNDA:3,(anonymous_2)
FNDA:19,BaseInventoryComponent
FNDA:7,(anonymous_4)
FNDA:22,(anonymous_5)
FNDA:1,(anonymous_6)
FNDA:1,(anonymous_7)
FNDA:3,(anonymous_8)
FNDA:1,(anonymous_9)
FNDA:3,(anonymous_10)
DA:1,3
DA:2,3
DA:3,3
DA:4,3
DA:5,3
DA:12,3
DA:23,19
DA:25,3
DA:28,19
DA:29,19
DA:30,19
DA:32,19
DA:33,19
DA:34,19
DA:35,19
DA:38,3
DA:41,3
DA:42,22
DA:43,22
DA:44,22
DA:47,3
DA:48,1
DA:49,1
DA:50,1
DA:51,1
DA:52,1
DA:55,3
DA:56,1
DA:59,3
DA:60,3
DA:68,3
DA:69,1
DA:70,1
DA:74,3
DA:75,3
DA:77,3
LF:36
LH:36
BRDA:51,0,0,0
BRDA:51,0,1,1
BRDA:75,1,0,2
BRDA:75,1,1,1
BRDA:28,2,0,3
BRDA:28,2,1,0
BRDA:28,3,0,3
BRDA:29,4,0,3
BRDA:29,4,1,0
BRDA:28,5,0,3
BRDA:28,5,1,3
BRDA:30,6,0,3
BRDA:30,6,1,0
BRDA:29,7,0,3
BRDA:29,7,1,3
BRF:15
BRH:11
end_of_record
TN:
SF:/Users/alexismajyambere/tembea-frontend/src/app/admin/base-table/base-table.component.ts
FN:11,(anonymous_2)
FN:14,BaseTableComponent
FN:18,(anonymous_4)
FNF:3
FNH:3
FNDA:8,(anonymous_2)
FNDA:54,BaseTableComponent
FNDA:2,(anonymous_4)
DA:1,8
DA:2,8
DA:3,8
DA:11,8
DA:13,8
DA:15,54
DA:18,8
DA:19,2
DA:29,8
LF:9
LH:9
BRDA:15,0,0,8
BRDA:15,0,1,0
BRDA:15,1,0,8
BRF:3
BRH:2
end_of_record
TN:
SF:/Users/alexismajyambere/tembea-frontend/src/app/admin/cabs/add-cab-modal/add-cab-modal.component.ts
FN:14,(anonymous_5)
FN:22,AddCabsModalComponent
FN:33,(anonymous_7)
FN:37,(anonymous_8)
FN:46,(anonymous_9)
FN:54,(anonymous_10)
FN:55,(anonymous_11)
FN:60,(anonymous_12)
FN:64,(anonymous_13)
FN:65,(anonymous_14)
FN:71,(anonymous_15)
FNF:11
FNH:11
FNDA:5,(anonymous_5)
FNDA:9,AddCabsModalComponent
FNDA:4,(anonymous_7)
FNDA:3,(anonymous_8)
FNDA:7,(anonymous_9)
FNDA:2,(anonymous_10)
FNDA:2,(anonymous_11)
FNDA:3,(anonymous_12)
FNDA:1,(anonymous_13)
FNDA:2,(anonymous_14)
FNDA:4,(anonymous_15)
DA:1,5
DA:2,5
DA:4,5
DA:5,5
DA:6,5
DA:14,5
DA:20,14
DA:23,9
DA:24,9
DA:25,9
DA:26,9
DA:27,9
DA:29,9
DA:30,9
DA:33,5
DA:34,4
DA:37,5
DA:38,3
DA:39,3
DA:40,3
DA:41,3
DA:42,3
DA:46,7
DA:47,7
DA:48,3
DA:50,4
DA:51,4
DA:52,4
DA:54,2
DA:56,2
DA:60,5
DA:61,3
DA:62,3
DA:63,3
DA:64,1
DA:66,2
DA:71,5
DA:72,4
DA:73,4
DA:74,4
DA:76,2
DA:77,2
DA:79,1
DA:80,1
DA:82,1
DA:85,5
LF:46
LH:46
BRDA:30,0,0,0
BRDA:30,0,1,9
BRDA:37,1,0,2
BRDA:37,1,1,1
BRDA:38,2,0,3
BRDA:38,2,1,0
BRDA:47,3,0,3
BRDA:47,3,1,4
BRDA:75,4,0,2
BRDA:75,4,1,1
BRDA:75,4,2,1
BRDA:24,5,0,5
BRDA:24,5,1,0
BRDA:24,6,0,5
BRDA:25,7,0,5
BRDA:25,7,1,0
BRDA:24,8,0,5
BRDA:24,8,1,5
BRDA:26,9,0,5
BRDA:26,9,1,0
BRDA:25,10,0,5
BRDA:25,10,1,5
BRDA:27,11,0,5
BRDA:27,11,1,0
BRDA:26,12,0,5
BRDA:26,12,1,5
BRF:26
BRH:20
end_of_record
TN:
SF:/Users/alexismajyambere/tembea-frontend/src/app/admin/cabs/cab-inventory/cab-inventory.component.ts
FN:15,(anonymous_8)
FN:25,CabInventoryComponent
FN:34,(anonymous_10)
FN:36,(anonymous_11)
FN:40,(anonymous_12)
FN:43,(anonymous_13)
FN:48,(anonymous_14)
FN:50,(anonymous_15)
FN:67,(anonymous_16)
FNF:9
FNH:7
FNDA:1,(anonymous_8)
FNDA:6,CabInventoryComponent
FNDA:10,(anonymous_10)
FNDA:0,(anonymous_11)
FNDA:7,(anonymous_12)
FNDA:9,(anonymous_13)
FNDA:17,(anonymous_14)
FNDA:1,(anonymous_15)
FNDA:0,(anonymous_16)
DA:2,1
DA:3,1
DA:4,1
DA:5,1
DA:6,1
DA:7,1
DA:15,1
DA:16,6
DA:17,6
DA:18,6
DA:22,1
DA:23,7
DA:26,6
DA:27,6
DA:28,6
DA:29,6
DA:31,6
DA:34,10
DA:35,10
DA:36,0
DA:39,10
DA:40,7
DA:42,10
DA:43,9
DA:48,17
DA:50,17
DA:51,1
DA:52,1
DA:53,1
DA:54,1
DA:55,1
DA:56,1
DA:65,1
DA:68,0
DA:69,0
DA:72,1
LF:36
LH:33
BRDA:31,0,0,6
BRDA:31,0,1,6
BRDA:26,1,0,1
BRDA:26,1,1,0
BRDA:26,2,0,1
BRDA:27,3,0,1
BRDA:27,3,1,0
BRDA:26,4,0,1
BRDA:26,4,1,1
BRDA:28,5,0,1
BRDA:28,5,1,0
BRDA:27,6,0,1
BRDA:27,6,1,1
BRDA:29,7,0,1
BRDA:29,7,1,0
BRDA:28,8,0,1
BRDA:28,8,1,1
BRF:17
BRH:13
end_of_record
TN:
SF:/Users/alexismajyambere/tembea-frontend/src/app/admin/cabs/cab-inventory/cab-card/cab-card.component.ts
FN:16,(anonymous_2)
FN:18,CabCardComponent
FN:33,(anonymous_4)
FN:35,(anonymous_5)
FN:36,(anonymous_6)
FN:47,(anonymous_7)
FN:49,(anonymous_8)
FN:54,(anonymous_9)
FN:62,(anonymous_10)
FN:67,(anonymous_11)
FNF:10
FNH:8
FNDA:2,(anonymous_2)
FNDA:12,CabCardComponent
FNDA:12,(anonymous_4)
FNDA:2,(anonymous_5)
FNDA:2,(anonymous_6)
FNDA:1,(anonymous_7)
FNDA:0,(anonymous_8)
FNDA:1,(anonymous_9)
FNDA:0,(anonymous_10)
FNDA:1,(anonymous_11)
DA:1,2
DA:2,2
DA:3,2
DA:4,2
DA:6,2
DA:7,2
DA:8,2
DA:16,2
DA:18,12
DA:19,12
DA:20,12
DA:23,14
DA:24,14
DA:25,2
DA:26,2
DA:27,2
DA:28,2
DA:29,2
DA:30,2
DA:31,2
DA:33,2
DA:35,2
DA:36,2
DA:37,2
DA:38,2
DA:39,1
DA:40,1
DA:42,1
DA:47,2
DA:48,1
DA:49,1
DA:50,0
DA:54,2
DA:55,1
DA:62,1
DA:63,0
DA:67,2
DA:68,1
DA:70,2
LF:39
LH:37
BRDA:38,0,0,1
BRDA:38,0,1,1
BRDA:24,1,0,2
BRDA:24,1,1,0
BRDA:24,2,0,2
BRDA:18,3,0,2
BRDA:18,3,1,0
BRDA:18,4,0,2
BRDA:19,5,0,2
BRDA:19,5,1,0
BRDA:18,6,0,2
BRDA:18,6,1,2
BRDA:20,7,0,2
BRDA:20,7,1,0
BRDA:19,8,0,2
BRDA:19,8,1,2
BRF:16
BRH:12
end_of_record
TN:
SF:/Users/alexismajyambere/tembea-frontend/src/app/admin/cabs/cab-inventory/delete-cab-dialog/delete-cab-dialog.component.ts
FN:11,(anonymous_4)
FN:15,DeleteCabModalComponent
FN:22,(anonymous_6)
FN:27,(anonymous_7)
FN:28,(anonymous_8)
FNF:5
FNH:5
FNDA:1,(anonymous_4)
FNDA:6,DeleteCabModalComponent
FNDA:5,(anonymous_6)
FNDA:2,(anonymous_7)
FNDA:2,(anonymous_8)
DA:1,1
DA:2,1
DA:3,1
DA:4,1
DA:11,1
DA:12,7
DA:13,6
DA:16,6
DA:17,6
DA:18,6
DA:19,6
DA:22,1
DA:23,5
DA:24,5
DA:27,2
DA:28,2
DA:29,2
DA:30,2
DA:31,1
DA:33,1
DA:36,2
DA:38,1
LF:22
LH:22
BRDA:30,0,0,1
BRDA:30,0,1,1
BRDA:16,1,0,1
BRDA:16,1,1,0
BRDA:16,2,0,1
BRDA:17,3,0,1
BRDA:17,3,1,0
BRDA:16,4,0,1
BRDA:16,4,1,1
BRDA:18,5,0,1
BRDA:18,5,1,0
BRDA:17,6,0,1
BRDA:17,6,1,1
BRF:13
BRH:10
end_of_record
TN:
SF:/Users/alexismajyambere/tembea-frontend/src/app/admin/confirmation-dialog/confirmation-dialog.component.ts
FN:9,(anonymous_4)
FN:14,ConfirmModalComponent
FN:20,(anonymous_6)
FN:25,(anonymous_7)
FNF:4
FNH:4
FNDA:11,(anonymous_4)
FNDA:8,ConfirmModalComponent
FNDA:2,(anonymous_6)
FNDA:2,(anonymous_7)
DA:1,11
DA:2,11
DA:3,11
DA:9,11
DA:10,19
DA:11,8
DA:12,8
DA:15,8
DA:16,8
DA:17,8
DA:20,11
DA:21,2
DA:22,2
DA:25,11
DA:26,2
DA:27,2
DA:29,11
LF:17
LH:17
BRDA:15,0,0,11
BRDA:15,0,1,0
BRDA:15,1,0,11
BRDA:16,2,0,11
BRDA:16,2,1,0
BRDA:15,3,0,11
BRDA:15,3,1,11
BRF:7
BRH:5
end_of_record
TN:
SF:/Users/alexismajyambere/tembea-frontend/src/app/admin/dashboard/dashboard.component.ts
FN:19,(anonymous_2)
FN:73,DashboardComponent
FN:82,(anonymous_4)
FN:95,(anonymous_5)
FN:104,(anonymous_6)
FN:116,(anonymous_7)
FN:128,(anonymous_8)
FN:129,(anonymous_9)
FN:136,(anonymous_10)
FN:137,(anonymous_11)
FN:140,(anonymous_12)
FN:144,(anonymous_13)
FN:148,(anonymous_14)
FN:149,(anonymous_15)
FN:153,(anonymous_16)
FN:154,(anonymous_17)
FN:163,(anonymous_18)
FN:164,(anonymous_19)
FN:172,(anonymous_20)
FN:173,(anonymous_21)
FN:181,(anonymous_22)
FN:182,(anonymous_23)
FN:186,(anonymous_24)
FN:192,(anonymous_25)
FN:193,(anonymous_26)
FN:195,(anonymous_27)
FN:207,(anonymous_28)
FN:213,(anonymous_29)
FN:214,(anonymous_30)
FN:216,(anonymous_31)
FN:239,(anonymous_32)
FN:243,(anonymous_33)
FN:246,(anonymous_34)
FN:265,(anonymous_35)
FN:266,(anonymous_36)
FNF:35
FNH:35
FNDA:1,(anonymous_2)
FNDA:20,DashboardComponent
FNDA:5,(anonymous_4)
FNDA:5,(anonymous_5)
FNDA:10,(anonymous_6)
FNDA:10,(anonymous_7)
FNDA:10,(anonymous_8)
FNDA:10,(anonymous_9)
FNDA:8,(anonymous_10)
FNDA:8,(anonymous_11)
FNDA:24,(anonymous_12)
FNDA:20,(anonymous_13)
FNDA:42,(anonymous_14)
FNDA:168,(anonymous_15)
FNDA:10,(anonymous_16)
FNDA:10,(anonymous_17)
FNDA:10,(anonymous_18)
FNDA:10,(anonymous_19)
FNDA:10,(anonymous_20)
FNDA:10,(anonymous_21)
FNDA:11,(anonymous_22)
FNDA:11,(anonymous_23)
FNDA:11,(anonymous_24)
FNDA:11,(anonymous_25)
FNDA:11,(anonymous_26)
FNDA:33,(anonymous_27)
FNDA:11,(anonymous_28)
FNDA:22,(anonymous_29)
FNDA:41,(anonymous_30)
FNDA:82,(anonymous_31)
FNDA:12,(anonymous_32)
FNDA:19,(anonymous_33)
FNDA:42,(anonymous_34)
FNDA:10,(anonymous_35)
FNDA:10,(anonymous_36)
DA:1,1
DA:2,1
DA:3,1
DA:4,1
DA:5,1
DA:7,1
DA:8,1
DA:9,1
DA:10,1
DA:11,1
DA:19,1
DA:20,20
DA:23,20
DA:24,20
DA:25,20
DA:26,20
DA:29,20
DA:37,20
DA:38,20
DA:39,20
DA:41,20
DA:55,20
DA:68,20
DA:69,20
DA:74,20
DA:75,20
DA:76,20
DA:77,20
DA:78,20
DA:79,20
DA:82,1
DA:83,5
DA:84,5
DA:85,5
DA:86,5
DA:87,5
DA:88,5
DA:89,5
DA:90,5
DA:91,5
DA:95,1
DA:96,5
DA:97,5
DA:98,5
DA:100,5
DA:101,5
DA:104,1
DA:105,10
DA:110,10
DA:116,1
DA:117,10
DA:118,10
DA:119,10
DA:120,10
DA:121,10
DA:122,10
DA:123,10
DA:124,10
DA:125,10
DA:128,10
DA:129,10
DA:130,10
DA:131,10
DA:132,10
DA:136,8
DA:137,8
DA:138,8
DA:139,8
DA:140,24
DA:144,30
DA:145,20
DA:148,1
DA:149,168
DA:150,42
DA:153,10
DA:154,10
DA:155,10
DA:156,10
DA:157,10
DA:158,10
DA:159,10
DA:163,10
DA:164,10
DA:165,10
DA:166,10
DA:167,10
DA:168,10
DA:172,10
DA:173,10
DA:174,10
DA:175,10
DA:176,10
DA:177,10
DA:181,11
DA:182,11
DA:183,11
DA:184,11
DA:186,11
DA:187,11
DA:188,11
DA:192,11
DA:193,11
DA:194,11
DA:195,33
DA:197,11
DA:198,11
DA:200,11
DA:201,11
DA:202,11
DA:203,11
DA:207,1
DA:208,11
DA:209,11
DA:210,11
DA:213,22
DA:214,41
DA:215,22
DA:216,22
DA:217,82
DA:218,12
DA:219,12
DA:220,12
DA:223,82
DA:224,82
DA:225,82
DA:227,82
DA:228,82
DA:229,82
DA:230,82
DA:233,22
DA:234,1
DA:236,22
DA:239,12
DA:240,12
DA:241,12
DA:243,19
DA:245,12
DA:246,12
DA:247,42
DA:248,12
DA:249,12
DA:250,12
DA:252,42
DA:253,42
DA:256,12
DA:257,12
DA:259,12
DA:260,1
DA:262,12
DA:265,10
DA:266,10
DA:267,10
DA:268,10
DA:269,10
DA:272,1
LF:155
LH:155
BRDA:90,0,0,5
BRDA:90,0,1,0
BRDA:96,1,0,5
BRDA:96,1,1,0
BRDA:98,2,0,0
BRDA:98,2,1,5
BRDA:144,3,0,10
BRDA:144,3,1,10
BRDA:157,4,0,10
BRDA:157,4,1,0
BRDA:217,5,0,12
BRDA:217,5,1,70
BRDA:228,6,0,82
BRDA:228,6,1,0
BRDA:233,7,0,1
BRDA:233,7,1,21
BRDA:247,8,0,12
BRDA:247,8,1,30
BRDA:259,9,0,1
BRDA:259,9,1,11
BRDA:74,10,0,1
BRDA:74,10,1,0
BRDA:74,11,0,1
BRDA:75,12,0,1
BRDA:75,12,1,0
BRDA:74,13,0,1
BRDA:74,13,1,1
BRDA:76,14,0,1
BRDA:76,14,1,0
BRDA:75,15,0,1
BRDA:75,15,1,1
BRDA:77,16,0,1
BRDA:77,16,1,0
BRDA:76,17,0,1
BRDA:76,17,1,1
BRDA:78,18,0,1
BRDA:78,18,1,0
BRDA:77,19,0,1
BRDA:77,19,1,1
BRDA:79,20,0,1
BRDA:79,20,1,0
BRDA:78,21,0,1
BRDA:78,21,1,1
BRF:43
BRH:32
end_of_record
TN:
SF:/Users/alexismajyambere/tembea-frontend/src/app/admin/dashboard/average-trip-ratings/average-trip-ratings.component.ts
FN:8,(anonymous_2)
FN:3,AverageTripRatingsComponent
FN:12,(anonymous_4)
FNF:3
FNH:3
FNDA:2,(anonymous_2)
FNDA:21,AverageTripRatingsComponent
FNDA:1,(anonymous_4)
DA:1,2
DA:8,2
DA:9,21
DA:10,2
DA:12,2
DA:14,2
LF:6
LH:6
BRF:0
BRH:0
end_of_record
TN:
SF:/Users/alexismajyambere/tembea-frontend/src/app/admin/dashboard/rider-list/mock.data.ts
FN:1,(anonymous_0)
FNF:1
FNH:1
FNDA:4,(anonymous_0)
DA:1,4
DA:20,2
LF:2
LH:2
BRF:0
BRH:0
end_of_record
TN:
SF:/Users/alexismajyambere/tembea-frontend/src/app/admin/dashboard/rider-list/rider-list.component.ts
FN:9,(anonymous_2)
FN:12,RiderListComponent
FN:14,(anonymous_4)
FNF:3
FNH:3
FNDA:2,(anonymous_2)
FNDA:1,RiderListComponent
FNDA:1,(anonymous_4)
DA:1,2
DA:9,2
DA:10,2
DA:11,2
DA:14,2
DA:15,2
LF:6
LH:6
BRF:0
BRH:0
end_of_record
TN:
SF:/Users/alexismajyambere/tembea-frontend/src/app/admin/dashboard/rider-list/rider.service.ts
FN:11,(anonymous_8)
FN:12,RiderService
FN:16,(anonymous_10)
FNF:3
FNH:3
FNDA:2,(anonymous_8)
FNDA:2,RiderService
FNDA:1,(anonymous_10)
DA:1,2
DA:2,2
DA:4,2
DA:5,2
DA:6,2
DA:11,2
DA:16,2
DA:17,1
DA:18,1
DA:19,1
DA:20,1
DA:22,2
LF:12
LH:12
BRDA:13,0,0,2
BRDA:13,0,1,2
BRDA:18,1,0,0
BRDA:18,1,1,1
BRDA:19,2,0,0
BRDA:19,2,1,1
BRDA:12,3,0,2
BRDA:12,3,1,0
BRDA:12,4,0,2
BRF:9
BRH:6
end_of_record
TN:
SF:/Users/alexismajyambere/tembea-frontend/src/app/admin/dashboard/rider-list/rider-card/rider-card.component.ts
FN:9,(anonymous_2)
FN:11,RiderCardComponent
FNF:2
FNH:2
FNDA:2,(anonymous_2)
FNDA:1,RiderCardComponent
DA:1,2
DA:2,2
DA:9,2
DA:10,2
DA:12,2
LF:5
LH:5
BRDA:10,0,0,0
BRDA:10,0,1,2
BRDA:10,1,0,0
BRF:3
BRH:1
end_of_record
TN:
SF:/Users/alexismajyambere/tembea-frontend/src/app/admin/dashboard/route-ratings-overview/ratingsMockData.ts
FNF:0
FNH:0
DA:1,3
LF:1
LH:1
BRF:0
BRH:0
end_of_record
TN:
SF:/Users/alexismajyambere/tembea-frontend/src/app/admin/dashboard/route-ratings-overview/route-ratings-overview.component.ts
FN:9,(anonymous_2)
FN:13,RouteRatingsOverviewComponent
FN:15,(anonymous_4)
FNF:3
FNH:3
FNDA:2,(anonymous_2)
FNDA:1,RouteRatingsOverviewComponent
FNDA:1,(anonymous_4)
DA:1,2
DA:9,2
DA:10,2
DA:11,2
DA:15,2
DA:18,2
LF:6
LH:6
BRDA:10,0,0,2
BRDA:10,0,1,0
BRDA:10,1,0,2
BRF:3
BRH:2
end_of_record
TN:
SF:/Users/alexismajyambere/tembea-frontend/src/app/admin/dashboard/routes-overview/routes-overview.component.ts
FN:8,(anonymous_2)
FN:13,(anonymous_4)
FNF:2
FNH:2
FNDA:3,(anonymous_2)
FNDA:1,(anonymous_4)
DA:1,2
DA:8,2
DA:10,2
DA:11,2
DA:13,2
DA:15,2
LF:6
LH:6
BRF:0
BRH:0
end_of_record
TN:
SF:/Users/alexismajyambere/tembea-frontend/src/app/admin/dashboard/total-cost-view/total-cost-view.component.ts
FN:8,(anonymous_2)
FN:13,TotalCostViewComponent
FN:15,(anonymous_4)
FNF:3
FNH:3
FNDA:2,(anonymous_2)
FNDA:21,TotalCostViewComponent
FNDA:1,(anonymous_4)
DA:1,2
DA:8,2
DA:10,2
DA:11,21
DA:15,2
DA:17,2
LF:6
LH:6
BRF:0
BRH:0
end_of_record
TN:
SF:/Users/alexismajyambere/tembea-frontend/src/app/admin/dashboard/travel-analytics-view/travel-analytics-view.component.ts
FN:8,(anonymous_2)
FN:13,TravelAnalyticsViewComponent
FN:15,(anonymous_4)
FNF:3
FNH:3
FNDA:1,(anonymous_2)
FNDA:1,TravelAnalyticsViewComponent
FNDA:1,(anonymous_4)
DA:1,1
DA:8,1
DA:10,1
DA:11,1
DA:12,1
DA:15,1
DA:18,1
LF:7
LH:7
BRF:0
BRH:0
end_of_record
TN:
SF:/Users/alexismajyambere/tembea-frontend/src/app/admin/dashboard/trip-bar-chart/trip-bar-chart.component.ts
FN:12,(anonymous_2)
FN:105,TripBarChartComponent
FN:38,(anonymous_4)
FN:44,(anonymous_5)
FN:47,(anonymous_6)
FN:108,(anonymous_7)
FN:111,(anonymous_8)
FNF:7
FNH:6
FNDA:2,(anonymous_2)
FNDA:26,TripBarChartComponent
FNDA:3,(anonymous_4)
FNDA:1,(anonymous_5)
FNDA:1,(anonymous_6)
FNDA:6,(anonymous_7)
FNDA:0,(anonymous_8)
DA:1,2
DA:3,2
DA:12,2
DA:13,26
DA:14,2
DA:15,2
DA:16,2
DA:17,2
DA:18,2
DA:20,26
DA:39,3
DA:40,1
DA:42,2
DA:45,1
DA:48,1
DA:76,26
DA:77,26
DA:78,26
DA:79,26
DA:105,26
DA:108,2
DA:111,2
DA:112,2
LF:23
LH:23
BRDA:39,0,0,1
BRDA:39,0,1,2
BRDA:42,1,0,1
BRDA:42,1,1,1
BRF:4
BRH:4
end_of_record
TN:
SF:/Users/alexismajyambere/tembea-frontend/src/app/admin/dashboard/trip-pie-chart/trip-pie-chart.component.ts
FN:9,(anonymous_2)
FN:58,TripPieChartComponent
FN:60,(anonymous_4)
FN:70,(anonymous_5)
FNF:4
FNH:4
FNDA:2,(anonymous_2)
FNDA:23,TripPieChartComponent
FNDA:2,(anonymous_4)
FNDA:2,(anonymous_5)
DA:1,2
DA:2,2
DA:9,2
DA:10,2
DA:11,2
DA:12,23
DA:13,23
DA:14,23
DA:15,23
DA:16,23
DA:22,23
DA:23,23
DA:44,23
DA:60,2
DA:61,2
DA:62,1
DA:64,1
DA:66,2
DA:67,2
DA:70,2
DA:71,2
DA:73,2
LF:22
LH:22
BRDA:61,0,0,1
BRDA:61,0,1,1
BRDA:61,1,0,2
BRDA:61,1,1,1
BRF:4
BRH:4
end_of_record
TN:
SF:/Users/alexismajyambere/tembea-frontend/src/app/admin/dashboard/trips-line-chart/trips-line-chart.component.ts
FN:10,(anonymous_2)
FN:101,TripsLineChartComponent
FN:45,(anonymous_4)
FN:50,(anonymous_5)
FN:53,(anonymous_6)
FN:56,(anonymous_7)
FNF:6
FNH:5
FNDA:1,(anonymous_2)
FNDA:5,TripsLineChartComponent
FNDA:2,(anonymous_4)
FNDA:0,(anonymous_5)
FNDA:1,(anonymous_6)
FNDA:1,(anonymous_7)
DA:1,1
DA:10,1
DA:11,6
DA:12,1
DA:14,5
DA:15,5
DA:16,5
DA:46,2
DA:47,1
DA:51,0
DA:54,1
DA:57,1
DA:58,1
DA:77,5
DA:98,5
DA:99,5
DA:101,5
DA:103,1
LF:18
LH:17
BRDA:46,0,0,1
BRDA:46,0,1,1
BRF:2
BRH:2
end_of_record
TN:
SF:/Users/alexismajyambere/tembea-frontend/src/app/admin/date-picker/date-picker.component.ts
FN:11,(anonymous_2)
FN:25,DatePickerComponent
FN:27,(anonymous_4)
FN:32,(anonymous_5)
FNF:4
FNH:3
FNDA:2,(anonymous_2)
FNDA:41,DatePickerComponent
FNDA:1,(anonymous_4)
FNDA:0,(anonymous_5)
DA:1,2
DA:3,2
DA:11,2
DA:13,43
DA:15,43
DA:17,43
DA:18,41
DA:19,2
DA:20,2
DA:21,2
DA:22,2
DA:24,2
DA:27,2
DA:28,1
DA:29,1
DA:32,2
DA:33,0
DA:34,0
DA:35,0
DA:37,2
LF:20
LH:17
BRDA:28,0,0,1
BRDA:28,0,1,1
BRDA:17,1,0,2
BRDA:17,1,1,0
BRDA:17,2,0,2
BRF:5
BRH:4
end_of_record
TN:
SF:/Users/alexismajyambere/tembea-frontend/src/app/admin/drivers/delete-driver-dialog/delete-driver-dialog.component.ts
FN:12,(anonymous_4)
FN:17,DeleteDriverDialogComponent
FN:25,(anonymous_6)
FN:30,(anonymous_7)
FN:32,(anonymous_8)
FNF:5
FNH:5
FNDA:2,(anonymous_4)
FNDA:3,DeleteDriverDialogComponent
FNDA:2,(anonymous_6)
FNDA:2,(anonymous_7)
FNDA:2,(anonymous_8)
DA:1,2
DA:2,2
DA:3,2
DA:4,2
DA:6,2
DA:12,2
DA:14,5
DA:15,3
DA:18,3
DA:19,3
DA:20,3
DA:21,3
DA:22,3
DA:25,2
DA:26,2
DA:27,2
DA:30,2
DA:31,2
DA:32,2
DA:33,2
DA:34,2
DA:35,1
DA:36,1
DA:38,1
DA:41,2
DA:44,2
LF:26
LH:26
BRDA:34,0,0,1
BRDA:34,0,1,1
BRDA:18,1,0,2
BRDA:18,1,1,0
BRDA:18,2,0,2
BRDA:19,3,0,2
BRDA:19,3,1,0
BRDA:18,4,0,2
BRDA:18,4,1,2
BRDA:20,5,0,2
BRDA:20,5,1,0
BRDA:19,6,0,2
BRDA:19,6,1,2
BRDA:21,7,0,2
BRDA:21,7,1,0
BRDA:20,8,0,2
BRDA:20,8,1,2
BRF:17
BRH:13
end_of_record
TN:
SF:/Users/alexismajyambere/tembea-frontend/src/app/admin/drivers/driver-card/driver-card.component.ts
FN:14,(anonymous_2)
FN:32,DriverCardComponent
FN:37,(anonymous_4)
FN:40,(anonymous_5)
FN:49,(anonymous_6)
FN:54,(anonymous_7)
FN:59,(anonymous_8)
FN:72,(anonymous_9)
FNF:8
FNH:6
FNDA:2,(anonymous_2)
FNDA:9,DriverCardComponent
FNDA:9,(anonymous_4)
FNDA:1,(anonymous_5)
FNDA:0,(anonymous_6)
FNDA:2,(anonymous_7)
FNDA:2,(anonymous_8)
FNDA:0,(anonymous_9)
DA:1,2
DA:2,2
DA:3,2
DA:4,2
DA:5,2
DA:6,2
DA:14,2
DA:16,11
DA:17,11
DA:18,2
DA:19,2
DA:20,2
DA:21,2
DA:22,2
DA:23,2
DA:24,2
DA:25,2
DA:26,2
DA:33,9
DA:34,9
DA:35,9
DA:37,2
DA:40,2
DA:41,1
DA:49,1
DA:50,0
DA:54,2
DA:55,2
DA:56,2
DA:59,2
DA:60,2
DA:72,2
DA:73,0
DA:77,2
LF:34
LH:32
BRDA:16,0,0,2
BRDA:16,0,1,0
BRDA:16,1,0,2
BRDA:33,2,0,2
BRDA:33,2,1,0
BRDA:33,3,0,2
BRDA:34,4,0,2
BRDA:34,4,1,0
BRDA:33,5,0,2
BRDA:33,5,1,2
BRDA:35,6,0,2
BRDA:35,6,1,0
BRDA:34,7,0,2
BRDA:34,7,1,2
BRF:14
BRH:10
end_of_record
TN:
SF:/Users/alexismajyambere/tembea-frontend/src/app/admin/drivers/driver-edit-modal/driver-edit-modal.component.ts
FN:13,(anonymous_4)
FN:16,DriverEditModalComponent
FN:24,(anonymous_6)
FN:26,(anonymous_7)
FN:34,(anonymous_8)
FN:42,(anonymous_9)
FN:48,(anonymous_10)
FNF:7
FNH:7
FNDA:3,(anonymous_4)
FNDA:4,DriverEditModalComponent
FNDA:4,(anonymous_6)
FNDA:2,(anonymous_7)
FNDA:1,(anonymous_8)
FNDA:1,(anonymous_9)
FNDA:2,(anonymous_10)
DA:1,3
DA:2,3
DA:4,3
DA:5,3
DA:6,3
DA:13,3
DA:15,4
DA:17,4
DA:18,4
DA:19,4
DA:20,4
DA:21,4
DA:24,3
DA:26,3
DA:27,2
DA:28,2
DA:29,2
DA:30,2
DA:33,2
DA:35,1
DA:36,1
DA:37,1
DA:38,1
DA:39,1
DA:40,1
DA:43,1
DA:44,1
DA:48,3
DA:49,2
DA:51,3
LF:30
LH:30
BRDA:36,0,0,1
BRDA:36,0,1,0
BRDA:17,1,0,3
BRDA:17,1,1,0
BRDA:17,2,0,3
BRDA:18,3,0,3
BRDA:18,3,1,0
BRDA:17,4,0,3
BRDA:17,4,1,3
BRDA:20,5,0,3
BRDA:20,5,1,0
BRDA:18,6,0,3
BRDA:18,6,1,3
BRDA:21,7,0,3
BRDA:21,7,1,0
BRDA:20,8,0,3
BRDA:20,8,1,3
BRF:17
BRH:12
end_of_record
TN:
SF:/Users/alexismajyambere/tembea-frontend/src/app/admin/drivers/driver-inventory/driver-inventory.component.ts
FN:14,(anonymous_8)
FN:26,DriverInventoryComponent
FN:35,(anonymous_10)
FN:37,(anonymous_11)
FN:40,(anonymous_12)
FN:43,(anonymous_13)
FN:46,(anonymous_14)
FN:49,(anonymous_15)
FN:50,(anonymous_16)
FN:62,(anonymous_17)
FN:68,(anonymous_18)
FNF:11
FNH:7
FNDA:1,(anonymous_8)
FNDA:6,DriverInventoryComponent
FNDA:9,(anonymous_10)
FNDA:0,(anonymous_11)
FNDA:4,(anonymous_12)
FNDA:0,(anonymous_13)
FNDA:0,(anonymous_14)
FNDA:5,(anonymous_15)
FNDA:1,(anonymous_16)
FNDA:0,(anonymous_17)
FNDA:5,(anonymous_18)
DA:1,1
DA:3,1
DA:4,1
DA:5,1
DA:6,1
DA:7,1
DA:14,1
DA:15,6
DA:16,6
DA:17,6
DA:23,1
DA:24,7
DA:27,6
DA:28,6
DA:29,6
DA:30,6
DA:32,6
DA:35,9
DA:36,9
DA:37,0
DA:39,9
DA:40,4
DA:42,9
DA:43,0
DA:45,9
DA:46,0
DA:49,5
DA:50,5
DA:52,1
DA:53,1
DA:54,1
DA:57,1
DA:58,1
DA:59,1
DA:60,1
DA:63,0
DA:64,0
DA:68,1
DA:69,5
DA:70,5
DA:72,5
DA:73,5
DA:75,5
DA:76,5
DA:79,1
LF:45
LH:40
BRDA:32,0,0,6
BRDA:32,0,1,6
BRDA:69,1,0,5
BRDA:69,1,1,0
BRDA:72,2,0,5
BRDA:72,2,1,0
BRDA:75,3,0,5
BRDA:75,3,1,0
BRDA:27,4,0,1
BRDA:27,4,1,0
BRDA:27,5,0,1
BRDA:28,6,0,1
BRDA:28,6,1,0
BRDA:27,7,0,1
BRDA:27,7,1,1
BRDA:29,8,0,1
BRDA:29,8,1,0
BRDA:28,9,0,1
BRDA:28,9,1,1
BRDA:30,10,0,1
BRDA:30,10,1,0
BRDA:29,11,0,1
BRDA:29,11,1,1
BRF:23
BRH:16
end_of_record
TN:
SF:/Users/alexismajyambere/tembea-frontend/src/app/admin/empty-page/empty-page.component.ts
FN:8,(anonymous_2)
FN:13,EmptyPageComponent
FN:15,(anonymous_4)
FNF:3
FNH:3
FNDA:11,(anonymous_2)
FNDA:25,EmptyPageComponent
FNDA:25,(anonymous_4)
DA:1,11
DA:8,11
DA:11,11
DA:15,11
DA:18,11
LF:5
LH:5
BRF:0
BRH:0
end_of_record
TN:
SF:/Users/alexismajyambere/tembea-frontend/src/app/admin/export-component/export.component.ts
FN:11,(anonymous_14)
FN:16,ExportComponent
FN:21,(anonymous_16)
FN:34,(anonymous_19)
FN:36,(anonymous_22)
FN:40,(anonymous_25)
FNF:6
FNH:6
FNDA:7,(anonymous_14)
FNDA:48,ExportComponent
FNDA:5,(anonymous_16)
FNDA:4,(anonymous_19)
FNDA:2,(anonymous_22)
FNDA:2,(anonymous_25)
DA:1,7
DA:2,7
DA:3,7
DA:4,7
DA:11,7
DA:12,7
DA:13,7
DA:14,7
DA:17,48
DA:18,48
DA:21,7
DA:23,1
DA:24,4
DA:25,4
DA:26,4
DA:27,4
DA:29,1
DA:30,1
DA:34,7
DA:35,4
DA:37,2
DA:38,2
DA:39,2
DA:41,2
DA:44,7
LF:25
LH:25
BRDA:26,0,0,2
BRDA:26,0,1,2
BRDA:17,1,0,7
BRDA:17,1,1,0
BRDA:17,2,0,7
BRDA:18,3,0,7
BRDA:18,3,1,0
BRDA:17,4,0,7
BRDA:17,4,1,7
BRF:9
BRH:7
end_of_record
TN:
SF:/Users/alexismajyambere/tembea-frontend/src/app/admin/header/header.component.ts
FN:29,(anonymous_2)
FN:41,HeaderComponent
FN:103,(anonymous_4)
FN:52,(anonymous_5)
FN:57,(anonymous_6)
FN:62,(anonymous_7)
FN:70,(anonymous_8)
FN:73,(anonymous_9)
FN:82,(anonymous_10)
FN:91,(anonymous_11)
FN:107,(anonymous_12)
FN:112,(anonymous_13)
FN:124,(anonymous_14)
FN:129,(anonymous_15)
FN:130,(anonymous_16)
FN:162,(anonymous_17)
FN:163,(anonymous_18)
FN:167,(anonymous_19)
FN:169,(anonymous_20)
FN:171,(anonymous_21)
FNF:20
FNH:12
FNDA:2,(anonymous_2)
FNDA:11,HeaderComponent
FNDA:1,(anonymous_4)
FNDA:2,(anonymous_5)
FNDA:11,(anonymous_6)
FNDA:0,(anonymous_7)
FNDA:0,(anonymous_8)
FNDA:2,(anonymous_9)
FNDA:1,(anonymous_10)
FNDA:9,(anonymous_11)
FNDA:0,(anonymous_12)
FNDA:0,(anonymous_13)
FNDA:0,(anonymous_14)
FNDA:4,(anonymous_15)
FNDA:2,(anonymous_16)
FNDA:2,(anonymous_17)
FNDA:1,(anonymous_18)
FNDA:0,(anonymous_19)
FNDA:0,(anonymous_20)
FNDA:0,(anonymous_21)
DA:1,2
DA:2,2
DA:3,2
DA:4,2
DA:5,2
DA:6,2
DA:7,2
DA:8,2
DA:11,2
DA:12,2
DA:13,2
DA:15,2
DA:16,2
DA:17,2
DA:18,2
DA:19,2
DA:21,2
DA:22,2
DA:29,2
DA:32,11
DA:33,11
DA:41,11
DA:42,11
DA:43,11
DA:44,11
DA:45,11
DA:46,11
DA:47,11
DA:48,11
DA:49,11
DA:52,2
DA:53,2
DA:54,2
DA:55,1
DA:56,1
DA:57,1
DA:58,11
DA:59,1
DA:62,1
DA:63,0
DA:64,0
DA:65,0
DA:66,0
DA:67,0
DA:68,0
DA:70,1
DA:73,2
DA:74,2
DA:75,2
DA:76,1
DA:78,1
DA:79,0
DA:81,1
DA:82,1
DA:83,1
DA:84,1
DA:85,1
DA:86,1
DA:91,2
DA:92,9
DA:93,0
DA:95,9
DA:96,0
DA:98,9
DA:99,0
DA:103,11
DA:104,1
DA:107,2
DA:108,0
DA:109,0
DA:112,2
DA:113,0
DA:114,0
DA:115,0
DA:124,0
DA:125,0
DA:129,4
DA:130,4
DA:131,2
DA:135,4
DA:137,1
DA:139,1
DA:141,0
DA:143,0
DA:145,0
DA:148,0
DA:150,1
DA:151,1
DA:153,1
DA:154,1
DA:156,1
DA:158,1
DA:162,2
DA:163,2
DA:164,1
DA:167,2
DA:168,0
DA:169,0
DA:170,0
DA:171,0
DA:172,0
DA:176,2
LF:102
LH:76
BRDA:58,0,0,1
BRDA:58,0,1,10
BRDA:64,1,0,0
BRDA:64,1,1,0
BRDA:66,2,0,0
BRDA:66,2,1,0
BRDA:68,3,0,0
BRDA:68,3,1,0
BRDA:75,4,0,1
BRDA:75,4,1,1
BRDA:81,5,0,1
BRDA:81,5,1,0
BRDA:92,6,0,0
BRDA:92,6,1,9
BRDA:95,7,0,0
BRDA:95,7,1,9
BRDA:98,8,0,0
BRDA:98,8,1,9
BRDA:113,9,0,0
BRDA:113,9,1,0
BRDA:136,10,0,1
BRDA:136,10,1,0
BRDA:136,10,2,0
BRDA:136,10,3,1
BRDA:136,10,4,1
BRDA:136,10,5,1
BRDA:42,11,0,2
BRDA:42,11,1,0
BRDA:42,12,0,2
BRDA:43,13,0,2
BRDA:43,13,1,0
BRDA:42,14,0,2
BRDA:42,14,1,2
BRDA:44,15,0,2
BRDA:44,15,1,0
BRDA:43,16,0,2
BRDA:43,16,1,2
BRDA:45,17,0,2
BRDA:45,17,1,0
BRDA:44,18,0,2
BRDA:44,18,1,2
BRDA:46,19,0,2
BRDA:46,19,1,0
BRDA:45,20,0,2
BRDA:45,20,1,2
BRDA:47,21,0,2
BRDA:47,21,1,0
BRDA:46,22,0,2
BRDA:46,22,1,2
BRDA:48,23,0,2
BRDA:48,23,1,0
BRDA:47,24,0,2
BRDA:47,24,1,2
BRDA:49,25,0,2
BRDA:49,25,1,0
BRDA:48,26,0,2
BRDA:48,26,1,2
BRF:57
BRH:35
end_of_record
TN:
SF:/Users/alexismajyambere/tembea-frontend/src/app/admin/homebase/add-homebase/add-homebase.component.ts
FN:27,(anonymous_14)
FN:39,AddHomebaseComponent
FN:52,(anonymous_16)
FN:56,(anonymous_17)
FN:62,(anonymous_18)
FN:67,(anonymous_21)
FN:71,(anonymous_22)
FN:75,(anonymous_23)
FN:88,(anonymous_26)
FN:98,(anonymous_27)
FN:106,(anonymous_28)
FN:113,(anonymous_29)
FN:123,(anonymous_30)
FNF:13
FNH:13
FNDA:3,(anonymous_14)
FNDA:11,AddHomebaseComponent
FNDA:11,(anonymous_16)
FNDA:12,(anonymous_17)
FNDA:11,(anonymous_18)
FNDA:1,(anonymous_21)
FNDA:1,(anonymous_22)
FNDA:2,(anonymous_23)
FNDA:5,(anonymous_26)
FNDA:1,(anonymous_27)
FNDA:3,(anonymous_28)
FNDA:3,(anonymous_29)
FNDA:1,(anonymous_30)
DA:1,3
DA:2,3
DA:3,3
DA:10,3
DA:11,3
DA:13,3
DA:14,3
DA:16,3
DA:18,3
DA:19,3
DA:20,3
DA:27,3
DA:31,11
DA:33,11
DA:34,11
DA:36,3
DA:37,3
DA:40,11
DA:41,11
DA:42,11
DA:43,11
DA:44,11
DA:45,11
DA:46,11
DA:47,11
DA:49,11
DA:52,3
DA:53,11
DA:56,3
DA:57,12
DA:62,3
DA:63,11
DA:64,11
DA:67,3
DA:68,1
DA:71,3
DA:72,1
DA:75,3
DA:77,2
DA:78,2
DA:81,1
DA:82,1
DA:84,1
DA:88,5
DA:89,5
DA:90,1
DA:92,4
DA:93,4
DA:97,4
DA:99,1
DA:100,1
DA:101,1
DA:102,1
DA:103,1
DA:107,3
DA:108,3
DA:113,3
DA:114,3
DA:115,1
DA:116,2
DA:117,1
DA:119,1
DA:123,3
DA:124,1
DA:126,3
LF:65
LH:65
BRDA:89,0,0,1
BRDA:89,0,1,4
BRDA:99,1,0,1
BRDA:99,1,1,0
BRDA:114,2,0,1
BRDA:114,2,1,2
BRDA:116,3,0,1
BRDA:116,3,1,1
BRDA:36,4,0,3
BRDA:36,4,1,0
BRDA:36,5,0,3
BRDA:37,6,0,3
BRDA:37,6,1,0
BRDA:37,7,0,3
BRDA:40,8,0,3
BRDA:40,8,1,0
BRDA:40,9,0,3
BRDA:41,10,0,3
BRDA:41,10,1,0
BRDA:40,11,0,3
BRDA:40,11,1,3
BRDA:42,12,0,3
BRDA:42,12,1,0
BRDA:41,13,0,3
BRDA:41,13,1,3
BRDA:43,14,0,3
BRDA:43,14,1,0
BRDA:42,15,0,3
BRDA:42,15,1,3
BRDA:44,16,0,3
BRDA:44,16,1,0
BRDA:43,17,0,3
BRDA:43,17,1,3
BRDA:45,18,0,3
BRDA:45,18,1,0
BRDA:44,19,0,3
BRDA:44,19,1,3
BRDA:46,20,0,3
BRDA:46,20,1,0
BRDA:45,21,0,3
BRDA:45,21,1,3
BRDA:47,22,0,3
BRDA:47,22,1,0
BRDA:46,23,0,3
BRDA:46,23,1,3
BRF:45
BRH:34
end_of_record
TN:
SF:/Users/alexismajyambere/tembea-frontend/src/app/admin/homebase/homebase-card/homebase-card.component.ts
FN:13,(anonymous_2)
FN:28,HomebaseCardComponent
FN:33,(anonymous_4)
FN:35,(anonymous_5)
FN:49,(anonymous_6)
FN:53,(anonymous_7)
FN:57,(anonymous_8)
FN:62,(anonymous_9)
FN:67,(anonymous_10)
FNF:9
FNH:7
FNDA:1,(anonymous_2)
FNDA:6,HomebaseCardComponent
FNDA:6,(anonymous_4)
FNDA:1,(anonymous_5)
FNDA:0,(anonymous_6)
FNDA:1,(anonymous_7)
FNDA:0,(anonymous_8)
FNDA:1,(anonymous_9)
FNDA:7,(anonymous_10)
DA:1,1
DA:2,1
DA:3,1
DA:4,1
DA:5,1
DA:6,1
DA:13,1
DA:14,7
DA:15,1
DA:16,1
DA:17,1
DA:18,1
DA:19,1
DA:20,1
DA:21,1
DA:22,1
DA:23,1
DA:24,1
DA:29,6
DA:30,6
DA:33,1
DA:35,1
DA:36,1
DA:49,1
DA:50,0
DA:53,1
DA:54,1
DA:57,1
DA:58,0
DA:62,1
DA:63,1
DA:64,1
DA:67,1
DA:68,7
DA:70,1
LF:35
LH:33
BRDA:14,0,0,1
BRDA:14,0,1,0
BRDA:14,1,0,1
BRDA:29,2,0,1
BRDA:29,2,1,0
BRDA:29,3,0,1
BRDA:30,4,0,1
BRDA:30,4,1,0
BRDA:29,5,0,1
BRDA:29,5,1,1
BRF:10
BRH:7
end_of_record
TN:
SF:/Users/alexismajyambere/tembea-frontend/src/app/admin/homebase/homebase-helper/homebase.helper.ts
FN:5,(anonymous_3)
FN:7,(anonymous_5)
FN:17,(anonymous_6)
FN:18,(anonymous_7)
FN:19,(anonymous_8)
FNF:5
FNH:5
FNDA:22,(anonymous_3)
FNDA:6,(anonymous_5)
FNDA:34,(anonymous_6)
FNDA:34,(anonymous_7)
FNDA:34,(anonymous_8)
DA:1,5
DA:5,5
DA:7,5
DA:8,6
DA:9,6
DA:10,6
DA:14,6
DA:17,5
DA:18,34
DA:19,34
DA:20,34
DA:21,34
DA:23,0
DA:28,5
LF:14
LH:13
BRDA:20,0,0,34
BRDA:20,0,1,0
BRF:2
BRH:1
end_of_record
TN:
SF:/Users/alexismajyambere/tembea-frontend/src/app/admin/homebase/homebase-list/homebase-list.component.ts
FN:12,(anonymous_14)
FN:25,HomebaseListComponent
FN:53,(anonymous_16)
FN:56,(anonymous_19)
FN:65,(anonymous_20)
FN:68,(anonymous_21)
FN:81,(anonymous_22)
FN:37,(anonymous_23)
FN:41,(anonymous_24)
FN:45,(anonymous_25)
FN:49,(anonymous_26)
FN:89,(anonymous_27)
FN:94,(anonymous_28)
FN:98,(anonymous_29)
FNF:14
FNH:10
FNDA:1,(anonymous_14)
FNDA:16,HomebaseListComponent
FNDA:17,(anonymous_16)
FNDA:0,(anonymous_19)
FNDA:35,(anonymous_20)
FNDA:1,(anonymous_21)
FNDA:1,(anonymous_22)
FNDA:17,(anonymous_23)
FNDA:0,(anonymous_24)
FNDA:0,(anonymous_25)
FNDA:0,(anonymous_26)
FNDA:1,(anonymous_27)
FNDA:1,(anonymous_28)
FNDA:16,(anonymous_29)
DA:1,1
DA:2,1
DA:3,1
DA:4,1
DA:5,1
DA:12,1
DA:23,16
DA:25,16
DA:26,16
DA:27,16
DA:29,16
DA:30,16
DA:31,16
DA:32,16
DA:33,16
DA:34,16
DA:37,17
DA:38,17
DA:39,17
DA:41,0
DA:43,17
DA:45,0
DA:47,17
DA:49,0
DA:53,16
DA:54,17
DA:55,0
DA:56,0
DA:57,0
DA:59,0
DA:61,17
DA:65,16
DA:66,35
DA:67,35
DA:70,1
DA:71,1
DA:73,1
DA:74,1
DA:78,1
DA:79,1
DA:82,1
DA:83,1
DA:86,35
DA:89,1
DA:90,1
DA:91,1
DA:94,1
DA:95,1
DA:98,1
DA:99,16
DA:105,1
LF:51
LH:44
BRDA:54,0,0,0
BRDA:54,0,1,17
BRDA:95,1,0,0
BRDA:95,1,1,1
BRDA:26,2,0,1
BRDA:26,2,1,0
BRDA:26,3,0,1
BRDA:27,4,0,1
BRDA:27,4,1,0
BRDA:26,5,0,1
BRDA:26,5,1,1
BRF:11
BRH:7
end_of_record
TN:
SF:/Users/alexismajyambere/tembea-frontend/src/app/admin/homebase/homebase-modal/homebase-modal.component.ts
FN:21,(anonymous_16)
FN:33,HomebaseModalComponent
FN:46,(anonymous_18)
FN:51,(anonymous_19)
FN:56,(anonymous_20)
FN:62,(anonymous_23)
FN:63,(anonymous_24)
FN:69,(anonymous_25)
FN:79,(anonymous_28)
FN:91,(anonymous_31)
FN:94,(anonymous_32)
FN:101,(anonymous_33)
FN:107,(anonymous_34)
FNF:13
FNH:13
FNDA:2,(anonymous_16)
FNDA:6,HomebaseModalComponent
FNDA:6,(anonymous_18)
FNDA:7,(anonymous_19)
FNDA:6,(anonymous_20)
FNDA:6,(anonymous_23)
FNDA:6,(anonymous_24)
FNDA:6,(anonymous_25)
FNDA:2,(anonymous_28)
FNDA:2,(anonymous_31)
FNDA:1,(anonymous_32)
FNDA:1,(anonymous_33)
FNDA:2,(anonymous_34)
DA:1,2
DA:2,2
DA:3,2
DA:4,2
DA:5,2
DA:6,2
DA:7,2
DA:8,2
DA:9,2
DA:11,2
DA:14,2
DA:21,2
DA:22,6
DA:25,6
DA:26,6
DA:27,6
DA:30,2
DA:31,2
DA:34,6
DA:35,6
DA:36,6
DA:37,6
DA:38,6
DA:39,6
DA:40,6
DA:41,6
DA:42,6
DA:43,6
DA:46,2
DA:47,6
DA:48,6
DA:51,2
DA:52,7
DA:56,2
DA:57,6
DA:58,6
DA:59,6
DA:62,6
DA:63,6
DA:64,6
DA:65,6
DA:66,6
DA:69,2
DA:70,6
DA:71,6
DA:72,6
DA:76,6
DA:79,2
DA:81,2
DA:82,2
DA:84,1
DA:85,1
DA:87,1
DA:91,2
DA:92,2
DA:93,2
DA:94,2
DA:95,1
DA:96,1
DA:97,1
DA:98,1
DA:99,1
DA:102,1
DA:103,1
DA:107,2
DA:108,2
DA:110,2
LF:67
LH:67
BRDA:95,0,0,1
BRDA:95,0,1,0
BRDA:30,1,0,2
BRDA:30,1,1,0
BRDA:30,2,0,2
BRDA:31,3,0,2
BRDA:31,3,1,0
BRDA:31,4,0,2
BRDA:34,5,0,2
BRDA:34,5,1,0
BRDA:34,6,0,2
BRDA:36,7,0,2
BRDA:36,7,1,0
BRDA:34,8,0,2
BRDA:34,8,1,2
BRDA:37,9,0,2
BRDA:37,9,1,0
BRDA:36,10,0,2
BRDA:36,10,1,2
BRDA:38,11,0,2
BRDA:38,11,1,0
BRDA:37,12,0,2
BRDA:37,12,1,2
BRDA:39,13,0,2
BRDA:39,13,1,0
BRDA:38,14,0,2
BRDA:38,14,1,2
BRDA:40,15,0,2
BRDA:40,15,1,0
BRDA:39,16,0,2
BRDA:39,16,1,2
BRDA:41,17,0,2
BRDA:41,17,1,0
BRDA:40,18,0,2
BRDA:40,18,1,2
BRDA:42,19,0,2
BRDA:42,19,1,0
BRDA:41,20,0,2
BRDA:41,20,1,2
BRDA:43,21,0,2
BRDA:43,21,1,0
BRDA:42,22,0,2
BRDA:42,22,1,2
BRF:43
BRH:31
end_of_record
TN:
SF:/Users/alexismajyambere/tembea-frontend/src/app/admin/layouts/app-pagination/app-pagination.component.ts
FN:11,(anonymous_2)
FN:6,AppPaginationComponent
FN:92,(anonymous_4)
FN:107,(anonymous_5)
FN:116,(anonymous_6)
FN:125,(anonymous_7)
FN:134,(anonymous_8)
FN:144,(anonymous_9)
FN:152,(anonymous_10)
FN:157,(anonymous_11)
FN:165,(anonymous_12)
FN:16,(anonymous_13)
FN:24,(anonymous_14)
FN:28,(anonymous_15)
FN:36,(anonymous_16)
FN:49,(anonymous_17)
FN:53,(anonymous_18)
FN:59,(anonymous_19)
FN:65,(anonymous_20)
FN:76,(anonymous_21)
FNF:20
FNH:20
FNDA:8,(anonymous_2)
FNDA:47,AppPaginationComponent
FNDA:100,(anonymous_4)
FNDA:15,(anonymous_5)
FNDA:6,(anonymous_6)
FNDA:13,(anonymous_7)
FNDA:4,(anonymous_8)
FNDA:2,(anonymous_9)
FNDA:6,(anonymous_10)
FNDA:11,(anonymous_11)
FNDA:33,(anonymous_12)
FNDA:95,(anonymous_13)
FNDA:47,(anonymous_14)
FNDA:95,(anonymous_15)
FNDA:47,(anonymous_16)
FNDA:48,(anonymous_17)
FNDA:47,(anonymous_18)
FNDA:95,(anonymous_19)
FNDA:23,(anonymous_20)
FNDA:521,(anonymous_21)
DA:1,8
DA:6,47
DA:11,8
DA:13,47
DA:16,8
DA:17,95
DA:18,0
DA:20,95
DA:24,8
DA:25,47
DA:28,8
DA:29,95
DA:30,0
DA:32,95
DA:36,8
DA:37,47
DA:40,55
DA:41,8
DA:42,55
DA:43,55
DA:47,47
DA:49,8
DA:50,48
DA:53,8
DA:54,47
DA:55,47
DA:59,8
DA:60,95
DA:61,95
DA:62,95
DA:65,8
DA:66,23
DA:72,23
DA:73,23
DA:76,8
DA:77,521
DA:78,521
DA:79,521
DA:80,521
DA:81,521
DA:83,521
DA:89,521
DA:92,47
DA:93,100
DA:94,100
DA:95,100
DA:96,100
DA:97,100
DA:98,100
DA:99,1
DA:100,1
DA:102,100
DA:107,47
DA:108,15
DA:110,15
DA:111,15
DA:112,15
DA:116,47
DA:117,6
DA:118,2
DA:120,4
DA:121,4
DA:125,47
DA:126,13
DA:127,13
DA:128,2
DA:130,11
DA:131,11
DA:134,47
DA:135,4
DA:136,4
DA:137,2
DA:139,2
DA:140,2
DA:141,2
DA:144,47
DA:145,2
DA:146,2
DA:147,2
DA:148,2
DA:149,2
DA:150,0
DA:152,2
DA:153,6
DA:157,47
DA:158,11
DA:159,11
DA:160,11
DA:161,11
DA:162,11
DA:163,0
DA:165,11
DA:166,33
DA:169,8
LF:94
LH:90
BRDA:98,0,0,1
BRDA:98,0,1,99
BRDA:108,1,0,15
BRDA:108,1,1,15
BRDA:110,2,0,15
BRDA:110,2,1,0
BRDA:110,3,0,15
BRDA:110,3,1,15
BRDA:117,4,0,2
BRDA:117,4,1,4
BRDA:127,5,0,2
BRDA:127,5,1,11
BRDA:136,6,0,2
BRDA:136,6,1,2
BRDA:149,7,0,0
BRDA:149,7,1,2
BRDA:162,8,0,0
BRDA:162,8,1,11
BRDA:17,9,0,0
BRDA:17,9,1,95
BRDA:29,10,0,0
BRDA:29,10,1,95
BRDA:54,11,0,47
BRDA:54,11,1,0
BRDA:60,12,0,95
BRDA:60,12,1,95
BRDA:61,13,0,95
BRDA:61,13,1,0
BRDA:72,14,0,23
BRDA:72,14,1,0
BRDA:80,15,0,521
BRDA:80,15,1,509
BRDA:81,16,0,521
BRDA:81,16,1,76
BRDA:84,17,0,521
BRDA:84,17,1,12
BRDA:85,18,0,521
BRDA:85,18,1,520
BRDA:43,19,0,8
BRDA:43,19,1,0
BRDA:43,20,0,8
BRF:41
BRH:32
end_of_record
TN:
SF:/Users/alexismajyambere/tembea-frontend/src/app/admin/layouts/custom-dropdown/custom-dropdown.component.ts
FN:8,(anonymous_2)
FN:17,CustomDropdownComponent
FN:19,(anonymous_4)
FN:22,(anonymous_5)
FNF:4
FNH:3
FNDA:1,(anonymous_2)
FNDA:1,CustomDropdownComponent
FNDA:1,(anonymous_4)
FNDA:0,(anonymous_5)
DA:1,1
DA:8,1
DA:9,1
DA:12,1
DA:15,2
DA:19,1
DA:22,1
DA:23,0
DA:26,1
LF:9
LH:8
BRF:0
BRH:0
end_of_record
TN:
SF:/Users/alexismajyambere/tembea-frontend/src/app/admin/providers/add-provider-modal/add-provider-modal.component.ts
FN:17,(anonymous_2)
FN:24,AddProviderModalComponent
FN:34,(anonymous_4)
FN:37,(anonymous_5)
FN:41,(anonymous_6)
FN:45,(anonymous_7)
FN:56,(anonymous_8)
FN:59,(anonymous_9)
FN:68,(anonymous_10)
FN:75,(anonymous_11)
FN:76,(anonymous_12)
FN:83,(anonymous_13)
FN:93,(anonymous_14)
FN:97,(anonymous_15)
FNF:14
FNH:13
FNDA:3,(anonymous_2)
FNDA:6,AddProviderModalComponent
FNDA:24,(anonymous_4)
FNDA:6,(anonymous_5)
FNDA:1,(anonymous_6)
FNDA:3,(anonymous_7)
FNDA:4,(anonymous_8)
FNDA:1,(anonymous_9)
FNDA:3,(anonymous_10)
FNDA:6,(anonymous_11)
FNDA:6,(anonymous_12)
FNDA:1,(anonymous_13)
FNDA:0,(anonymous_14)
FNDA:12,(anonymous_15)
DA:1,3
DA:2,3
DA:3,3
DA:4,3
DA:5,3
DA:6,3
DA:7,3
DA:9,3
DA:10,3
DA:17,3
DA:20,6
DA:22,9
DA:25,6
DA:26,6
DA:27,6
DA:28,6
DA:29,6
DA:30,6
DA:32,6
DA:33,6
DA:34,24
DA:37,3
DA:38,6
DA:41,3
DA:42,1
DA:45,3
DA:46,3
DA:47,1
DA:48,2
DA:49,1
DA:50,1
DA:52,1
DA:56,4
DA:57,4
DA:58,4
DA:60,1
DA:61,1
DA:62,1
DA:63,1
DA:64,1
DA:65,1
DA:69,3
DA:70,3
DA:75,6
DA:76,6
DA:77,6
DA:78,6
DA:83,3
DA:84,1
DA:85,1
DA:87,1
DA:89,0
DA:93,3
DA:94,0
DA:97,3
DA:98,12
DA:100,3
LF:57
LH:55
BRDA:46,0,0,1
BRDA:46,0,1,2
BRDA:46,1,0,3
BRDA:46,1,1,3
BRDA:48,2,0,1
BRDA:48,2,1,1
BRDA:48,3,0,2
BRDA:48,3,1,2
BRDA:60,4,0,1
BRDA:60,4,1,0
BRDA:77,5,0,6
BRDA:77,5,1,0
BRDA:86,6,0,1
BRDA:86,6,1,0
BRDA:25,7,0,3
BRDA:25,7,1,0
BRDA:25,8,0,3
BRDA:26,9,0,3
BRDA:26,9,1,0
BRDA:25,10,0,3
BRDA:25,10,1,3
BRDA:27,11,0,3
BRDA:27,11,1,0
BRDA:26,12,0,3
BRDA:26,12,1,3
BRDA:28,13,0,3
BRDA:28,13,1,0
BRDA:27,14,0,3
BRDA:27,14,1,3
BRDA:29,15,0,3
BRDA:29,15,1,0
BRDA:28,16,0,3
BRDA:28,16,1,3
BRDA:30,17,0,3
BRDA:30,17,1,0
BRDA:29,18,0,3
BRDA:29,18,1,3
BRF:37
BRH:28
end_of_record
TN:
SF:/Users/alexismajyambere/tembea-frontend/src/app/admin/providers/driver-modal/driver-modal.component.ts
FN:13,(anonymous_4)
FN:14,DriverModalComponent
FN:23,(anonymous_6)
FN:36,(anonymous_7)
FN:40,(anonymous_8)
FN:44,(anonymous_9)
FN:50,(anonymous_10)
FNF:7
FNH:7
FNDA:3,(anonymous_4)
FNDA:6,DriverModalComponent
FNDA:4,(anonymous_6)
FNDA:2,(anonymous_7)
FNDA:3,(anonymous_8)
FNDA:2,(anonymous_9)
FNDA:1,(anonymous_10)
DA:1,3
DA:2,3
DA:4,3
DA:5,3
DA:6,3
DA:13,3
DA:15,6
DA:16,6
DA:17,6
DA:18,6
DA:19,6
DA:21,6
DA:23,3
DA:24,4
DA:25,4
DA:26,4
DA:27,4
DA:28,4
DA:29,4
DA:30,4
DA:32,0
DA:33,0
DA:36,3
DA:37,2
DA:40,3
DA:41,3
DA:42,3
DA:43,3
DA:44,3
DA:45,2
DA:46,1
DA:47,1
DA:48,1
DA:51,1
DA:52,1
DA:56,3
LF:36
LH:34
BRDA:26,0,0,4
BRDA:26,0,1,0
BRDA:45,1,0,1
BRDA:45,1,1,1
BRDA:15,2,0,3
BRDA:15,2,1,0
BRDA:15,3,0,3
BRDA:17,4,0,3
BRDA:17,4,1,0
BRDA:15,5,0,3
BRDA:15,5,1,3
BRDA:18,6,0,3
BRDA:18,6,1,0
BRDA:17,7,0,3
BRDA:17,7,1,3
BRDA:19,8,0,3
BRDA:19,8,1,0
BRDA:18,9,0,3
BRDA:18,9,1,3
BRF:19
BRH:14
end_of_record
TN:
SF:/Users/alexismajyambere/tembea-frontend/src/app/admin/providers/provider-card/provider-card.component.ts
FN:17,(anonymous_2)
FN:28,ProviderCardComponent
FN:36,(anonymous_4)
FN:38,(anonymous_5)
FN:42,(anonymous_6)
FN:46,(anonymous_7)
FN:47,(anonymous_8)
FN:53,(anonymous_9)
FN:58,(anonymous_10)
FN:62,(anonymous_11)
FN:65,(anonymous_12)
FN:69,(anonymous_13)
FN:73,(anonymous_14)
FNF:13
FNH:12
FNDA:1,(anonymous_2)
FNDA:11,ProviderCardComponent
FNDA:11,(anonymous_4)
FNDA:1,(anonymous_5)
FNDA:0,(anonymous_6)
FNDA:4,(anonymous_7)
FNDA:2,(anonymous_8)
FNDA:1,(anonymous_9)
FNDA:3,(anonymous_10)
FNDA:1,(anonymous_11)
FNDA:1,(anonymous_12)
FNDA:1,(anonymous_13)
FNDA:12,(anonymous_14)
DA:1,1
DA:2,1
DA:3,1
DA:4,1
DA:5,1
DA:6,1
DA:7,1
DA:8,1
DA:9,1
DA:10,1
DA:17,1
DA:18,12
DA:19,1
DA:20,1
DA:21,1
DA:22,1
DA:23,1
DA:24,1
DA:29,11
DA:30,11
DA:31,11
DA:32,11
DA:33,11
DA:36,1
DA:38,1
DA:39,1
DA:42,1
DA:43,0
DA:46,4
DA:47,4
DA:48,2
DA:49,1
DA:50,1
DA:51,1
DA:54,1
DA:58,3
DA:59,3
DA:62,3
DA:63,1
DA:65,3
DA:66,1
DA:69,1
DA:70,1
DA:71,1
DA:73,1
DA:74,12
DA:76,1
LF:47
LH:46
BRDA:48,0,0,1
BRDA:48,0,1,1
BRDA:18,1,0,1
BRDA:18,1,1,0
BRDA:18,2,0,1
BRDA:29,3,0,1
BRDA:29,3,1,0
BRDA:29,4,0,1
BRDA:30,5,0,1
BRDA:30,5,1,0
BRDA:29,6,0,1
BRDA:29,6,1,1
BRDA:31,7,0,1
BRDA:31,7,1,0
BRDA:30,8,0,1
BRDA:30,8,1,1
BRDA:32,9,0,1
BRDA:32,9,1,0
BRDA:31,10,0,1
BRDA:31,10,1,1
BRDA:33,11,0,1
BRDA:33,11,1,0
BRDA:32,12,0,1
BRDA:32,12,1,1
BRF:24
BRH:18
end_of_record
TN:
SF:/Users/alexismajyambere/tembea-frontend/src/app/admin/providers/provider-filter/provider-filter.component.ts
FN:11,(anonymous_2)
FN:18,ProviderFilterComponent
FN:28,(anonymous_4)
FN:30,(anonymous_5)
FN:24,(anonymous_6)
FN:36,(anonymous_7)
FN:38,(anonymous_8)
FNF:7
FNH:7
FNDA:1,(anonymous_2)
FNDA:3,ProviderFilterComponent
FNDA:4,(anonymous_4)
FNDA:1,(anonymous_5)
FNDA:3,(anonymous_6)
FNDA:1,(anonymous_7)
FNDA:1,(anonymous_8)
DA:1,1
DA:2,1
DA:3,1
DA:11,1
DA:12,3
DA:15,3
DA:18,3
DA:19,3
DA:20,3
DA:21,3
DA:24,1
DA:25,3
DA:28,3
DA:29,4
DA:31,1
DA:32,1
DA:36,1
DA:37,1
DA:38,1
DA:41,1
LF:20
LH:20
BRDA:19,0,0,1
BRDA:19,0,1,0
BRDA:19,1,0,1
BRDA:20,2,0,1
BRDA:20,2,1,0
BRDA:19,3,0,1
BRDA:19,3,1,1
BRDA:21,4,0,1
BRDA:21,4,1,0
BRDA:20,5,0,1
BRDA:20,5,1,1
BRF:11
BRH:8
end_of_record
TN:
SF:/Users/alexismajyambere/tembea-frontend/src/app/admin/providers/provider-inventory/provider-inventory.component.ts
FN:16,(anonymous_14)
FN:29,ProviderInventoryComponent
FN:56,(anonymous_16)
FN:59,(anonymous_19)
FN:68,(anonymous_20)
FN:71,(anonymous_21)
FN:84,(anonymous_22)
FN:40,(anonymous_23)
FN:44,(anonymous_24)
FN:48,(anonymous_25)
FN:52,(anonymous_26)
FN:92,(anonymous_27)
FN:97,(anonymous_28)
FN:101,(anonymous_29)
FNF:14
FNH:10
FNDA:1,(anonymous_14)
FNDA:10,ProviderInventoryComponent
FNDA:12,(anonymous_16)
FNDA:0,(anonymous_19)
FNDA:12,(anonymous_20)
FNDA:1,(anonymous_21)
FNDA:1,(anonymous_22)
FNDA:11,(anonymous_23)
FNDA:0,(anonymous_24)
FNDA:0,(anonymous_25)
FNDA:0,(anonymous_26)
FNDA:1,(anonymous_27)
FNDA:1,(anonymous_28)
FNDA:11,(anonymous_29)
DA:1,1
DA:2,1
DA:3,1
DA:5,1
DA:6,1
DA:7,1
DA:8,1
DA:16,1
DA:17,10
DA:18,10
DA:24,10
DA:29,10
DA:30,10
DA:31,10
DA:32,10
DA:34,10
DA:35,10
DA:36,10
DA:37,10
DA:40,11
DA:41,11
DA:42,11
DA:44,0
DA:46,11
DA:48,0
DA:50,11
DA:52,0
DA:56,10
DA:57,12
DA:58,12
DA:59,12
DA:60,0
DA:62,12
DA:64,0
DA:68,10
DA:69,12
DA:70,12
DA:72,1
DA:73,1
DA:74,1
DA:76,1
DA:77,1
DA:78,1
DA:82,1
DA:85,1
DA:86,1
DA:89,12
DA:92,1
DA:93,1
DA:94,1
DA:97,1
DA:98,1
DA:101,1
DA:102,11
DA:103,11
DA:105,11
DA:106,11
DA:107,11
DA:108,11
DA:112,1
LF:60
LH:55
BRDA:57,0,0,12
BRDA:57,0,1,0
BRDA:98,1,0,0
BRDA:98,1,1,1
BRDA:102,2,0,11
BRDA:102,2,1,0
BRDA:105,3,0,11
BRDA:105,3,1,0
BRDA:107,4,0,11
BRDA:107,4,1,0
BRDA:30,5,0,1
BRDA:30,5,1,0
BRDA:30,6,0,1
BRDA:31,7,0,1
BRDA:31,7,1,0
BRDA:30,8,0,1
BRDA:30,8,1,1
BRDA:32,9,0,1
BRDA:32,9,1,0
BRDA:31,10,0,1
BRDA:31,10,1,1
BRF:21
BRH:13
end_of_record
TN:
SF:/Users/alexismajyambere/tembea-frontend/src/app/admin/providers/provider-modal/provider-modal.component.ts
FN:15,(anonymous_4)
FN:17,ProviderModalComponent
FN:26,(anonymous_6)
FN:28,(anonymous_7)
FN:31,(anonymous_8)
FN:39,(anonymous_9)
FN:45,(anonymous_10)
FNF:7
FNH:7
FNDA:4,(anonymous_4)
FNDA:18,ProviderModalComponent
FNDA:18,(anonymous_6)
FNDA:12,(anonymous_7)
FNDA:9,(anonymous_8)
FNDA:3,(anonymous_9)
FNDA:12,(anonymous_10)
DA:1,4
DA:2,4
DA:4,4
DA:5,4
DA:6,4
DA:7,4
DA:8,4
DA:15,4
DA:16,18
DA:18,18
DA:19,18
DA:20,18
DA:21,18
DA:22,18
DA:23,18
DA:26,4
DA:28,12
DA:29,12
DA:30,12
DA:31,12
DA:32,9
DA:33,9
DA:34,9
DA:35,9
DA:36,9
DA:37,9
DA:40,3
DA:41,3
DA:45,4
DA:46,12
DA:49,4
LF:31
LH:31
BRDA:33,0,0,9
BRDA:33,0,1,0
BRDA:18,1,0,4
BRDA:18,1,1,0
BRDA:18,2,0,4
BRDA:20,3,0,4
BRDA:20,3,1,0
BRDA:18,4,0,4
BRDA:18,4,1,4
BRDA:21,5,0,4
BRDA:21,5,1,0
BRDA:20,6,0,4
BRDA:20,6,1,4
BRDA:22,7,0,4
BRDA:22,7,1,0
BRDA:21,8,0,4
BRDA:21,8,1,4
BRDA:23,9,0,4
BRDA:23,9,1,0
BRDA:22,10,0,4
BRDA:22,10,1,4
BRF:21
BRH:15
end_of_record
TN:
SF:/Users/alexismajyambere/tembea-frontend/src/app/admin/providers/provider-nav/provider-nav.component.ts
FN:10,(anonymous_2)
FN:19,ProviderNavComponent
FN:24,(anonymous_4)
FN:25,(anonymous_5)
FN:30,(anonymous_6)
FN:58,(anonymous_7)
FNF:6
FNH:4
FNDA:1,(anonymous_2)
FNDA:3,ProviderNavComponent
FNDA:3,(anonymous_4)
FNDA:0,(anonymous_5)
FNDA:2,(anonymous_6)
FNDA:0,(anonymous_7)
DA:1,1
DA:2,1
DA:3,1
DA:10,1
DA:17,3
DA:20,3
DA:21,3
DA:24,3
DA:25,3
DA:26,0
DA:30,1
DA:31,2
DA:32,2
DA:33,2
DA:35,1
DA:41,1
DA:43,1
DA:49,1
DA:52,2
DA:58,1
DA:59,0
DA:62,1
LF:22
LH:20
BRDA:34,0,0,1
BRDA:34,0,1,1
BRDA:20,1,0,1
BRDA:20,1,1,0
BRDA:20,2,0,1
BRDA:21,3,0,1
BRDA:21,3,1,0
BRDA:20,4,0,1
BRDA:20,4,1,1
BRF:9
BRH:7
end_of_record
TN:
SF:/Users/alexismajyambere/tembea-frontend/src/app/admin/providers/provider-verify/provider-verify.component.ts
FN:15,(anonymous_2)
FN:19,ProviderVerifyComponent
FN:33,(anonymous_4)
FN:37,(anonymous_5)
FN:50,(anonymous_6)
FN:54,(anonymous_7)
FN:61,(anonymous_8)
FN:28,(anonymous_9)
FN:43,(anonymous_10)
FNF:9
FNH:6
FNDA:1,(anonymous_2)
FNDA:3,ProviderVerifyComponent
FNDA:3,(anonymous_4)
FNDA:3,(anonymous_5)
FNDA:3,(anonymous_6)
FNDA:0,(anonymous_7)
FNDA:0,(anonymous_8)
FNDA:4,(anonymous_9)
FNDA:0,(anonymous_10)
DA:1,1
DA:2,1
DA:3,1
DA:4,1
DA:6,1
DA:7,1
DA:15,1
DA:17,3
DA:18,3
DA:19,3
DA:20,3
DA:21,3
DA:22,3
DA:23,3
DA:24,3
DA:26,3
DA:28,1
DA:29,4
DA:30,4
DA:33,3
DA:34,3
DA:37,3
DA:38,3
DA:43,1
DA:44,0
DA:45,0
DA:46,0
DA:50,3
DA:51,3
DA:52,3
DA:53,3
DA:55,0
DA:56,0
DA:57,0
DA:58,0
DA:62,0
DA:63,0
DA:64,0
DA:68,1
LF:39
LH:29
BRDA:55,0,0,0
BRDA:55,0,1,0
BRDA:44,1,0,0
BRDA:44,1,1,0
BRDA:44,2,0,0
BRDA:44,2,1,0
BRDA:20,3,0,1
BRDA:20,3,1,0
BRDA:20,4,0,1
BRDA:21,5,0,1
BRDA:21,5,1,0
BRDA:20,6,0,1
BRDA:20,6,1,1
BRDA:22,7,0,1
BRDA:22,7,1,0
BRDA:21,8,0,1
BRDA:21,8,1,1
BRDA:23,9,0,1
BRDA:23,9,1,0
BRDA:22,10,0,1
BRDA:22,10,1,1
BRDA:24,11,0,1
BRDA:24,11,1,0
BRDA:23,12,0,1
BRDA:23,12,1,1
BRF:25
BRH:14
end_of_record
TN:
SF:/Users/alexismajyambere/tembea-frontend/src/app/admin/rating-stars/rating-stars.component.ts
FN:8,(anonymous_2)
FNF:1
FNH:1
FNDA:23,(anonymous_2)
DA:1,2
DA:8,2
DA:9,2
DA:10,2
DA:11,2
LF:5
LH:5
BRF:0
BRH:0
end_of_record
TN:
SF:/Users/alexismajyambere/tembea-frontend/src/app/admin/routes/create-route/create-route.component.ts
FN:14,(anonymous_14)
FN:15,RouteModel
FN:29,(anonymous_16)
FN:47,CreateRouteComponent
FN:62,(anonymous_18)
FN:71,(anonymous_21)
FN:77,(anonymous_24)
FN:83,(anonymous_27)
FN:88,(anonymous_28)
FN:92,(anonymous_29)
FN:96,(anonymous_30)
FN:109,(anonymous_33)
FN:117,(anonymous_36)
FN:121,(anonymous_37)
FN:127,(anonymous_38)
FN:131,(anonymous_39)
FN:135,(anonymous_40)
FN:152,(anonymous_43)
FNF:18
FNH:15
FNDA:1,(anonymous_14)
FNDA:17,RouteModel
FNDA:1,(anonymous_16)
FNDA:17,CreateRouteComponent
FNDA:0,(anonymous_18)
FNDA:0,(anonymous_21)
FNDA:0,(anonymous_24)
FNDA:1,(anonymous_27)
FNDA:1,(anonymous_28)
FNDA:1,(anonymous_29)
FNDA:2,(anonymous_30)
FNDA:1,(anonymous_33)
FNDA:1,(anonymous_36)
FNDA:3,(anonymous_37)
FNDA:4,(anonymous_38)
FNDA:2,(anonymous_39)
FNDA:3,(anonymous_40)
FNDA:3,(anonymous_43)
DA:1,1
DA:2,1
DA:3,1
DA:4,1
DA:5,1
DA:7,1
DA:8,1
DA:9,1
DA:10,1
DA:11,1
DA:12,1
DA:14,1
DA:15,17
DA:16,17
DA:17,17
DA:18,17
DA:19,17
DA:20,17
DA:22,1
DA:29,1
DA:32,17
DA:33,17
DA:34,17
DA:35,17
DA:41,17
DA:43,1
DA:44,1
DA:48,17
DA:49,17
DA:50,17
DA:51,17
DA:52,17
DA:53,17
DA:54,17
DA:55,17
DA:58,17
DA:59,17
DA:62,1
DA:63,0
DA:64,0
DA:65,0
DA:66,0
DA:67,0
DA:71,1
DA:72,0
DA:73,0
DA:74,0
DA:77,1
DA:78,0
DA:79,0
DA:80,0
DA:83,1
DA:84,1
DA:88,1
DA:89,1
DA:92,1
DA:93,1
DA:96,1
DA:98,2
DA:100,2
DA:102,1
DA:105,1
DA:109,1
DA:111,1
DA:113,1
DA:114,1
DA:117,1
DA:118,1
DA:121,1
DA:122,3
DA:123,3
DA:124,3
DA:127,1
DA:128,4
DA:129,4
DA:131,1
DA:132,2
DA:135,1
DA:136,3
DA:137,1
DA:141,2
DA:145,2
DA:146,2
DA:147,1
DA:149,1
DA:152,1
DA:154,3
DA:155,3
DA:156,1
DA:157,1
DA:158,1
DA:159,1
DA:160,1
DA:162,2
DA:163,2
DA:166,1
LF:96
LH:85
BRDA:136,0,0,1
BRDA:136,0,1,2
BRDA:146,1,0,1
BRDA:146,1,1,1
BRDA:163,2,0,2
BRDA:163,2,1,1
BRDA:43,3,0,1
BRDA:43,3,1,0
BRDA:43,4,0,1
BRDA:44,5,0,1
BRDA:44,5,1,0
BRDA:44,6,0,1
BRDA:48,7,0,1
BRDA:48,7,1,0
BRDA:48,8,0,1
BRDA:49,9,0,1
BRDA:49,9,1,0
BRDA:48,10,0,1
BRDA:48,10,1,1
BRDA:50,11,0,1
BRDA:50,11,1,0
BRDA:49,12,0,1
BRDA:49,12,1,1
BRDA:51,13,0,1
BRDA:51,13,1,0
BRDA:50,14,0,1
BRDA:50,14,1,1
BRDA:52,15,0,1
BRDA:52,15,1,0
BRDA:51,16,0,1
BRDA:51,16,1,1
BRDA:53,17,0,1
BRDA:53,17,1,0
BRDA:52,18,0,1
BRDA:52,18,1,1
BRDA:54,19,0,1
BRDA:54,19,1,0
BRDA:53,20,0,1
BRDA:53,20,1,1
BRDA:55,21,0,1
BRDA:55,21,1,0
BRDA:54,22,0,1
BRDA:54,22,1,1
BRF:43
BRH:33
end_of_record
TN:
SF:/Users/alexismajyambere/tembea-frontend/src/app/admin/routes/create-route/create-route.helper.ts
FN:6,(anonymous_4)
FN:8,CreateRouteHelper
FN:10,(anonymous_6)
FN:15,(anonymous_7)
FN:23,(anonymous_8)
FN:30,(anonymous_9)
FN:41,(anonymous_10)
FN:46,(anonymous_11)
FN:51,(anonymous_12)
FN:52,(anonymous_13)
FNF:10
FNH:10
FNDA:2,(anonymous_4)
FNDA:12,CreateRouteHelper
FNDA:1,(anonymous_6)
FNDA:2,(anonymous_7)
FNDA:1,(anonymous_8)
FNDA:2,(anonymous_9)
FNDA:2,(anonymous_10)
FNDA:2,(anonymous_11)
FNDA:2,(anonymous_12)
FNDA:6,(anonymous_13)
DA:1,2
DA:2,2
DA:3,2
DA:6,2
DA:8,12
DA:10,2
DA:11,1
DA:12,1
DA:15,2
DA:16,2
DA:17,2
DA:19,1
DA:20,1
DA:23,2
DA:24,1
DA:25,1
DA:26,1
DA:27,1
DA:30,2
DA:31,2
DA:32,2
DA:34,2
DA:37,2
DA:38,2
DA:41,2
DA:42,2
DA:43,1
DA:46,2
DA:47,2
DA:48,1
DA:51,3
DA:52,6
DA:54,2
LF:33
LH:33
BRDA:17,0,0,1
BRDA:17,0,1,1
BRDA:42,1,0,1
BRDA:42,1,1,1
BRDA:47,2,0,1
BRDA:47,2,1,1
BRDA:51,3,0,1
BRDA:51,3,1,1
BRDA:8,4,0,2
BRDA:8,4,1,0
BRDA:8,5,0,2
BRF:11
BRH:10
end_of_record
TN:
SF:/Users/alexismajyambere/tembea-frontend/src/app/admin/routes/create-route/createRouteUtils.ts
FNF:0
FNH:0
DA:1,2
DA:5,2
LF:2
LH:2
BRF:0
BRH:0
end_of_record
TN:
SF:/Users/alexismajyambere/tembea-frontend/src/app/admin/routes/route-approve-decline-modal/route-approve-decline-modal.component.ts
FN:17,(anonymous_4)
FN:30,RouteApproveDeclineModalComponent
FN:41,(anonymous_6)
FN:45,(anonymous_7)
FN:49,(anonymous_8)
FN:58,(anonymous_9)
FN:65,(anonymous_10)
FN:66,(anonymous_11)
FN:70,(anonymous_12)
FN:73,(anonymous_13)
FN:77,(anonymous_14)
FN:81,(anonymous_15)
FN:89,(anonymous_16)
FNF:13
FNH:13
FNDA:2,(anonymous_4)
FNDA:8,RouteApproveDeclineModalComponent
FNDA:8,(anonymous_6)
FNDA:3,(anonymous_7)
FNDA:1,(anonymous_8)
FNDA:1,(anonymous_9)
FNDA:3,(anonymous_10)
FNDA:2,(anonymous_11)
FNDA:1,(anonymous_12)
FNDA:3,(anonymous_13)
FNDA:1,(anonymous_14)
FNDA:1,(anonymous_15)
FNDA:1,(anonymous_16)
DA:1,2
DA:2,2
DA:3,2
DA:5,2
DA:6,2
DA:7,2
DA:8,2
DA:9,2
DA:10,2
DA:17,2
DA:24,8
DA:27,8
DA:28,2
DA:31,8
DA:32,8
DA:33,8
DA:34,8
DA:35,8
DA:36,8
DA:41,2
DA:42,8
DA:45,2
DA:46,3
DA:49,2
DA:50,1
DA:51,1
DA:52,1
DA:53,1
DA:54,1
DA:55,1
DA:58,2
DA:59,1
DA:60,1
DA:61,1
DA:62,1
DA:65,3
DA:66,3
DA:67,2
DA:68,2
DA:69,2
DA:70,1
DA:73,2
DA:74,3
DA:77,2
DA:78,1
DA:81,2
DA:82,1
DA:83,1
DA:84,1
DA:85,1
DA:89,2
DA:90,1
DA:91,1
DA:92,1
DA:94,2
LF:55
LH:55
BRDA:83,0,0,1
BRDA:83,0,1,0
BRDA:28,1,0,2
BRDA:28,1,1,0
BRDA:28,2,0,2
BRDA:31,3,0,2
BRDA:31,3,1,0
BRDA:31,4,0,2
BRDA:32,5,0,2
BRDA:32,5,1,0
BRDA:31,6,0,2
BRDA:31,6,1,2
BRDA:33,7,0,2
BRDA:33,7,1,0
BRDA:32,8,0,2
BRDA:32,8,1,2
BRDA:34,9,0,2
BRDA:34,9,1,0
BRDA:33,10,0,2
BRDA:33,10,1,2
BRDA:35,11,0,2
BRDA:35,11,1,0
BRDA:34,12,0,2
BRDA:34,12,1,2
BRDA:36,13,0,0
BRDA:36,13,1,2
BRDA:35,14,0,2
BRDA:35,14,1,0
BRF:28
BRH:19
end_of_record
TN:
SF:/Users/alexismajyambere/tembea-frontend/src/app/admin/routes/route-approve-decline-modal/provider-selector/provider-selector.component.ts
FN:14,(anonymous_2)
FN:32,ProviderSelectorComponent
FN:62,(anonymous_4)
FN:37,(anonymous_6)
FN:50,(anonymous_7)
FN:55,(anonymous_8)
FN:76,(anonymous_9)
FN:79,(anonymous_10)
FN:84,(anonymous_11)
FN:86,(anonymous_12)
FN:92,(anonymous_13)
FN:96,(anonymous_14)
FN:100,(anonymous_15)
FNF:13
FNH:13
FNDA:3,(anonymous_2)
FNDA:11,ProviderSelectorComponent
FNDA:4,(anonymous_4)
FNDA:11,(anonymous_6)
FNDA:11,(anonymous_7)
FNDA:1,(anonymous_8)
FNDA:3,(anonymous_9)
FNDA:6,(anonymous_10)
FNDA:12,(anonymous_11)
FNDA:1,(anonymous_12)
FNDA:1,(anonymous_13)
FNDA:1,(anonymous_14)
FNDA:11,(anonymous_15)
DA:1,3
DA:2,3
DA:3,3
DA:5,3
DA:7,3
DA:14,3
DA:15,11
DA:16,11
DA:17,11
DA:18,11
DA:20,11
DA:22,11
DA:25,3
DA:26,3
DA:27,14
DA:28,14
DA:29,14
DA:30,3
DA:32,11
DA:33,11
DA:34,11
DA:36,11
DA:37,11
DA:38,11
DA:39,11
DA:41,10
DA:42,10
DA:44,1
DA:45,1
DA:50,3
DA:51,11
DA:52,11
DA:55,3
DA:56,1
DA:57,0
DA:62,11
DA:63,4
DA:64,1
DA:66,4
DA:67,3
DA:70,3
DA:71,3
DA:73,1
DA:76,3
DA:77,3
DA:78,3
DA:80,6
DA:84,12
DA:85,12
DA:87,1
DA:88,1
DA:92,3
DA:93,1
DA:96,3
DA:97,1
DA:100,3
DA:101,11
DA:102,11
DA:103,11
DA:105,3
LF:60
LH:59
BRDA:63,0,0,1
BRDA:63,0,1,3
BRDA:66,1,0,3
BRDA:66,1,1,1
BRDA:70,2,0,2
BRDA:70,2,1,1
BRDA:38,3,0,11
BRDA:38,3,1,0
BRDA:40,4,0,10
BRDA:40,4,1,1
BRDA:56,5,0,0
BRDA:56,5,1,0
BRDA:80,6,0,6
BRDA:80,6,1,6
BRDA:30,7,0,3
BRDA:30,7,1,0
BRDA:30,8,0,3
BRDA:33,9,0,3
BRDA:33,9,1,0
BRDA:33,10,0,3
BRDA:34,11,0,3
BRDA:34,11,1,0
BRDA:33,12,0,3
BRDA:33,12,1,3
BRF:24
BRH:18
end_of_record
TN:
SF:/Users/alexismajyambere/tembea-frontend/src/app/admin/routes/route-requests/route-requests.component.ts
FN:20,(anonymous_2)
FN:29,RouteRequestsComponent
FN:57,(anonymous_4)
FN:89,(anonymous_5)
FN:39,(anonymous_6)
FN:42,(anonymous_7)
FN:47,(anonymous_8)
FN:51,(anonymous_9)
FN:65,(anonymous_10)
FN:69,(anonymous_11)
FN:73,(anonymous_12)
FN:77,(anonymous_13)
FN:81,(anonymous_14)
FN:83,(anonymous_15)
FN:103,(anonymous_16)
FNF:15
FNH:15
FNDA:1,(anonymous_2)
FNDA:7,RouteRequestsComponent
FNDA:9,(anonymous_4)
FNDA:6,(anonymous_5)
FNDA:9,(anonymous_6)
FNDA:2,(anonymous_7)
FNDA:11,(anonymous_8)
FNDA:6,(anonymous_9)
FNDA:18,(anonymous_10)
FNDA:84,(anonymous_11)
FNDA:1,(anonymous_12)
FNDA:1,(anonymous_13)
FNDA:15,(anonymous_14)
FNDA:15,(anonymous_15)
FNDA:2,(anonymous_16)
DA:1,1
DA:2,1
DA:4,1
DA:8,1
DA:9,1
DA:11,1
DA:13,1
DA:20,1
DA:22,7
DA:29,7
DA:30,7
DA:31,7
DA:32,7
DA:33,7
DA:34,7
DA:36,7
DA:39,9
DA:40,9
DA:41,9
DA:43,2
DA:47,1
DA:48,11
DA:51,1
DA:52,6
DA:53,6
DA:57,7
DA:58,9
DA:59,9
DA:60,9
DA:61,9
DA:65,1
DA:66,18
DA:69,1
DA:70,84
DA:73,1
DA:74,1
DA:77,1
DA:78,1
DA:81,15
DA:82,15
DA:84,15
DA:89,7
DA:90,6
DA:92,6
DA:93,6
DA:94,6
DA:95,6
DA:97,6
DA:103,1
DA:104,2
DA:105,2
DA:110,2
DA:117,1
LF:53
LH:53
BRDA:60,0,0,9
BRDA:60,0,1,0
BRDA:94,1,0,6
BRDA:94,1,1,0
BRDA:52,2,0,6
BRDA:52,2,1,0
BRDA:106,3,0,1
BRDA:106,3,1,1
BRDA:30,4,0,1
BRDA:30,4,1,0
BRDA:30,5,0,1
BRDA:31,6,0,1
BRDA:31,6,1,0
BRDA:30,7,0,1
BRDA:30,7,1,1
BRDA:32,8,0,1
BRDA:32,8,1,0
BRDA:31,9,0,1
BRDA:31,9,1,1
BRDA:33,10,0,1
BRDA:33,10,1,0
BRDA:32,11,0,1
BRDA:32,11,1,1
BRDA:34,12,0,1
BRDA:34,12,1,0
BRDA:33,13,0,1
BRDA:33,13,1,1
BRF:27
BRH:19
end_of_record
TN:
SF:/Users/alexismajyambere/tembea-frontend/src/app/admin/routes/route-trips/route-trips.component.ts
FN:13,(anonymous_8)
FN:21,RouteTripsComponent
FN:54,(anonymous_10)
FN:55,(anonymous_11)
FN:63,(anonymous_12)
FN:32,(anonymous_13)
FN:36,(anonymous_14)
FN:40,(anonymous_15)
FN:49,(anonymous_16)
FN:70,(anonymous_17)
FN:76,(anonymous_18)
FNF:11
FNH:11
FNDA:1,(anonymous_8)
FNDA:7,RouteTripsComponent
FNDA:4,(anonymous_10)
FNDA:4,(anonymous_11)
FNDA:3,(anonymous_12)
FNDA:8,(anonymous_13)
FNDA:9,(anonymous_14)
FNDA:9,(anonymous_15)
FNDA:9,(anonymous_16)
FNDA:1,(anonymous_17)
FNDA:1,(anonymous_18)
DA:1,1
DA:2,1
DA:4,1
DA:5,1
DA:6,1
DA:13,1
DA:17,7
DA:19,7
DA:22,7
DA:23,7
DA:24,7
DA:26,7
DA:27,7
DA:28,7
DA:29,7
DA:32,1
DA:33,8
DA:36,9
DA:37,9
DA:38,9
DA:39,9
DA:41,9
DA:42,9
DA:43,9
DA:44,9
DA:45,9
DA:49,1
DA:50,9
DA:51,9
DA:54,7
DA:55,7
DA:56,4
DA:58,4
DA:59,1
DA:62,3
DA:63,3
DA:64,3
DA:67,3
DA:70,1
DA:71,1
DA:72,1
DA:73,1
DA:76,1
DA:77,1
DA:78,1
DA:80,0
DA:83,1
LF:47
LH:46
BRDA:26,0,0,7
BRDA:26,0,1,7
BRDA:58,1,0,1
BRDA:58,1,1,3
BRDA:64,2,0,2
BRDA:64,2,1,1
BRDA:73,3,0,1
BRDA:73,3,1,0
BRDA:77,4,0,1
BRDA:77,4,1,0
BRDA:22,5,0,1
BRDA:22,5,1,0
BRDA:22,6,0,1
BRDA:23,7,0,1
BRDA:23,7,1,0
BRDA:22,8,0,1
BRDA:22,8,1,1
BRDA:24,9,0,1
BRDA:24,9,1,0
BRDA:23,10,0,1
BRDA:23,10,1,1
BRF:21
BRH:16
end_of_record
TN:
SF:/Users/alexismajyambere/tembea-frontend/src/app/admin/routes/routes-inventory/routes-inventory.component.ts
FN:28,(anonymous_22)
FN:41,RoutesInventoryComponent
FN:67,(anonymous_24)
FN:69,(anonymous_25)
FN:76,(anonymous_26)
FN:82,(anonymous_27)
FN:86,(anonymous_28)
FN:93,(anonymous_29)
FN:59,(anonymous_30)
FN:61,(anonymous_31)
FN:99,(anonymous_32)
FN:109,(anonymous_33)
FN:113,(anonymous_34)
FN:115,(anonymous_35)
FN:119,(anonymous_36)
FN:123,(anonymous_37)
FN:135,(anonymous_40)
FN:140,(anonymous_41)
FN:142,(anonymous_42)
FN:147,(anonymous_43)
FN:150,(anonymous_44)
FN:151,(anonymous_45)
FN:159,(anonymous_46)
FN:161,(anonymous_49)
FN:171,(anonymous_50)
FN:175,(anonymous_51)
FN:184,(anonymous_52)
FN:185,(anonymous_53)
FNF:28
FNH:24
FNDA:1,(anonymous_22)
FNDA:20,RoutesInventoryComponent
FNDA:31,(anonymous_24)
FNDA:31,(anonymous_25)
FNDA:0,(anonymous_26)
FNDA:23,(anonymous_27)
FNDA:1,(anonymous_28)
FNDA:1,(anonymous_29)
FNDA:21,(anonymous_30)
FNDA:0,(anonymous_31)
FNDA:31,(anonymous_32)
FNDA:1,(anonymous_33)
FNDA:2,(anonymous_34)
FNDA:0,(anonymous_35)
FNDA:1,(anonymous_36)
FNDA:3,(anonymous_37)
FNDA:1,(anonymous_40)
FNDA:2,(anonymous_41)
FNDA:1,(anonymous_42)
FNDA:1,(anonymous_43)
FNDA:1,(anonymous_44)
FNDA:5,(anonymous_45)
FNDA:2,(anonymous_46)
FNDA:2,(anonymous_49)
FNDA:1,(anonymous_50)
FNDA:0,(anonymous_51)
FNDA:20,(anonymous_52)
FNDA:24,(anonymous_53)
DA:1,1
DA:2,1
DA:4,1
DA:7,1
DA:8,1
DA:9,1
DA:10,1
DA:11,1
DA:12,1
DA:13,1
DA:14,1
DA:15,1
DA:16,1
DA:17,1
DA:18,1
DA:19,1
DA:20,1
DA:28,1
DA:29,20
DA:35,20
DA:37,20
DA:38,20
DA:39,20
DA:42,20
DA:43,20
DA:44,20
DA:45,20
DA:46,20
DA:47,20
DA:48,20
DA:49,20
DA:51,20
DA:52,20
DA:53,20
DA:54,20
DA:55,20
DA:56,20
DA:59,21
DA:60,21
DA:61,21
DA:62,0
DA:64,21
DA:67,20
DA:68,31
DA:69,31
DA:70,31
DA:71,31
DA:72,31
DA:73,31
DA:74,31
DA:77,0
DA:78,0
DA:82,20
DA:83,23
DA:84,23
DA:85,23
DA:86,23
DA:87,1
DA:88,1
DA:89,1
DA:90,1
DA:91,1
DA:94,1
DA:95,1
DA:99,1
DA:100,31
DA:101,31
DA:102,31
DA:103,31
DA:104,31
DA:106,31
DA:109,1
DA:110,1
DA:113,2
DA:114,2
DA:115,2
DA:116,2
DA:119,1
DA:120,1
DA:123,1
DA:125,3
DA:126,2
DA:127,1
DA:128,1
DA:129,1
DA:131,2
DA:135,1
DA:136,1
DA:137,1
DA:140,2
DA:141,2
DA:143,1
DA:144,1
DA:145,1
DA:147,1
DA:150,1
DA:151,1
DA:152,5
DA:153,1
DA:155,5
DA:159,1
DA:160,2
DA:162,2
DA:163,2
DA:164,1
DA:165,1
DA:166,1
DA:167,1
DA:171,1
DA:172,1
DA:175,1
DA:176,0
DA:177,0
DA:184,1
DA:185,24
DA:187,1
LF:116
LH:111
BRDA:51,0,0,20
BRDA:51,0,1,20
BRDA:101,1,0,31
BRDA:101,1,1,0
BRDA:131,2,0,2
BRDA:131,2,1,0
BRDA:143,3,0,1
BRDA:143,3,1,0
BRDA:152,4,0,1
BRDA:152,4,1,4
BRDA:163,5,0,1
BRDA:163,5,1,1
BRDA:42,6,0,1
BRDA:42,6,1,0
BRDA:42,7,0,1
BRDA:43,8,0,1
BRDA:43,8,1,0
BRDA:42,9,0,1
BRDA:42,9,1,1
BRDA:44,10,0,1
BRDA:44,10,1,0
BRDA:43,11,0,1
BRDA:43,11,1,1
BRDA:45,12,0,1
BRDA:45,12,1,0
BRDA:44,13,0,1
BRDA:44,13,1,1
BRDA:46,14,0,1
BRDA:46,14,1,0
BRDA:45,15,0,1
BRDA:45,15,1,1
BRDA:47,16,0,1
BRDA:47,16,1,0
BRDA:46,17,0,1
BRDA:46,17,1,1
BRDA:48,18,0,1
BRDA:48,18,1,0
BRDA:47,19,0,1
BRDA:47,19,1,1
BRDA:49,20,0,1
BRDA:49,20,1,0
BRDA:48,21,0,1
BRDA:48,21,1,1
BRF:43
BRH:32
end_of_record
TN:
SF:/Users/alexismajyambere/tembea-frontend/src/app/admin/routes/routes-inventory/routes-inventory.helper.ts
FN:2,(anonymous_0)
FN:10,RenameRouteBatch
FN:18,(anonymous_2)
FN:22,(anonymous_3)
FN:35,(anonymous_4)
FN:42,(anonymous_5)
FN:52,(anonymous_6)
FNF:7
FNH:7
FNDA:2,(anonymous_0)
FNDA:32,RenameRouteBatch
FNDA:168,(anonymous_2)
FNDA:168,(anonymous_3)
FNDA:288,(anonymous_4)
FNDA:159,(anonymous_5)
FNDA:32,(anonymous_6)
DA:2,2
DA:4,32
DA:5,32
DA:6,32
DA:14,32
DA:15,32
DA:18,2
DA:19,168
DA:22,2
DA:23,168
DA:24,168
DA:25,168
DA:26,168
DA:27,168
DA:28,3
DA:30,165
DA:31,165
DA:32,165
DA:35,2
DA:36,288
DA:37,183
DA:39,105
DA:42,2
DA:43,159
DA:44,159
DA:45,161
DA:46,161
DA:48,159
DA:49,159
DA:52,2
DA:53,32
DA:54,161
DA:55,161
DA:56,32
DA:57,32
DA:59,129
DA:60,127
DA:64,2
DA:66,2
LF:39
LH:39
BRDA:19,0,0,4
BRDA:19,0,1,164
BRDA:25,1,0,2
BRDA:25,1,1,166
BRDA:27,2,0,3
BRDA:27,2,1,165
BRDA:36,3,0,183
BRDA:36,3,1,105
BRDA:36,4,0,288
BRDA:36,4,1,184
BRDA:43,5,0,22
BRDA:43,5,1,137
BRDA:55,6,0,32
BRDA:55,6,1,129
BRDA:59,7,0,127
BRDA:59,7,1,2
BRF:16
BRH:16
end_of_record
TN:
SF:/Users/alexismajyambere/tembea-frontend/src/app/admin/routes/routes-inventory/routes-inventory-edit-modal/routes-inventory-edit-modal.component.ts
FN:15,(anonymous_4)
FN:19,RoutesInventoryEditModalComponent
FN:29,(anonymous_6)
FN:34,(anonymous_7)
FN:38,(anonymous_8)
FN:39,(anonymous_9)
FN:46,(anonymous_10)
FN:52,(anonymous_11)
FN:58,(anonymous_12)
FNF:9
FNH:9
FNDA:2,(anonymous_4)
FNDA:6,RoutesInventoryEditModalComponent
FNDA:7,(anonymous_6)
FNDA:1,(anonymous_7)
FNDA:7,(anonymous_8)
FNDA:7,(anonymous_9)
FNDA:3,(anonymous_10)
FNDA:2,(anonymous_11)
FNDA:1,(anonymous_12)
DA:1,2
DA:2,2
DA:3,2
DA:4,2
DA:5,2
DA:6,2
DA:7,2
DA:8,2
DA:9,2
DA:15,2
DA:17,6
DA:20,6
DA:21,6
DA:22,6
DA:23,6
DA:24,6
DA:25,6
DA:26,6
DA:29,2
DA:30,7
DA:31,7
DA:34,2
DA:35,1
DA:38,7
DA:39,7
DA:40,7
DA:41,0
DA:46,3
DA:47,3
DA:48,3
DA:49,3
DA:51,3
DA:52,3
DA:53,2
DA:54,2
DA:55,2
DA:56,2
DA:59,1
DA:60,1
DA:63,2
LF:40
LH:39
BRDA:40,0,0,0
BRDA:40,0,1,7
BRDA:53,1,0,2
BRDA:53,1,1,0
BRDA:20,2,0,2
BRDA:20,2,1,0
BRDA:20,3,0,2
BRDA:21,4,0,2
BRDA:21,4,1,0
BRDA:20,5,0,2
BRDA:20,5,1,2
BRDA:22,6,0,0
BRDA:22,6,1,2
BRDA:21,7,0,2
BRDA:21,7,1,0
BRDA:23,8,0,2
BRDA:23,8,1,0
BRDA:22,9,0,2
BRDA:22,9,1,2
BRDA:24,10,0,2
BRDA:24,10,1,0
BRDA:23,11,0,2
BRDA:23,11,1,2
BRDA:25,12,0,2
BRDA:25,12,1,0
BRDA:24,13,0,2
BRDA:24,13,1,2
BRDA:26,14,0,2
BRDA:26,14,1,0
BRDA:25,15,0,2
BRDA:25,15,1,2
BRF:31
BRH:21
end_of_record
TN:
SF:/Users/alexismajyambere/tembea-frontend/src/app/admin/settings/settings.component.ts
FN:9,(anonymous_2)
FN:10,SettingsComponent
FN:12,(anonymous_4)
FNF:3
FNH:3
FNDA:1,(anonymous_2)
FNDA:1,SettingsComponent
FNDA:1,(anonymous_4)
DA:1,1
DA:9,1
DA:12,1
DA:13,1
LF:4
LH:4
BRF:0
BRH:0
end_of_record
TN:
SF:/Users/alexismajyambere/tembea-frontend/src/app/admin/settings/departments/departments.component.ts
[...]
LH:4
BRF:0
BRH:0
end_of_record
TN:
SF:/Users/alexismajyambere/tembea-frontend/src/app/home/home-route-activator.guard.ts
FN:12,(anonymous_2)
FN:13,HomeRouteActivatorGuard
FN:19,(anonymous_4)
FNF:3
FNH:3
FNDA:1,(anonymous_2)
FNDA:5,HomeRouteActivatorGuard
FNDA:4,(anonymous_4)
DA:1,1
DA:2,1
DA:4,1
DA:5,1
DA:6,1
DA:7,1
DA:12,1
DA:14,5
DA:15,5
DA:16,5
DA:17,5
DA:19,1
DA:22,4
DA:24,4
DA:25,1
DA:29,4
DA:30,4
DA:32,4
DA:33,2
DA:34,2
DA:37,2
DA:38,1
DA:39,1
DA:42,1
DA:44,1
LF:25
LH:25
BRDA:24,0,0,1
BRDA:24,0,1,3
BRDA:32,1,0,2
BRDA:32,1,1,2
BRDA:37,2,0,1
BRDA:37,2,1,1
BRDA:37,3,0,2
BRDA:37,3,1,2
BRDA:37,3,2,2
BRDA:14,4,0,1
BRDA:14,4,1,0
BRDA:14,5,0,1
BRDA:15,6,0,1
BRDA:15,6,1,0
BRDA:14,7,0,1
BRDA:14,7,1,1
BRDA:16,8,0,1
BRDA:16,8,1,0
BRDA:15,9,0,1
BRDA:15,9,1,1
BRDA:17,10,0,1
BRDA:17,10,1,0
BRDA:16,11,0,1
BRDA:16,11,1,1
BRF:24
BRH:20
end_of_record
TN:
SF:/Users/alexismajyambere/tembea-frontend/src/app/home/home.component.ts
FN:10,(anonymous_2)
FN:12,HomeComponent
FN:14,(anonymous_4)
FN:16,(anonymous_5)
FNF:4
FNH:3
FNDA:2,(anonymous_2)
FNDA:1,HomeComponent
FNDA:1,(anonymous_4)
FNDA:0,(anonymous_5)
DA:1,2
DA:3,2
DA:10,2
DA:14,2
DA:16,2
DA:17,0
DA:18,0
DA:20,2
LF:8
LH:6
BRF:0
BRH:0
end_of_record
TN:
SF:/Users/alexismajyambere/tembea-frontend/src/app/page-not-found/page-not-found.component.ts
FN:8,(anonymous_2)
FN:10,PageNotFoundComponent
FN:11,(anonymous_4)
FNF:3
FNH:3
FNDA:1,(anonymous_2)
FNDA:4,PageNotFoundComponent
FNDA:4,(anonymous_4)
DA:1,1
DA:8,1
DA:9,4
DA:11,1
DA:12,1
LF:5
LH:5
BRF:0
BRH:0
end_of_record
TN:
SF:/Users/alexismajyambere/tembea-frontend/src/app/provider/provider.component.ts
FN:13,(anonymous_2)
FN:34,ProviderComponent
FN:18,(anonymous_4)
FN:21,(anonymous_5)
FN:24,(anonymous_6)
FN:27,(anonymous_7)
FN:30,(anonymous_8)
FN:50,(anonymous_9)
FN:51,(anonymous_10)
FN:62,(anonymous_11)
FN:69,(anonymous_12)
FN:73,(anonymous_13)
FN:76,(anonymous_14)
FNF:13
FNH:13
FNDA:1,(anonymous_2)
FNDA:4,ProviderComponent
FNDA:32,(anonymous_4)
FNDA:32,(anonymous_5)
FNDA:32,(anonymous_6)
FNDA:32,(anonymous_7)
FNDA:32,(anonymous_8)
FNDA:4,(anonymous_9)
FNDA:4,(anonymous_10)
FNDA:3,(anonymous_11)
FNDA:1,(anonymous_12)
FNDA:2,(anonymous_13)
FNDA:25,(anonymous_14)
DA:1,1
DA:2,1
DA:3,1
DA:4,1
DA:5,1
DA:6,1
DA:13,1
DA:17,4
DA:18,1
DA:19,32
DA:21,1
DA:22,32
DA:24,1
DA:25,32
DA:27,1
DA:28,32
DA:30,1
DA:31,32
DA:35,4
DA:36,4
DA:37,4
DA:38,4
DA:39,4
DA:42,4
DA:50,4
DA:51,4
DA:52,4
DA:53,4
DA:54,4
DA:55,4
DA:56,4
DA:57,4
DA:62,3
DA:63,3
DA:64,3
DA:65,3
DA:66,3
DA:67,3
DA:70,1
DA:71,1
DA:74,2
DA:75,2
DA:76,25
DA:78,2
DA:82,0
DA:83,0
DA:86,1
LF:47
LH:45
BRDA:52,0,0,4
BRDA:52,0,1,0
BRDA:63,1,0,3
BRDA:63,1,1,0
BRDA:63,2,0,3
BRDA:63,2,1,3
BRDA:63,2,2,3
BRDA:76,3,0,1
BRDA:76,3,1,1
BRDA:35,4,0,1
BRDA:35,4,1,0
BRDA:35,5,0,1
BRDA:36,6,0,1
BRDA:36,6,1,0
BRDA:35,7,0,1
BRDA:35,7,1,1
BRDA:37,8,0,1
BRDA:37,8,1,0
BRDA:36,9,0,1
BRDA:36,9,1,1
BRDA:38,10,0,1
BRDA:38,10,1,0
BRDA:37,11,0,1
BRDA:37,11,1,1
BRDA:39,12,0,1
BRDA:39,12,1,0
BRDA:38,13,0,1
BRDA:38,13,1,1
BRF:28
BRH:21
end_of_record
TN:
SF:/Users/alexismajyambere/tembea-frontend/src/app/shared/alert.service.ts
FN:5,(anonymous_4)
FN:6,AlertService
FN:11,(anonymous_6)
FN:14,(anonymous_7)
FN:17,(anonymous_8)
FN:20,(anonymous_9)
FN:23,(anonymous_10)
FNF:7
FNH:7
FNDA:62,(anonymous_4)
FNDA:12,AlertService
FNDA:1,(anonymous_6)
FNDA:1,(anonymous_7)
FNDA:1,(anonymous_8)
FNDA:2,(anonymous_9)
FNDA:1,(anonymous_10)
DA:1,62
DA:2,62
DA:5,62
DA:6,12
DA:7,12
DA:11,62
DA:12,1
DA:14,62
DA:15,1
DA:17,62
DA:18,1
DA:20,62
DA:21,2
DA:23,62
DA:24,1
DA:26,62
LF:16
LH:16
BRDA:6,0,0,0
BRDA:6,0,1,62
BRDA:6,1,0,0
BRF:3
BRH:1
end_of_record
TN:
SF:/Users/alexismajyambere/tembea-frontend/src/app/shared/app-events.service.ts
FN:13,(anonymous_2)
FN:17,AppEventService
FN:18,(anonymous_4)
FN:23,(anonymous_5)
FN:29,(anonymous_6)
FN:33,(anonymous_7)
FN:42,(anonymous_8)
FNF:7
FNH:6
FNDA:60,(anonymous_2)
FNDA:204,AppEventService
FNDA:76,(anonymous_4)
FNDA:97,(anonymous_5)
FNDA:195,(anonymous_6)
FNDA:0,(anonymous_7)
FNDA:97,(anonymous_8)
DA:1,60
DA:2,60
DA:3,60
DA:13,60
DA:17,204
DA:18,204
DA:19,76
DA:23,60
DA:24,97
DA:25,29
DA:29,60
DA:30,195
DA:31,0
DA:34,0
DA:40,195
DA:43,97
DA:48,60
LF:17
LH:15
BRDA:24,0,0,29
BRDA:24,0,1,68
BRDA:30,1,0,0
BRDA:30,1,1,195
BRF:4
BRH:3
end_of_record
TN:
SF:/Users/alexismajyambere/tembea-frontend/src/app/shared/bugsnag.service.ts
FN:8,(anonymous_0)
FNF:1
FNH:0
FNDA:0,(anonymous_0)
DA:1,0
DA:2,0
DA:3,0
DA:5,0
DA:6,0
DA:9,0
LF:6
LH:0
BRF:0
BRH:0
end_of_record
TN:
SF:/Users/alexismajyambere/tembea-frontend/src/app/shared/events.constants.ts
FN:1,(anonymous_0)
FNF:1
FNH:1
FNDA:1,(anonymous_0)
DA:1,1
DA:2,1
DA:3,1
LF:3
LH:3
BRDA:1,0,0,1
BRDA:1,0,1,1
BRF:2
BRH:2
end_of_record
TN:
SF:/Users/alexismajyambere/tembea-frontend/src/app/shared/googlemaps.service.ts
FN:7,(anonymous_14)
FN:10,GoogleMapsService
FN:12,(anonymous_16)
FN:19,(anonymous_17)
FN:24,(anonymous_20)
FN:30,(anonymous_23)
FN:36,(anonymous_26)
FN:37,(anonymous_27)
FN:38,(anonymous_28)
FN:48,(anonymous_29)
FNF:10
FNH:7
FNDA:7,(anonymous_14)
FNDA:7,GoogleMapsService
FNDA:2,(anonymous_16)
FNDA:1,(anonymous_17)
FNDA:1,(anonymous_20)
FNDA:1,(anonymous_23)
FNDA:0,(anonymous_26)
FNDA:0,(anonymous_27)
FNDA:0,(anonymous_28)
FNDA:2,(anonymous_29)
DA:1,7
DA:2,7
DA:7,7
DA:10,7
DA:12,7
DA:13,2
DA:14,2
DA:15,2
DA:19,7
DA:20,1
DA:21,1
DA:24,7
DA:25,1
DA:26,1
DA:27,1
DA:30,7
DA:31,1
DA:32,1
DA:33,1
DA:36,7
DA:37,0
DA:38,0
DA:39,0
DA:40,0
DA:42,0
DA:48,7
DA:49,2
DA:50,1
DA:52,1
DA:53,1
DA:55,7
LF:31
LH:26
BRDA:14,0,0,2
BRDA:14,0,1,0
BRDA:39,1,0,0
BRDA:39,1,1,0
BRDA:49,2,0,1
BRDA:49,2,1,1
BRDA:10,3,0,7
BRDA:10,3,1,0
BRDA:10,4,0,7
BRF:9
BRH:5
end_of_record
TN:
SF:/Users/alexismajyambere/tembea-frontend/src/app/shared/homebase.manager.ts
FN:6,(anonymous_2)
FN:9,HomeBaseManager
FN:13,(anonymous_4)
FN:15,(anonymous_5)
FN:22,(anonymous_6)
FN:27,(anonymous_7)
FN:35,(anonymous_8)
FNF:7
FNH:2
FNDA:32,(anonymous_2)
FNDA:3,HomeBaseManager
FNDA:0,(anonymous_4)
FNDA:0,(anonymous_5)
FNDA:0,(anonymous_6)
FNDA:0,(anonymous_7)
FNDA:0,(anonymous_8)
DA:1,32
DA:2,32
DA:3,32
DA:6,32
DA:9,3
DA:10,3
DA:13,32
DA:14,0
DA:16,0
DA:17,0
DA:18,0
DA:22,32
DA:23,0
DA:24,0
DA:27,32
DA:28,0
DA:29,0
DA:30,0
DA:32,0
DA:35,32
DA:36,0
DA:37,0
DA:38,0
DA:39,0
DA:40,0
DA:42,0
DA:44,0
DA:47,32
LF:28
LH:11
BRDA:29,0,0,0
BRDA:29,0,1,0
BRDA:39,1,0,0
BRDA:39,1,1,0
BRDA:39,2,0,0
BRDA:39,2,1,0
BRDA:9,3,0,32
BRDA:9,3,1,0
BRDA:9,4,0,32
BRDA:9,5,0,32
BRDA:9,5,1,0
BRDA:9,6,0,32
BRDA:9,6,1,32
BRF:13
BRH:5
end_of_record
TN:
SF:/Users/alexismajyambere/tembea-frontend/src/app/shared/homebase.service.ts
FN:8,(anonymous_2)
FN:11,HomeBaseService
FN:15,(anonymous_4)
FN:19,(anonymous_5)
FN:24,(anonymous_6)
FN:28,(anonymous_7)
FNF:6
FNH:6
FNDA:37,(anonymous_2)
FNDA:16,HomeBaseService
FNDA:1,(anonymous_4)
FNDA:34,(anonymous_5)
FNDA:1,(anonymous_6)
FNDA:1,(anonymous_7)
DA:1,37
DA:2,37
DA:4,37
DA:8,37
DA:11,16
DA:12,16
DA:15,37
DA:16,1
DA:19,37
DA:20,34
DA:21,34
DA:24,37
DA:25,1
DA:28,37
DA:29,1
DA:31,37
LF:16
LH:16
BRDA:20,0,0,0
BRDA:20,0,1,34
BRDA:11,1,0,37
BRDA:11,1,1,0
BRDA:11,2,0,37
BRF:5
BRH:3
end_of_record
TN:
SF:/Users/alexismajyambere/tembea-frontend/src/app/shared/jwt-http.interceptor.ts
FN:13,(anonymous_2)
FN:14,JwtHttpInterceptor
FN:21,(anonymous_4)
FN:29,(anonymous_5)
FNF:4
FNH:3
FNDA:1,(anonymous_2)
FNDA:3,JwtHttpInterceptor
FNDA:2,(anonymous_4)
FNDA:0,(anonymous_5)
DA:1,1
DA:3,1
DA:4,1
DA:5,1
DA:7,1
DA:8,1
DA:9,1
DA:10,1
DA:13,1
DA:15,3
DA:16,3
DA:17,3
DA:18,3
DA:21,2
DA:22,2
DA:23,2
DA:24,1
DA:25,1
DA:28,1
DA:30,0
DA:31,0
DA:32,0
DA:33,0
DA:35,0
DA:40,1
DA:42,1
LF:26
LH:21
BRDA:23,0,0,1
BRDA:23,0,1,1
BRDA:23,1,0,2
BRDA:23,1,1,1
BRDA:30,2,0,0
BRDA:30,2,1,0
BRDA:32,3,0,0
BRDA:32,3,1,0
BRDA:15,4,0,1
BRDA:15,4,1,0
BRDA:15,5,0,1
BRDA:16,6,0,1
BRDA:16,6,1,0
BRDA:15,7,0,1
BRDA:15,7,1,1
BRDA:17,8,0,1
BRDA:17,8,1,0
BRDA:16,9,0,1
BRDA:16,9,1,1
BRDA:18,10,0,1
BRDA:18,10,1,0
BRDA:17,11,0,1
BRDA:17,11,1,1
BRF:23
BRH:15
end_of_record
TN:
SF:/Users/alexismajyambere/tembea-frontend/src/app/shared/locations.service.ts
FN:8,(anonymous_2)
FN:11,LocationService
FN:15,(anonymous_4)
FNF:3
FNH:1
FNDA:1,(anonymous_2)
FNDA:0,LocationService
FNDA:0,(anonymous_4)
DA:1,1
DA:2,1
DA:3,1
DA:5,1
DA:8,1
DA:11,0
DA:12,0
DA:15,1
DA:16,0
DA:17,0
DA:20,0
DA:22,1
LF:12
LH:7
BRDA:11,0,0,1
BRDA:11,0,1,0
BRDA:11,1,0,1
BRDA:11,2,0,1
BRDA:11,2,1,0
BRDA:11,3,0,1
BRDA:11,3,1,1
BRF:7
BRH:5
end_of_record
TN:
SF:/Users/alexismajyambere/tembea-frontend/src/app/shared/paging-params.resolver.ts
FN:5,(anonymous_1)
FN:6,(anonymous_3)
FNF:2
FNH:0
FNDA:0,(anonymous_1)
FNDA:0,(anonymous_3)
DA:2,0
DA:5,0
DA:6,0
DA:7,0
DA:8,0
DA:9,0
DA:13,0
LF:7
LH:0
BRDA:8,0,0,0
BRDA:8,0,1,0
BRF:2
BRH:0
end_of_record
TN:
SF:/Users/alexismajyambere/tembea-frontend/src/app/shared/socketio.service.ts
FN:9,(anonymous_2)
FN:11,SocketioService
FN:17,(anonymous_4)
FN:18,(anonymous_5)
FN:19,(anonymous_6)
FN:25,(anonymous_7)
FN:13,(anonymous_8)
FNF:7
FNH:3
FNDA:2,(anonymous_2)
FNDA:4,SocketioService
FNDA:0,(anonymous_4)
FNDA:0,(anonymous_5)
FNDA:0,(anonymous_6)
FNDA:0,(anonymous_7)
FNDA:1,(anonymous_8)
DA:1,2
DA:2,2
DA:3,2
DA:4,2
DA:9,2
DA:11,4
DA:13,2
DA:14,1
DA:17,4
DA:18,0
DA:19,0
DA:20,0
DA:25,4
DA:26,0
DA:28,2
LF:15
LH:11
BRF:0
BRH:0
end_of_record
TN:
SF:/Users/alexismajyambere/tembea-frontend/src/app/shared/toastr.service.ts
FNF:0
FNH:0
DA:1,62
DA:3,62
LF:2
LH:2
BRF:0
BRH:0
end_of_record
TN:
SF:/Users/alexismajyambere/tembea-frontend/src/app/shared/universal-route-activator.guard.ts
FN:13,(anonymous_2)
FN:14,UniversalRouteActivatorGuard
FN:21,(anonymous_4)
FN:28,(anonymous_5)
FN:56,(anonymous_6)
FN:62,(anonymous_7)
FNF:6
FNH:6
FNDA:1,(anonymous_2)
FNDA:6,UniversalRouteActivatorGuard
FNDA:1,(anonymous_4)
FNDA:2,(anonymous_5)
FNDA:2,(anonymous_6)
FNDA:2,(anonymous_7)
DA:1,1
DA:2,1
DA:4,1
DA:5,1
DA:6,1
DA:7,1
DA:13,1
DA:15,6
DA:16,6
DA:17,6
DA:18,6
DA:21,1
DA:25,1
DA:28,1
DA:29,2
DA:30,2
DA:31,2
DA:32,2
DA:34,2
DA:35,2
DA:36,2
DA:37,2
DA:38,1
DA:39,1
DA:40,1
DA:41,1
DA:42,1
DA:43,1
DA:45,1
DA:49,1
DA:51,1
DA:56,1
DA:57,2
DA:58,1
DA:62,1
DA:63,2
DA:64,2
DA:66,1
LF:38
LH:38
BRDA:34,0,0,2
BRDA:34,0,1,0
BRDA:34,1,0,2
BRDA:34,1,1,2
BRDA:34,1,2,2
BRDA:52,2,0,1
BRDA:52,2,1,0
BRDA:51,3,0,1
BRDA:51,3,1,1
BRDA:57,4,0,1
BRDA:57,4,1,1
BRDA:15,5,0,1
BRDA:15,5,1,0
BRDA:15,6,0,1
BRDA:16,7,0,1
BRDA:16,7,1,0
BRDA:15,8,0,1
BRDA:15,8,1,1
BRDA:17,9,0,1
BRDA:17,9,1,0
BRDA:16,10,0,1
BRDA:16,10,1,1
BRDA:18,11,0,1
BRDA:18,11,1,0
BRDA:17,12,0,1
BRDA:17,12,1,1
BRF:26
BRH:20
end_of_record
TN:
SF:/Users/alexismajyambere/tembea-frontend/src/app/shared/update-page-content.service.ts
FN:6,(anonymous_2)
FN:7,UpdatePageContentService
FN:12,(anonymous_4)
FNF:3
FNH:3
FNDA:3,(anonymous_2)
FNDA:9,UpdatePageContentService
FNDA:4,(anonymous_4)
DA:1,3
DA:2,3
DA:3,3
DA:6,3
DA:8,9
DA:9,9
DA:12,3
DA:13,4
DA:14,4
DA:16,3
LF:10
LH:10
BRDA:8,0,0,3
BRDA:8,0,1,0
BRDA:8,1,0,3
BRDA:9,2,0,3
BRDA:9,2,1,0
BRDA:8,3,0,3
BRDA:8,3,1,3
BRF:7
BRH:5
end_of_record
TN:
SF:/Users/alexismajyambere/tembea-frontend/src/app/shared/models/ais.model.ts
FN:3,(anonymous_0)
FN:10,(anonymous_2)
FNF:2
FNH:2
FNDA:22,(anonymous_0)
FNDA:1,(anonymous_2)
DA:3,21
DA:10,21
DA:11,1
DA:12,1
DA:14,21
LF:5
LH:5
BRF:0
BRH:0
end_of_record
TN:
SF:/Users/alexismajyambere/tembea-frontend/src/app/shared/models/base.model.ts
FN:14,(anonymous_6)
FN:19,(anonymous_8)
FN:21,(anonymous_10)
FNF:3
FNH:0
FNDA:0,(anonymous_6)
FNDA:0,(anonymous_8)
FNDA:0,(anonymous_10)
DA:14,0
DA:17,0
DA:19,0
DA:21,0
LF:4
LH:0
BRF:0
BRH:0
end_of_record
TN:
SF:/Users/alexismajyambere/tembea-frontend/src/app/shared/models/cab-inventory.model.ts
FN:5,(anonymous_0)
FN:8,(anonymous_2)
FN:22,(anonymous_3)
FN:23,CabModel
FNF:4
FNH:4
FNDA:12,(anonymous_0)
FNDA:1,(anonymous_2)
FNDA:11,(anonymous_3)
FNDA:11,CabModel
DA:5,11
DA:7,1
DA:8,11
DA:9,1
DA:10,1
DA:12,11
DA:22,11
DA:24,11
DA:25,11
DA:26,11
DA:27,11
DA:28,11
DA:30,11
LF:13
LH:13
BRF:0
BRH:0
end_of_record
TN:
SF:/Users/alexismajyambere/tembea-frontend/src/app/shared/models/datepicker.model.ts
FN:3,(anonymous_0)
FNF:1
FNH:1
FNDA:12,(anonymous_0)
DA:3,12
DA:4,12
LF:2
LH:2
BRDA:3,0,0,12
BRDA:3,0,1,12
BRF:2
BRH:2
end_of_record
TN:
SF:/Users/alexismajyambere/tembea-frontend/src/app/shared/models/departments.model.ts
FN:4,(anonymous_0)
FN:8,(anonymous_2)
FN:22,(anonymous_3)
FN:23,Department
FNF:4
FNH:3
FNDA:6,(anonymous_0)
FNDA:2,(anonymous_2)
FNDA:4,(anonymous_3)
FNDA:0,Department
DA:4,4
DA:5,2
DA:8,4
DA:9,2
DA:10,2
DA:12,4
DA:22,4
DA:24,0
DA:25,0
DA:27,4
LF:10
LH:8
BRF:0
BRH:0
end_of_record
TN:
SF:/Users/alexismajyambere/tembea-frontend/src/app/shared/models/engagement.model.ts
FN:5,(anonymous_0)
FN:17,(anonymous_2)
FNF:2
FNH:2
FNDA:12,(anonymous_0)
FNDA:9,(anonymous_2)
DA:2,3
DA:3,3
DA:5,3
DA:17,3
DA:18,9
DA:19,9
DA:20,9
DA:21,9
DA:23,3
LF:9
LH:9
BRF:0
BRH:0
end_of_record
TN:
SF:/Users/alexismajyambere/tembea-frontend/src/app/shared/models/fellow-routes.model.ts
FN:10,(anonymous_0)
FN:13,(anonymous_2)
FNF:2
FNH:2
FNDA:3,(anonymous_0)
FNDA:1,(anonymous_2)
DA:10,2
DA:12,1
DA:13,2
DA:14,1
DA:15,1
DA:17,2
LF:6
LH:6
BRF:0
BRH:0
end_of_record
TN:
SF:/Users/alexismajyambere/tembea-frontend/src/app/shared/models/fellows.model.ts
FN:4,(anonymous_0)
FN:8,(anonymous_2)
FNF:2
FNH:2
FNDA:7,(anonymous_0)
FNDA:2,(anonymous_2)
DA:4,5
DA:5,2
DA:8,5
DA:9,2
DA:10,2
DA:12,5
LF:6
LH:6
BRF:0
BRH:0
end_of_record
TN:
SF:/Users/alexismajyambere/tembea-frontend/src/app/shared/models/homebase.model.ts
FN:12,(anonymous_0)
FN:13,HomebaseModel
FNF:2
FNH:2
FNDA:3,(anonymous_0)
FNDA:11,HomebaseModel
DA:12,3
DA:14,11
DA:15,11
DA:16,11
DA:17,11
DA:18,11
DA:19,11
DA:20,11
DA:22,3
LF:9
LH:9
BRF:0
BRH:0
end_of_record
TN:
SF:/Users/alexismajyambere/tembea-frontend/src/app/shared/models/location.model.ts
FN:3,(anonymous_0)
FN:10,(anonymous_2)
FNF:2
FNH:2
FNDA:21,(anonymous_0)
FNDA:18,(anonymous_2)
DA:3,3
DA:10,3
DA:11,18
DA:12,18
DA:14,3
LF:5
LH:5
BRF:0
BRH:0
end_of_record
TN:
SF:/Users/alexismajyambere/tembea-frontend/src/app/shared/models/page-meta.model.ts
FN:9,(anonymous_0)
FN:10,PageMeta
FNF:2
FNH:0
FNDA:0,(anonymous_0)
FNDA:0,PageMeta
DA:9,0
DA:11,0
DA:12,0
DA:13,0
DA:14,0
DA:17,0
LF:6
LH:0
BRF:0
BRH:0
end_of_record
TN:
SF:/Users/alexismajyambere/tembea-frontend/src/app/shared/models/partner.model.ts
FN:3,(anonymous_0)
FN:9,(anonymous_2)
FNF:2
FNH:2
FNDA:12,(anonymous_0)
FNDA:9,(anonymous_2)
DA:3,3
DA:9,3
DA:10,9
DA:11,9
DA:13,3
LF:5
LH:5
BRF:0
BRH:0
end_of_record
TN:
SF:/Users/alexismajyambere/tembea-frontend/src/app/shared/models/provider.model.ts
FN:8,(anonymous_0)
FN:24,(anonymous_1)
FN:25,ProviderModel
FNF:3
FNH:3
FNDA:3,(anonymous_0)
FNDA:3,(anonymous_1)
FNDA:6,ProviderModel
DA:8,3
DA:9,3
DA:10,3
DA:11,3
DA:12,3
DA:24,3
DA:26,6
DA:27,6
DA:28,6
DA:29,6
DA:30,18
DA:32,3
LF:12
LH:12
BRDA:8,0,0,3
BRDA:8,0,1,3
BRDA:30,1,0,6
BRDA:30,1,1,0
BRF:4
BRH:3
end_of_record
TN:
SF:/Users/alexismajyambere/tembea-frontend/src/app/shared/models/roles.model.ts
FN:9,(anonymous_0)
FN:10,UserRoleModal
FNF:2
FNH:2
FNDA:3,(anonymous_0)
FNDA:5,UserRoleModal
DA:9,3
DA:11,5
DA:12,5
DA:13,5
DA:15,3
LF:5
LH:5
BRF:0
BRH:0
end_of_record
TN:
SF:/Users/alexismajyambere/tembea-frontend/src/app/shared/models/route-approve-decline-info.model.ts
FN:1,(anonymous_0)
FNF:1
FNH:1
FNDA:2,(anonymous_0)
DA:1,2
DA:2,2
DA:3,2
LF:3
LH:3
BRDA:1,0,0,2
BRDA:1,0,1,2
BRF:2
BRH:2
end_of_record
TN:
SF:/Users/alexismajyambere/tembea-frontend/src/app/shared/models/route-inventory.model.ts
FN:8,(anonymous_0)
FN:12,(anonymous_2)
FNF:2
FNH:2
FNDA:6,(anonymous_0)
FNDA:2,(anonymous_2)
DA:8,4
DA:9,2
DA:12,4
DA:13,2
DA:14,2
DA:16,4
LF:6
LH:6
BRF:0
BRH:0
end_of_record
TN:
SF:/Users/alexismajyambere/tembea-frontend/src/app/shared/models/route-request.model.ts
FN:6,(anonymous_0)
FN:25,(anonymous_2)
FNF:2
FNH:2
FNDA:12,(anonymous_0)
FNDA:9,(anonymous_2)
DA:2,3
DA:3,3
DA:4,3
DA:6,3
DA:25,3
DA:26,9
DA:27,9
DA:28,9
DA:29,9
DA:30,9
DA:31,9
DA:33,3
LF:12
LH:12
BRF:0
BRH:0
end_of_record
TN:
SF:/Users/alexismajyambere/tembea-frontend/src/app/shared/models/trip-request.model.ts
FN:5,(anonymous_0)
FN:21,(anonymous_1)
FN:22,TripRequest
FN:46,(anonymous_3)
FNF:4
FNH:4
FNDA:4,(anonymous_0)
FNDA:4,(anonymous_1)
FNDA:16,TripRequest
FNDA:16,(anonymous_3)
DA:5,4
DA:6,4
DA:7,4
DA:8,4
DA:9,4
DA:10,4
DA:11,4
DA:12,4
DA:21,4
DA:23,16
DA:24,16
DA:25,16
DA:26,16
DA:27,16
DA:28,16
DA:29,16
DA:30,16
DA:31,16
DA:32,16
DA:33,16
DA:34,16
DA:35,16
DA:36,16
DA:37,16
DA:38,16
DA:39,16
DA:40,16
DA:41,16
DA:42,16
DA:43,16
DA:46,4
DA:47,16
DA:48,16
DA:50,4
LF:34
LH:34
BRDA:5,0,0,4
BRDA:5,0,1,4
BRF:2
BRH:2
end_of_record
TN:
SF:/Users/alexismajyambere/tembea-frontend/src/app/shared/models/user.model.ts
FN:21,(anonymous_0)
FN:22,UserInfo
FNF:2
FNH:2
FNDA:3,(anonymous_0)
FNDA:6,UserInfo
DA:21,3
DA:23,6
DA:24,6
DA:26,3
LF:4
LH:4
BRF:0
BRH:0
end_of_record
TN:
SF:/Users/alexismajyambere/tembea-frontend/src/app/shared/models/users.model.ts
FN:3,(anonymous_0)
FN:13,(anonymous_2)
FNF:2
FNH:2
FNDA:29,(anonymous_0)
FNDA:22,(anonymous_2)
DA:3,7
DA:13,7
DA:14,22
DA:15,22
DA:17,7
LF:5
LH:5
BRF:0
BRH:0
end_of_record
TN:
SF:/Users/alexismajyambere/tembea-frontend/src/app/shared/search/search.component.ts
FN:8,(anonymous_2)
FN:10,SearchComponent
FN:12,(anonymous_4)
FN:14,(anonymous_5)
FNF:4
FNH:3
FNDA:3,(anonymous_2)
FNDA:14,SearchComponent
FNDA:14,(anonymous_4)
FNDA:0,(anonymous_5)
DA:1,3
DA:8,3
DA:12,3
DA:14,3
DA:16,3
LF:5
LH:5
BRF:0
BRH:0
end_of_record
TN:
SF:/Users/alexismajyambere/tembea-frontend/src/app/utils/analytics-helper.ts
FNF:0
FNH:0
DA:1,20
DA:11,20
LF:2
LH:2
BRF:0
BRH:0
end_of_record
TN:
SF:/Users/alexismajyambere/tembea-frontend/src/app/utils/generic-helpers.ts
FN:3,(anonymous_0)
FN:21,(anonymous_1)
FNF:2
FNH:2
FNDA:3,(anonymous_0)
FNDA:1,(anonymous_1)
DA:1,3
DA:3,3
DA:5,6
DA:6,6
DA:7,6
DA:8,6
DA:10,3
DA:21,3
LF:8
LH:8
BRDA:5,0,0,3
BRDA:5,0,1,0
BRDA:6,1,0,3
BRDA:6,1,1,0
BRDA:7,2,0,3
BRDA:7,2,1,0
BRDA:8,3,0,3
BRDA:8,3,1,0
BRF:8
BRH:4
end_of_record
TN:
SF:/Users/alexismajyambere/tembea-frontend/src/app/utils/helpers.ts
FN:6,(anonymous_0)
FN:13,(anonymous_1)
FN:19,(anonymous_2)
FN:21,(anonymous_3)
FN:41,(anonymous_4)
FN:54,(anonymous_5)
FN:63,(anonymous_6)
FN:64,(anonymous_7)
FN:65,(anonymous_8)
FNF:9
FNH:8
FNDA:1,(anonymous_0)
FNDA:7,(anonymous_1)
FNDA:0,(anonymous_2)
FNDA:42,(anonymous_3)
FNDA:42,(anonymous_4)
FNDA:2,(anonymous_5)
FNDA:20,(anonymous_6)
FNDA:20,(anonymous_7)
FNDA:20,(anonymous_8)
DA:1,12
DA:2,12
DA:6,12
DA:7,1
DA:13,12
DA:14,7
DA:15,7
DA:16,7
DA:19,12
DA:21,83
DA:24,42
DA:25,42
DA:26,42
DA:27,42
DA:28,1
DA:31,1
DA:36,41
DA:38,42
DA:41,12
DA:42,42
DA:46,42
DA:51,42
DA:54,12
DA:55,2
DA:56,2
DA:57,2
DA:58,2
DA:59,2
DA:60,2
DA:63,12
DA:64,20
DA:67,20
DA:68,20
DA:70,20
DA:73,20
LF:35
LH:35
BRDA:6,0,0,0
BRDA:6,0,1,1
BRDA:6,1,0,0
BRDA:6,1,1,1
BRDA:14,2,0,4
BRDA:14,2,1,3
BRDA:15,3,0,4
BRDA:15,3,1,3
BRDA:19,4,0,0
BRDA:19,4,1,0
BRDA:21,5,0,41
BRDA:21,5,1,1
BRDA:27,6,0,1
BRDA:27,6,1,41
BRDA:64,7,0,20
BRDA:64,7,1,20
BRF:16
BRH:12
end_of_record
TN:
SF:/Users/alexismajyambere/tembea-frontend/src/app/utils/notificationHelper.ts
FN:7,(anonymous_0)
FN:8,NotificationHelper
FN:17,(anonymous_2)
FN:20,(anonymous_3)
FN:32,(anonymous_4)
FN:41,(anonymous_5)
FNF:6
FNH:1
FNDA:1,(anonymous_0)
FNDA:0,NotificationHelper
FNDA:0,(anonymous_2)
FNDA:0,(anonymous_3)
FNDA:0,(anonymous_4)
FNDA:0,(anonymous_5)
DA:3,1
DA:5,1
DA:7,1
DA:9,0
DA:10,0
DA:11,0
DA:13,0
DA:14,0
DA:17,1
DA:18,0
DA:22,0
DA:23,0
DA:26,0
DA:28,0
DA:33,0
DA:34,0
DA:35,0
DA:41,0
DA:44,1
LF:19
LH:5
BRDA:34,0,0,0
BRDA:34,0,1,0
BRF:2
BRH:0
end_of_record
TN:
SF:/Users/alexismajyambere/tembea-frontend/src/app/utils/request-util.ts
FN:3,(anonymous_0)
FN:6,(anonymous_1)
FN:6,(anonymous_2)
FNF:3
FNH:3
FNDA:36,(anonymous_0)
FNDA:181,(anonymous_1)
FNDA:110,(anonymous_2)
DA:1,17
DA:3,17
DA:4,36
DA:5,36
DA:6,181
DA:7,110
DA:8,110
DA:12,36
LF:8
LH:8
BRDA:5,0,0,36
BRDA:5,0,1,0
BRDA:7,1,0,110
BRDA:7,1,1,0
BRF:4
BRH:2
end_of_record
TN:
SF:/Users/alexismajyambere/tembea-frontend/src/app/utils/unsubscriptionHelper.ts
FN:1,(anonymous_0)
FN:2,(anonymous_2)
FN:3,(anonymous_3)
FNF:3
FNH:3
FNDA:4,(anonymous_0)
FNDA:35,(anonymous_2)
FNDA:86,(anonymous_3)
DA:1,4
DA:2,4
DA:3,35
DA:4,86
DA:5,61
DA:9,4
DA:10,4
LF:7
LH:7
BRDA:4,0,0,61
BRDA:4,0,1,25
BRF:2
BRH:2
end_of_record
