{"/Users/alexismajyambere/tembea/src/load-env.js": {"path":"/Users/alexismajyambere/tembea/src/load-env.js","statementMap":{"0":{"start":{"line":2,"column":15},"end":{"line":2,"column":41}},"1":{"start":{"line":3,"column":20},"end":{"line":3,"column":35}},"2":{"start":{"line":5,"column":16},"end":{"line":5,"column":78}},"3":{"start":{"line":6,"column":15},"end":{"line":6,"column":33}},"4":{"start":{"line":7,"column":13},"end":{"line":7,"column":53}},"5":{"start":{"line":9,"column":0},"end":{"line":19,"column":3}}},"fnMap":{},"branchMap":{"0":{"loc":{"start":{"line":5,"column":39},"end":{"line":5,"column":73}},"type":"cond-expr","locations":[{"start":{"line":5,"column":39},"end":{"line":5,"column":73}},{"start":{"line":5,"column":76},"end":{"line":5,"column":78}}]}},"s":{"0":1,"1":1,"2":1,"3":1,"4":1,"5":1},"f":{},"b":{"0":[1,0]}}
,"/Users/alexismajyambere/tembea/src/config/database.js": {"path":"/Users/alexismajyambere/tembea/src/config/database.js","statementMap":{"0":{"start":{"line":2,"column":12},"end":{"line":2,"column":36}},"1":{"start":{"line":4,"column":23},"end":{"line":4,"column":35}},"2":{"start":{"line":6,"column":17},"end":{"line":13,"column":2}},"3":{"start":{"line":16,"column":0},"end":{"line":16,"column":26}}},"fnMap":{},"branchMap":{"0":{"loc":{"start":{"line":9,"column":13},"end":{"line":9,"column":33}},"type":"binary-expr","locations":[{"start":{"line":9,"column":13},"end":{"line":9,"column":33}},{"start":{"line":9,"column":37},"end":{"line":9,"column":47}}]}},"s":{"0":1,"1":1,"2":1,"3":1},"f":{},"b":{"0":[1,1]}}
,"/Users/alexismajyambere/tembea/src/config/environment.js": {"path":"/Users/alexismajyambere/tembea/src/config/environment.js","statementMap":{"0":{"start":{"line":1,"column":0},"end":{"line":1,"column":23}},"1":{"start":{"line":3,"column":22},"end":{"line":4,"column":37}},"2":{"start":{"line":6,"column":18},"end":{"line":14,"column":1}},"3":{"start":{"line":7,"column":16},"end":{"line":7,"column":18}},"4":{"start":{"line":8,"column":2},"end":{"line":12,"column":null}},"5":{"start":{"line":9,"column":4},"end":{"line":9,"column":61}},"6":{"start":{"line":13,"column":2},"end":{"line":13,"column":17}},"7":{"start":{"line":16,"column":17},"end":{"line":38,"column":null}},"8":{"start":{"line":41,"column":0},"end":{"line":41,"column":29}}},"fnMap":{"0":{"name":"(anonymous_0)","decl":{"start":{"line":6,"column":18},"end":{"line":6,"column":19}},"loc":{"start":{"line":6,"column":28},"end":{"line":14,"column":1}}}},"branchMap":{"0":{"loc":{"start":{"line":3,"column":23},"end":{"line":3,"column":61}},"type":"binary-expr","locations":[{"start":{"line":3,"column":23},"end":{"line":3,"column":61}},{"start":{"line":4,"column":6},"end":{"line":4,"column":36}}]},"1":{"loc":{"start":{"line":18,"column":8},"end":{"line":18,"column":24}},"type":"binary-expr","locations":[{"start":{"line":18,"column":8},"end":{"line":18,"column":24}},{"start":{"line":18,"column":28},"end":{"line":18,"column":32}}]},"2":{"loc":{"start":{"line":19,"column":12},"end":{"line":19,"column":32}},"type":"binary-expr","locations":[{"start":{"line":19,"column":12},"end":{"line":19,"column":32}},{"start":{"line":19,"column":36},"end":{"line":19,"column":48}}]},"3":{"loc":{"start":{"line":20,"column":13},"end":{"line":20,"column":34}},"type":"binary-expr","locations":[{"start":{"line":20,"column":13},"end":{"line":20,"column":34}},{"start":{"line":20,"column":38},"end":{"line":20,"column":48}}]},"4":{"loc":{"start":{"line":26,"column":45},"end":{"line":26,"column":47}},"type":"cond-expr","locations":[{"start":{"line":26,"column":45},"end":{"line":26,"column":47}},{"start":{"line":26,"column":50},"end":{"line":26,"column":52}}]},"5":{"loc":{"start":{"line":27,"column":35},"end":{"line":27,"column":37}},"type":"cond-expr","locations":[{"start":{"line":27,"column":35},"end":{"line":27,"column":37}},{"start":{"line":27,"column":40},"end":{"line":27,"column":42}}]},"6":{"loc":{"start":{"line":28,"column":43},"end":{"line":28,"column":46}},"type":"cond-expr","locations":[{"start":{"line":28,"column":43},"end":{"line":28,"column":46}},{"start":{"line":28,"column":49},"end":{"line":28,"column":51}}]}},"s":{"0":1,"1":1,"2":1,"3":3,"4":3,"5":3,"6":3,"7":1,"8":1},"f":{"0":3},"b":{"0":[1,1],"1":[1,0],"2":[1,0],"3":[1,0],"4":[0,1],"5":[0,1],"6":[0,1]}}
,"/Users/alexismajyambere/tembea/src/database/base.ts": {"path":"/Users/alexismajyambere/tembea/src/database/base.ts","statementMap":{"0":{"start":{"line":9,"column":2},"end":{"line":9,"column":null}},"1":{"start":{"line":12,"column":33},"end":{"line":12,"column":85}},"2":{"start":{"line":12,"column":62},"end":{"line":12,"column":85}}},"fnMap":{"0":{"name":"(anonymous_2)","decl":{"start":{"line":12,"column":33},"end":{"line":12,"column":34}},"loc":{"start":{"line":12,"column":62},"end":{"line":12,"column":85}}}},"branchMap":{},"s":{"0":1,"1":1,"2":9},"f":{"0":9},"b":{}}
,"/Users/alexismajyambere/tembea/src/database/index.ts": {"path":"/Users/alexismajyambere/tembea/src/database/index.ts","statementMap":{"0":{"start":{"line":5,"column":19},"end":{"line":5,"column":40}},"1":{"start":{"line":7,"column":17},"end":{"line":9,"column":null}}},"fnMap":{},"branchMap":{},"s":{"0":1,"1":1},"f":{},"b":{}}
,"/Users/alexismajyambere/tembea/src/database/models/Embassy.ts": {"path":"/Users/alexismajyambere/tembea/src/database/models/Embassy.ts","statementMap":{"0":{"start":{"line":9,"column":0},"end":{"line":29,"column":null}},"1":{"start":{"line":13,"column":2},"end":{"line":13,"column":null}},"2":{"start":{"line":17,"column":2},"end":{"line":17,"column":null}},"3":{"start":{"line":15,"column":21},"end":{"line":15,"column":28}},"4":{"start":{"line":21,"column":2},"end":{"line":21,"column":null}},"5":{"start":{"line":19,"column":21},"end":{"line":19,"column":28}},"6":{"start":{"line":24,"column":2},"end":{"line":24,"column":null}},"7":{"start":{"line":23,"column":19},"end":{"line":23,"column":26}},"8":{"start":{"line":27,"column":2},"end":{"line":27,"column":null}},"9":{"start":{"line":26,"column":19},"end":{"line":26,"column":26}},"10":{"start":{"line":9,"column":21},"end":{"line":29,"column":null}}},"fnMap":{"0":{"name":"(anonymous_2)","decl":{"start":{"line":15,"column":14},"end":{"line":15,"column":17}},"loc":{"start":{"line":15,"column":21},"end":{"line":15,"column":28}}},"1":{"name":"(anonymous_3)","decl":{"start":{"line":19,"column":14},"end":{"line":19,"column":17}},"loc":{"start":{"line":19,"column":21},"end":{"line":19,"column":28}}},"2":{"name":"(anonymous_4)","decl":{"start":{"line":23,"column":13},"end":{"line":23,"column":16}},"loc":{"start":{"line":23,"column":19},"end":{"line":23,"column":26}}},"3":{"name":"(anonymous_5)","decl":{"start":{"line":26,"column":13},"end":{"line":26,"column":16}},"loc":{"start":{"line":26,"column":19},"end":{"line":26,"column":26}}}},"branchMap":{"0":{"loc":{"start":{"line":24,"column":18},"end":{"line":24,"column":19}},"type":"cond-expr","locations":[{"start":{"line":24,"column":18},"end":{"line":24,"column":19}},{"start":{"line":24,"column":18},"end":{"line":24,"column":19}}]},"1":{"loc":{"start":{"line":24,"column":11},"end":{"line":24,"column":19}},"type":"binary-expr","locations":[{"start":{"line":24,"column":11},"end":{"line":24,"column":19}},{"start":{"line":24,"column":11},"end":{"line":24,"column":18}}]},"2":{"loc":{"start":{"line":27,"column":18},"end":{"line":27,"column":19}},"type":"cond-expr","locations":[{"start":{"line":27,"column":18},"end":{"line":27,"column":19}},{"start":{"line":27,"column":18},"end":{"line":27,"column":19}}]},"3":{"loc":{"start":{"line":27,"column":11},"end":{"line":27,"column":19}},"type":"binary-expr","locations":[{"start":{"line":27,"column":11},"end":{"line":27,"column":19}},{"start":{"line":27,"column":11},"end":{"line":27,"column":18}}]}},"s":{"0":1,"1":1,"2":1,"3":0,"4":1,"5":0,"6":1,"7":4,"8":1,"9":4,"10":1},"f":{"0":0,"1":0,"2":4,"3":4},"b":{"0":[0,1],"1":[1,0],"2":[0,1],"3":[1,0]}}
,"/Users/alexismajyambere/tembea/src/database/models/address.ts": {"path":"/Users/alexismajyambere/tembea/src/database/models/address.ts","statementMap":{"0":{"start":{"line":8,"column":0},"end":{"line":31,"column":null}},"1":{"start":{"line":10,"column":2},"end":{"line":10,"column":null}},"2":{"start":{"line":13,"column":2},"end":{"line":13,"column":null}},"3":{"start":{"line":17,"column":2},"end":{"line":17,"column":null}},"4":{"start":{"line":16,"column":20},"end":{"line":16,"column":28}},"5":{"start":{"line":21,"column":2},"end":{"line":21,"column":null}},"6":{"start":{"line":20,"column":20},"end":{"line":20,"column":28}},"7":{"start":{"line":24,"column":2},"end":{"line":24,"column":null}},"8":{"start":{"line":23,"column":19},"end":{"line":23,"column":27}},"9":{"start":{"line":27,"column":2},"end":{"line":27,"column":null}},"10":{"start":{"line":26,"column":20},"end":{"line":26,"column":28}},"11":{"start":{"line":30,"column":2},"end":{"line":30,"column":null}},"12":{"start":{"line":29,"column":17},"end":{"line":29,"column":24}},"13":{"start":{"line":8,"column":21},"end":{"line":31,"column":null}}},"fnMap":{"0":{"name":"(anonymous_2)","decl":{"start":{"line":16,"column":14},"end":{"line":16,"column":17}},"loc":{"start":{"line":16,"column":20},"end":{"line":16,"column":28}}},"1":{"name":"(anonymous_3)","decl":{"start":{"line":20,"column":14},"end":{"line":20,"column":17}},"loc":{"start":{"line":20,"column":20},"end":{"line":20,"column":28}}},"2":{"name":"(anonymous_4)","decl":{"start":{"line":23,"column":13},"end":{"line":23,"column":16}},"loc":{"start":{"line":23,"column":19},"end":{"line":23,"column":27}}},"3":{"name":"(anonymous_5)","decl":{"start":{"line":26,"column":13},"end":{"line":26,"column":16}},"loc":{"start":{"line":26,"column":20},"end":{"line":26,"column":28}}},"4":{"name":"(anonymous_6)","decl":{"start":{"line":29,"column":11},"end":{"line":29,"column":14}},"loc":{"start":{"line":29,"column":17},"end":{"line":29,"column":24}}}},"branchMap":{"0":{"loc":{"start":{"line":13,"column":20},"end":{"line":13,"column":21}},"type":"cond-expr","locations":[{"start":{"line":13,"column":20},"end":{"line":13,"column":21}},{"start":{"line":13,"column":20},"end":{"line":13,"column":21}}]},"1":{"loc":{"start":{"line":13,"column":13},"end":{"line":13,"column":21}},"type":"binary-expr","locations":[{"start":{"line":13,"column":13},"end":{"line":13,"column":21}},{"start":{"line":13,"column":13},"end":{"line":13,"column":20}}]},"2":{"loc":{"start":{"line":24,"column":20},"end":{"line":24,"column":21}},"type":"cond-expr","locations":[{"start":{"line":24,"column":20},"end":{"line":24,"column":21}},{"start":{"line":24,"column":20},"end":{"line":24,"column":21}}]},"3":{"loc":{"start":{"line":24,"column":12},"end":{"line":24,"column":21}},"type":"binary-expr","locations":[{"start":{"line":24,"column":12},"end":{"line":24,"column":21}},{"start":{"line":24,"column":12},"end":{"line":24,"column":20}}]},"4":{"loc":{"start":{"line":27,"column":20},"end":{"line":27,"column":21}},"type":"cond-expr","locations":[{"start":{"line":27,"column":20},"end":{"line":27,"column":21}},{"start":{"line":27,"column":20},"end":{"line":27,"column":21}}]},"5":{"loc":{"start":{"line":27,"column":12},"end":{"line":27,"column":21}},"type":"binary-expr","locations":[{"start":{"line":27,"column":12},"end":{"line":27,"column":21}},{"start":{"line":27,"column":12},"end":{"line":27,"column":20}}]}},"s":{"0":1,"1":1,"2":1,"3":1,"4":4,"5":1,"6":0,"7":1,"8":4,"9":1,"10":4,"11":1,"12":4,"13":1},"f":{"0":4,"1":0,"2":4,"3":4,"4":4},"b":{"0":[1,0],"1":[1,1],"2":[1,0],"3":[1,1],"4":[1,0],"5":[1,1]}}
,"/Users/alexismajyambere/tembea/src/database/models/batch-use-record.ts": {"path":"/Users/alexismajyambere/tembea/src/database/models/batch-use-record.ts","statementMap":{"0":{"start":{"line":7,"column":0},"end":{"line":7,"column":null}},"1":{"start":{"line":8,"column":2},"end":{"line":8,"column":null}},"2":{"start":{"line":9,"column":2},"end":{"line":9,"column":null}},"3":{"start":{"line":10,"column":2},"end":{"line":10,"column":null}},"4":{"start":{"line":11,"column":2},"end":{"line":11,"column":null}},"5":{"start":{"line":15,"column":0},"end":{"line":48,"column":null}},"6":{"start":{"line":46,"column":4},"end":{"line":46,"column":60}},"7":{"start":{"line":21,"column":2},"end":{"line":21,"column":null}},"8":{"start":{"line":24,"column":2},"end":{"line":24,"column":null}},"9":{"start":{"line":29,"column":2},"end":{"line":29,"column":null}},"10":{"start":{"line":33,"column":2},"end":{"line":33,"column":null}},"11":{"start":{"line":32,"column":20},"end":{"line":32,"column":34}},"12":{"start":{"line":37,"column":2},"end":{"line":37,"column":null}},"13":{"start":{"line":36,"column":20},"end":{"line":36,"column":24}},"14":{"start":{"line":40,"column":2},"end":{"line":40,"column":null}},"15":{"start":{"line":39,"column":19},"end":{"line":39,"column":33}},"16":{"start":{"line":43,"column":2},"end":{"line":43,"column":null}},"17":{"start":{"line":42,"column":19},"end":{"line":42,"column":23}},"18":{"start":{"line":15,"column":21},"end":{"line":48,"column":null}}},"fnMap":{"0":{"name":"(anonymous_2)","decl":{"start":{"line":7,"column":0},"end":{"line":7,"column":6}},"loc":{"start":{"line":7,"column":34},"end":{"line":12,"column":1}}},"1":{"name":"(anonymous_3)","decl":{"start":{"line":45,"column":2},"end":{"line":45,"column":6}},"loc":{"start":{"line":45,"column":16},"end":{"line":47,"column":3}}},"2":{"name":"(anonymous_4)","decl":{"start":{"line":32,"column":14},"end":{"line":32,"column":17}},"loc":{"start":{"line":32,"column":20},"end":{"line":32,"column":34}}},"3":{"name":"(anonymous_5)","decl":{"start":{"line":36,"column":14},"end":{"line":36,"column":17}},"loc":{"start":{"line":36,"column":20},"end":{"line":36,"column":24}}},"4":{"name":"(anonymous_6)","decl":{"start":{"line":39,"column":13},"end":{"line":39,"column":16}},"loc":{"start":{"line":39,"column":19},"end":{"line":39,"column":33}}},"5":{"name":"(anonymous_7)","decl":{"start":{"line":42,"column":13},"end":{"line":42,"column":16}},"loc":{"start":{"line":42,"column":19},"end":{"line":42,"column":23}}}},"branchMap":{"0":{"loc":{"start":{"line":7,"column":12},"end":{"line":7,"column":34}},"type":"binary-expr","locations":[{"start":{"line":7,"column":12},"end":{"line":7,"column":34}},{"start":{"line":7,"column":12},"end":{"line":7,"column":null}}]},"1":{"loc":{"start":{"line":46,"column":30},"end":{"line":46,"column":52}},"type":"cond-expr","locations":[{"start":{"line":46,"column":30},"end":{"line":46,"column":52}},{"start":{"line":46,"column":55},"end":{"line":46,"column":59}}]},"2":{"loc":{"start":{"line":40,"column":29},"end":{"line":40,"column":30}},"type":"cond-expr","locations":[{"start":{"line":40,"column":29},"end":{"line":40,"column":30}},{"start":{"line":40,"column":29},"end":{"line":40,"column":30}}]},"3":{"loc":{"start":{"line":40,"column":15},"end":{"line":40,"column":30}},"type":"binary-expr","locations":[{"start":{"line":40,"column":15},"end":{"line":40,"column":30}},{"start":{"line":40,"column":15},"end":{"line":40,"column":29}}]},"4":{"loc":{"start":{"line":43,"column":12},"end":{"line":43,"column":13}},"type":"cond-expr","locations":[{"start":{"line":43,"column":12},"end":{"line":43,"column":13}},{"start":{"line":43,"column":12},"end":{"line":43,"column":13}}]},"5":{"loc":{"start":{"line":43,"column":8},"end":{"line":43,"column":13}},"type":"binary-expr","locations":[{"start":{"line":43,"column":8},"end":{"line":43,"column":13}},{"start":{"line":43,"column":8},"end":{"line":43,"column":12}}]}},"s":{"0":1,"1":1,"2":1,"3":1,"4":1,"5":1,"6":0,"7":1,"8":1,"9":1,"10":1,"11":6,"12":1,"13":2,"14":1,"15":4,"16":1,"17":4,"18":1},"f":{"0":1,"1":0,"2":6,"3":2,"4":4,"5":4},"b":{"0":[1,1],"1":[0,0],"2":[1,0],"3":[1,1],"4":[0,1],"5":[1,0]}}
,"/Users/alexismajyambere/tembea/src/database/models/cab.ts": {"path":"/Users/alexismajyambere/tembea/src/database/models/cab.ts","statementMap":{"0":{"start":{"line":10,"column":0},"end":{"line":32,"column":null}},"1":{"start":{"line":12,"column":2},"end":{"line":12,"column":null}},"2":{"start":{"line":15,"column":2},"end":{"line":15,"column":null}},"3":{"start":{"line":18,"column":2},"end":{"line":18,"column":null}},"4":{"start":{"line":24,"column":2},"end":{"line":24,"column":null}},"5":{"start":{"line":28,"column":2},"end":{"line":28,"column":null}},"6":{"start":{"line":27,"column":20},"end":{"line":27,"column":28}},"7":{"start":{"line":31,"column":2},"end":{"line":31,"column":null}},"8":{"start":{"line":30,"column":19},"end":{"line":30,"column":27}},"9":{"start":{"line":10,"column":21},"end":{"line":32,"column":null}}},"fnMap":{"0":{"name":"(anonymous_2)","decl":{"start":{"line":27,"column":14},"end":{"line":27,"column":17}},"loc":{"start":{"line":27,"column":20},"end":{"line":27,"column":28}}},"1":{"name":"(anonymous_3)","decl":{"start":{"line":30,"column":13},"end":{"line":30,"column":16}},"loc":{"start":{"line":30,"column":19},"end":{"line":30,"column":27}}}},"branchMap":{"0":{"loc":{"start":{"line":31,"column":20},"end":{"line":31,"column":21}},"type":"cond-expr","locations":[{"start":{"line":31,"column":20},"end":{"line":31,"column":21}},{"start":{"line":31,"column":20},"end":{"line":31,"column":21}}]},"1":{"loc":{"start":{"line":31,"column":12},"end":{"line":31,"column":21}},"type":"binary-expr","locations":[{"start":{"line":31,"column":12},"end":{"line":31,"column":21}},{"start":{"line":31,"column":12},"end":{"line":31,"column":20}}]}},"s":{"0":1,"1":1,"2":1,"3":1,"4":1,"5":1,"6":4,"7":1,"8":4,"9":1},"f":{"0":4,"1":4},"b":{"0":[0,1],"1":[1,0]}}
,"/Users/alexismajyambere/tembea/src/database/models/country.ts": {"path":"/Users/alexismajyambere/tembea/src/database/models/country.ts","statementMap":{"0":{"start":{"line":6,"column":0},"end":{"line":6,"column":null}},"1":{"start":{"line":7,"column":2},"end":{"line":7,"column":null}},"2":{"start":{"line":8,"column":2},"end":{"line":8,"column":null}},"3":{"start":{"line":27,"column":0},"end":{"line":41,"column":null}},"4":{"start":{"line":31,"column":2},"end":{"line":31,"column":null}},"5":{"start":{"line":37,"column":2},"end":{"line":37,"column":null}},"6":{"start":{"line":40,"column":2},"end":{"line":40,"column":null}},"7":{"start":{"line":39,"column":17},"end":{"line":39,"column":24}},"8":{"start":{"line":27,"column":21},"end":{"line":41,"column":null}}},"fnMap":{"0":{"name":"(anonymous_2)","decl":{"start":{"line":6,"column":0},"end":{"line":6,"column":6}},"loc":{"start":{"line":6,"column":27},"end":{"line":9,"column":1}}},"1":{"name":"(anonymous_3)","decl":{"start":{"line":39,"column":11},"end":{"line":39,"column":14}},"loc":{"start":{"line":39,"column":17},"end":{"line":39,"column":24}}}},"branchMap":{"0":{"loc":{"start":{"line":6,"column":12},"end":{"line":6,"column":27}},"type":"binary-expr","locations":[{"start":{"line":6,"column":12},"end":{"line":6,"column":27}},{"start":{"line":6,"column":12},"end":{"line":6,"column":null}}]}},"s":{"0":1,"1":1,"2":1,"3":1,"4":1,"5":1,"6":1,"7":4,"8":1},"f":{"0":1,"1":4},"b":{"0":[1,1]}}
,"/Users/alexismajyambere/tembea/src/database/models/department.ts": {"path":"/Users/alexismajyambere/tembea/src/database/models/department.ts","statementMap":{"0":{"start":{"line":10,"column":0},"end":{"line":10,"column":null}},"1":{"start":{"line":11,"column":2},"end":{"line":11,"column":null}},"2":{"start":{"line":12,"column":2},"end":{"line":12,"column":null}},"3":{"start":{"line":33,"column":0},"end":{"line":62,"column":null}},"4":{"start":{"line":37,"column":2},"end":{"line":37,"column":null}},"5":{"start":{"line":43,"column":2},"end":{"line":43,"column":null}},"6":{"start":{"line":42,"column":20},"end":{"line":42,"column":31}},"7":{"start":{"line":49,"column":2},"end":{"line":49,"column":null}},"8":{"start":{"line":52,"column":2},"end":{"line":52,"column":null}},"9":{"start":{"line":51,"column":20},"end":{"line":51,"column":24}},"10":{"start":{"line":55,"column":2},"end":{"line":55,"column":null}},"11":{"start":{"line":54,"column":20},"end":{"line":54,"column":28}},"12":{"start":{"line":58,"column":2},"end":{"line":58,"column":null}},"13":{"start":{"line":57,"column":19},"end":{"line":57,"column":23}},"14":{"start":{"line":61,"column":2},"end":{"line":61,"column":null}},"15":{"start":{"line":60,"column":19},"end":{"line":60,"column":27}},"16":{"start":{"line":33,"column":21},"end":{"line":62,"column":null}},"17":{"start":{"line":15,"column":21},"end":{"line":19,"column":2}},"18":{"start":{"line":20,"column":15},"end":{"line":31,"column":2}}},"fnMap":{"0":{"name":"(anonymous_2)","decl":{"start":{"line":10,"column":0},"end":{"line":10,"column":6}},"loc":{"start":{"line":10,"column":30},"end":{"line":13,"column":1}}},"1":{"name":"(anonymous_3)","decl":{"start":{"line":42,"column":14},"end":{"line":42,"column":17}},"loc":{"start":{"line":42,"column":20},"end":{"line":42,"column":31}}},"2":{"name":"(anonymous_4)","decl":{"start":{"line":51,"column":14},"end":{"line":51,"column":17}},"loc":{"start":{"line":51,"column":20},"end":{"line":51,"column":24}}},"3":{"name":"(anonymous_5)","decl":{"start":{"line":54,"column":14},"end":{"line":54,"column":17}},"loc":{"start":{"line":54,"column":20},"end":{"line":54,"column":28}}},"4":{"name":"(anonymous_6)","decl":{"start":{"line":57,"column":13},"end":{"line":57,"column":16}},"loc":{"start":{"line":57,"column":19},"end":{"line":57,"column":23}}},"5":{"name":"(anonymous_7)","decl":{"start":{"line":60,"column":13},"end":{"line":60,"column":16}},"loc":{"start":{"line":60,"column":19},"end":{"line":60,"column":27}}},"6":{"name":"(anonymous_8)","decl":{"start":{"line":15,"column":14},"end":{"line":15,"column":17}},"loc":{"start":{"line":15,"column":21},"end":{"line":19,"column":2}}},"7":{"name":"(anonymous_9)","decl":{"start":{"line":20,"column":8},"end":{"line":20,"column":11}},"loc":{"start":{"line":20,"column":15},"end":{"line":31,"column":2}}}},"branchMap":{"0":{"loc":{"start":{"line":10,"column":12},"end":{"line":10,"column":30}},"type":"binary-expr","locations":[{"start":{"line":10,"column":12},"end":{"line":10,"column":30}},{"start":{"line":10,"column":12},"end":{"line":10,"column":null}}]},"1":{"loc":{"start":{"line":58,"column":12},"end":{"line":58,"column":13}},"type":"cond-expr","locations":[{"start":{"line":58,"column":12},"end":{"line":58,"column":13}},{"start":{"line":58,"column":12},"end":{"line":58,"column":13}}]},"2":{"loc":{"start":{"line":58,"column":8},"end":{"line":58,"column":13}},"type":"binary-expr","locations":[{"start":{"line":58,"column":8},"end":{"line":58,"column":13}},{"start":{"line":58,"column":8},"end":{"line":58,"column":12}}]},"3":{"loc":{"start":{"line":61,"column":20},"end":{"line":61,"column":21}},"type":"cond-expr","locations":[{"start":{"line":61,"column":20},"end":{"line":61,"column":21}},{"start":{"line":61,"column":20},"end":{"line":61,"column":21}}]},"4":{"loc":{"start":{"line":61,"column":12},"end":{"line":61,"column":21}},"type":"binary-expr","locations":[{"start":{"line":61,"column":12},"end":{"line":61,"column":21}},{"start":{"line":61,"column":12},"end":{"line":61,"column":20}}]}},"s":{"0":1,"1":1,"2":1,"3":1,"4":1,"5":1,"6":10,"7":1,"8":1,"9":6,"10":1,"11":2,"12":1,"13":4,"14":1,"15":4,"16":1,"17":2,"18":2},"f":{"0":1,"1":10,"2":6,"3":2,"4":4,"5":4,"6":2,"7":2},"b":{"0":[1,1],"1":[0,1],"2":[1,0],"3":[0,1],"4":[1,0]}}
,"/Users/alexismajyambere/tembea/src/database/models/driver.ts": {"path":"/Users/alexismajyambere/tembea/src/database/models/driver.ts","statementMap":{"0":{"start":{"line":11,"column":0},"end":{"line":34,"column":null}},"1":{"start":{"line":13,"column":2},"end":{"line":13,"column":null}},"2":{"start":{"line":16,"column":2},"end":{"line":16,"column":null}},"3":{"start":{"line":19,"column":2},"end":{"line":19,"column":null}},"4":{"start":{"line":23,"column":2},"end":{"line":23,"column":null}},"5":{"start":{"line":22,"column":20},"end":{"line":22,"column":28}},"6":{"start":{"line":27,"column":2},"end":{"line":27,"column":null}},"7":{"start":{"line":26,"column":20},"end":{"line":26,"column":24}},"8":{"start":{"line":30,"column":2},"end":{"line":30,"column":null}},"9":{"start":{"line":29,"column":19},"end":{"line":29,"column":27}},"10":{"start":{"line":33,"column":2},"end":{"line":33,"column":null}},"11":{"start":{"line":32,"column":19},"end":{"line":32,"column":23}},"12":{"start":{"line":11,"column":21},"end":{"line":34,"column":null}}},"fnMap":{"0":{"name":"(anonymous_2)","decl":{"start":{"line":22,"column":14},"end":{"line":22,"column":17}},"loc":{"start":{"line":22,"column":20},"end":{"line":22,"column":28}}},"1":{"name":"(anonymous_3)","decl":{"start":{"line":26,"column":14},"end":{"line":26,"column":17}},"loc":{"start":{"line":26,"column":20},"end":{"line":26,"column":24}}},"2":{"name":"(anonymous_4)","decl":{"start":{"line":29,"column":13},"end":{"line":29,"column":16}},"loc":{"start":{"line":29,"column":19},"end":{"line":29,"column":27}}},"3":{"name":"(anonymous_5)","decl":{"start":{"line":32,"column":13},"end":{"line":32,"column":16}},"loc":{"start":{"line":32,"column":19},"end":{"line":32,"column":23}}}},"branchMap":{"0":{"loc":{"start":{"line":30,"column":20},"end":{"line":30,"column":21}},"type":"cond-expr","locations":[{"start":{"line":30,"column":20},"end":{"line":30,"column":21}},{"start":{"line":30,"column":20},"end":{"line":30,"column":21}}]},"1":{"loc":{"start":{"line":30,"column":12},"end":{"line":30,"column":21}},"type":"binary-expr","locations":[{"start":{"line":30,"column":12},"end":{"line":30,"column":21}},{"start":{"line":30,"column":12},"end":{"line":30,"column":20}}]},"2":{"loc":{"start":{"line":33,"column":12},"end":{"line":33,"column":13}},"type":"cond-expr","locations":[{"start":{"line":33,"column":12},"end":{"line":33,"column":13}},{"start":{"line":33,"column":12},"end":{"line":33,"column":13}}]},"3":{"loc":{"start":{"line":33,"column":8},"end":{"line":33,"column":13}},"type":"binary-expr","locations":[{"start":{"line":33,"column":8},"end":{"line":33,"column":13}},{"start":{"line":33,"column":8},"end":{"line":33,"column":12}}]}},"s":{"0":1,"1":1,"2":1,"3":1,"4":1,"5":8,"6":1,"7":2,"8":1,"9":4,"10":1,"11":4,"12":1},"f":{"0":8,"1":2,"2":4,"3":4},"b":{"0":[1,0],"1":[1,1],"2":[0,1],"3":[1,0]}}
,"/Users/alexismajyambere/tembea/src/database/models/engagement.ts": {"path":"/Users/alexismajyambere/tembea/src/database/models/engagement.ts","statementMap":{"0":{"start":{"line":7,"column":0},"end":{"line":28,"column":null}},"1":{"start":{"line":9,"column":2},"end":{"line":9,"column":null}},"2":{"start":{"line":12,"column":2},"end":{"line":12,"column":null}},"3":{"start":{"line":15,"column":2},"end":{"line":15,"column":null}},"4":{"start":{"line":18,"column":2},"end":{"line":18,"column":null}},"5":{"start":{"line":17,"column":20},"end":{"line":17,"column":27}},"6":{"start":{"line":21,"column":2},"end":{"line":21,"column":null}},"7":{"start":{"line":20,"column":20},"end":{"line":20,"column":24}},"8":{"start":{"line":24,"column":2},"end":{"line":24,"column":null}},"9":{"start":{"line":23,"column":19},"end":{"line":23,"column":26}},"10":{"start":{"line":27,"column":2},"end":{"line":27,"column":null}},"11":{"start":{"line":26,"column":19},"end":{"line":26,"column":23}},"12":{"start":{"line":7,"column":21},"end":{"line":28,"column":null}}},"fnMap":{"0":{"name":"(anonymous_2)","decl":{"start":{"line":17,"column":14},"end":{"line":17,"column":17}},"loc":{"start":{"line":17,"column":20},"end":{"line":17,"column":27}}},"1":{"name":"(anonymous_3)","decl":{"start":{"line":20,"column":14},"end":{"line":20,"column":17}},"loc":{"start":{"line":20,"column":20},"end":{"line":20,"column":24}}},"2":{"name":"(anonymous_4)","decl":{"start":{"line":23,"column":13},"end":{"line":23,"column":16}},"loc":{"start":{"line":23,"column":19},"end":{"line":23,"column":26}}},"3":{"name":"(anonymous_5)","decl":{"start":{"line":26,"column":13},"end":{"line":26,"column":16}},"loc":{"start":{"line":26,"column":19},"end":{"line":26,"column":23}}}},"branchMap":{"0":{"loc":{"start":{"line":24,"column":18},"end":{"line":24,"column":19}},"type":"cond-expr","locations":[{"start":{"line":24,"column":18},"end":{"line":24,"column":19}},{"start":{"line":24,"column":18},"end":{"line":24,"column":19}}]},"1":{"loc":{"start":{"line":24,"column":11},"end":{"line":24,"column":19}},"type":"binary-expr","locations":[{"start":{"line":24,"column":11},"end":{"line":24,"column":19}},{"start":{"line":24,"column":11},"end":{"line":24,"column":18}}]},"2":{"loc":{"start":{"line":27,"column":14},"end":{"line":27,"column":15}},"type":"cond-expr","locations":[{"start":{"line":27,"column":14},"end":{"line":27,"column":15}},{"start":{"line":27,"column":14},"end":{"line":27,"column":15}}]},"3":{"loc":{"start":{"line":27,"column":10},"end":{"line":27,"column":15}},"type":"binary-expr","locations":[{"start":{"line":27,"column":10},"end":{"line":27,"column":15}},{"start":{"line":27,"column":10},"end":{"line":27,"column":14}}]}},"s":{"0":1,"1":1,"2":1,"3":1,"4":1,"5":18,"6":1,"7":6,"8":1,"9":4,"10":1,"11":4,"12":1},"f":{"0":18,"1":6,"2":4,"3":4},"b":{"0":[0,1],"1":[1,0],"2":[0,1],"3":[1,0]}}
,"/Users/alexismajyambere/tembea/src/database/models/feedback.ts": {"path":"/Users/alexismajyambere/tembea/src/database/models/feedback.ts","statementMap":{"0":{"start":{"line":6,"column":0},"end":{"line":15,"column":null}},"1":{"start":{"line":8,"column":2},"end":{"line":8,"column":null}},"2":{"start":{"line":7,"column":20},"end":{"line":7,"column":24}},"3":{"start":{"line":11,"column":2},"end":{"line":11,"column":null}},"4":{"start":{"line":14,"column":2},"end":{"line":14,"column":null}},"5":{"start":{"line":13,"column":19},"end":{"line":13,"column":23}},"6":{"start":{"line":6,"column":21},"end":{"line":15,"column":null}}},"fnMap":{"0":{"name":"(anonymous_2)","decl":{"start":{"line":7,"column":14},"end":{"line":7,"column":17}},"loc":{"start":{"line":7,"column":20},"end":{"line":7,"column":24}}},"1":{"name":"(anonymous_3)","decl":{"start":{"line":13,"column":13},"end":{"line":13,"column":16}},"loc":{"start":{"line":13,"column":19},"end":{"line":13,"column":23}}}},"branchMap":{"0":{"loc":{"start":{"line":14,"column":12},"end":{"line":14,"column":13}},"type":"cond-expr","locations":[{"start":{"line":14,"column":12},"end":{"line":14,"column":13}},{"start":{"line":14,"column":12},"end":{"line":14,"column":13}}]},"1":{"loc":{"start":{"line":14,"column":8},"end":{"line":14,"column":13}},"type":"binary-expr","locations":[{"start":{"line":14,"column":8},"end":{"line":14,"column":13}},{"start":{"line":14,"column":8},"end":{"line":14,"column":12}}]}},"s":{"0":1,"1":1,"2":2,"3":1,"4":1,"5":4,"6":1},"f":{"0":2,"1":4},"b":{"0":[1,0],"1":[1,1]}}
,"/Users/alexismajyambere/tembea/src/database/models/homebase.ts": {"path":"/Users/alexismajyambere/tembea/src/database/models/homebase.ts","statementMap":{"0":{"start":{"line":13,"column":0},"end":{"line":62,"column":null}},"1":{"start":{"line":17,"column":2},"end":{"line":17,"column":null}},"2":{"start":{"line":20,"column":2},"end":{"line":20,"column":null}},"3":{"start":{"line":25,"column":2},"end":{"line":25,"column":null}},"4":{"start":{"line":28,"column":2},"end":{"line":28,"column":null}},"5":{"start":{"line":32,"column":2},"end":{"line":32,"column":null}},"6":{"start":{"line":30,"column":21},"end":{"line":30,"column":28}},"7":{"start":{"line":36,"column":2},"end":{"line":36,"column":null}},"8":{"start":{"line":34,"column":21},"end":{"line":34,"column":28}},"9":{"start":{"line":40,"column":2},"end":{"line":40,"column":null}},"10":{"start":{"line":39,"column":20},"end":{"line":39,"column":28}},"11":{"start":{"line":46,"column":2},"end":{"line":46,"column":null}},"12":{"start":{"line":42,"column":19},"end":{"line":42,"column":26}},"13":{"start":{"line":49,"column":2},"end":{"line":49,"column":null}},"14":{"start":{"line":48,"column":19},"end":{"line":48,"column":26}},"15":{"start":{"line":52,"column":2},"end":{"line":52,"column":null}},"16":{"start":{"line":51,"column":17},"end":{"line":51,"column":21}},"17":{"start":{"line":55,"column":2},"end":{"line":55,"column":null}},"18":{"start":{"line":54,"column":19},"end":{"line":54,"column":27}},"19":{"start":{"line":58,"column":2},"end":{"line":58,"column":null}},"20":{"start":{"line":57,"column":17},"end":{"line":57,"column":25}},"21":{"start":{"line":61,"column":2},"end":{"line":61,"column":null}},"22":{"start":{"line":13,"column":21},"end":{"line":62,"column":null}}},"fnMap":{"0":{"name":"(anonymous_2)","decl":{"start":{"line":30,"column":14},"end":{"line":30,"column":17}},"loc":{"start":{"line":30,"column":21},"end":{"line":30,"column":28}}},"1":{"name":"(anonymous_3)","decl":{"start":{"line":34,"column":14},"end":{"line":34,"column":17}},"loc":{"start":{"line":34,"column":21},"end":{"line":34,"column":28}}},"2":{"name":"(anonymous_4)","decl":{"start":{"line":39,"column":14},"end":{"line":39,"column":17}},"loc":{"start":{"line":39,"column":20},"end":{"line":39,"column":28}}},"3":{"name":"(anonymous_5)","decl":{"start":{"line":42,"column":13},"end":{"line":42,"column":16}},"loc":{"start":{"line":42,"column":19},"end":{"line":42,"column":26}}},"4":{"name":"(anonymous_6)","decl":{"start":{"line":48,"column":13},"end":{"line":48,"column":16}},"loc":{"start":{"line":48,"column":19},"end":{"line":48,"column":26}}},"5":{"name":"(anonymous_7)","decl":{"start":{"line":51,"column":11},"end":{"line":51,"column":14}},"loc":{"start":{"line":51,"column":17},"end":{"line":51,"column":21}}},"6":{"name":"(anonymous_8)","decl":{"start":{"line":54,"column":13},"end":{"line":54,"column":16}},"loc":{"start":{"line":54,"column":19},"end":{"line":54,"column":27}}},"7":{"name":"(anonymous_9)","decl":{"start":{"line":57,"column":11},"end":{"line":57,"column":14}},"loc":{"start":{"line":57,"column":17},"end":{"line":57,"column":25}}}},"branchMap":{"0":{"loc":{"start":{"line":46,"column":18},"end":{"line":46,"column":19}},"type":"cond-expr","locations":[{"start":{"line":46,"column":18},"end":{"line":46,"column":19}},{"start":{"line":46,"column":18},"end":{"line":46,"column":19}}]},"1":{"loc":{"start":{"line":46,"column":11},"end":{"line":46,"column":19}},"type":"binary-expr","locations":[{"start":{"line":46,"column":11},"end":{"line":46,"column":19}},{"start":{"line":46,"column":11},"end":{"line":46,"column":18}}]},"2":{"loc":{"start":{"line":49,"column":18},"end":{"line":49,"column":19}},"type":"cond-expr","locations":[{"start":{"line":49,"column":18},"end":{"line":49,"column":19}},{"start":{"line":49,"column":18},"end":{"line":49,"column":19}}]},"3":{"loc":{"start":{"line":49,"column":11},"end":{"line":49,"column":19}},"type":"binary-expr","locations":[{"start":{"line":49,"column":11},"end":{"line":49,"column":19}},{"start":{"line":49,"column":11},"end":{"line":49,"column":18}}]},"4":{"loc":{"start":{"line":55,"column":20},"end":{"line":55,"column":21}},"type":"cond-expr","locations":[{"start":{"line":55,"column":20},"end":{"line":55,"column":21}},{"start":{"line":55,"column":20},"end":{"line":55,"column":21}}]},"5":{"loc":{"start":{"line":55,"column":12},"end":{"line":55,"column":21}},"type":"binary-expr","locations":[{"start":{"line":55,"column":12},"end":{"line":55,"column":21}},{"start":{"line":55,"column":12},"end":{"line":55,"column":20}}]}},"s":{"0":1,"1":1,"2":1,"3":1,"4":1,"5":1,"6":2,"7":1,"8":0,"9":1,"10":0,"11":1,"12":4,"13":1,"14":4,"15":1,"16":4,"17":1,"18":4,"19":1,"20":4,"21":1,"22":1},"f":{"0":2,"1":0,"2":0,"3":4,"4":4,"5":4,"6":4,"7":4},"b":{"0":[1,0],"1":[1,1],"2":[0,1],"3":[1,0],"4":[1,0],"5":[1,1]}}
,"/Users/alexismajyambere/tembea/src/database/models/join-request.ts": {"path":"/Users/alexismajyambere/tembea/src/database/models/join-request.ts","statementMap":{"0":{"start":{"line":7,"column":0},"end":{"line":7,"column":null}},"1":{"start":{"line":8,"column":2},"end":{"line":8,"column":null}},"2":{"start":{"line":9,"column":2},"end":{"line":9,"column":null}},"3":{"start":{"line":10,"column":2},"end":{"line":10,"column":null}},"4":{"start":{"line":11,"column":2},"end":{"line":11,"column":null}},"5":{"start":{"line":15,"column":0},"end":{"line":45,"column":null}},"6":{"start":{"line":17,"column":2},"end":{"line":17,"column":null}},"7":{"start":{"line":23,"column":2},"end":{"line":23,"column":null}},"8":{"start":{"line":27,"column":2},"end":{"line":27,"column":null}},"9":{"start":{"line":26,"column":20},"end":{"line":26,"column":30}},"10":{"start":{"line":31,"column":2},"end":{"line":31,"column":null}},"11":{"start":{"line":30,"column":20},"end":{"line":30,"column":30}},"12":{"start":{"line":35,"column":2},"end":{"line":35,"column":null}},"13":{"start":{"line":34,"column":20},"end":{"line":34,"column":24}},"14":{"start":{"line":38,"column":2},"end":{"line":38,"column":null}},"15":{"start":{"line":37,"column":19},"end":{"line":37,"column":29}},"16":{"start":{"line":41,"column":2},"end":{"line":41,"column":null}},"17":{"start":{"line":40,"column":19},"end":{"line":40,"column":29}},"18":{"start":{"line":44,"column":2},"end":{"line":44,"column":null}},"19":{"start":{"line":43,"column":19},"end":{"line":43,"column":23}},"20":{"start":{"line":15,"column":21},"end":{"line":45,"column":null}}},"fnMap":{"0":{"name":"(anonymous_2)","decl":{"start":{"line":7,"column":0},"end":{"line":7,"column":6}},"loc":{"start":{"line":7,"column":31},"end":{"line":12,"column":1}}},"1":{"name":"(anonymous_3)","decl":{"start":{"line":26,"column":14},"end":{"line":26,"column":17}},"loc":{"start":{"line":26,"column":20},"end":{"line":26,"column":30}}},"2":{"name":"(anonymous_4)","decl":{"start":{"line":30,"column":14},"end":{"line":30,"column":17}},"loc":{"start":{"line":30,"column":20},"end":{"line":30,"column":30}}},"3":{"name":"(anonymous_5)","decl":{"start":{"line":34,"column":14},"end":{"line":34,"column":17}},"loc":{"start":{"line":34,"column":20},"end":{"line":34,"column":24}}},"4":{"name":"(anonymous_6)","decl":{"start":{"line":37,"column":13},"end":{"line":37,"column":16}},"loc":{"start":{"line":37,"column":19},"end":{"line":37,"column":29}}},"5":{"name":"(anonymous_7)","decl":{"start":{"line":40,"column":13},"end":{"line":40,"column":16}},"loc":{"start":{"line":40,"column":19},"end":{"line":40,"column":29}}},"6":{"name":"(anonymous_8)","decl":{"start":{"line":43,"column":13},"end":{"line":43,"column":16}},"loc":{"start":{"line":43,"column":19},"end":{"line":43,"column":23}}}},"branchMap":{"0":{"loc":{"start":{"line":7,"column":12},"end":{"line":7,"column":31}},"type":"binary-expr","locations":[{"start":{"line":7,"column":12},"end":{"line":7,"column":31}},{"start":{"line":7,"column":12},"end":{"line":7,"column":null}}]},"1":{"loc":{"start":{"line":38,"column":24},"end":{"line":38,"column":25}},"type":"cond-expr","locations":[{"start":{"line":38,"column":24},"end":{"line":38,"column":25}},{"start":{"line":38,"column":24},"end":{"line":38,"column":25}}]},"2":{"loc":{"start":{"line":38,"column":14},"end":{"line":38,"column":25}},"type":"binary-expr","locations":[{"start":{"line":38,"column":14},"end":{"line":38,"column":25}},{"start":{"line":38,"column":14},"end":{"line":38,"column":24}}]},"3":{"loc":{"start":{"line":41,"column":24},"end":{"line":41,"column":25}},"type":"cond-expr","locations":[{"start":{"line":41,"column":24},"end":{"line":41,"column":25}},{"start":{"line":41,"column":24},"end":{"line":41,"column":25}}]},"4":{"loc":{"start":{"line":41,"column":14},"end":{"line":41,"column":25}},"type":"binary-expr","locations":[{"start":{"line":41,"column":14},"end":{"line":41,"column":25}},{"start":{"line":41,"column":14},"end":{"line":41,"column":24}}]},"5":{"loc":{"start":{"line":44,"column":15},"end":{"line":44,"column":16}},"type":"cond-expr","locations":[{"start":{"line":44,"column":15},"end":{"line":44,"column":16}},{"start":{"line":44,"column":15},"end":{"line":44,"column":16}}]},"6":{"loc":{"start":{"line":44,"column":11},"end":{"line":44,"column":16}},"type":"binary-expr","locations":[{"start":{"line":44,"column":11},"end":{"line":44,"column":16}},{"start":{"line":44,"column":11},"end":{"line":44,"column":15}}]}},"s":{"0":1,"1":1,"2":1,"3":1,"4":1,"5":1,"6":1,"7":1,"8":1,"9":10,"10":1,"11":6,"12":1,"13":2,"14":1,"15":4,"16":1,"17":4,"18":1,"19":4,"20":1},"f":{"0":1,"1":10,"2":6,"3":2,"4":4,"5":4,"6":4},"b":{"0":[1,1],"1":[1,0],"2":[1,1],"3":[1,0],"4":[1,1],"5":[1,0],"6":[1,1]}}
,"/Users/alexismajyambere/tembea/src/database/models/location.ts": {"path":"/Users/alexismajyambere/tembea/src/database/models/location.ts","statementMap":{"0":{"start":{"line":6,"column":0},"end":{"line":21,"column":null}},"1":{"start":{"line":11,"column":2},"end":{"line":11,"column":null}},"2":{"start":{"line":17,"column":2},"end":{"line":17,"column":null}},"3":{"start":{"line":20,"column":2},"end":{"line":20,"column":null}},"4":{"start":{"line":19,"column":16},"end":{"line":19,"column":23}},"5":{"start":{"line":6,"column":21},"end":{"line":21,"column":null}}},"fnMap":{"0":{"name":"(anonymous_2)","decl":{"start":{"line":19,"column":10},"end":{"line":19,"column":13}},"loc":{"start":{"line":19,"column":16},"end":{"line":19,"column":23}}}},"branchMap":{"0":{"loc":{"start":{"line":20,"column":18},"end":{"line":20,"column":19}},"type":"cond-expr","locations":[{"start":{"line":20,"column":18},"end":{"line":20,"column":19}},{"start":{"line":20,"column":18},"end":{"line":20,"column":19}}]},"1":{"loc":{"start":{"line":20,"column":11},"end":{"line":20,"column":19}},"type":"binary-expr","locations":[{"start":{"line":20,"column":11},"end":{"line":20,"column":19}},{"start":{"line":20,"column":11},"end":{"line":20,"column":18}}]}},"s":{"0":1,"1":1,"2":1,"3":1,"4":4,"5":1},"f":{"0":4},"b":{"0":[0,1],"1":[1,0]}}
,"/Users/alexismajyambere/tembea/src/database/models/partner.ts": {"path":"/Users/alexismajyambere/tembea/src/database/models/partner.ts","statementMap":{"0":{"start":{"line":7,"column":0},"end":{"line":13,"column":null}},"1":{"start":{"line":9,"column":2},"end":{"line":9,"column":null}},"2":{"start":{"line":12,"column":2},"end":{"line":12,"column":null}},"3":{"start":{"line":11,"column":23},"end":{"line":11,"column":27}},"4":{"start":{"line":11,"column":35},"end":{"line":11,"column":45}},"5":{"start":{"line":7,"column":21},"end":{"line":13,"column":null}}},"fnMap":{"0":{"name":"(anonymous_2)","decl":{"start":{"line":11,"column":17},"end":{"line":11,"column":20}},"loc":{"start":{"line":11,"column":23},"end":{"line":11,"column":27}}},"1":{"name":"(anonymous_3)","decl":{"start":{"line":11,"column":29},"end":{"line":11,"column":32}},"loc":{"start":{"line":11,"column":35},"end":{"line":11,"column":45}}}},"branchMap":{},"s":{"0":1,"1":1,"2":1,"3":4,"4":2,"5":1},"f":{"0":4,"1":2},"b":{}}
,"/Users/alexismajyambere/tembea/src/database/models/provider.ts": {"path":"/Users/alexismajyambere/tembea/src/database/models/provider.ts","statementMap":{"0":{"start":{"line":9,"column":0},"end":{"line":9,"column":null}},"1":{"start":{"line":10,"column":2},"end":{"line":10,"column":null}},"2":{"start":{"line":11,"column":2},"end":{"line":11,"column":null}},"3":{"start":{"line":12,"column":2},"end":{"line":12,"column":null}},"4":{"start":{"line":13,"column":2},"end":{"line":13,"column":null}},"5":{"start":{"line":20,"column":0},"end":{"line":72,"column":null}},"6":{"start":{"line":70,"column":4},"end":{"line":70,"column":82}},"7":{"start":{"line":22,"column":2},"end":{"line":22,"column":null}},"8":{"start":{"line":27,"column":2},"end":{"line":27,"column":null}},"9":{"start":{"line":30,"column":2},"end":{"line":30,"column":null}},"10":{"start":{"line":33,"column":2},"end":{"line":33,"column":null}},"11":{"start":{"line":39,"column":2},"end":{"line":39,"column":null}},"12":{"start":{"line":43,"column":2},"end":{"line":43,"column":null}},"13":{"start":{"line":42,"column":20},"end":{"line":42,"column":24}},"14":{"start":{"line":47,"column":2},"end":{"line":47,"column":null}},"15":{"start":{"line":46,"column":20},"end":{"line":46,"column":28}},"16":{"start":{"line":52,"column":2},"end":{"line":52,"column":null}},"17":{"start":{"line":55,"column":2},"end":{"line":55,"column":null}},"18":{"start":{"line":54,"column":19},"end":{"line":54,"column":23}},"19":{"start":{"line":58,"column":2},"end":{"line":58,"column":null}},"20":{"start":{"line":57,"column":19},"end":{"line":57,"column":27}},"21":{"start":{"line":61,"column":2},"end":{"line":61,"column":null}},"22":{"start":{"line":60,"column":17},"end":{"line":60,"column":20}},"23":{"start":{"line":64,"column":2},"end":{"line":64,"column":null}},"24":{"start":{"line":63,"column":17},"end":{"line":63,"column":23}},"25":{"start":{"line":67,"column":2},"end":{"line":67,"column":null}},"26":{"start":{"line":66,"column":17},"end":{"line":66,"column":28}},"27":{"start":{"line":20,"column":21},"end":{"line":72,"column":null}}},"fnMap":{"0":{"name":"(anonymous_2)","decl":{"start":{"line":9,"column":0},"end":{"line":9,"column":6}},"loc":{"start":{"line":9,"column":39},"end":{"line":14,"column":1}}},"1":{"name":"(anonymous_3)","decl":{"start":{"line":69,"column":2},"end":{"line":69,"column":6}},"loc":{"start":{"line":69,"column":21},"end":{"line":71,"column":3}}},"2":{"name":"(anonymous_4)","decl":{"start":{"line":42,"column":14},"end":{"line":42,"column":17}},"loc":{"start":{"line":42,"column":20},"end":{"line":42,"column":24}}},"3":{"name":"(anonymous_5)","decl":{"start":{"line":46,"column":14},"end":{"line":46,"column":17}},"loc":{"start":{"line":46,"column":20},"end":{"line":46,"column":28}}},"4":{"name":"(anonymous_6)","decl":{"start":{"line":54,"column":13},"end":{"line":54,"column":16}},"loc":{"start":{"line":54,"column":19},"end":{"line":54,"column":23}}},"5":{"name":"(anonymous_7)","decl":{"start":{"line":57,"column":13},"end":{"line":57,"column":16}},"loc":{"start":{"line":57,"column":19},"end":{"line":57,"column":27}}},"6":{"name":"(anonymous_8)","decl":{"start":{"line":60,"column":11},"end":{"line":60,"column":14}},"loc":{"start":{"line":60,"column":17},"end":{"line":60,"column":20}}},"7":{"name":"(anonymous_9)","decl":{"start":{"line":63,"column":11},"end":{"line":63,"column":14}},"loc":{"start":{"line":63,"column":17},"end":{"line":63,"column":23}}},"8":{"name":"(anonymous_10)","decl":{"start":{"line":66,"column":11},"end":{"line":66,"column":14}},"loc":{"start":{"line":66,"column":17},"end":{"line":66,"column":28}}}},"branchMap":{"0":{"loc":{"start":{"line":9,"column":12},"end":{"line":9,"column":39}},"type":"binary-expr","locations":[{"start":{"line":9,"column":12},"end":{"line":9,"column":39}},{"start":{"line":9,"column":12},"end":{"line":9,"column":null}}]},"1":{"loc":{"start":{"line":55,"column":12},"end":{"line":55,"column":13}},"type":"cond-expr","locations":[{"start":{"line":55,"column":12},"end":{"line":55,"column":13}},{"start":{"line":55,"column":12},"end":{"line":55,"column":13}}]},"2":{"loc":{"start":{"line":55,"column":8},"end":{"line":55,"column":13}},"type":"binary-expr","locations":[{"start":{"line":55,"column":8},"end":{"line":55,"column":13}},{"start":{"line":55,"column":8},"end":{"line":55,"column":12}}]},"3":{"loc":{"start":{"line":58,"column":20},"end":{"line":58,"column":21}},"type":"cond-expr","locations":[{"start":{"line":58,"column":20},"end":{"line":58,"column":21}},{"start":{"line":58,"column":20},"end":{"line":58,"column":21}}]},"4":{"loc":{"start":{"line":58,"column":12},"end":{"line":58,"column":21}},"type":"binary-expr","locations":[{"start":{"line":58,"column":12},"end":{"line":58,"column":21}},{"start":{"line":58,"column":12},"end":{"line":58,"column":20}}]}},"s":{"0":1,"1":1,"2":1,"3":1,"4":1,"5":1,"6":0,"7":1,"8":1,"9":1,"10":1,"11":1,"12":1,"13":4,"14":1,"15":2,"16":1,"17":1,"18":4,"19":1,"20":4,"21":1,"22":4,"23":1,"24":4,"25":1,"26":4,"27":1},"f":{"0":1,"1":0,"2":4,"3":2,"4":4,"5":4,"6":4,"7":4,"8":4},"b":{"0":[1,1],"1":[0,1],"2":[1,0],"3":[0,1],"4":[1,0]}}
,"/Users/alexismajyambere/tembea/src/database/models/role.ts": {"path":"/Users/alexismajyambere/tembea/src/database/models/role.ts","statementMap":{"0":{"start":{"line":7,"column":0},"end":{"line":15,"column":null}},"1":{"start":{"line":11,"column":2},"end":{"line":11,"column":null}},"2":{"start":{"line":14,"column":2},"end":{"line":14,"column":null}},"3":{"start":{"line":13,"column":23},"end":{"line":13,"column":27}},"4":{"start":{"line":13,"column":35},"end":{"line":13,"column":43}},"5":{"start":{"line":7,"column":21},"end":{"line":15,"column":null}}},"fnMap":{"0":{"name":"(anonymous_2)","decl":{"start":{"line":13,"column":17},"end":{"line":13,"column":20}},"loc":{"start":{"line":13,"column":23},"end":{"line":13,"column":27}}},"1":{"name":"(anonymous_3)","decl":{"start":{"line":13,"column":29},"end":{"line":13,"column":32}},"loc":{"start":{"line":13,"column":35},"end":{"line":13,"column":43}}}},"branchMap":{},"s":{"0":1,"1":1,"2":1,"3":4,"4":2,"5":1},"f":{"0":4,"1":2},"b":{}}
,"/Users/alexismajyambere/tembea/src/database/models/route-batch.ts": {"path":"/Users/alexismajyambere/tembea/src/database/models/route-batch.ts","statementMap":{"0":{"start":{"line":11,"column":0},"end":{"line":11,"column":null}},"1":{"start":{"line":12,"column":2},"end":{"line":12,"column":null}},"2":{"start":{"line":13,"column":2},"end":{"line":13,"column":null}},"3":{"start":{"line":20,"column":0},"end":{"line":81,"column":null}},"4":{"start":{"line":22,"column":2},"end":{"line":22,"column":null}},"5":{"start":{"line":25,"column":2},"end":{"line":25,"column":null}},"6":{"start":{"line":28,"column":2},"end":{"line":28,"column":null}},"7":{"start":{"line":31,"column":2},"end":{"line":31,"column":null}},"8":{"start":{"line":36,"column":2},"end":{"line":36,"column":null}},"9":{"start":{"line":42,"column":2},"end":{"line":42,"column":null}},"10":{"start":{"line":46,"column":2},"end":{"line":46,"column":null}},"11":{"start":{"line":45,"column":20},"end":{"line":45,"column":25}},"12":{"start":{"line":50,"column":2},"end":{"line":50,"column":null}},"13":{"start":{"line":49,"column":20},"end":{"line":49,"column":23}},"14":{"start":{"line":54,"column":2},"end":{"line":54,"column":null}},"15":{"start":{"line":53,"column":20},"end":{"line":53,"column":26}},"16":{"start":{"line":58,"column":2},"end":{"line":58,"column":null}},"17":{"start":{"line":57,"column":20},"end":{"line":57,"column":28}},"18":{"start":{"line":62,"column":2},"end":{"line":62,"column":null}},"19":{"start":{"line":61,"column":20},"end":{"line":61,"column":28}},"20":{"start":{"line":65,"column":2},"end":{"line":65,"column":null}},"21":{"start":{"line":64,"column":17},"end":{"line":64,"column":21}},"22":{"start":{"line":68,"column":2},"end":{"line":68,"column":null}},"23":{"start":{"line":67,"column":19},"end":{"line":67,"column":24}},"24":{"start":{"line":71,"column":2},"end":{"line":71,"column":null}},"25":{"start":{"line":70,"column":19},"end":{"line":70,"column":22}},"26":{"start":{"line":74,"column":2},"end":{"line":74,"column":null}},"27":{"start":{"line":73,"column":19},"end":{"line":73,"column":25}},"28":{"start":{"line":77,"column":2},"end":{"line":77,"column":null}},"29":{"start":{"line":76,"column":19},"end":{"line":76,"column":27}},"30":{"start":{"line":80,"column":2},"end":{"line":80,"column":null}},"31":{"start":{"line":79,"column":20},"end":{"line":79,"column":28}},"32":{"start":{"line":20,"column":21},"end":{"line":81,"column":null}}},"fnMap":{"0":{"name":"(anonymous_2)","decl":{"start":{"line":11,"column":0},"end":{"line":11,"column":6}},"loc":{"start":{"line":11,"column":30},"end":{"line":14,"column":1}}},"1":{"name":"(anonymous_3)","decl":{"start":{"line":45,"column":14},"end":{"line":45,"column":17}},"loc":{"start":{"line":45,"column":20},"end":{"line":45,"column":25}}},"2":{"name":"(anonymous_4)","decl":{"start":{"line":49,"column":14},"end":{"line":49,"column":17}},"loc":{"start":{"line":49,"column":20},"end":{"line":49,"column":23}}},"3":{"name":"(anonymous_5)","decl":{"start":{"line":53,"column":14},"end":{"line":53,"column":17}},"loc":{"start":{"line":53,"column":20},"end":{"line":53,"column":26}}},"4":{"name":"(anonymous_6)","decl":{"start":{"line":57,"column":14},"end":{"line":57,"column":17}},"loc":{"start":{"line":57,"column":20},"end":{"line":57,"column":28}}},"5":{"name":"(anonymous_7)","decl":{"start":{"line":61,"column":14},"end":{"line":61,"column":17}},"loc":{"start":{"line":61,"column":20},"end":{"line":61,"column":28}}},"6":{"name":"(anonymous_8)","decl":{"start":{"line":64,"column":11},"end":{"line":64,"column":14}},"loc":{"start":{"line":64,"column":17},"end":{"line":64,"column":21}}},"7":{"name":"(anonymous_9)","decl":{"start":{"line":67,"column":13},"end":{"line":67,"column":16}},"loc":{"start":{"line":67,"column":19},"end":{"line":67,"column":24}}},"8":{"name":"(anonymous_10)","decl":{"start":{"line":70,"column":13},"end":{"line":70,"column":16}},"loc":{"start":{"line":70,"column":19},"end":{"line":70,"column":22}}},"9":{"name":"(anonymous_11)","decl":{"start":{"line":73,"column":13},"end":{"line":73,"column":16}},"loc":{"start":{"line":73,"column":19},"end":{"line":73,"column":25}}},"10":{"name":"(anonymous_12)","decl":{"start":{"line":76,"column":13},"end":{"line":76,"column":16}},"loc":{"start":{"line":76,"column":19},"end":{"line":76,"column":27}}},"11":{"name":"(anonymous_13)","decl":{"start":{"line":79,"column":14},"end":{"line":79,"column":17}},"loc":{"start":{"line":79,"column":20},"end":{"line":79,"column":28}}}},"branchMap":{"0":{"loc":{"start":{"line":11,"column":12},"end":{"line":11,"column":30}},"type":"binary-expr","locations":[{"start":{"line":11,"column":12},"end":{"line":11,"column":30}},{"start":{"line":11,"column":12},"end":{"line":11,"column":null}}]},"1":{"loc":{"start":{"line":68,"column":14},"end":{"line":68,"column":15}},"type":"cond-expr","locations":[{"start":{"line":68,"column":14},"end":{"line":68,"column":15}},{"start":{"line":68,"column":14},"end":{"line":68,"column":15}}]},"2":{"loc":{"start":{"line":68,"column":9},"end":{"line":68,"column":15}},"type":"binary-expr","locations":[{"start":{"line":68,"column":9},"end":{"line":68,"column":15}},{"start":{"line":68,"column":9},"end":{"line":68,"column":14}}]},"3":{"loc":{"start":{"line":71,"column":17},"end":{"line":71,"column":18}},"type":"cond-expr","locations":[{"start":{"line":71,"column":17},"end":{"line":71,"column":18}},{"start":{"line":71,"column":17},"end":{"line":71,"column":18}}]},"4":{"loc":{"start":{"line":71,"column":14},"end":{"line":71,"column":18}},"type":"binary-expr","locations":[{"start":{"line":71,"column":14},"end":{"line":71,"column":18}},{"start":{"line":71,"column":14},"end":{"line":71,"column":17}}]},"5":{"loc":{"start":{"line":74,"column":16},"end":{"line":74,"column":17}},"type":"cond-expr","locations":[{"start":{"line":74,"column":16},"end":{"line":74,"column":17}},{"start":{"line":74,"column":16},"end":{"line":74,"column":17}}]},"6":{"loc":{"start":{"line":74,"column":10},"end":{"line":74,"column":17}},"type":"binary-expr","locations":[{"start":{"line":74,"column":10},"end":{"line":74,"column":17}},{"start":{"line":74,"column":10},"end":{"line":74,"column":16}}]},"7":{"loc":{"start":{"line":77,"column":20},"end":{"line":77,"column":21}},"type":"cond-expr","locations":[{"start":{"line":77,"column":20},"end":{"line":77,"column":21}},{"start":{"line":77,"column":20},"end":{"line":77,"column":21}}]},"8":{"loc":{"start":{"line":77,"column":12},"end":{"line":77,"column":21}},"type":"binary-expr","locations":[{"start":{"line":77,"column":12},"end":{"line":77,"column":21}},{"start":{"line":77,"column":12},"end":{"line":77,"column":20}}]},"9":{"loc":{"start":{"line":80,"column":20},"end":{"line":80,"column":21}},"type":"cond-expr","locations":[{"start":{"line":80,"column":20},"end":{"line":80,"column":21}},{"start":{"line":80,"column":20},"end":{"line":80,"column":21}}]},"10":{"loc":{"start":{"line":80,"column":12},"end":{"line":80,"column":21}},"type":"binary-expr","locations":[{"start":{"line":80,"column":12},"end":{"line":80,"column":21}},{"start":{"line":80,"column":12},"end":{"line":80,"column":20}}]}},"s":{"0":1,"1":1,"2":1,"3":1,"4":1,"5":1,"6":1,"7":1,"8":1,"9":1,"10":1,"11":12,"12":1,"13":8,"14":1,"15":6,"16":1,"17":2,"18":1,"19":0,"20":1,"21":4,"22":1,"23":4,"24":1,"25":4,"26":1,"27":4,"28":1,"29":4,"30":1,"31":0,"32":1},"f":{"0":1,"1":12,"2":8,"3":6,"4":2,"5":0,"6":4,"7":4,"8":4,"9":4,"10":4,"11":0},"b":{"0":[1,1],"1":[1,0],"2":[1,1],"3":[1,0],"4":[1,1],"5":[1,0],"6":[1,1],"7":[0,1],"8":[1,0],"9":[1,0],"10":[1,1]}}
,"/Users/alexismajyambere/tembea/src/database/models/route-request.ts": {"path":"/Users/alexismajyambere/tembea/src/database/models/route-request.ts","statementMap":{"0":{"start":{"line":8,"column":0},"end":{"line":8,"column":null}},"1":{"start":{"line":9,"column":2},"end":{"line":9,"column":null}},"2":{"start":{"line":10,"column":2},"end":{"line":10,"column":null}},"3":{"start":{"line":11,"column":2},"end":{"line":11,"column":null}},"4":{"start":{"line":12,"column":2},"end":{"line":12,"column":null}},"5":{"start":{"line":16,"column":0},"end":{"line":90,"column":null}},"6":{"start":{"line":20,"column":2},"end":{"line":20,"column":null}},"7":{"start":{"line":23,"column":2},"end":{"line":23,"column":null}},"8":{"start":{"line":26,"column":2},"end":{"line":26,"column":null}},"9":{"start":{"line":31,"column":2},"end":{"line":31,"column":null}},"10":{"start":{"line":34,"column":2},"end":{"line":34,"column":null}},"11":{"start":{"line":40,"column":2},"end":{"line":40,"column":null}},"12":{"start":{"line":44,"column":2},"end":{"line":44,"column":null}},"13":{"start":{"line":43,"column":20},"end":{"line":43,"column":30}},"14":{"start":{"line":48,"column":2},"end":{"line":48,"column":null}},"15":{"start":{"line":47,"column":20},"end":{"line":47,"column":24}},"16":{"start":{"line":52,"column":2},"end":{"line":52,"column":null}},"17":{"start":{"line":51,"column":20},"end":{"line":51,"column":24}},"18":{"start":{"line":56,"column":2},"end":{"line":56,"column":null}},"19":{"start":{"line":55,"column":20},"end":{"line":55,"column":24}},"20":{"start":{"line":60,"column":2},"end":{"line":60,"column":null}},"21":{"start":{"line":59,"column":20},"end":{"line":59,"column":27}},"22":{"start":{"line":64,"column":2},"end":{"line":64,"column":null}},"23":{"start":{"line":63,"column":20},"end":{"line":63,"column":27}},"24":{"start":{"line":68,"column":2},"end":{"line":68,"column":null}},"25":{"start":{"line":67,"column":20},"end":{"line":67,"column":28}},"26":{"start":{"line":71,"column":2},"end":{"line":71,"column":null}},"27":{"start":{"line":70,"column":19},"end":{"line":70,"column":29}},"28":{"start":{"line":74,"column":2},"end":{"line":74,"column":null}},"29":{"start":{"line":73,"column":19},"end":{"line":73,"column":23}},"30":{"start":{"line":77,"column":2},"end":{"line":77,"column":null}},"31":{"start":{"line":76,"column":19},"end":{"line":76,"column":23}},"32":{"start":{"line":80,"column":2},"end":{"line":80,"column":null}},"33":{"start":{"line":79,"column":19},"end":{"line":79,"column":23}},"34":{"start":{"line":83,"column":2},"end":{"line":83,"column":null}},"35":{"start":{"line":82,"column":19},"end":{"line":82,"column":26}},"36":{"start":{"line":86,"column":2},"end":{"line":86,"column":null}},"37":{"start":{"line":85,"column":19},"end":{"line":85,"column":26}},"38":{"start":{"line":89,"column":2},"end":{"line":89,"column":null}},"39":{"start":{"line":88,"column":19},"end":{"line":88,"column":27}},"40":{"start":{"line":16,"column":21},"end":{"line":90,"column":null}}},"fnMap":{"0":{"name":"(anonymous_2)","decl":{"start":{"line":8,"column":0},"end":{"line":8,"column":6}},"loc":{"start":{"line":8,"column":32},"end":{"line":13,"column":1}}},"1":{"name":"(anonymous_3)","decl":{"start":{"line":43,"column":14},"end":{"line":43,"column":17}},"loc":{"start":{"line":43,"column":20},"end":{"line":43,"column":30}}},"2":{"name":"(anonymous_4)","decl":{"start":{"line":47,"column":14},"end":{"line":47,"column":17}},"loc":{"start":{"line":47,"column":20},"end":{"line":47,"column":24}}},"3":{"name":"(anonymous_5)","decl":{"start":{"line":51,"column":14},"end":{"line":51,"column":17}},"loc":{"start":{"line":51,"column":20},"end":{"line":51,"column":24}}},"4":{"name":"(anonymous_6)","decl":{"start":{"line":55,"column":14},"end":{"line":55,"column":17}},"loc":{"start":{"line":55,"column":20},"end":{"line":55,"column":24}}},"5":{"name":"(anonymous_7)","decl":{"start":{"line":59,"column":14},"end":{"line":59,"column":17}},"loc":{"start":{"line":59,"column":20},"end":{"line":59,"column":27}}},"6":{"name":"(anonymous_8)","decl":{"start":{"line":63,"column":14},"end":{"line":63,"column":17}},"loc":{"start":{"line":63,"column":20},"end":{"line":63,"column":27}}},"7":{"name":"(anonymous_9)","decl":{"start":{"line":67,"column":14},"end":{"line":67,"column":17}},"loc":{"start":{"line":67,"column":20},"end":{"line":67,"column":28}}},"8":{"name":"(anonymous_10)","decl":{"start":{"line":70,"column":13},"end":{"line":70,"column":16}},"loc":{"start":{"line":70,"column":19},"end":{"line":70,"column":29}}},"9":{"name":"(anonymous_11)","decl":{"start":{"line":73,"column":13},"end":{"line":73,"column":16}},"loc":{"start":{"line":73,"column":19},"end":{"line":73,"column":23}}},"10":{"name":"(anonymous_12)","decl":{"start":{"line":76,"column":13},"end":{"line":76,"column":16}},"loc":{"start":{"line":76,"column":19},"end":{"line":76,"column":23}}},"11":{"name":"(anonymous_13)","decl":{"start":{"line":79,"column":13},"end":{"line":79,"column":16}},"loc":{"start":{"line":79,"column":19},"end":{"line":79,"column":23}}},"12":{"name":"(anonymous_14)","decl":{"start":{"line":82,"column":13},"end":{"line":82,"column":16}},"loc":{"start":{"line":82,"column":19},"end":{"line":82,"column":26}}},"13":{"name":"(anonymous_15)","decl":{"start":{"line":85,"column":13},"end":{"line":85,"column":16}},"loc":{"start":{"line":85,"column":19},"end":{"line":85,"column":26}}},"14":{"name":"(anonymous_16)","decl":{"start":{"line":88,"column":13},"end":{"line":88,"column":16}},"loc":{"start":{"line":88,"column":19},"end":{"line":88,"column":27}}}},"branchMap":{"0":{"loc":{"start":{"line":8,"column":12},"end":{"line":8,"column":32}},"type":"binary-expr","locations":[{"start":{"line":8,"column":12},"end":{"line":8,"column":32}},{"start":{"line":8,"column":12},"end":{"line":8,"column":null}}]},"1":{"loc":{"start":{"line":71,"column":24},"end":{"line":71,"column":25}},"type":"cond-expr","locations":[{"start":{"line":71,"column":24},"end":{"line":71,"column":25}},{"start":{"line":71,"column":24},"end":{"line":71,"column":25}}]},"2":{"loc":{"start":{"line":71,"column":14},"end":{"line":71,"column":25}},"type":"binary-expr","locations":[{"start":{"line":71,"column":14},"end":{"line":71,"column":25}},{"start":{"line":71,"column":14},"end":{"line":71,"column":24}}]},"3":{"loc":{"start":{"line":74,"column":15},"end":{"line":74,"column":16}},"type":"cond-expr","locations":[{"start":{"line":74,"column":15},"end":{"line":74,"column":16}},{"start":{"line":74,"column":15},"end":{"line":74,"column":16}}]},"4":{"loc":{"start":{"line":74,"column":11},"end":{"line":74,"column":16}},"type":"binary-expr","locations":[{"start":{"line":74,"column":11},"end":{"line":74,"column":16}},{"start":{"line":74,"column":11},"end":{"line":74,"column":15}}]},"5":{"loc":{"start":{"line":77,"column":19},"end":{"line":77,"column":20}},"type":"cond-expr","locations":[{"start":{"line":77,"column":19},"end":{"line":77,"column":20}},{"start":{"line":77,"column":19},"end":{"line":77,"column":20}}]},"6":{"loc":{"start":{"line":77,"column":15},"end":{"line":77,"column":20}},"type":"binary-expr","locations":[{"start":{"line":77,"column":15},"end":{"line":77,"column":20}},{"start":{"line":77,"column":15},"end":{"line":77,"column":19}}]},"7":{"loc":{"start":{"line":80,"column":17},"end":{"line":80,"column":18}},"type":"cond-expr","locations":[{"start":{"line":80,"column":17},"end":{"line":80,"column":18}},{"start":{"line":80,"column":17},"end":{"line":80,"column":18}}]},"8":{"loc":{"start":{"line":80,"column":13},"end":{"line":80,"column":18}},"type":"binary-expr","locations":[{"start":{"line":80,"column":13},"end":{"line":80,"column":18}},{"start":{"line":80,"column":13},"end":{"line":80,"column":17}}]},"9":{"loc":{"start":{"line":83,"column":18},"end":{"line":83,"column":19}},"type":"cond-expr","locations":[{"start":{"line":83,"column":18},"end":{"line":83,"column":19}},{"start":{"line":83,"column":18},"end":{"line":83,"column":19}}]},"10":{"loc":{"start":{"line":83,"column":11},"end":{"line":83,"column":19}},"type":"binary-expr","locations":[{"start":{"line":83,"column":11},"end":{"line":83,"column":19}},{"start":{"line":83,"column":11},"end":{"line":83,"column":18}}]},"11":{"loc":{"start":{"line":86,"column":15},"end":{"line":86,"column":16}},"type":"cond-expr","locations":[{"start":{"line":86,"column":15},"end":{"line":86,"column":16}},{"start":{"line":86,"column":15},"end":{"line":86,"column":16}}]},"12":{"loc":{"start":{"line":86,"column":8},"end":{"line":86,"column":16}},"type":"binary-expr","locations":[{"start":{"line":86,"column":8},"end":{"line":86,"column":16}},{"start":{"line":86,"column":8},"end":{"line":86,"column":15}}]},"13":{"loc":{"start":{"line":89,"column":20},"end":{"line":89,"column":21}},"type":"cond-expr","locations":[{"start":{"line":89,"column":20},"end":{"line":89,"column":21}},{"start":{"line":89,"column":20},"end":{"line":89,"column":21}}]},"14":{"loc":{"start":{"line":89,"column":12},"end":{"line":89,"column":21}},"type":"binary-expr","locations":[{"start":{"line":89,"column":12},"end":{"line":89,"column":21}},{"start":{"line":89,"column":12},"end":{"line":89,"column":20}}]}},"s":{"0":1,"1":1,"2":1,"3":1,"4":1,"5":1,"6":1,"7":1,"8":1,"9":1,"10":1,"11":1,"12":1,"13":6,"14":1,"15":4,"16":1,"17":4,"18":1,"19":4,"20":1,"21":4,"22":1,"23":4,"24":1,"25":2,"26":1,"27":4,"28":1,"29":4,"30":1,"31":4,"32":1,"33":4,"34":1,"35":4,"36":1,"37":4,"38":1,"39":4,"40":1},"f":{"0":1,"1":6,"2":4,"3":4,"4":4,"5":4,"6":4,"7":2,"8":4,"9":4,"10":4,"11":4,"12":4,"13":4,"14":4},"b":{"0":[1,1],"1":[1,0],"2":[1,1],"3":[1,0],"4":[1,1],"5":[1,0],"6":[1,1],"7":[1,0],"8":[1,1],"9":[1,0],"10":[1,1],"11":[1,0],"12":[1,1],"13":[1,0],"14":[1,1]}}
,"/Users/alexismajyambere/tembea/src/database/models/route-use-record.ts": {"path":"/Users/alexismajyambere/tembea/src/database/models/route-use-record.ts","statementMap":{"0":{"start":{"line":7,"column":0},"end":{"line":46,"column":null}},"1":{"start":{"line":12,"column":2},"end":{"line":12,"column":null}},"2":{"start":{"line":18,"column":2},"end":{"line":18,"column":null}},"3":{"start":{"line":24,"column":2},"end":{"line":24,"column":null}},"4":{"start":{"line":30,"column":2},"end":{"line":30,"column":null}},"5":{"start":{"line":35,"column":2},"end":{"line":35,"column":null}},"6":{"start":{"line":39,"column":2},"end":{"line":39,"column":null}},"7":{"start":{"line":38,"column":20},"end":{"line":38,"column":30}},"8":{"start":{"line":42,"column":2},"end":{"line":42,"column":null}},"9":{"start":{"line":41,"column":19},"end":{"line":41,"column":29}},"10":{"start":{"line":45,"column":2},"end":{"line":45,"column":null}},"11":{"start":{"line":44,"column":17},"end":{"line":44,"column":31}},"12":{"start":{"line":7,"column":21},"end":{"line":46,"column":null}}},"fnMap":{"0":{"name":"(anonymous_2)","decl":{"start":{"line":38,"column":14},"end":{"line":38,"column":17}},"loc":{"start":{"line":38,"column":20},"end":{"line":38,"column":30}}},"1":{"name":"(anonymous_3)","decl":{"start":{"line":41,"column":13},"end":{"line":41,"column":16}},"loc":{"start":{"line":41,"column":19},"end":{"line":41,"column":29}}},"2":{"name":"(anonymous_4)","decl":{"start":{"line":44,"column":11},"end":{"line":44,"column":14}},"loc":{"start":{"line":44,"column":17},"end":{"line":44,"column":31}}}},"branchMap":{"0":{"loc":{"start":{"line":42,"column":19},"end":{"line":42,"column":20}},"type":"cond-expr","locations":[{"start":{"line":42,"column":19},"end":{"line":42,"column":20}},{"start":{"line":42,"column":19},"end":{"line":42,"column":20}}]},"1":{"loc":{"start":{"line":42,"column":9},"end":{"line":42,"column":20}},"type":"binary-expr","locations":[{"start":{"line":42,"column":9},"end":{"line":42,"column":20}},{"start":{"line":42,"column":9},"end":{"line":42,"column":19}}]}},"s":{"0":1,"1":1,"2":1,"3":1,"4":1,"5":1,"6":1,"7":2,"8":1,"9":4,"10":1,"11":4,"12":1},"f":{"0":2,"1":4,"2":4},"b":{"0":[1,0],"1":[1,1]}}
,"/Users/alexismajyambere/tembea/src/database/models/route.ts": {"path":"/Users/alexismajyambere/tembea/src/database/models/route.ts","statementMap":{"0":{"start":{"line":8,"column":0},"end":{"line":33,"column":null}},"1":{"start":{"line":10,"column":2},"end":{"line":10,"column":null}},"2":{"start":{"line":15,"column":2},"end":{"line":15,"column":null}},"3":{"start":{"line":19,"column":2},"end":{"line":19,"column":null}},"4":{"start":{"line":18,"column":20},"end":{"line":18,"column":27}},"5":{"start":{"line":23,"column":2},"end":{"line":23,"column":null}},"6":{"start":{"line":22,"column":20},"end":{"line":22,"column":28}},"7":{"start":{"line":26,"column":2},"end":{"line":26,"column":null}},"8":{"start":{"line":25,"column":17},"end":{"line":25,"column":27}},"9":{"start":{"line":29,"column":2},"end":{"line":29,"column":null}},"10":{"start":{"line":28,"column":19},"end":{"line":28,"column":26}},"11":{"start":{"line":32,"column":2},"end":{"line":32,"column":null}},"12":{"start":{"line":31,"column":19},"end":{"line":31,"column":27}},"13":{"start":{"line":8,"column":21},"end":{"line":33,"column":null}}},"fnMap":{"0":{"name":"(anonymous_2)","decl":{"start":{"line":18,"column":14},"end":{"line":18,"column":17}},"loc":{"start":{"line":18,"column":20},"end":{"line":18,"column":27}}},"1":{"name":"(anonymous_3)","decl":{"start":{"line":22,"column":14},"end":{"line":22,"column":17}},"loc":{"start":{"line":22,"column":20},"end":{"line":22,"column":28}}},"2":{"name":"(anonymous_4)","decl":{"start":{"line":25,"column":11},"end":{"line":25,"column":14}},"loc":{"start":{"line":25,"column":17},"end":{"line":25,"column":27}}},"3":{"name":"(anonymous_5)","decl":{"start":{"line":28,"column":13},"end":{"line":28,"column":16}},"loc":{"start":{"line":28,"column":19},"end":{"line":28,"column":26}}},"4":{"name":"(anonymous_6)","decl":{"start":{"line":31,"column":13},"end":{"line":31,"column":16}},"loc":{"start":{"line":31,"column":19},"end":{"line":31,"column":27}}}},"branchMap":{"0":{"loc":{"start":{"line":29,"column":22},"end":{"line":29,"column":23}},"type":"cond-expr","locations":[{"start":{"line":29,"column":22},"end":{"line":29,"column":23}},{"start":{"line":29,"column":22},"end":{"line":29,"column":23}}]},"1":{"loc":{"start":{"line":29,"column":15},"end":{"line":29,"column":23}},"type":"binary-expr","locations":[{"start":{"line":29,"column":15},"end":{"line":29,"column":23}},{"start":{"line":29,"column":15},"end":{"line":29,"column":22}}]},"2":{"loc":{"start":{"line":32,"column":20},"end":{"line":32,"column":21}},"type":"cond-expr","locations":[{"start":{"line":32,"column":20},"end":{"line":32,"column":21}},{"start":{"line":32,"column":20},"end":{"line":32,"column":21}}]},"3":{"loc":{"start":{"line":32,"column":12},"end":{"line":32,"column":21}},"type":"binary-expr","locations":[{"start":{"line":32,"column":12},"end":{"line":32,"column":21}},{"start":{"line":32,"column":12},"end":{"line":32,"column":20}}]}},"s":{"0":1,"1":1,"2":1,"3":1,"4":6,"5":1,"6":2,"7":1,"8":4,"9":1,"10":4,"11":1,"12":4,"13":1},"f":{"0":6,"1":2,"2":4,"3":4,"4":4},"b":{"0":[0,1],"1":[1,0],"2":[0,1],"3":[1,0]}}
,"/Users/alexismajyambere/tembea/src/database/models/team-details.ts": {"path":"/Users/alexismajyambere/tembea/src/database/models/team-details.ts","statementMap":{"0":{"start":{"line":5,"column":0},"end":{"line":42,"column":null}},"1":{"start":{"line":11,"column":2},"end":{"line":11,"column":null}},"2":{"start":{"line":18,"column":2},"end":{"line":18,"column":null}},"3":{"start":{"line":25,"column":2},"end":{"line":25,"column":null}},"4":{"start":{"line":31,"column":2},"end":{"line":31,"column":null}},"5":{"start":{"line":38,"column":2},"end":{"line":38,"column":null}},"6":{"start":{"line":41,"column":2},"end":{"line":41,"column":null}},"7":{"start":{"line":40,"column":17},"end":{"line":40,"column":27}},"8":{"start":{"line":5,"column":21},"end":{"line":42,"column":null}}},"fnMap":{"0":{"name":"(anonymous_2)","decl":{"start":{"line":40,"column":11},"end":{"line":40,"column":14}},"loc":{"start":{"line":40,"column":17},"end":{"line":40,"column":27}}}},"branchMap":{},"s":{"0":1,"1":1,"2":1,"3":1,"4":1,"5":1,"6":1,"7":4,"8":1},"f":{"0":4},"b":{}}
,"/Users/alexismajyambere/tembea/src/database/models/trip-details.ts": {"path":"/Users/alexismajyambere/tembea/src/database/models/trip-details.ts","statementMap":{"0":{"start":{"line":5,"column":0},"end":{"line":14,"column":null}},"1":{"start":{"line":7,"column":2},"end":{"line":7,"column":null}},"2":{"start":{"line":10,"column":2},"end":{"line":10,"column":null}},"3":{"start":{"line":13,"column":2},"end":{"line":13,"column":null}},"4":{"start":{"line":5,"column":21},"end":{"line":14,"column":null}}},"fnMap":{},"branchMap":{},"s":{"0":1,"1":1,"2":1,"3":1,"4":1},"f":{},"b":{}}
,"/Users/alexismajyambere/tembea/src/database/models/trip-request.ts": {"path":"/Users/alexismajyambere/tembea/src/database/models/trip-request.ts","statementMap":{"0":{"start":{"line":13,"column":0},"end":{"line":13,"column":null}},"1":{"start":{"line":14,"column":2},"end":{"line":14,"column":null}},"2":{"start":{"line":15,"column":2},"end":{"line":15,"column":null}},"3":{"start":{"line":16,"column":2},"end":{"line":16,"column":null}},"4":{"start":{"line":21,"column":0},"end":{"line":21,"column":null}},"5":{"start":{"line":22,"column":2},"end":{"line":22,"column":null}},"6":{"start":{"line":23,"column":2},"end":{"line":23,"column":null}},"7":{"start":{"line":24,"column":2},"end":{"line":24,"column":null}},"8":{"start":{"line":25,"column":2},"end":{"line":25,"column":null}},"9":{"start":{"line":26,"column":2},"end":{"line":26,"column":null}},"10":{"start":{"line":27,"column":2},"end":{"line":27,"column":null}},"11":{"start":{"line":28,"column":2},"end":{"line":28,"column":null}},"12":{"start":{"line":29,"column":2},"end":{"line":29,"column":null}},"13":{"start":{"line":30,"column":2},"end":{"line":30,"column":null}},"14":{"start":{"line":36,"column":0},"end":{"line":191,"column":null}},"15":{"start":{"line":190,"column":17},"end":{"line":190,"column":42}},"16":{"start":{"line":40,"column":2},"end":{"line":40,"column":null}},"17":{"start":{"line":46,"column":2},"end":{"line":46,"column":null}},"18":{"start":{"line":52,"column":2},"end":{"line":52,"column":null}},"19":{"start":{"line":57,"column":2},"end":{"line":57,"column":null}},"20":{"start":{"line":63,"column":2},"end":{"line":63,"column":null}},"21":{"start":{"line":66,"column":2},"end":{"line":66,"column":null}},"22":{"start":{"line":69,"column":2},"end":{"line":69,"column":null}},"23":{"start":{"line":72,"column":2},"end":{"line":72,"column":null}},"24":{"start":{"line":75,"column":2},"end":{"line":75,"column":null}},"25":{"start":{"line":78,"column":2},"end":{"line":78,"column":null}},"26":{"start":{"line":81,"column":2},"end":{"line":81,"column":null}},"27":{"start":{"line":84,"column":2},"end":{"line":84,"column":null}},"28":{"start":{"line":87,"column":2},"end":{"line":87,"column":null}},"29":{"start":{"line":92,"column":2},"end":{"line":92,"column":null}},"30":{"start":{"line":95,"column":2},"end":{"line":95,"column":null}},"31":{"start":{"line":100,"column":2},"end":{"line":100,"column":null}},"32":{"start":{"line":99,"column":20},"end":{"line":99,"column":24}},"33":{"start":{"line":104,"column":2},"end":{"line":104,"column":null}},"34":{"start":{"line":103,"column":20},"end":{"line":103,"column":24}},"35":{"start":{"line":108,"column":2},"end":{"line":108,"column":null}},"36":{"start":{"line":107,"column":20},"end":{"line":107,"column":24}},"37":{"start":{"line":112,"column":2},"end":{"line":112,"column":null}},"38":{"start":{"line":111,"column":20},"end":{"line":111,"column":24}},"39":{"start":{"line":116,"column":2},"end":{"line":116,"column":null}},"40":{"start":{"line":115,"column":20},"end":{"line":115,"column":24}},"41":{"start":{"line":120,"column":2},"end":{"line":120,"column":null}},"42":{"start":{"line":119,"column":20},"end":{"line":119,"column":27}},"43":{"start":{"line":124,"column":2},"end":{"line":124,"column":null}},"44":{"start":{"line":123,"column":20},"end":{"line":123,"column":27}},"45":{"start":{"line":128,"column":2},"end":{"line":128,"column":null}},"46":{"start":{"line":127,"column":20},"end":{"line":127,"column":30}},"47":{"start":{"line":132,"column":2},"end":{"line":132,"column":null}},"48":{"start":{"line":131,"column":20},"end":{"line":131,"column":28}},"49":{"start":{"line":136,"column":2},"end":{"line":136,"column":null}},"50":{"start":{"line":135,"column":20},"end":{"line":135,"column":23}},"51":{"start":{"line":140,"column":2},"end":{"line":140,"column":null}},"52":{"start":{"line":139,"column":20},"end":{"line":139,"column":26}},"53":{"start":{"line":144,"column":2},"end":{"line":144,"column":null}},"54":{"start":{"line":143,"column":20},"end":{"line":143,"column":30}},"55":{"start":{"line":148,"column":2},"end":{"line":148,"column":null}},"56":{"start":{"line":147,"column":20},"end":{"line":147,"column":28}},"57":{"start":{"line":152,"column":2},"end":{"line":152,"column":null}},"58":{"start":{"line":151,"column":19},"end":{"line":151,"column":23}},"59":{"start":{"line":155,"column":2},"end":{"line":155,"column":null}},"60":{"start":{"line":154,"column":19},"end":{"line":154,"column":23}},"61":{"start":{"line":158,"column":2},"end":{"line":158,"column":null}},"62":{"start":{"line":157,"column":19},"end":{"line":157,"column":23}},"63":{"start":{"line":161,"column":2},"end":{"line":161,"column":null}},"64":{"start":{"line":160,"column":19},"end":{"line":160,"column":23}},"65":{"start":{"line":164,"column":2},"end":{"line":164,"column":null}},"66":{"start":{"line":163,"column":19},"end":{"line":163,"column":23}},"67":{"start":{"line":167,"column":2},"end":{"line":167,"column":null}},"68":{"start":{"line":166,"column":19},"end":{"line":166,"column":26}},"69":{"start":{"line":170,"column":2},"end":{"line":170,"column":null}},"70":{"start":{"line":169,"column":19},"end":{"line":169,"column":26}},"71":{"start":{"line":173,"column":2},"end":{"line":173,"column":null}},"72":{"start":{"line":172,"column":19},"end":{"line":172,"column":29}},"73":{"start":{"line":176,"column":2},"end":{"line":176,"column":null}},"74":{"start":{"line":175,"column":19},"end":{"line":175,"column":27}},"75":{"start":{"line":179,"column":2},"end":{"line":179,"column":null}},"76":{"start":{"line":178,"column":19},"end":{"line":178,"column":22}},"77":{"start":{"line":182,"column":2},"end":{"line":182,"column":null}},"78":{"start":{"line":181,"column":19},"end":{"line":181,"column":25}},"79":{"start":{"line":185,"column":2},"end":{"line":185,"column":null}},"80":{"start":{"line":184,"column":19},"end":{"line":184,"column":29}},"81":{"start":{"line":188,"column":2},"end":{"line":188,"column":null}},"82":{"start":{"line":187,"column":19},"end":{"line":187,"column":27}},"83":{"start":{"line":36,"column":21},"end":{"line":191,"column":null}}},"fnMap":{"0":{"name":"(anonymous_2)","decl":{"start":{"line":13,"column":0},"end":{"line":13,"column":6}},"loc":{"start":{"line":13,"column":21},"end":{"line":17,"column":1}}},"1":{"name":"(anonymous_3)","decl":{"start":{"line":21,"column":0},"end":{"line":21,"column":6}},"loc":{"start":{"line":21,"column":22},"end":{"line":31,"column":1}}},"2":{"name":"(anonymous_4)","decl":{"start":{"line":190,"column":2},"end":{"line":190,"column":6}},"loc":{"start":{"line":190,"column":12},"end":{"line":190,"column":44}}},"3":{"name":"(anonymous_5)","decl":{"start":{"line":99,"column":14},"end":{"line":99,"column":17}},"loc":{"start":{"line":99,"column":20},"end":{"line":99,"column":24}}},"4":{"name":"(anonymous_6)","decl":{"start":{"line":103,"column":14},"end":{"line":103,"column":17}},"loc":{"start":{"line":103,"column":20},"end":{"line":103,"column":24}}},"5":{"name":"(anonymous_7)","decl":{"start":{"line":107,"column":14},"end":{"line":107,"column":17}},"loc":{"start":{"line":107,"column":20},"end":{"line":107,"column":24}}},"6":{"name":"(anony
[...]
,"/Users/alexismajyambere/tembea/src/modules/users/user.service.ts": {"path":"/Users/alexismajyambere/tembea/src/modules/users/user.service.ts","statementMap":{"0":{"start":{"line":42,"column":4},"end":{"line":42,"column":17}},"1":{"start":{"line":192,"column":2},"end":{"line":192,"column":56}},"2":{"start":{"line":192,"column":37},"end":{"line":192,"column":56}},"3":{"start":{"line":192,"column":38},"end":{"line":192,"column":56}},"4":{"start":{"line":200,"column":2},"end":{"line":202,"column":null}},"5":{"start":{"line":200,"column":47},"end":{"line":202,"column":null}},"6":{"start":{"line":200,"column":48},"end":{"line":202,"column":null}},"7":{"start":{"line":211,"column":2},"end":{"line":213,"column":null}},"8":{"start":{"line":211,"column":58},"end":{"line":213,"column":null}},"9":{"start":{"line":211,"column":59},"end":{"line":213,"column":null}},"10":{"start":{"line":222,"column":2},"end":{"line":223,"column":null}},"11":{"start":{"line":223,"column":37},"end":{"line":223,"column":null}},"12":{"start":{"line":223,"column":38},"end":{"line":223,"column":null}},"13":{"start":{"line":230,"column":2},"end":{"line":230,"column":53}},"14":{"start":{"line":230,"column":36},"end":{"line":230,"column":53}},"15":{"start":{"line":230,"column":37},"end":{"line":230,"column":53}},"16":{"start":{"line":43,"column":4},"end":{"line":43,"column":62}},"17":{"start":{"line":52,"column":4},"end":{"line":64,"column":null}},"18":{"start":{"line":53,"column":23},"end":{"line":55,"column":8}},"19":{"start":{"line":56,"column":6},"end":{"line":56,"column":48}},"20":{"start":{"line":58,"column":6},"end":{"line":63,"column":10}},"21":{"start":{"line":73,"column":4},"end":{"line":80,"column":null}},"22":{"start":{"line":74,"column":19},"end":{"line":74,"column":76}},"23":{"start":{"line":75,"column":6},"end":{"line":75,"column":57}},"24":{"start":{"line":76,"column":6},"end":{"line":76,"column":18}},"25":{"start":{"line":78,"column":6},"end":{"line":78,"column":50}},"26":{"start":{"line":78,"column":38},"end":{"line":78,"column":50}},"27":{"start":{"line":79,"column":6},"end":{"line":79,"column":88}},"28":{"start":{"line":84,"column":22},"end":{"line":87,"column":6}},"29":{"start":{"line":88,"column":4},"end":{"line":88,"column":48}},"30":{"start":{"line":102,"column":20},"end":{"line":107,"column":27}},"31":{"start":{"line":108,"column":4},"end":{"line":108,"column":19}},"32":{"start":{"line":117,"column":4},"end":{"line":123,"column":null}},"33":{"start":{"line":118,"column":52},"end":{"line":118,"column":65}},"34":{"start":{"line":119,"column":19},"end":{"line":119,"column":74}},"35":{"start":{"line":120,"column":6},"end":{"line":120,"column":18}},"36":{"start":{"line":122,"column":6},"end":{"line":122,"column":69}},"37":{"start":{"line":127,"column":24},"end":{"line":127,"column":59}},"38":{"start":{"line":129,"column":19},"end":{"line":129,"column":78}},"39":{"start":{"line":130,"column":4},"end":{"line":130,"column":18}},"40":{"start":{"line":140,"column":33},"end":{"line":143,"column":6}},"41":{"start":{"line":144,"column":4},"end":{"line":150,"column":null}},"42":{"start":{"line":145,"column":6},"end":{"line":149,"column":8}},"43":{"start":{"line":151,"column":18},"end":{"line":155,"column":6}},"44":{"start":{"line":157,"column":4},"end":{"line":160,"column":6}},"45":{"start":{"line":165,"column":27},"end":{"line":165,"column":35}},"46":{"start":{"line":166,"column":31},"end":{"line":166,"column":90}},"47":{"start":{"line":167,"column":20},"end":{"line":179,"column":6}},"48":{"start":{"line":181,"column":4},"end":{"line":189,"column":6}},"49":{"start":{"line":240,"column":27},"end":{"line":240,"column":67}},"50":{"start":{"line":241,"column":4},"end":{"line":241,"column":50}},"51":{"start":{"line":242,"column":4},"end":{"line":242,"column":22}},"52":{"start":{"line":253,"column":21},"end":{"line":253,"column":63}},"53":{"start":{"line":254,"column":4},"end":{"line":256,"column":null}},"54":{"start":{"line":255,"column":6},"end":{"line":255,"column":64}},"55":{"start":{"line":257,"column":17},"end":{"line":259,"column":6}},"56":{"start":{"line":260,"column":4},"end":{"line":260,"column":16}},"57":{"start":{"line":264,"column":24},"end":{"line":264,"column":82}},"58":{"start":{"line":266,"column":4},"end":{"line":266,"column":71}},"59":{"start":{"line":266,"column":22},"end":{"line":266,"column":71}},"60":{"start":{"line":267,"column":16},"end":{"line":267,"column":51}},"61":{"start":{"line":268,"column":4},"end":{"line":268,"column":15}},"62":{"start":{"line":272,"column":18},"end":{"line":275,"column":6}},"63":{"start":{"line":276,"column":4},"end":{"line":283,"column":7}},"64":{"start":{"line":287,"column":18},"end":{"line":292,"column":6}},"65":{"start":{"line":293,"column":4},"end":{"line":296,"column":7}},"66":{"start":{"line":301,"column":18},"end":{"line":303,"column":6}},"67":{"start":{"line":304,"column":4},"end":{"line":304,"column":17}},"68":{"start":{"line":308,"column":20},"end":{"line":308,"column":37}}},"fnMap":{"0":{"name":"(anonymous_7)","decl":{"start":{"line":41,"column":2},"end":{"line":41,"column":14}},"loc":{"start":{"line":41,"column":50},"end":{"line":44,"column":3}}},"1":{"name":"(anonymous_8)","decl":{"start":{"line":192,"column":16},"end":{"line":192,"column":23}},"loc":{"start":{"line":192,"column":37},"end":{"line":192,"column":56}}},"2":{"name":"(anonymous_9)","decl":{"start":{"line":192,"column":37},"end":{"line":192,"column":38}},"loc":{"start":{"line":192,"column":37},"end":{"line":192,"column":56}}},"3":{"name":"(anonymous_10)","decl":{"start":{"line":200,"column":21},"end":{"line":200,"column":28}},"loc":{"start":{"line":200,"column":47},"end":{"line":202,"column":null}}},"4":{"name":"(anonymous_11)","decl":{"start":{"line":200,"column":47},"end":{"line":200,"column":48}},"loc":{"start":{"line":200,"column":47},"end":{"line":202,"column":null}}},"5":{"name":"(anonymous_12)","decl":{"start":{"line":211,"column":19},"end":{"line":211,"column":26}},"loc":{"start":{"line":211,"column":58},"end":{"line":213,"column":null}}},"6":{"name":"(anonymous_13)","decl":{"start":{"line":211,"column":58},"end":{"line":211,"column":59}},"loc":{"start":{"line":211,"column":58},"end":{"line":213,"column":null}}},"7":{"name":"(anonymous_14)","decl":{"start":{"line":222,"column":15},"end":{"line":222,"column":22}},"loc":{"start":{"line":223,"column":37},"end":{"line":223,"column":null}}},"8":{"name":"(anonymous_15)","decl":{"start":{"line":223,"column":37},"end":{"line":223,"column":38}},"loc":{"start":{"line":223,"column":37},"end":{"line":223,"column":null}}},"9":{"name":"(anonymous_16)","decl":{"start":{"line":230,"column":15},"end":{"line":230,"column":22}},"loc":{"start":{"line":230,"column":36},"end":{"line":230,"column":53}}},"10":{"name":"(anonymous_17)","decl":{"start":{"line":230,"column":36},"end":{"line":230,"column":37}},"loc":{"start":{"line":230,"column":36},"end":{"line":230,"column":53}}},"11":{"name":"(anonymous_18)","decl":{"start":{"line":51,"column":8},"end":{"line":51,"column":24}},"loc":{"start":{"line":51,"column":48},"end":{"line":65,"column":null}}},"12":{"name":"(anonymous_20)","decl":{"start":{"line":72,"column":8},"end":{"line":72,"column":15}},"loc":{"start":{"line":72,"column":29},"end":{"line":81,"column":null}}},"13":{"name":"(anonymous_22)","decl":{"start":{"line":83,"column":8},"end":{"line":83,"column":38}},"loc":{"start":{"line":83,"column":48},"end":{"line":89,"column":null}}},"14":{"name":"(anonymous_24)","decl":{"start":{"line":100,"column":8},"end":{"line":100,"column":21}},"loc":{"start":{"line":101,"column":60},"end":{"line":109,"column":null}}},"15":{"name":"(anonymous_26)","decl":{"start":{"line":116,"column":8},"end":{"line":116,"column":21}},"loc":{"start":{"line":116,"column":51},"end":{"line":124,"column":null}}},"16":{"name":"(anonymous_28)","decl":{"start":{"line":126,"column":8},"end":{"line":126,"column":19}},"loc":{"start":{"line":126,"column":70},"end":{"line":131,"column":null}}},"17":{"name":"(anonymous_30)","decl":{"start":{"line":139,"column":8},"end":{"line":139,"column":22}},"loc":{"start":{"line":139,"column":65},"end":{"line":161,"column":null}}},"18":{"name":"(anonymous_32)","decl":{"start":{"line":163,"column":8},"end":{"line":163,"column":35}},"loc":{"start":{"line":164,"column":44},"end":{"line":190,"column":null}}},"19":{"name":"(anonymous_34)","decl":{"start":{"line":239,"column":8},"end":{"line":239,"column":29}},"loc":{"start":{"line":239,"column":69},"end":{"line":243,"column":null}}},"20":{"name":"(anonymous_36)","decl":{"start":{"line":252,"column":8},"end":{"line":252,"column":25}},"loc":{"start":{"line":252,"column":56},"end":{"line":261,"column":null}}},"21":{"name":"(anonymous_38)","decl":{"start":{"line":263,"column":8},"end":{"line":263,"column":22}},"loc":{"start":{"line":263,"column":39},"end":{"line":269,"column":null}}},"22":{"name":"(anonymous_40)","decl":{"start":{"line":271,"column":8},"end":{"line":271,"column":31}},"loc":{"start":{"line":271,"column":44},"end":{"line":284,"column":null}}},"23":{"name":"(anonymous_42)","decl":{"start":{"line":286,"column":8},"end":{"line":286,"column":32}},"loc":{"start":{"line":286,"column":45},"end":{"line":297,"column":null}}},"24":{"name":"(anonymous_44)","decl":{"start":{"line":299,"column":8},"end":{"line":299,"column":23}},"loc":{"start":{"line":299,"column":23},"end":{"line":305,"column":null}}}},"branchMap":{"0":{"loc":{"start":{"line":41,"column":22},"end":{"line":41,"column":50}},"type":"default-arg","locations":[{"start":{"line":41,"column":22},"end":{"line":41,"column":50}}]},"1":{"loc":{"start":{"line":211,"column":49},"end":{"line":211,"column":54}},"type":"default-arg","locations":[{"start":{"line":211,"column":49},"end":{"line":211,"column":54}}]},"2":{"loc":{"start":{"line":213,"column":14},"end":{"line":213,"column":33}},"type":"cond-expr","locations":[{"start":{"line":213,"column":14},"end":{"line":213,"column":33}},{"start":{"line":213,"column":36},"end":{"line":213,"column":38}}]},"3":{"loc":{"start":{"line":56,"column":27},"end":{"line":56,"column":40}},"type":"cond-expr","locations":[{"start":{"line":56,"column":27},"end":{"line":56,"column":40}},{"start":{"line":56,"column":43},"end":{"line":56,"column":47}}]},"4":{"loc":{"start":{"line":78,"column":6},"end":{"line":78,"column":50}},"type":"if","locations":[{"start":{"line":78,"column":6},"end":{"line":78,"column":50}},{"start":{"line":78,"column":6},"end":{"line":78,"column":50}}]},"5":{"loc":{"start":{"line":104,"column":13},"end":{"line":104,"column":20}},"type":"binary-expr","locations":[{"start":{"line":104,"column":13},"end":{"line":104,"column":20}},{"start":{"line":104,"column":24},"end":{"line":104,"column":33}}]},"6":{"loc":{"start":{"line":105,"column":14},"end":{"line":105,"column":22}},"type":"binary-expr","locations":[{"start":{"line":105,"column":14},"end":{"line":105,"column":22}},{"start":{"line":105,"column":26},"end":{"line":105,"column":36}}]},"7":{"loc":{"start":{"line":106,"column":16},"end":{"line":106,"column":26}},"type":"binary-expr","locations":[{"start":{"line":106,"column":16},"end":{"line":106,"column":26}},{"start":{"line":106,"column":30},"end":{"line":106,"column":42}}]},"8":{"loc":{"start":{"line":129,"column":60},"end":{"line":129,"column":68}},"type":"binary-expr","locations":[{"start":{"line":129,"column":60},"end":{"line":129,"column":68}},{"start":{"line":129,"column":72},"end":{"line":129,"column":77}}]},"9":{"loc":{"start":{"line":144,"column":4},"end":{"line":150,"column":null}},"type":"if","locations":[{"start":{"line":144,"column":4},"end":{"line":150,"column":null}},{"start":{"line":144,"column":4},"end":{"line":150,"column":null}}]},"10":{"loc":{"start":{"line":163,"column":55},"end":{"line":163,"column":59}},"type":"default-arg","locations":[{"start":{"line":163,"column":55},"end":{"line":163,"column":59}}]},"11":{"loc":{"start":{"line":166,"column":41},"end":{"line":166,"column":70}},"type":"cond-expr","locations":[{"start":{"line":166,"column":41},"end":{"line":166,"column":70}},{"start":{"line":166,"column":73},"end":{"line":166,"column":90}}]},"12":{"loc":{"start":{"line":254,"column":4},"end":{"line":256,"column":null}},"type":"if","locations":[{"start":{"line":254,"column":4},"end":{"line":256,"column":null}},{"start":{"line":254,"column":4},"end":{"line":256,"column":null}}]},"13":{"loc":{"start":{"line":266,"column":4},"end":{"line":266,"column":71}},"type":"if","locations":[{"start":{"line":266,"column":4},"end":{"line":266,"column":71}},{"start":{"line":266,"column":4},"end":{"line":266,"column":71}}]}},"s":{"0":1,"1":1,"2":0,"3":0,"4":1,"5":0,"6":0,"7":1,"8":0,"9":0,"10":1,"11":0,"12":0,"13":1,"14":0,"15":0,"16":1,"17":0,"18":0,"19":0,"20":0,"21":0,"22":0,"23":0,"24":0,"25":0,"26":0,"27":0,"28":0,"29":0,"30":0,"31":0,"32":0,"33":0,"34":0,"35":0,"36":0,"37":0,"38":0,"39":0,"40":0,"41":0,"42":0,"43":0,"44":0,"45":0,"46":0,"47":0,"48":0,"49":0,"50":0,"51":0,"52":0,"53":0,"54":0,"55":0,"56":0,"57":0,"58":0,"59":0,"60":0,"61":0,"62":0,"63":0,"64":0,"65":0,"66":0,"67":0,"68":1},"f":{"0":1,"1":0,"2":0,"3":0,"4":0,"5":0,"6":0,"7":0,"8":0,"9":0,"10":0,"11":0,"12":0,"13":0,"14":0,"15":0,"16":0,"17":0,"18":0,"19":0,"20":0,"21":0,"22":0,"23":0,"24":0},"b":{"0":[1],"1":[0],"2":[0,0],"3":[0,0],"4":[0,0],"5":[0,0],"6":[0,0],"7":[0,0],"8":[0,0],"9":[0,0],"10":[0],"11":[0,0],"12":[0,0],"13":[0,0]}}
,"/Users/alexismajyambere/tembea/src/services/googleMaps/GoogleMapsDistanceMatrix.js": {"path":"/Users/alexismajyambere/tembea/src/services/googleMaps/GoogleMapsDistanceMatrix.js","statementMap":{"0":{"start":{"line":4,"column":21},"end":{"line":4,"column":52}},"1":{"start":{"line":18,"column":4},"end":{"line":43,"column":null}},"2":{"start":{"line":19,"column":21},"end":{"line":23,"column":8}},"3":{"start":{"line":24,"column":23},"end":{"line":26,"column":null}},"4":{"start":{"line":28,"column":6},"end":{"line":30,"column":null}},"5":{"start":{"line":29,"column":8},"end":{"line":29,"column":72}},"6":{"start":{"line":31,"column":22},"end":{"line":31,"column":55}},"7":{"start":{"line":32,"column":6},"end":{"line":34,"column":null}},"8":{"start":{"line":33,"column":8},"end":{"line":33,"column":62}},"9":{"start":{"line":37,"column":10},"end":{"line":37,"column":17}},"10":{"start":{"line":39,"column":6},"end":{"line":39,"column":48}},"11":{"start":{"line":41,"column":6},"end":{"line":41,"column":31}},"12":{"start":{"line":42,"column":6},"end":{"line":42,"column":18}}},"fnMap":{"0":{"name":"(anonymous_7)","decl":{"start":{"line":17,"column":2},"end":{"line":17,"column":8}},"loc":{"start":{"line":17,"column":54},"end":{"line":44,"column":null}}}},"branchMap":{"0":{"loc":{"start":{"line":28,"column":6},"end":{"line":30,"column":null}},"type":"if","locations":[{"start":{"line":28,"column":6},"end":{"line":30,"column":null}},{"start":{"line":28,"column":6},"end":{"line":30,"column":null}}]},"1":{"loc":{"start":{"line":32,"column":6},"end":{"line":34,"column":null}},"type":"if","locations":[{"start":{"line":32,"column":6},"end":{"line":34,"column":null}},{"start":{"line":32,"column":6},"end":{"line":34,"column":null}}]}},"s":{"0":1,"1":0,"2":0,"3":0,"4":0,"5":0,"6":0,"7":0,"8":0,"9":0,"10":0,"11":0,"12":0},"f":{"0":0},"b":{"0":[0,0],"1":[0,0]}}
,"/Users/alexismajyambere/tembea/src/services/jobScheduler/jobs/TripJobs.ts": {"path":"/Users/alexismajyambere/tembea/src/services/jobScheduler/jobs/TripJobs.ts","statementMap":{"0":{"start":{"line":9,"column":31},"end":{"line":11,"column":1}},"1":{"start":{"line":10,"column":2},"end":{"line":10,"column":64}},"2":{"start":{"line":14,"column":9},"end":{"line":37,"column":null}},"3":{"start":{"line":15,"column":45},"end":{"line":37,"column":null}},"4":{"start":{"line":16,"column":4},"end":{"line":36,"column":null}},"5":{"start":{"line":17,"column":19},"end":{"line":18,"column":36}},"6":{"start":{"line":20,"column":6},"end":{"line":33,"column":9}},"7":{"start":{"line":35,"column":6},"end":{"line":35,"column":29}},"8":{"start":{"line":43,"column":9},"end":{"line":65,"column":null}},"9":{"start":{"line":43,"column":81},"end":{"line":65,"column":null}},"10":{"start":{"line":44,"column":4},"end":{"line":64,"column":null}},"11":{"start":{"line":45,"column":19},"end":{"line":46,"column":28}},"12":{"start":{"line":47,"column":6},"end":{"line":61,"column":11}},"13":{"start":{"line":63,"column":6},"end":{"line":63,"column":29}},"14":{"start":{"line":67,"column":9},"end":{"line":89,"column":null}},"15":{"start":{"line":67,"column":77},"end":{"line":89,"column":null}},"16":{"start":{"line":68,"column":4},"end":{"line":88,"column":null}},"17":{"start":{"line":69,"column":19},"end":{"line":70,"column":38}},"18":{"start":{"line":71,"column":27},"end":{"line":77,"column":8}},"19":{"start":{"line":79,"column":6},"end":{"line":85,"column":9}},"20":{"start":{"line":87,"column":6},"end":{"line":87,"column":31}}},"fnMap":{"0":{"name":"(anonymous_7)","decl":{"start":{"line":9,"column":31},"end":{"line":9,"column":32}},"loc":{"start":{"line":9,"column":93},"end":{"line":11,"column":1}}},"1":{"name":"(anonymous_8)","decl":{"start":{"line":14,"column":38},"end":{"line":14,"column":45}},"loc":{"start":{"line":15,"column":45},"end":{"line":37,"column":null}}},"2":{"name":"(anonymous_9)","decl":{"start":{"line":15,"column":45},"end":{"line":15,"column":null}},"loc":{"start":{"line":15,"column":45},"end":{"line":37,"column":3}}},"3":{"name":"(anonymous_10)","decl":{"start":{"line":43,"column":35},"end":{"line":43,"column":42}},"loc":{"start":{"line":43,"column":81},"end":{"line":65,"column":null}}},"4":{"name":"(anonymous_11)","decl":{"start":{"line":43,"column":81},"end":{"line":43,"column":null}},"loc":{"start":{"line":43,"column":81},"end":{"line":65,"column":3}}},"5":{"name":"(anonymous_12)","decl":{"start":{"line":67,"column":31},"end":{"line":67,"column":38}},"loc":{"start":{"line":67,"column":77},"end":{"line":89,"column":null}}},"6":{"name":"(anonymous_13)","decl":{"start":{"line":67,"column":77},"end":{"line":67,"column":null}},"loc":{"start":{"line":67,"column":77},"end":{"line":89,"column":3}}}},"branchMap":{},"s":{"0":1,"1":0,"2":1,"3":0,"4":0,"5":0,"6":0,"7":0,"8":1,"9":0,"10":0,"11":0,"12":0,"13":0,"14":1,"15":0,"16":0,"17":0,"18":0,"19":0,"20":0},"f":{"0":0,"1":0,"2":0,"3":0,"4":0,"5":0,"6":0},"b":{}}
,"/Users/alexismajyambere/tembea/src/utils/WebClientSingleton.js": {"path":"/Users/alexismajyambere/tembea/src/utils/WebClientSingleton.js","statementMap":{"0":{"start":{"line":5,"column":4},"end":{"line":5,"column":44}}},"fnMap":{"0":{"name":"(anonymous_0)","decl":{"start":{"line":4,"column":2},"end":{"line":4,"column":8}},"loc":{"start":{"line":4,"column":39},"end":{"line":6,"column":3}}}},"branchMap":{},"s":{"0":0},"f":{"0":0},"b":{}}
,"/Users/alexismajyambere/tembea/src/utils/data.js": {"path":"/Users/alexismajyambere/tembea/src/utils/data.js","statementMap":{"0":{"start":{"line":1,"column":32},"end":{"line":1,"column":34}},"1":{"start":{"line":3,"column":34},"end":{"line":3,"column":51}},"2":{"start":{"line":5,"column":41},"end":{"line":7,"column":2}}},"fnMap":{},"branchMap":{},"s":{"0":1,"1":1,"2":1},"f":{},"b":{}}
,"/Users/alexismajyambere/tembea/src/utils/index.ts": {"path":"/Users/alexismajyambere/tembea/src/utils/index.ts","statementMap":{"0":{"start":{"line":4,"column":14},"end":{"line":4,"column":40}}},"fnMap":{},"branchMap":{},"s":{"0":1},"f":{},"b":{}}
}
