TN:
SF:/Users/alexismajyambere/tembea/src/load-env.js
FNF:0
FNH:0
DA:2,1
DA:3,1
DA:5,1
DA:6,1
DA:7,1
DA:9,1
LF:6
LH:6
BRDA:5,0,0,1
BRDA:5,0,1,0
BRF:2
BRH:1
end_of_record
TN:
SF:/Users/alexismajyambere/tembea/src/config/database.js
FNF:0
FNH:0
DA:2,1
DA:4,1
DA:6,1
DA:16,1
LF:4
LH:4
BRDA:9,0,0,1
BRDA:9,0,1,1
BRF:2
BRH:2
end_of_record
TN:
SF:/Users/alexismajyambere/tembea/src/config/environment.js
FN:6,(anonymous_0)
FNF:1
FNH:1
FNDA:3,(anonymous_0)
DA:1,1
DA:3,1
DA:6,1
DA:7,3
DA:8,3
DA:9,3
DA:13,3
DA:16,1
DA:41,1
LF:9
LH:9
BRDA:3,0,0,1
BRDA:3,0,1,1
BRDA:18,1,0,1
BRDA:18,1,1,0
BRDA:19,2,0,1
BRDA:19,2,1,0
BRDA:20,3,0,1
BRDA:20,3,1,0
BRDA:26,4,0,0
BRDA:26,4,1,1
BRDA:27,5,0,0
BRDA:27,5,1,1
BRDA:28,6,0,0
BRDA:28,6,1,1
BRF:14
BRH:8
end_of_record
TN:
SF:/Users/alexismajyambere/tembea/src/database/base.ts
FN:12,(anonymous_2)
FNF:1
FNH:1
FNDA:9,(anonymous_2)
DA:9,1
DA:12,9
LF:2
LH:2
BRF:0
BRH:0
end_of_record
TN:
SF:/Users/alexismajyambere/tembea/src/database/index.ts
FNF:0
FNH:0
DA:5,1
DA:7,1
LF:2
LH:2
BRF:0
BRH:0
end_of_record
TN:
SF:/Users/alexismajyambere/tembea/src/database/models/Embassy.ts
FN:15,(anonymous_2)
FN:19,(anonymous_3)
FN:23,(anonymous_4)
FN:26,(anonymous_5)
FNF:4
FNH:2
FNDA:0,(anonymous_2)
FNDA:0,(anonymous_3)
FNDA:4,(anonymous_4)
FNDA:4,(anonymous_5)
DA:9,1
DA:13,1
DA:15,0
DA:17,1
DA:19,0
DA:21,1
DA:23,4
DA:24,1
DA:26,4
DA:27,1
LF:10
LH:8
BRDA:24,0,0,0
BRDA:24,0,1,1
BRDA:24,1,0,1
BRDA:24,1,1,0
BRDA:27,2,0,0
BRDA:27,2,1,1
BRDA:27,3,0,1
BRDA:27,3,1,0
BRF:8
BRH:4
end_of_record
TN:
SF:/Users/alexismajyambere/tembea/src/database/models/address.ts
FN:16,(anonymous_2)
FN:20,(anonymous_3)
FN:23,(anonymous_4)
FN:26,(anonymous_5)
FN:29,(anonymous_6)
FNF:5
FNH:4
FNDA:4,(anonymous_2)
FNDA:0,(anonymous_3)
FNDA:4,(anonymous_4)
FNDA:4,(anonymous_5)
FNDA:4,(anonymous_6)
DA:8,1
DA:10,1
DA:13,1
DA:16,4
DA:17,1
DA:20,0
DA:21,1
DA:23,4
DA:24,1
DA:26,4
DA:27,1
DA:29,4
DA:30,1
LF:13
LH:12
BRDA:13,0,0,1
BRDA:13,0,1,0
BRDA:13,1,0,1
BRDA:13,1,1,1
BRDA:24,2,0,1
BRDA:24,2,1,0
BRDA:24,3,0,1
BRDA:24,3,1,1
BRDA:27,4,0,1
BRDA:27,4,1,0
BRDA:27,5,0,1
BRDA:27,5,1,1
BRF:12
BRH:9
end_of_record
TN:
SF:/Users/alexismajyambere/tembea/src/database/models/batch-use-record.ts
FN:7,(anonymous_2)
FN:45,(anonymous_3)
FN:32,(anonymous_4)
FN:36,(anonymous_5)
FN:39,(anonymous_6)
FN:42,(anonymous_7)
FNF:6
FNH:5
FNDA:1,(anonymous_2)
FNDA:0,(anonymous_3)
FNDA:6,(anonymous_4)
FNDA:2,(anonymous_5)
FNDA:4,(anonymous_6)
FNDA:4,(anonymous_7)
DA:7,1
DA:8,1
DA:9,1
DA:10,1
DA:11,1
DA:15,1
DA:21,1
DA:24,1
DA:29,1
DA:32,6
DA:33,1
DA:36,2
DA:37,1
DA:39,4
DA:40,1
DA:42,4
DA:43,1
DA:46,0
LF:18
LH:17
BRDA:7,0,0,1
BRDA:7,0,1,1
BRDA:46,1,0,0
BRDA:46,1,1,0
BRDA:40,2,0,1
BRDA:40,2,1,0
BRDA:40,3,0,1
BRDA:40,3,1,1
BRDA:43,4,0,0
BRDA:43,4,1,1
BRDA:43,5,0,1
BRDA:43,5,1,0
BRF:12
BRH:7
end_of_record
TN:
SF:/Users/alexismajyambere/tembea/src/database/models/cab.ts
FN:27,(anonymous_2)
FN:30,(anonymous_3)
FNF:2
FNH:2
FNDA:4,(anonymous_2)
FNDA:4,(anonymous_3)
DA:10,1
DA:12,1
DA:15,1
DA:18,1
DA:24,1
DA:27,4
DA:28,1
DA:30,4
DA:31,1
LF:9
LH:9
BRDA:31,0,0,0
BRDA:31,0,1,1
BRDA:31,1,0,1
BRDA:31,1,1,0
BRF:4
BRH:2
end_of_record
TN:
SF:/Users/alexismajyambere/tembea/src/database/models/country.ts
FN:6,(anonymous_2)
FN:39,(anonymous_3)
FNF:2
FNH:2
FNDA:1,(anonymous_2)
FNDA:4,(anonymous_3)
DA:6,1
DA:7,1
DA:8,1
DA:27,1
DA:31,1
DA:37,1
DA:39,4
DA:40,1
LF:8
LH:8
BRDA:6,0,0,1
BRDA:6,0,1,1
BRF:2
BRH:2
end_of_record
TN:
SF:/Users/alexismajyambere/tembea/src/database/models/department.ts
FN:10,(anonymous_2)
FN:42,(anonymous_3)
FN:51,(anonymous_4)
FN:54,(anonymous_5)
FN:57,(anonymous_6)
FN:60,(anonymous_7)
FN:15,(anonymous_8)
FN:20,(anonymous_9)
FNF:8
FNH:8
FNDA:1,(anonymous_2)
FNDA:10,(anonymous_3)
FNDA:6,(anonymous_4)
FNDA:2,(anonymous_5)
FNDA:4,(anonymous_6)
FNDA:4,(anonymous_7)
FNDA:2,(anonymous_8)
FNDA:2,(anonymous_9)
DA:10,1
DA:11,1
DA:12,1
DA:15,2
DA:20,2
DA:33,1
DA:37,1
DA:42,10
DA:43,1
DA:49,1
DA:51,6
DA:52,1
DA:54,2
DA:55,1
DA:57,4
DA:58,1
DA:60,4
DA:61,1
LF:18
LH:18
BRDA:10,0,0,1
BRDA:10,0,1,1
BRDA:58,1,0,0
BRDA:58,1,1,1
BRDA:58,2,0,1
BRDA:58,2,1,0
BRDA:61,3,0,0
BRDA:61,3,1,1
BRDA:61,4,0,1
BRDA:61,4,1,0
BRF:10
BRH:6
end_of_record
TN:
SF:/Users/alexismajyambere/tembea/src/database/models/driver.ts
FN:22,(anonymous_2)
FN:26,(anonymous_3)
FN:29,(anonymous_4)
FN:32,(anonymous_5)
FNF:4
FNH:4
FNDA:8,(anonymous_2)
FNDA:2,(anonymous_3)
FNDA:4,(anonymous_4)
FNDA:4,(anonymous_5)
DA:11,1
DA:13,1
DA:16,1
DA:19,1
DA:22,8
DA:23,1
DA:26,2
DA:27,1
DA:29,4
DA:30,1
DA:32,4
DA:33,1
LF:12
LH:12
BRDA:30,0,0,1
BRDA:30,0,1,0
BRDA:30,1,0,1
BRDA:30,1,1,1
BRDA:33,2,0,0
BRDA:33,2,1,1
BRDA:33,3,0,1
BRDA:33,3,1,0
BRF:8
BRH:5
end_of_record
TN:
SF:/Users/alexismajyambere/tembea/src/database/models/engagement.ts
FN:17,(anonymous_2)
FN:20,(anonymous_3)
FN:23,(anonymous_4)
FN:26,(anonymous_5)
FNF:4
FNH:4
FNDA:18,(anonymous_2)
FNDA:6,(anonymous_3)
FNDA:4,(anonymous_4)
FNDA:4,(anonymous_5)
DA:7,1
DA:9,1
DA:12,1
DA:15,1
DA:17,18
DA:18,1
DA:20,6
DA:21,1
DA:23,4
DA:24,1
DA:26,4
DA:27,1
LF:12
LH:12
BRDA:24,0,0,0
BRDA:24,0,1,1
BRDA:24,1,0,1
BRDA:24,1,1,0
BRDA:27,2,0,0
BRDA:27,2,1,1
BRDA:27,3,0,1
BRDA:27,3,1,0
BRF:8
BRH:4
end_of_record
TN:
SF:/Users/alexismajyambere/tembea/src/database/models/feedback.ts
FN:7,(anonymous_2)
FN:13,(anonymous_3)
FNF:2
FNH:2
FNDA:2,(anonymous_2)
FNDA:4,(anonymous_3)
DA:6,1
DA:7,2
DA:8,1
DA:11,1
DA:13,4
DA:14,1
LF:6
LH:6
BRDA:14,0,0,1
BRDA:14,0,1,0
BRDA:14,1,0,1
BRDA:14,1,1,1
BRF:4
BRH:3
end_of_record
TN:
SF:/Users/alexismajyambere/tembea/src/database/models/homebase.ts
FN:30,(anonymous_2)
FN:34,(anonymous_3)
FN:39,(anonymous_4)
FN:42,(anonymous_5)
FN:48,(anonymous_6)
FN:51,(anonymous_7)
FN:54,(anonymous_8)
FN:57,(anonymous_9)
FNF:8
FNH:6
FNDA:2,(anonymous_2)
FNDA:0,(anonymous_3)
FNDA:0,(anonymous_4)
FNDA:4,(anonymous_5)
FNDA:4,(anonymous_6)
FNDA:4,(anonymous_7)
FNDA:4,(anonymous_8)
FNDA:4,(anonymous_9)
DA:13,1
DA:17,1
DA:20,1
DA:25,1
DA:28,1
DA:30,2
DA:32,1
DA:34,0
DA:36,1
DA:39,0
DA:40,1
DA:42,4
DA:46,1
DA:48,4
DA:49,1
DA:51,4
DA:52,1
DA:54,4
DA:55,1
DA:57,4
DA:58,1
DA:61,1
LF:22
LH:20
BRDA:46,0,0,1
BRDA:46,0,1,0
BRDA:46,1,0,1
BRDA:46,1,1,1
BRDA:49,2,0,0
BRDA:49,2,1,1
BRDA:49,3,0,1
BRDA:49,3,1,0
BRDA:55,4,0,1
BRDA:55,4,1,0
BRDA:55,5,0,1
BRDA:55,5,1,1
BRF:12
BRH:8
end_of_record
TN:
SF:/Users/alexismajyambere/tembea/src/database/models/join-request.ts
FN:7,(anonymous_2)
FN:26,(anonymous_3)
FN:30,(anonymous_4)
FN:34,(anonymous_5)
FN:37,(anonymous_6)
FN:40,(anonymous_7)
FN:43,(anonymous_8)
FNF:7
FNH:7
FNDA:1,(anonymous_2)
FNDA:10,(anonymous_3)
FNDA:6,(anonymous_4)
FNDA:2,(anonymous_5)
FNDA:4,(anonymous_6)
FNDA:4,(anonymous_7)
FNDA:4,(anonymous_8)
DA:7,1
DA:8,1
DA:9,1
DA:10,1
DA:11,1
DA:15,1
DA:17,1
DA:23,1
DA:26,10
DA:27,1
DA:30,6
DA:31,1
DA:34,2
DA:35,1
DA:37,4
DA:38,1
DA:40,4
DA:41,1
DA:43,4
DA:44,1
LF:20
LH:20
BRDA:7,0,0,1
BRDA:7,0,1,1
BRDA:38,1,0,1
BRDA:38,1,1,0
BRDA:38,2,0,1
BRDA:38,2,1,1
BRDA:41,3,0,1
BRDA:41,3,1,0
BRDA:41,4,0,1
BRDA:41,4,1,1
BRDA:44,5,0,1
BRDA:44,5,1,0
BRDA:44,6,0,1
BRDA:44,6,1,1
BRF:14
BRH:11
end_of_record
TN:
SF:/Users/alexismajyambere/tembea/src/database/models/location.ts
FN:19,(anonymous_2)
FNF:1
FNH:1
FNDA:4,(anonymous_2)
DA:6,1
DA:11,1
DA:17,1
DA:19,4
DA:20,1
LF:5
LH:5
BRDA:20,0,0,0
BRDA:20,0,1,1
BRDA:20,1,0,1
BRDA:20,1,1,0
BRF:4
BRH:2
end_of_record
TN:
SF:/Users/alexismajyambere/tembea/src/database/models/partner.ts
FN:11,(anonymous_2)
FN:11,(anonymous_3)
FNF:2
FNH:2
FNDA:4,(anonymous_2)
FNDA:2,(anonymous_3)
DA:7,1
DA:9,1
DA:11,4
DA:12,1
LF:4
LH:4
BRF:0
BRH:0
end_of_record
TN:
SF:/Users/alexismajyambere/tembea/src/database/models/provider.ts
FN:9,(anonymous_2)
FN:69,(anonymous_3)
FN:42,(anonymous_4)
FN:46,(anonymous_5)
FN:54,(anonymous_6)
FN:57,(anonymous_7)
FN:60,(anonymous_8)
FN:63,(anonymous_9)
FN:66,(anonymous_10)
FNF:9
FNH:8
FNDA:1,(anonymous_2)
FNDA:0,(anonymous_3)
FNDA:4,(anonymous_4)
FNDA:2,(anonymous_5)
FNDA:4,(anonymous_6)
FNDA:4,(anonymous_7)
FNDA:4,(anonymous_8)
FNDA:4,(anonymous_9)
FNDA:4,(anonymous_10)
DA:9,1
DA:10,1
DA:11,1
DA:12,1
DA:13,1
DA:20,1
DA:22,1
DA:27,1
DA:30,1
DA:33,1
DA:39,1
DA:42,4
DA:43,1
DA:46,2
DA:47,1
DA:52,1
DA:54,4
DA:55,1
DA:57,4
DA:58,1
DA:60,4
DA:61,1
DA:63,4
DA:64,1
DA:66,4
DA:67,1
DA:70,0
LF:27
LH:26
BRDA:9,0,0,1
BRDA:9,0,1,1
BRDA:55,1,0,0
BRDA:55,1,1,1
BRDA:55,2,0,1
BRDA:55,2,1,0
BRDA:58,3,0,0
BRDA:58,3,1,1
BRDA:58,4,0,1
BRDA:58,4,1,0
BRF:10
BRH:6
end_of_record
TN:
SF:/Users/alexismajyambere/tembea/src/database/models/role.ts
FN:13,(anonymous_2)
FN:13,(anonymous_3)
FNF:2
FNH:2
FNDA:4,(anonymous_2)
FNDA:2,(anonymous_3)
DA:7,1
DA:11,1
DA:13,4
DA:14,1
LF:4
LH:4
BRF:0
BRH:0
end_of_record
TN:
SF:/Users/alexismajyambere/tembea/src/database/models/route-batch.ts
FN:11,(anonymous_2)
FN:45,(anonymous_3)
FN:49,(anonymous_4)
FN:53,(anonymous_5)
FN:57,(anonymous_6)
FN:61,(anonymous_7)
FN:64,(anonymous_8)
FN:67,(anonymous_9)
FN:70,(anonymous_10)
FN:73,(anonymous_11)
FN:76,(anonymous_12)
FN:79,(anonymous_13)
FNF:12
FNH:10
FNDA:1,(anonymous_2)
FNDA:12,(anonymous_3)
FNDA:8,(anonymous_4)
FNDA:6,(anonymous_5)
FNDA:2,(anonymous_6)
FNDA:0,(anonymous_7)
FNDA:4,(anonymous_8)
FNDA:4,(anonymous_9)
FNDA:4,(anonymous_10)
FNDA:4,(anonymous_11)
FNDA:4,(anonymous_12)
FNDA:0,(anonymous_13)
DA:11,1
DA:12,1
DA:13,1
DA:20,1
DA:22,1
DA:25,1
DA:28,1
DA:31,1
DA:36,1
DA:42,1
DA:45,12
DA:46,1
DA:49,8
DA:50,1
DA:53,6
DA:54,1
DA:57,2
DA:58,1
DA:61,0
DA:62,1
DA:64,4
DA:65,1
DA:67,4
DA:68,1
DA:70,4
DA:71,1
DA:73,4
DA:74,1
DA:76,4
DA:77,1
DA:79,0
DA:80,1
LF:32
LH:30
BRDA:11,0,0,1
BRDA:11,0,1,1
BRDA:68,1,0,1
BRDA:68,1,1,0
BRDA:68,2,0,1
BRDA:68,2,1,1
BRDA:71,3,0,1
BRDA:71,3,1,0
BRDA:71,4,0,1
BRDA:71,4,1,1
BRDA:74,5,0,1
BRDA:74,5,1,0
BRDA:74,6,0,1
BRDA:74,6,1,1
BRDA:77,7,0,0
BRDA:77,7,1,1
BRDA:77,8,0,1
BRDA:77,8,1,0
BRDA:80,9,0,1
BRDA:80,9,1,0
BRDA:80,10,0,1
BRDA:80,10,1,1
BRF:22
BRH:16
end_of_record
TN:
SF:/Users/alexismajyambere/tembea/src/database/models/route-request.ts
FN:8,(anonymous_2)
FN:43,(anonymous_3)
FN:47,(anonymous_4)
FN:51,(anonymous_5)
FN:55,(anonymous_6)
FN:59,(anonymous_7)
FN:63,(anonymous_8)
FN:67,(anonymous_9)
FN:70,(anonymous_10)
FN:73,(anonymous_11)
FN:76,(anonymous_12)
FN:79,(anonymous_13)
FN:82,(anonymous_14)
FN:85,(anonymous_15)
FN:88,(anonymous_16)
FNF:15
FNH:15
FNDA:1,(anonymous_2)
FNDA:6,(anonymous_3)
FNDA:4,(anonymous_4)
FNDA:4,(anonymous_5)
FNDA:4,(anonymous_6)
FNDA:4,(anonymous_7)
FNDA:4,(anonymous_8)
FNDA:2,(anonymous_9)
FNDA:4,(anonymous_10)
FNDA:4,(anonymous_11)
FNDA:4,(anonymous_12)
FNDA:4,(anonymous_13)
FNDA:4,(anonymous_14)
FNDA:4,(anonymous_15)
FNDA:4,(anonymous_16)
DA:8,1
DA:9,1
DA:10,1
DA:11,1
DA:12,1
DA:16,1
DA:20,1
DA:23,1
DA:26,1
DA:31,1
DA:34,1
DA:40,1
DA:43,6
DA:44,1
DA:47,4
DA:48,1
DA:51,4
DA:52,1
DA:55,4
DA:56,1
DA:59,4
DA:60,1
DA:63,4
DA:64,1
DA:67,2
DA:68,1
DA:70,4
DA:71,1
DA:73,4
DA:74,1
DA:76,4
DA:77,1
DA:79,4
DA:80,1
DA:82,4
DA:83,1
DA:85,4
DA:86,1
DA:88,4
DA:89,1
LF:40
LH:40
BRDA:8,0,0,1
BRDA:8,0,1,1
BRDA:71,1,0,1
BRDA:71,1,1,0
BRDA:71,2,0,1
BRDA:71,2,1,1
BRDA:74,3,0,1
BRDA:74,3,1,0
BRDA:74,4,0,1
BRDA:74,4,1,1
BRDA:77,5,0,1
BRDA:77,5,1,0
BRDA:77,6,0,1
BRDA:77,6,1,1
BRDA:80,7,0,1
BRDA:80,7,1,0
BRDA:80,8,0,1
BRDA:80,8,1,1
BRDA:83,9,0,1
BRDA:83,9,1,0
BRDA:83,10,0,1
BRDA:83,10,1,1
BRDA:86,11,0,1
BRDA:86,11,1,0
BRDA:86,12,0,1
BRDA:86,12,1,1
BRDA:89,13,0,1
BRDA:89,13,1,0
BRDA:89,14,0,1
BRDA:89,14,1,1
BRF:30
BRH:23
end_of_record
TN:
SF:/Users/alexismajyambere/tembea/src/database/models/route-use-record.ts
FN:38,(anonymous_2)
FN:41,(anonymous_3)
FN:44,(anonymous_4)
FNF:3
FNH:3
FNDA:2,(anonymous_2)
FNDA:4,(anonymous_3)
FNDA:4,(anonymous_4)
DA:7,1
DA:12,1
DA:18,1
DA:24,1
DA:30,1
DA:35,1
DA:38,2
DA:39,1
DA:41,4
DA:42,1
DA:44,4
DA:45,1
LF:12
LH:12
BRDA:42,0,0,1
BRDA:42,0,1,0
BRDA:42,1,0,1
BRDA:42,1,1,1
BRF:4
BRH:3
end_of_record
TN:
SF:/Users/alexismajyambere/tembea/src/database/models/route.ts
FN:18,(anonymous_2)
FN:22,(anonymous_3)
FN:25,(anonymous_4)
FN:28,(anonymous_5)
FN:31,(anonymous_6)
FNF:5
FNH:5
FNDA:6,(anonymous_2)
FNDA:2,(anonymous_3)
FNDA:4,(anonymous_4)
FNDA:4,(anonymous_5)
FNDA:4,(anonymous_6)
DA:8,1
DA:10,1
DA:15,1
DA:18,6
DA:19,1
DA:22,2
DA:23,1
DA:25,4
DA:26,1
DA:28,4
DA:29,1
DA:31,4
DA:32,1
LF:13
LH:13
BRDA:29,0,0,0
BRDA:29,0,1,1
BRDA:29,1,0,1
BRDA:29,1,1,0
BRDA:32,2,0,0
BRDA:32,2,1,1
BRDA:32,3,0,1
BRDA:32,3,1,0
BRF:8
BRH:4
end_of_record
TN:
SF:/Users/alexismajyambere/tembea/src/database/models/team-details.ts
FN:40,(anonymous_2)
FNF:1
FNH:1
FNDA:4,(anonymous_2)
DA:5,1
DA:11,1
DA:18,1
DA:25,1
DA:31,1
DA:38,1
DA:40,4
DA:41,1
LF:8
LH:8
BRF:0
BRH:0
end_of_record
TN:
SF:/Users/alexismajyambere/tembea/src/database/models/trip-details.ts
FNF:0
FNH:0
DA:5,1
DA:7,1
DA:10,1
DA:13,1
LF:4
LH:4
BRF:0
BRH:0
end_of_record
TN:
SF:/Users/alexismajyambere/tembea/src/database/models/trip-request.ts
FN:13,(anonymous_2)
FN:21,(anonymous_3)
FN:190,(anonymous_4)
FN:99,(anonymous_5)
FN:103,(anonymous_6)
FN:107,(anonymous_7)
FN:111,(anonymous_8)
FN:115,(anonymous_9)
FN:119,(anonymous_10)
FN:123,(anonymous_11)
FN:127,(anonymous_12)
FN:131,(anonymous_13)
FN:135,(anonymous_14)
FN:139,(anonymous_15)
FN:143,(anonymous_16)
FN:147,(anonymous_17)
FN:151,(anonymous_18)
FN:154,(anonymous_19)
FN:157,(anonymous_20)
FN:160,(anonymous_21)
FN:163,(anonymous_22)
FN:166,(anonymous_23)
FN:169,(anonymous_24)
FN:172,(anonymous_25)
FN:175,(anonymous_26)
FN:178,(anonymous_27)
FN:181,(anonymous_28)
FN:184,(anonymous_29)
FN:187,(anonymous_30)
FNF:29
FNH:28
FNDA:1,(anonymous_2)
FNDA:1,(anonymous_3)
FNDA:0,(anonymous_4)
FNDA:28,(anonymous_5)
FNDA:28,(anonymous_6)
FNDA:28,(anonymous_7)
FNDA:28,(anonymous_8)
FNDA:28,(anonymous_9)
FNDA:28,(anonymous_10)
FNDA:28,(anonymous_11)
FNDA:26,(anonymous_12)
FNDA:20,(anonymous_13)
FNDA:14,(anonymous_14)
FNDA:10,(anonymous_15)
FNDA:6,(anonymous_16)
FNDA:2,(anonymous_17)
FNDA:4,(anonymous_18)
FNDA:4,(anonymous_19)
FNDA:4,(anonymous_20)
FNDA:4,(anonymous_21)
FNDA:4,(anonymous_22)
FNDA:4,(anonymous_23)
FNDA:4,(anonymous_24)
FNDA:4,(anonymous_25)
FNDA:4,(anonymous_26)
FNDA:4,(anonymous_27)
FNDA:4,(anonymous_28)
FNDA:4,(anonymous_29)
FNDA:4,(anonymous_30)
DA:13,1
DA:14,1
DA:15,1
DA:16,1
DA:21,1
DA:22,1
DA:23,1
DA:24,1
DA:25,1
DA:26,1
DA:27,1
DA:28,1
DA:29,1
DA:30,1
DA:36,1
DA:40,1
DA:46,1
DA:52,1
DA:57,1
DA:63,1
DA:66,1
DA:69,1
DA:72,1
DA:75,1
DA:78,1
DA:81,1
DA:84,1
DA:87,1
DA:92,1
DA:95,1
DA:99,28
DA:100,1
DA:103,28
DA:104,1
DA:107,28
DA:108,1
DA:111,28
DA:112,1
DA:115,28
DA:116,1
DA:119,28
DA:120,1
DA:123,28
DA:124,1
DA:127,26
DA:128,1
DA:131,20
DA:132,1
DA:135,14
DA:136,1
DA:139,10
DA:140,1
DA:143,6
DA:144,1
DA:147,2
DA:148,1
DA:151,4
DA:152,1
DA:154,4
DA:155,1
DA:157,4
DA:158,1
DA:160,4
DA:161,1
DA:163,4
DA:164,1
DA:166,4
DA:167,1
DA:169,4
DA:170,1
DA:172,4
DA:173,1
DA:175,4
DA:176,1
DA:178,4
DA:179,1
DA:181,4
DA:182,1
DA:184,4
DA:185,1
DA:187,4
DA:188,1
DA:190,0
LF:83
LH:82
BRDA:13,0,0,1
BRDA:13,0,1,1
BRDA:21,1,0,1
BRDA:21,1,1,1
BRDA:152,2,0,0
BRDA:152,2,1,1
BRDA:152,3,0,1
BRDA:152,3,1,0
BRDA:155,4,0,0
BRDA:155,4,1,1
BRDA:155,5,0,1
BRDA:155,5,1,0
BRDA:158,6,0,0
BRDA:158,6,1,1
BRDA:158,7,0,1
BRDA:158,7,1,0
BRDA:161,8,0,0
BRDA:161,8,1,1
BRDA:161,9,0,1
BRDA:161,9,1,0
BRDA:164,10,0,0
BRDA:164,10,1,1
BRDA:164,11,0,1
BRDA:164,11,1,0
BRDA:167,12,0,0
BRDA:167,12,1,1
BRDA:167,13,0,1
BRDA:167,13,1,0
BRDA:170,14,0,0
BRDA:170,14,1,1
BRDA:170,15,0,1
BRDA:170,15,1,0
BRDA:173,16,0,1
BRDA:173,16,1,0
BRDA:173,17,0,1
BRDA:173,17,1,1
BRDA:176,18,0,0
BRDA:176,18,1,1
BRDA:176,19,0,1
BRDA:176,19,1,0
BRDA:179,20,0,1
BRDA:179,20,1,0
BRDA:179,21,0,1
BRDA:179,21,1,1
BRDA:182,22,0,0
BRDA:182,22,1,1
BRDA:182,23,0,1
BRDA:182,23,1,0
BRDA:185,24,0,1
BRDA:185,24,1,0
BRDA:185,25,0,1
BRDA:185,25,1,1
BRDA:188,26,0,0
BRDA:188,26,1,1
BRDA:188,27,0,1
BRDA:188,27,1,0
BRF:56
BRH:33
end_of_record
TN:
SF:/Users/alexismajyambere/tembea/src/database/models/user-role.ts
FN:9,(anonymous_2)
FN:13,(anonymous_3)
FN:17,(anonymous_4)
FN:20,(anonymous_5)
FN:23,(anonymous_6)
FNF:5
FNH:5
FNDA:20,(anonymous_2)
FNDA:10,(anonymous_3)
FNDA:2,(anonymous_4)
FNDA:4,(anonymous_5)
FNDA:4,(anonymous_6)
DA:7,1
DA:9,20
DA:10,1
DA:13,10
DA:14,1
DA:17,2
DA:18,1
DA:20,4
DA:21,1
DA:23,4
DA:24,1
LF:11
LH:11
BRDA:21,0,0,0
BRDA:21,0,1,1
BRDA:21,1,0,1
BRDA:21,1,1,0
BRDA:24,2,0,0
BRDA:24,2,1,1
BRDA:24,3,0,1
BRDA:24,3,1,0
BRF:8
BRH:4
end_of_record
TN:
SF:/Users/alexismajyambere/tembea/src/database/models/user.ts
FN:87,(anonymous_2)
FN:52,(anonymous_3)
FN:58,(anonymous_4)
FN:62,(anonymous_5)
FN:66,(anonymous_6)
FN:69,(anonymous_7)
FN:72,(anonymous_8)
FN:75,(anonymous_9)
FN:75,(anonymous_10)
FN:78,(anonymous_11)
FN:78,(anonymous_12)
FN:81,(anonymous_13)
FN:84,(anonymous_14)
FNF:13
FNH:12
FNDA:0,(anonymous_2)
FNDA:12,(anonymous_3)
FNDA:8,(anonymous_4)
FNDA:2,(anonymous_5)
FNDA:4,(anonymous_6)
FNDA:4,(anonymous_7)
FNDA:4,(anonymous_8)
FNDA:4,(anonymous_9)
FNDA:2,(anonymous_10)
FNDA:4,(anonymous_11)
FNDA:2,(anonymous_12)
FNDA:4,(anonymous_13)
FNDA:4,(anonymous_14)
DA:20,1
DA:26,1
DA:33,1
DA:40,1
DA:46,1
DA:52,12
DA:53,1
DA:58,8
DA:59,1
DA:62,2
DA:63,1
DA:66,4
DA:67,1
DA:69,4
DA:70,1
DA:72,4
DA:73,1
DA:75,4
DA:76,1
DA:78,4
DA:79,1
DA:81,4
DA:82,1
DA:84,4
DA:85,1
DA:88,0
LF:26
LH:25
BRDA:88,0,0,0
BRDA:88,0,1,0
BRDA:88,1,0,0
BRDA:88,1,1,0
BRDA:70,2,0,1
BRDA:70,2,1,0
BRDA:70,3,0,1
BRDA:70,3,1,1
BRDA:73,4,0,0
BRDA:73,4,1,1
BRDA:73,5,0,1
BRDA:73,5,1,0
BRF:12
BRH:5
end_of_record
TN:
SF:/Users/alexismajyambere/tembea/src/database/viewmodels/trip-request.viewmodel.ts
FN:32,(anonymous_0)
FN:10,(anonymous_1)
FN:15,(anonymous_2)
FN:22,(anonymous_3)
FN:34,(anonymous_4)
FN:35,(anonymous_5)
FN:36,(anonymous_6)
FN:37,(anonymous_7)
FN:38,(anonymous_8)
FN:39,(anonymous_9)
FN:40,(anonymous_10)
FN:41,(anonymous_11)
FN:42,(anonymous_12)
FN:43,(anonymous_13)
FN:44,(anonymous_14)
FN:45,(anonymous_15)
FN:46,(anonymous_16)
FN:47,(anonymous_17)
FN:48,(anonymous_18)
FN:49,(anonymous_19)
FN:50,(anonymous_20)
FN:53,(anonymous_21)
FN:54,(anonymous_22)
FN:58,(anonymous_23)
FN:59,(anonymous_24)
FN:60,(anonymous_25)
FN:69,(anonymous_26)
FN:70,(anonymous_27)
FN:71,(anonymous_28)
FN:72,(anonymous_29)
FN:73,(anonymous_30)
FN:74,(anonymous_31)
FNF:32
FNH:0
FNDA:0,(anonymous_0)
FNDA:0,(anonymous_1)
FNDA:0,(anonymous_2)
FNDA:0,(anonymous_3)
FNDA:0,(anonymous_4)
FNDA:0,(anonymous_5)
FNDA:0,(anonymous_6)
FNDA:0,(anonymous_7)
FNDA:0,(anonymous_8)
FNDA:0,(anonymous_9)
FNDA:0,(anonymous_10)
FNDA:0,(anonymous_11)
FNDA:0,(anonymous_12)
FNDA:0,(anonymous_13)
FNDA:0,(anonymous_14)
FNDA:0,(anonymous_15)
FNDA:0,(anonymous_16)
FNDA:0,(anonymous_17)
FNDA:0,(anonymous_18)
FNDA:0,(anonymous_19)
FNDA:0,(anonymous_20)
FNDA:0,(anonymous_21)
FNDA:0,(anonymous_22)
FNDA:0,(anonymous_23)
FNDA:0,(anonymous_24)
FNDA:0,(anonymous_25)
FNDA:0,(anonymous_26)
FNDA:0,(anonymous_27)
FNDA:0,(anonymous_28)
FNDA:0,(anonymous_29)
FNDA:0,(anonymous_30)
FNDA:0,(anonymous_31)
DA:11,0
DA:12,0
DA:16,0
DA:17,0
DA:18,0
DA:23,0
DA:24,0
DA:32,0
DA:34,0
DA:35,0
DA:36,0
DA:37,0
DA:38,0
DA:39,0
DA:40,0
DA:41,0
DA:42,0
DA:43,0
DA:44,0
DA:45,0
DA:46,0
DA:47,0
DA:48,0
DA:49,0
DA:51,0
DA:53,0
DA:55,0
DA:56,0
DA:58,0
DA:59,0
DA:61,0
DA:62,0
DA:63,0
DA:64,0
DA:65,0
DA:66,0
DA:69,0
DA:70,0
DA:71,0
DA:72,0
DA:73,0
DA:74,0
LF:42
LH:0
BRDA:11,0,0,0
BRDA:11,0,1,0
BRDA:16,1,0,0
BRDA:16,1,1,0
BRDA:17,2,0,0
BRDA:23,3,0,0
BRDA:23,3,1,0
BRDA:26,4,0,0
BRDA:26,4,1,0
BRDA:27,5,0,0
BRDA:27,5,1,0
BRDA:55,6,0,0
BRDA:55,6,1,0
BRDA:62,7,0,0
BRDA:62,7,1,0
BRDA:64,8,0,0
BRDA:64,8,1,0
BRDA:66,9,0,0
BRDA:66,9,1,0
BRF:19
BRH:0
end_of_record
TN:
SF:/Users/alexismajyambere/tembea/src/helpers/CountryHelper.js
FN:10,(anonymous_7)
FN:24,(anonymous_9)
FN:37,(anonymous_11)
FN:47,(anonymous_12)
FN:57,(anonymous_14)
FNF:5
FNH:0
FNDA:0,(anonymous_7)
FNDA:0,(anonymous_9)
FNDA:0,(anonymous_11)
FNDA:0,(anonymous_12)
FNDA:0,(anonymous_14)
DA:11,0
DA:12,0
DA:13,0
DA:15,0
DA:25,0
DA:26,0
DA:27,0
DA:29,0
DA:38,0
DA:39,0
DA:48,0
DA:49,0
DA:58,0
DA:59,0
DA:60,0
DA:61,0
DA:63,0
LF:17
LH:0
BRDA:10,0,0,0
BRDA:10,1,0,0
BRDA:12,2,0,0
BRDA:12,2,1,0
BRDA:26,3,0,0
BRDA:26,3,1,0
BRDA:60,4,0,0
BRDA:60,4,1,0
BRF:8
BRH:0
end_of_record
TN:
SF:/Users/alexismajyambere/tembea/src/helpers/HomeBaseHelper.js
FN:7,(anonymous_7)
FN:24,(anonymous_8)
FN:29,(anonymous_10)
FNF:3
FNH:0
FNDA:0,(anonymous_7)
FNDA:0,(anonymous_8)
FNDA:0,(anonymous_10)
DA:7,1
DA:8,0
DA:15,0
DA:25,0
DA:26,0
DA:30,0
DA:31,0
LF:7
LH:1
BRF:0
BRH:0
end_of_record
TN:
SF:/Users/alexismajyambere/tembea/src/helpers/JoiHelper.js
FN:4,(anonymous_0)
FN:15,(anonymous_1)
FN:17,(anonymous_2)
FNF:3
FNH:0
FNDA:0,(anonymous_0)
FNDA:0,(anonymous_1)
FNDA:0,(anonymous_2)
DA:8,0
DA:9,0
DA:10,0
DA:12,0
DA:16,0
DA:17,0
DA:20,0
DA:21,0
DA:22,0
DA:23,0
DA:24,0
DA:25,0
DA:26,0
DA:27,0
DA:28,0
DA:29,0
DA:30,0
DA:31,0
DA:32,0
DA:33,0
DA:34,0
DA:35,0
DA:38,0
LF:23
LH:0
BRDA:4,0,0,0
BRDA:9,1,0,0
BRDA:9,1,1,0
BRDA:21,2,0,0
BRDA:21,2,1,0
BRDA:21,2,2,0
BRDA:21,2,3,0
BRDA:21,2,4,0
BRDA:21,2,5,0
BRDA:21,2,6,0
BRDA:21,2,7,0
BRF:11
BRH:0
end_of_record
TN:
SF:/Users/alexismajyambere/tembea/src/helpers/RouteHelper.js
FN:15,(anonymous_7)
FN:18,(anonymous_8)
FN:26,(anonymous_9)
FN:29,(anonymous_10)
FN:46,(anonymous_11)
FN:53,(anonymous_12)
FN:61,(anonymous_13)
FN:66,(anonymous_15)
FN:75,(anonymous_17)
FN:80,(anonymous_19)
FN:85,(anonymous_21)
FN:90,(anonymous_23)
FN:119,(anonymous_25)
FN:137,(anonymous_27)
FN:146,(anonymous_29)
FN:151,(anonymous_31)
FN:164,(anonymous_33)
FN:178,(anonymous_34)
FN:189,(anonymous_35)
FN:207,(anonymous_36)
FN:234,(anonymous_37)
FN:235,(anonymous_38)
FN:237,(anonymous_39)
FN:251,(anonymous_40)
FNF:24
FNH:0
FNDA:0,(anonymous_7)
FNDA:0,(anonymous_8)
FNDA:0,(anonymous_9)
FNDA:0,(anonymous_10)
FNDA:0,(anonymous_11)
FNDA:0,(anonymous_12)
FNDA:0,(anonymous_13)
FNDA:0,(anonymous_15)
FNDA:0,(anonymous_17)
FNDA:0,(anonymous_19)
FNDA:0,(anonymous_21)
FNDA:0,(anonymous_23)
FNDA:0,(anonymous_25)
FNDA:0,(anonymous_27)
FNDA:0,(anonymous_29)
FNDA:0,(anonymous_31)
FNDA:0,(anonymous_33)
FNDA:0,(anonymous_34)
FNDA:0,(anonymous_35)
FNDA:0,(anonymous_36)
FNDA:0,(anonymous_37)
FNDA:0,(anonymous_38)
FNDA:0,(anonymous_39)
FNDA:0,(anonymous_40)
DA:16,0
DA:18,0
DA:19,0
DA:20,0
DA:22,0
DA:27,0
DA:28,0
DA:29,0
DA:30,0
DA:31,0
DA:32,0
DA:33,0
DA:34,0
DA:35,0
DA:36,0
DA:37,0
DA:38,0
DA:40,0
DA:41,0
DA:42,0
DA:43,0
DA:47,0
DA:48,0
DA:50,0
DA:54,0
DA:55,0
DA:57,0
DA:58,0
DA:62,0
DA:63,0
DA:68,0
DA:69,0
DA:70,0
DA:72,0
DA:76,0
DA:77,0
DA:81,0
DA:82,0
DA:86,0
DA:87,0
DA:95,0
DA:97,0
DA:101,0
DA:103,0
DA:107,0
DA:109,0
DA:115,0
DA:116,0
DA:120,0
DA:123,0
DA:125,0
DA:126,0
DA:134,0
DA:138,0
DA:139,0
DA:140,0
DA:142,0
DA:143,0
DA:147,0
DA:148,0
DA:152,0
DA:154,0
DA:155,0
DA:165,0
DA:167,0
DA:168,0
DA:171,0
DA:172,0
DA:175,0
DA:179,0
DA:180,0
DA:186,0
DA:190,0
DA:199,0
DA:208,0
DA:209,0
DA:211,0
DA:212,0
DA:213,0
DA:214,0
DA:215,0
DA:216,0
DA:217,0
DA:221,0
DA:223,0
DA:235,0
DA:236,0
DA:237,0
DA:239,0
DA:252,0
DA:253,0
DA:254,0
DA:255,0
LF:93
LH:0
BRDA:19,0,0,0
BRDA:19,0,1,0
BRDA:35,1,0,0
BRDA:35,1,1,0
BRDA:47,2,0,0
BRDA:47,2,1,0
BRDA:48,3,0,0
BRDA:48,3,1,0
BRDA:50,4,0,0
BRDA:50,4,1,0
BRDA:57,5,0,0
BRDA:57,5,1,0
BRDA:57,6,0,0
BRDA:57,6,1,0
BRDA:68,7,0,0
BRDA:68,7,1,0
BRDA:98,8,0,0
BRDA:98,8,1,0
BRDA:139,9,0,0
BRDA:139,9,1,0
BRDA:167,10,0,0
BRDA:167,10,1,0
BRDA:167,11,0,0
BRDA:167,11,1,0
BRDA:171,12,0,0
BRDA:171,12,1,0
BRDA:213,13,0,0
BRDA:213,13,1,0
BRDA:215,14,0,0
BRDA:215,14,1,0
BRDA:236,15,0,0
BRDA:236,15,1,0
BRDA:237,16,0,0
BRDA:237,16,1,0
BRDA:254,17,0,0
BRDA:254,17,1,0
BRF:36
BRH:0
end_of_record
TN:
SF:/Users/alexismajyambere/tembea/src/helpers/RouteServiceHelper.js
FN:3,(anonymous_0)
FN:7,(anonymous_1)
FN:13,(anonymous_2)
FN:20,(anonymous_3)
FN:26,(anonymous_4)
FN:34,(anonymous_5)
FN:50,(anonymous_6)
FNF:7
FNH:0
FNDA:0,(anonymous_0)
FNDA:0,(anonymous_1)
FNDA:0,(anonymous_2)
FNDA:0,(anonymous_3)
FNDA:0,(anonymous_4)
FNDA:0,(anonymous_5)
FNDA:0,(anonymous_6)
DA:4,0
DA:8,0
DA:9,0
DA:10,0
DA:14,0
DA:15,0
DA:16,0
DA:17,0
DA:21,0
DA:22,0
DA:23,0
DA:27,0
DA:28,0
DA:29,0
DA:31,0
DA:35,0
DA:53,0
DA:54,0
LF:18
LH:0
BRDA:4,0,0,0
BRDA:4,0,1,0
BRDA:4,0,2,0
BRDA:8,1,0,0
BRDA:8,1,1,0
BRDA:14,2,0,0
BRDA:14,2,1,0
BRDA:21,3,0,0
BRDA:21,3,1,0
BRDA:27,4,0,0
BRDA:27,4,1,0
BRDA:35,5,0,0
BRDA:35,5,1,0
BRDA:64,6,0,0
BRDA:64,6,1,0
BRF:15
BRH:0
end_of_record
TN:
SF:/Users/alexismajyambere/tembea/src/helpers/TripHelper.js
FN:10,(anonymous_7)
FN:18,(anonymous_8)
FN:32,(anonymous_9)
FN:40,(anonymous_10)
FN:61,(anonymous_12)
FN:80,(anonymous_14)
FN:93,(anonymous_15)
FN:97,(anonymous_16)
FN:99,(anonymous_18)
FN:109,(anonymous_19)
FNF:10
FNH:0
FNDA:0,(anonymous_7)
FNDA:0,(anonymous_8)
FNDA:0,(anonymous_9)
FNDA:0,(anonymous_10)
FNDA:0,(anonymous_12)
FNDA:0,(anonymous_14)
FNDA:0,(anonymous_15)
FNDA:0,(anonymous_16)
FNDA:0,(anonymous_18)
FNDA:0,(anonymous_19)
DA:11,0
DA:13,0
DA:14,0
DA:19,0
DA:20,0
DA:21,0
DA:22,0
DA:25,0
DA:26,0
DA:27,0
DA:29,0
DA:33,0
DA:34,0
DA:35,0
DA:37,0
DA:42,0
DA:43,0
DA:44,0
DA:46,0
DA:47,0
DA:48,0
DA:49,0
DA:51,0
DA:52,0
DA:53,0
DA:54,0
DA:55,0
DA:56,0
DA:57,0
DA:58,0
DA:62,0
DA:64,0
DA:65,0
DA:66,0
DA:67,0
DA:68,0
DA:69,0
DA:70,0
DA:72,0
DA:81,0
DA:82,0
DA:83,0
DA:94,0
DA:98,0
DA:99,0
DA:100,0
DA:101,0
DA:102,0
DA:104,0
DA:105,0
DA:106,0
DA:110,0
DA:111,0
DA:112,0
DA:114,0
DA:115,0
DA:116,0
DA:117,0
DA:118,0
DA:119,0
DA:121,0
LF:61
LH:0
BRDA:11,0,0,0
BRDA:11,0,1,0
BRDA:20,1,0,0
BRDA:20,1,1,0
BRDA:21,2,0,0
BRDA:21,2,1,0
BRDA:25,3,0,0
BRDA:25,3,1,0
BRDA:26,4,0,0
BRDA:26,4,1,0
BRDA:34,5,0,0
BRDA:34,5,1,0
BRDA:41,6,0,0
BRDA:45,7,0,0
BRDA:45,7,1,0
BRDA:46,8,0,0
BRDA:46,8,1,0
BRDA:63,9,0,0
BRDA:63,9,1,0
BRDA:64,10,0,0
BRDA:64,10,1,0
BRDA:80,11,0,0
BRDA:82,12,0,0
BRDA:82,12,1,0
BRDA:114,13,0,0
BRDA:114,13,1,0
BRDA:114,14,0,0
BRDA:114,14,1,0
BRDA:116,15,0,0
BRDA:116,15,1,0
BRDA:116,16,0,0
BRDA:116,16,1,0
BRDA:118,17,0,0
BRDA:118,17,1,0
BRDA:118,18,0,0
BRDA:118,18,1,0
BRF:36
BRH:0
end_of_record
TN:
SF:/Users/alexismajyambere/tembea/src/helpers/WhereClauseHelper.js
FN:14,(anonymous_0)
FN:33,(anonymous_1)
FNF:2
FNH:0
FNDA:0,(anonymous_0)
FNDA:0,(anonymous_1)
DA:15,0
DA:16,0
DA:21,0
DA:34,0
DA:35,0
DA:50,0
LF:6
LH:0
BRDA:15,0,0,0
BRDA:15,0,1,0
BRDA:34,1,0,0
BRDA:34,1,1,0
BRF:4
BRH:0
end_of_record
TN:
SF:/Users/alexismajyambere/tembea/src/helpers/bugsnagHelper.ts
FN:11,(anonymous_0)
FN:29,(anonymous_1)
FN:36,(anonymous_2)
FN:44,(anonymous_3)
FN:50,(anonymous_4)
FN:56,(anonymous_5)
FN:65,(anonymous_6)
FN:69,(anonymous_7)
FN:73,(anonymous_8)
FNF:9
FNH:3
FNDA:1,(anonymous_0)
FNDA:2,(anonymous_1)
FNDA:0,(anonymous_2)
FNDA:0,(anonymous_3)
FNDA:0,(anonymous_4)
FNDA:1,(anonymous_5)
FNDA:0,(anonymous_6)
FNDA:0,(anonymous_7)
FNDA:0,(anonymous_8)
DA:11,1
DA:12,1
DA:13,1
DA:14,1
DA:16,1
DA:18,0
DA:25,0
DA:30,2
DA:31,2
DA:37,0
DA:39,0
DA:41,0
DA:45,0
DA:46,0
DA:51,0
DA:52,0
DA:57,1
DA:58,0
DA:59,1
DA:61,0
DA:66,0
DA:70,0
DA:74,0
DA:78,1
LF:24
LH:10
BRDA:11,0,0,1
BRDA:16,1,0,0
BRDA:16,1,1,1
BRDA:16,2,0,1
BRDA:16,2,1,0
BRDA:29,3,0,1
BRDA:32,4,0,1
BRDA:32,4,1,1
BRDA:37,5,0,0
BRDA:37,5,1,0
BRDA:45,6,0,0
BRDA:45,6,1,0
BRDA:51,7,0,0
BRDA:51,7,1,0
BRDA:57,8,0,0
BRDA:57,8,1,1
BRDA:59,9,0,0
BRDA:59,9,1,1
BRF:18
BRH:8
end_of_record
TN:
SF:/Users/alexismajyambere/tembea/src/helpers/cleanData.js
FN:2,(anonymous_0)
FN:5,(anonymous_1)
FN:11,(anonymous_2)
FNF:3
FNH:0
FNDA:0,(anonymous_0)
FNDA:0,(anonymous_1)
FNDA:0,(anonymous_2)
DA:3,0
DA:5,0
DA:6,0
DA:7,0
DA:9,0
DA:11,0
DA:13,0
DA:15,0
DA:17,0
DA:19,0
LF:10
LH:0
BRDA:6,0,0,0
BRDA:6,0,1,0
BRDA:9,1,0,0
BRDA:9,1,1,0
BRDA:9,2,0,0
BRDA:9,2,1,0
BRDA:9,2,2,0
BRDA:13,3,0,0
BRDA:13,3,1,0
BRDA:13,4,0,0
BRDA:13,4,1,0
BRDA:13,4,2,0
BRF:12
BRH:0
end_of_record
TN:
SF:/Users/alexismajyambere/tembea/src/helpers/constants.js
FNF:0
FNH:0
DA:1,1
DA:3,1
DA:5,1
DA:7,1
DA:14,1
DA:19,1
DA:25,1
DA:33,1
DA:145,1
DA:235,1
LF:10
LH:10
BRF:0
BRH:0
end_of_record
TN:
SF:/Users/alexismajyambere/tembea/src/helpers/dateHelper.js
FN:4,(anonymous_0)
FN:24,(anonymous_1)
FN:44,(anonymous_2)
FN:51,(anonymous_3)
FN:68,(anonymous_4)
FN:80,(anonymous_5)
FN:89,(anonymous_6)
FN:100,(anonymous_7)
FN:117,(anonymous_8)
FN:124,(anonymous_9)
FN:129,(anonymous_10)
FN:134,(anonymous_11)
FN:148,(anonymous_12)
FN:158,(anonymous_13)
FN:164,(anonymous_14)
FN:173,(anonymous_15)
FN:187,(anonymous_16)
FNF:17
FNH:0
FNDA:0,(anonymous_0)
FNDA:0,(anonymous_1)
FNDA:0,(anonymous_2)
FNDA:0,(anonymous_3)
FNDA:0,(anonymous_4)
FNDA:0,(anonymous_5)
FNDA:0,(anonymous_6)
FNDA:0,(anonymous_7)
FNDA:0,(anonymous_8)
FNDA:0,(anonymous_9)
FNDA:0,(anonymous_10)
FNDA:0,(anonymous_11)
FNDA:0,(anonymous_12)
FNDA:0,(anonymous_13)
FNDA:0,(anonymous_14)
FNDA:0,(anonymous_15)
FNDA:0,(anonymous_16)
DA:5,0
DA:6,0
DA:25,0
DA:39,0
DA:44,0
DA:52,0
DA:53,0
DA:54,0
DA:59,0
DA:69,0
DA:81,0
DA:91,0
DA:93,0
DA:94,0
DA:95,0
DA:97,0
DA:101,0
DA:102,0
DA:103,0
DA:104,0
DA:107,0
DA:111,0
DA:113,0
DA:114,0
DA:118,0
DA:121,0
DA:125,0
DA:126,0
DA:130,0
DA:131,0
DA:135,0
DA:136,0
DA:149,0
DA:150,0
DA:151,0
DA:154,0
DA:159,0
DA:160,0
DA:161,0
DA:165,0
DA:166,0
DA:168,0
DA:170,0
DA:174,0
DA:175,0
DA:176,0
DA:177,0
DA:179,0
DA:181,0
DA:188,0
DA:190,0
LF:51
LH:0
BRDA:113,0,0,0
BRDA:113,0,1,0
BRDA:126,1,0,0
BRDA:126,1,1,0
BRDA:126,2,0,0
BRDA:126,2,1,0
BRDA:136,3,0,0
BRDA:136,3,1,0
BRDA:168,4,0,0
BRDA:168,4,1,0
BRF:10
BRH:0
end_of_record
TN:
SF:/Users/alexismajyambere/tembea/src/helpers/errorHandler.js
FN:2,(anonymous_0)
FN:9,(anonymous_1)
FN:15,(anonymous_2)
FNF:3
FNH:0
FNDA:0,(anonymous_0)
FNDA:0,(anonymous_1)
FNDA:0,(anonymous_2)
DA:3,0
DA:4,0
DA:5,0
DA:6,0
DA:10,0
DA:11,0
DA:16,0
DA:17,0
DA:18,0
LF:9
LH:0
BRDA:2,0,0,0
BRDA:9,1,0,0
BRDA:10,2,0,0
BRDA:10,2,1,0
BRDA:16,3,0,0
BRDA:16,3,1,0
BRF:6
BRH:0
end_of_record
TN:
SF:/Users/alexismajyambere/tembea/src/helpers/providerHelper.js
FN:5,(anonymous_1)
FN:16,(anonymous_2)
FN:23,(anonymous_3)
FN:40,(anonymous_4)
FN:41,(anonymous_5)
FN:56,(anonymous_6)
FNF:6
FNH:0
FNDA:0,(anonymous_1)
FNDA:0,(anonymous_2)
FNDA:0,(anonymous_3)
FNDA:0,(anonymous_4)
FNDA:0,(anonymous_5)
FNDA:0,(anonymous_6)
DA:6,0
DA:7,0
DA:9,0
DA:10,0
DA:11,0
DA:13,0
DA:17,0
DA:24,0
DA:41,0
DA:42,0
DA:43,0
DA:47,0
DA:57,0
DA:58,0
DA:59,0
DA:60,0
DA:61,0
DA:62,0
DA:64,0
LF:19
LH:0
BRDA:7,0,0,0
BRDA:7,0,1,0
BRDA:58,1,0,0
BRDA:58,1,1,0
BRDA:59,2,0,0
BRDA:59,2,1,0
BRDA:60,3,0,0
BRDA:60,3,1,0
BRF:8
BRH:0
end_of_record
TN:
SF:/Users/alexismajyambere/tembea/src/helpers/removeDataValues.js
FN:2,(anonymous_0)
FN:7,(anonymous_1)
FN:14,(anonymous_2)
FN:15,(anonymous_3)
FNF:4
FNH:0
FNDA:0,(anonymous_0)
FNDA:0,(anonymous_1)
FNDA:0,(anonymous_2)
FNDA:0,(anonymous_3)
DA:3,0
DA:8,0
DA:10,0
DA:11,0
DA:13,0
DA:14,0
DA:16,0
DA:20,0
LF:8
LH:0
BRDA:3,0,0,0
BRDA:3,0,1,0
BRDA:3,0,2,0
BRDA:3,0,3,0
BRDA:8,1,0,0
BRDA:8,1,1,0
BRDA:10,2,0,0
BRDA:10,2,1,0
BRDA:17,3,0,0
BRDA:17,3,1,0
BRF:10
BRH:0
end_of_record
TN:
SF:/Users/alexismajyambere/tembea/src/helpers/responseHelper.js
FN:2,(anonymous_0)
FN:11,(anonymous_1)
FNF:2
FNH:0
FNDA:0,(anonymous_0)
FNDA:0,(anonymous_1)
DA:3,0
DA:11,1
DA:12,0
LF:3
LH:1
BRF:0
BRH:0
end_of_record
TN:
SF:/Users/alexismajyambere/tembea/src/helpers/sendDialogTryCatch.js
FN:4,(anonymous_7)
FN:4,(anonymous_8)
FNF:2
FNH:0
FNDA:0,(anonymous_7)
FNDA:0,(anonymous_8)
DA:4,0
DA:5,0
DA:6,0
DA:8,0
DA:9,0
LF:5
LH:0
BRF:0
BRH:0
end_of_record
TN:
SF:/Users/alexismajyambere/tembea/src/helpers/email/email.template.ts
FN:30,(anonymous_0)
FNF:1
FNH:0
FNDA:0,(anonymous_0)
DA:3,1
DA:9,1
DA:31,0
DA:38,0
DA:39,0
DA:104,0
LF:6
LH:2
BRDA:76,0,0,0
BRDA:76,0,1,0
BRF:2
BRH:0
end_of_record
TN:
SF:/Users/alexismajyambere/tembea/src/helpers/googleMaps/googleMapsHelpers.js
FN:9,(anonymous_7)
FN:9,(anonymous_8)
FN:23,(anonymous_9)
FN:33,(anonymous_10)
FN:49,(anonymous_11)
FN:62,(anonymous_13)
FN:72,(anonymous_15)
FN:78,(anonymous_17)
FN:87,(anonymous_19)
FN:93,(anonymous_21)
FN:117,(anonymous_23)
FN:124,(anonymous_25)
FN:145,(anonymous_26)
FNF:13
FNH:0
FNDA:0,(anonymous_7)
FNDA:0,(anonymous_8)
FNDA:0,(anonymous_9)
FNDA:0,(anonymous_10)
FNDA:0,(anonymous_11)
FNDA:0,(anonymous_13)
FNDA:0,(anonymous_15)
FNDA:0,(anonymous_17)
FNDA:0,(anonymous_19)
FNDA:0,(anonymous_21)
FNDA:0,(anonymous_23)
FNDA:0,(anonymous_25)
FNDA:0,(anonymous_26)
DA:9,1
DA:10,0
DA:11,0
DA:12,0
DA:13,0
DA:15,0
DA:24,0
DA:25,0
DA:26,0
DA:34,0
DA:50,0
DA:51,0
DA:52,0
DA:53,0
DA:55,0
DA:57,0
DA:58,0
DA:63,0
DA:65,0
DA:66,0
DA:67,0
DA:69,0
DA:73,0
DA:74,0
DA:75,0
DA:80,0
DA:81,0
DA:83,0
DA:84,0
DA:88,0
DA:89,0
DA:90,0
DA:94,0
DA:95,0
DA:96,0
DA:101,0
DA:107,0
DA:108,0
DA:111,0
DA:113,0
DA:118,0
DA:121,0
DA:125,0
DA:126,0
DA:127,0
DA:128,0
DA:146,0
DA:147,0
DA:148,0
DA:149,0
DA:150,0
DA:151,0
LF:52
LH:1
BRDA:12,0,0,0
BRDA:12,0,1,0
BRDA:23,1,0,0
BRDA:23,2,0,0
BRDA:49,3,0,0
BRDA:52,4,0,0
BRDA:52,4,1,0
BRDA:66,5,0,0
BRDA:66,5,1,0
BRDA:80,6,0,0
BRDA:80,6,1,0
BRDA:82,7,0,0
BRDA:82,7,1,0
BRDA:83,8,0,0
BRDA:83,8,1,0
BRDA:89,9,0,0
BRDA:89,9,1,0
BRDA:96,10,0,0
BRDA:96,10,1,0
BRDA:109,11,0,0
BRDA:109,11,1,0
BRDA:126,12,0,0
BRDA:126,12,1,0
BRDA:128,13,0,0
BRDA:128,13,1,0
BRDA:145,14,0,0
BRDA:145,15,0,0
BRDA:147,16,0,0
BRDA:147,16,1,0
BRF:29
BRH:0
end_of_record
TN:
SF:/Users/alexismajyambere/tembea/src/helpers/slack/slackHelpers.js
FN:12,(anonymous_7)
FN:20,(anonymous_9)
FN:29,(anonymous_11)
FN:41,(anonymous_13)
FN:48,(anonymous_15)
FN:69,(anonymous_17)
FN:83,(anonymous_19)
FN:85,(anonymous_20)
FN:90,(anonymous_21)
FN:95,(anonymous_23)
FN:119,(anonymous_25)
FNF:11
FNH:0
FNDA:0,(anonymous_7)
FNDA:0,(anonymous_9)
FNDA:0,(anonymous_11)
FNDA:0,(anonymous_13)
FNDA:0,(anonymous_15)
FNDA:0,(anonymous_17)
FNDA:0,(anonymous_19)
FNDA:0,(anonymous_20)
FNDA:0,(anonymous_21)
FNDA:0,(anonymous_23)
FNDA:0,(anonymous_25)
DA:13,0
DA:14,0
DA:17,0
DA:21,0
DA:22,0
DA:23,0
DA:24,0
DA:25,0
DA:26,0
DA:30,0
DA:31,0
DA:32,0
DA:33,0
DA:35,0
DA:36,0
DA:37,0
DA:38,0
DA:42,0
DA:45,0
DA:49,0
DA:50,0
DA:52,0
DA:54,0
DA:55,0
DA:58,0
DA:60,0
DA:61,0
DA:62,0
DA:63,0
DA:66,0
DA:70,0
DA:71,0
DA:72,0
DA:78,0
DA:80,0
DA:84,0
DA:85,0
DA:87,0
DA:91,0
DA:92,0
DA:96,0
DA:97,0
DA:98,0
DA:100,0
DA:101,0
DA:103,0
DA:104,0
DA:106,0
DA:107,0
DA:110,0
DA:120,0
DA:121,0
LF:52
LH:0
BRDA:15,0,0,0
BRDA:15,0,1,0
BRDA:22,1,0,0
BRDA:22,1,1,0
BRDA:32,2,0,0
BRDA:32,2,1,0
BRDA:32,3,0,0
BRDA:32,3,1,0
BRDA:54,4,0,0
BRDA:54,4,1,0
BRDA:60,5,0,0
BRDA:60,5,1,0
BRDA:60,6,0,0
BRDA:60,6,1,0
BRDA:60,6,2,0
BRDA:63,7,0,0
BRDA:63,7,1,0
BRDA:78,8,0,0
BRDA:78,8,1,0
BRDA:83,9,0,0
BRDA:97,10,0,0
BRDA:97,10,1,0
BRDA:100,11,0,0
BRDA:100,11,1,0
BRDA:103,12,0,0
BRDA:103,12,1,0
BRDA:106,13,0,0
BRDA:106,13,1,0
BRF:28
BRH:0
end_of_record
TN:
SF:/Users/alexismajyambere/tembea/src/helpers/slack/updatePastMessageHelper.js
FN:5,(anonymous_7)
FN:14,(anonymous_9)
FN:30,(anonymous_11)
FN:44,(anonymous_13)
FNF:4
FNH:0
FNDA:0,(anonymous_7)
FNDA:0,(anonymous_9)
FNDA:0,(anonymous_11)
FNDA:0,(anonymous_13)
DA:6,0
DA:7,0
DA:8,0
DA:10,0
DA:15,0
DA:16,0
DA:23,0
DA:24,0
DA:26,0
DA:31,0
DA:32,0
DA:37,0
DA:38,0
DA:40,0
DA:45,0
LF:15
LH:0
BRF:0
BRH:0
end_of_record
TN:
SF:/Users/alexismajyambere/tembea/src/helpers/slack/ScheduleTripInputHandlers/index.js
FN:1,(anonymous_0)
FN:3,(anonymous_1)
FNF:2
FNH:0
FNDA:0,(anonymous_0)
FNDA:0,(anonymous_1)
DA:1,1
DA:3,1
DA:4,0
DA:5,0
LF:4
LH:2
BRDA:3,0,0,0
BRDA:4,1,0,0
BRDA:4,1,1,0
BRF:3
BRH:0
end_of_record
TN:
SF:/Users/alexismajyambere/tembea/src/helpers/slack/SlackPaginationHelper/index.js
FN:8,(anonymous_0)
FN:42,(anonymous_1)
FN:46,(anonymous_2)
FNF:3
FNH:0
FNDA:0,(anonymous_0)
FNDA:0,(anonymous_1)
FNDA:0,(anonymous_2)
DA:5,1
DA:9,0
DA:11,0
DA:14,0
DA:18,0
DA:21,0
DA:23,0
DA:24,0
DA:25,0
DA:26,0
DA:29,0
DA:30,0
DA:31,0
DA:32,0
DA:35,0
DA:39,0
DA:43,0
DA:47,0
LF:18
LH:1
BRDA:5,0,0,1
BRDA:5,0,1,0
BRDA:23,1,0,0
BRDA:23,1,1,0
BRDA:29,2,0,0
BRDA:29,2,1,0
BRDA:47,3,0,0
BRDA:47,3,1,0
BRF:8
BRH:1
end_of_record
TN:
SF:/Users/alexismajyambere/tembea/src/helpers/slack/UserInputValidator/InputValidator.js
FN:4,(anonymous_0)
FN:8,(anonymous_1)
FN:12,(anonymous_2)
FN:13,(anonymous_3)
FN:24,(anonymous_4)
FNF:5
FNH:0
FNDA:0,(anonymous_0)
FNDA:0,(anonymous_1)
FNDA:0,(anonymous_2)
FNDA:0,(anonymous_3)
FNDA:0,(anonymous_4)
DA:5,0
DA:9,0
DA:13,0
DA:14,0
DA:15,0
DA:16,0
DA:21,0
DA:25,0
DA:28,0
DA:29,0
DA:33,0
LF:11
LH:0
BRDA:9,0,0,0
BRDA:9,0,1,0
BRDA:15,1,0,0
BRDA:15,1,1,0
BRDA:28,2,0,0
BRDA:28,2,1,0
BRF:6
BRH:0
end_of_record
TN:
SF:/Users/alexismajyambere/tembea/src/helpers/slack/UserInputValidator/Validators.js
FN:34,(anonymous_0)
FN:49,(anonymous_1)
FN:57,(anonymous_2)
FN:68,(anonymous_3)
FN:75,(anonymous_4)
FN:82,(anonymous_5)
FN:92,(anonymous_6)
FN:102,(anonymous_7)
FN:110,(anonymous_8)
FN:118,(anonymous_9)
FN:127,(anonymous_10)
FN:139,(anonymous_11)
FN:147,(anonymous_12)
FN:151,(anonymous_13)
FN:158,(anonymous_14)
FN:162,(anonymous_15)
FN:175,(anonymous_16)
FNF:17
FNH:0
FNDA:0,(anonymous_0)
FNDA:0,(anonymous_1)
FNDA:0,(anonymous_2)
FNDA:0,(anonymous_3)
FNDA:0,(anonymous_4)
FNDA:0,(anonymous_5)
FNDA:0,(anonymous_6)
FNDA:0,(anonymous_7)
FNDA:0,(anonymous_8)
FNDA:0,(anonymous_9)
FNDA:0,(anonymous_10)
FNDA:0,(anonymous_11)
FNDA:0,(anonymous_12)
FNDA:0,(anonymous_13)
FNDA:0,(anonymous_14)
FNDA:0,(anonymous_15)
FNDA:0,(anonymous_16)
DA:7,1
DA:35,0
DA:37,0
DA:39,0
DA:40,0
DA:43,0
DA:44,0
DA:46,0
DA:50,0
DA:51,0
DA:52,0
DA:54,0
DA:58,0
DA:59,0
DA:60,0
DA:61,0
DA:63,0
DA:69,0
DA:70,0
DA:72,0
DA:76,0
DA:77,0
DA:79,0
DA:83,0
DA:84,0
DA:89,0
DA:93,0
DA:94,0
DA:95,0
DA:96,0
DA:99,0
DA:103,0
DA:104,0
DA:107,0
DA:111,0
DA:112,0
DA:115,0
DA:119,0
DA:120,0
DA:121,0
DA:124,0
DA:129,0
DA:131,0
DA:132,0
DA:133,0
DA:134,0
DA:135,0
DA:140,0
DA:141,0
DA:142,0
DA:144,0
DA:150,0
DA:151,0
DA:152,0
DA:153,0
DA:154,0
DA:155,0
DA:157,0
DA:158,0
DA:159,0
DA:163,0
DA:167,0
DA:168,0
DA:169,0
DA:170,0
DA:172,0
DA:176,0
DA:177,0
DA:178,0
DA:181,0
LF:70
LH:1
BRDA:39,0,0,0
BRDA:39,0,1,0
BRDA:40,1,0,0
BRDA:40,1,1,0
BRDA:43,2,0,0
BRDA:43,2,1,0
BRDA:43,3,0,0
BRDA:43,3,1,0
BRDA:51,4,0,0
BRDA:51,4,1,0
BRDA:60,5,0,0
BRDA:60,5,1,0
BRDA:69,6,0,0
BRDA:69,6,1,0
BRDA:76,7,0,0
BRDA:76,7,1,0
BRDA:76,8,0,0
BRDA:76,8,1,0
BRDA:83,9,0,0
BRDA:83,9,1,0
BRDA:83,10,0,0
BRDA:83,10,1,0
BRDA:92,11,0,0
BRDA:93,12,0,0
BRDA:93,12,1,0
BRDA:95,13,0,0
BRDA:95,13,1,0
BRDA:103,14,0,0
BRDA:103,14,1,0
BRDA:110,15,0,0
BRDA:111,16,0,0
BRDA:111,16,1,0
BRDA:120,17,0,0
BRDA:120,17,1,0
BRDA:129,18,0,0
BRDA:129,18,1,0
BRDA:131,19,0,0
BRDA:131,19,1,0
BRDA:135,20,0,0
BRDA:135,20,1,0
BRDA:141,21,0,0
BRDA:141,21,1,0
BRDA:153,22,0,0
BRDA:153,22,1,0
BRDA:167,23,0,0
BRDA:167,23,1,0
BRDA:177,24,0,0
BRDA:177,24,1,0
BRF:48
BRH:0
end_of_record
TN:
SF:/Users/alexismajyambere/tembea/src/helpers/slack/createDialogForm/index.js
FN:8,(anonymous_7)
FN:13,(anonymous_8)
FNF:2
FNH:0
FNDA:0,(anonymous_7)
FNDA:0,(anonymous_8)
DA:13,0
DA:14,0
DA:15,0
DA:16,0
DA:17,0
DA:18,0
DA:19,0
DA:20,0
DA:21,0
LF:9
LH:0
BRDA:12,0,0,0
BRF:1
BRH:0
end_of_record
TN:
SF:/Users/alexismajyambere/tembea/src/helpers/slack/createTripDetailsForm/index.js
FN:8,(anonymous_0)
FN:8,(anonymous_1)
FN:19,(anonymous_2)
FN:36,(anonymous_3)
FN:46,(anonymous_4)
FN:71,(anonymous_5)
FN:93,(anonymous_6)
FN:105,(anonymous_7)
FN:109,(anonymous_8)
FN:128,(anonymous_9)
FN:135,(anonymous_10)
FNF:11
FNH:0
FNDA:0,(anonymous_0)
FNDA:0,(anonymous_1)
FNDA:0,(anonymous_2)
FNDA:0,(anonymous_3)
FNDA:0,(anonymous_4)
FNDA:0,(anonymous_5)
FNDA:0,(anonymous_6)
FNDA:0,(anonymous_7)
FNDA:0,(anonymous_8)
FNDA:0,(anonymous_9)
FNDA:0,(anonymous_10)
DA:8,1
DA:13,1
DA:15,1
DA:18,1
DA:20,0
DA:23,0
DA:26,0
DA:29,0
DA:37,0
DA:39,0
DA:41,0
DA:47,0
DA:49,0
DA:54,0
DA:59,0
DA:64,0
DA:72,0
DA:76,0
DA:80,0
DA:83,0
DA:86,0
DA:94,0
DA:97,0
DA:100,0
DA:106,0
DA:108,0
DA:109,0
DA:111,0
DA:119,0
DA:121,0
DA:129,0
DA:131,0
DA:136,0
DA:139,0
LF:34
LH:4
BRDA:130,0,0,0
BRDA:130,0,1,0
BRF:2
BRH:0
end_of_record
TN:
SF:/Users/alexismajyambere/tembea/src/middlewares/AddressValidator.js
FN:14,(anonymous_7)
FN:25,(anonymous_8)
FN:29,(anonymous_9)
FN:39,(anonymous_11)
FNF:4
FNH:0
FNDA:0,(anonymous_7)
FNDA:0,(anonymous_8)
FNDA:0,(anonymous_9)
FNDA:0,(anonymous_11)
DA:15,0
DA:26,0
DA:30,0
DA:31,0
DA:32,0
DA:33,0
DA:34,0
DA:36,0
DA:40,0
DA:41,0
DA:42,0
DA:43,0
DA:44,0
DA:46,0
LF:14
LH:0
BRDA:32,0,0,0
BRDA:32,0,1,0
BRDA:42,1,0,0
BRDA:42,1,1,0
BRF:4
BRH:0
end_of_record
TN:
SF:/Users/alexismajyambere/tembea/src/middlewares/CabsValidator.js
FN:5,(anonymous_7)
FN:9,(anonymous_8)
FN:14,(anonymous_10)
FNF:3
FNH:0
FNDA:0,(anonymous_7)
FNDA:0,(anonymous_8)
FNDA:0,(anonymous_10)
DA:6,0
DA:10,0
DA:15,0
LF:3
LH:0
BRF:0
BRH:0
end_of_record
TN:
SF:/Users/alexismajyambere/tembea/src/middlewares/CleanRequestBody.js
FN:4,(anonymous_0)
FNF:1
FNH:0
FNDA:0,(anonymous_0)
DA:5,0
DA:6,0
DA:8,0
LF:3
LH:0
BRDA:5,0,0,0
BRDA:5,0,1,0
BRF:2
BRH:0
end_of_record
TN:
SF:/Users/alexismajyambere/tembea/src/middlewares/CountryValidator.js
FN:15,(anonymous_7)
FN:26,(anonymous_8)
FN:45,(anonymous_10)
FN:69,(anonymous_12)
FN:86,(anonymous_14)
FN:114,(anonymous_16)
FNF:6
FNH:0
FNDA:0,(anonymous_7)
FNDA:0,(anonymous_8)
FNDA:0,(anonymous_10)
FNDA:0,(anonymous_12)
FNDA:0,(anonymous_14)
FNDA:0,(anonymous_16)
DA:16,0
DA:27,0
DA:28,0
DA:29,0
DA:30,0
DA:31,0
DA:32,0
DA:35,0
DA:47,0
DA:48,0
DA:49,0
DA:50,0
DA:51,0
DA:52,0
DA:54,0
DA:55,0
DA:57,0
DA:59,0
DA:70,0
DA:71,0
DA:72,0
DA:73,0
DA:74,0
DA:76,0
DA:87,0
DA:88,0
DA:89,0
DA:92,0
DA:93,0
DA:94,0
DA:95,0
DA:96,0
DA:98,0
DA:100,0
DA:102,0
DA:104,0
DA:115,0
LF:37
LH:0
BRDA:27,0,0,0
BRDA:27,0,1,0
BRDA:31,1,0,0
BRDA:31,1,1,0
BRDA:47,2,0,0
BRDA:47,2,1,0
BRDA:51,3,0,0
BRDA:51,3,1,0
BRDA:54,4,0,0
BRDA:54,4,1,0
BRDA:72,5,0,0
BRDA:72,5,1,0
BRDA:89,6,0,0
BRDA:89,6,1,0
BRDA:93,7,0,0
BRDA:93,7,1,0
BRDA:95,8,0,0
BRDA:95,8,1,0
BRF:18
BRH:0
end_of_record
TN:
SF:/Users/alexismajyambere/tembea/src/middlewares/DriversValidator.js
FN:19,(anonymous_7)
FN:41,(anonymous_8)
FN:43,(anonymous_9)
FN:64,(anonymous_10)
FN:84,(anonymous_12)
FN:96,(anonymous_14)
FN:107,(anonymous_16)
FNF:7
FNH:0
FNDA:0,(anonymous_7)
FNDA:0,(anonymous_8)
FNDA:0,(anonymous_9)
FNDA:0,(anonymous_10)
FNDA:0,(anonymous_12)
FNDA:0,(anonymous_14)
FNDA:0,(anonymous_16)
DA:20,0
DA:21,0
DA:23,0
DA:24,0
DA:28,0
DA:30,0
DA:42,0
DA:43,0
DA:44,0
DA:45,0
DA:46,0
DA:48,0
DA:50,0
DA:65,0
DA:66,0
DA:67,0
DA:68,0
DA:69,0
DA:71,0
DA:73,0
DA:85,0
DA:97,0
DA:98,0
DA:99,0
DA:100,0
DA:101,0
DA:104,0
DA:108,0
DA:110,0
DA:112,0
DA:113,0
DA:114,0
DA:115,0
DA:116,0
DA:118,0
DA:119,0
DA:122,0
DA:123,0
DA:124,0
LF:39
LH:0
BRDA:23,0,0,0
BRDA:23,0,1,0
BRDA:44,1,0,0
BRDA:44,1,1,0
BRDA:44,2,0,0
BRDA:44,2,1,0
BRDA:100,3,0,0
BRDA:100,3,1,0
BRDA:110,4,0,0
BRDA:110,4,1,0
BRDA:112,5,0,0
BRDA:112,5,1,0
BRDA:114,6,0,0
BRDA:114,6,1,0
BRDA:123,7,0,0
BRDA:123,7,1,0
BRF:16
BRH:0
end_of_record
TN:
SF:/Users/alexismajyambere/tembea/src/middlewares/GeneralValidator.js
FN:14,(anonymous_8)
FN:24,(anonymous_9)
FN:29,(anonymous_10)
FN:37,(anonymous_11)
FN:43,(anonymous_12)
FN:54,(anonymous_13)
FN:74,(anonymous_14)
FN:81,(anonymous_15)
FN:83,(anonymous_16)
FN:92,(anonymous_17)
FN:99,(anonymous_18)
FN:104,(anonymous_19)
FN:113,(anonymous_20)
FN:117,(anonymous_21)
FN:123,(anonymous_22)
FN:146,(anonymous_23)
FN:173,(anonymous_25)
FNF:17
FNH:0
FNDA:0,(anonymous_8)
FNDA:0,(anonymous_9)
FNDA:0,(anonymous_10)
FNDA:0,(anonymous_11)
FNDA:0,(anonymous_12)
FNDA:0,(anonymous_13)
FNDA:0,(anonymous_14)
FNDA:0,(anonymous_15)
FNDA:0,(anonymous_16)
FNDA:0,(anonymous_17)
FNDA:0,(anonymous_18)
FNDA:0,(anonymous_19)
FNDA:0,(anonymous_20)
FNDA:0,(anonymous_21)
FNDA:0,(anonymous_22)
FNDA:0,(anonymous_23)
FNDA:0,(anonymous_25)
DA:9,1
DA:11,1
DA:15,0
DA:17,0
DA:18,0
DA:20,0
DA:21,0
DA:25,0
DA:26,0
DA:30,0
DA:31,0
DA:32,0
DA:34,0
DA:39,0
DA:40,0
DA:44,0
DA:45,0
DA:46,0
DA:51,0
DA:55,0
DA:57,0
DA:58,0
DA:63,0
DA:75,0
DA:76,0
DA:78,0
DA:82,0
DA:84,0
DA:85,0
DA:86,0
DA:88,0
DA:93,0
DA:94,0
DA:100,0
DA:101,0
DA:105,0
DA:106,0
DA:107,0
DA:109,0
DA:110,0
DA:114,0
DA:118,0
DA:124,0
DA:125,0
DA:127,0
DA:131,0
DA:133,0
DA:147,0
DA:148,0
DA:149,0
DA:151,0
DA:152,0
DA:154,0
DA:155,0
DA:157,0
DA:158,0
DA:174,0
DA:175,0
DA:176,0
DA:177,0
DA:183,0
DA:184,0
DA:185,0
DA:186,0
DA:188,0
DA:189,0
DA:190,0
DA:192,0
DA:193,0
LF:69
LH:2
BRDA:17,0,0,0
BRDA:17,0,1,0
BRDA:31,1,0,0
BRDA:31,1,1,0
BRDA:45,2,0,0
BRDA:45,2,1,0
BRDA:57,3,0,0
BRDA:57,3,1,0
BRDA:57,4,0,0
BRDA:57,4,1,0
BRDA:75,5,0,0
BRDA:75,5,1,0
BRDA:75,6,0,0
BRDA:75,6,1,0
BRDA:85,7,0,0
BRDA:85,7,1,0
BRDA:85,8,0,0
BRDA:85,8,1,0
BRDA:95,9,0,0
BRDA:95,9,1,0
BRDA:106,10,0,0
BRDA:106,10,1,0
BRDA:106,11,0,0
BRDA:106,11,1,0
BRDA:119,12,0,0
BRDA:119,12,1,0
BRDA:119,12,2,0
BRDA:127,13,0,0
BRDA:127,13,1,0
BRDA:128,14,0,0
BRDA:128,14,1,0
BRDA:173,15,0,0
BRDA:173,16,0,0
BRDA:175,17,0,0
BRDA:175,17,1,0
BRDA:183,18,0,0
BRDA:183,18,1,0
BRDA:188,19,0,0
BRDA:188,19,1,0
BRF:39
BRH:0
end_of_record
TN:
SF:/Users/alexismajyambere/tembea/src/middlewares/HomeBaseFilterValidator.js
FN:4,(anonymous_7)
FN:11,(anonymous_9)
FNF:2
FNH:0
FNDA:0,(anonymous_7)
FNDA:0,(anonymous_9)
DA:5,0
DA:6,0
DA:7,0
DA:10,0
DA:11,0
DA:13,0
DA:14,0
DA:17,0
LF:8
LH:0
BRDA:6,0,0,0
BRDA:6,0,1,0
BRDA:13,1,0,0
BRDA:13,1,1,0
BRF:4
BRH:0
end_of_record
TN:
SF:/Users/alexismajyambere/tembea/src/middlewares/HomebaseValidator.js
FN:19,(anonymous_7)
FN:39,(anonymous_9)
FN:50,(anonymous_10)
FN:62,(anonymous_11)
FN:74,(anonymous_12)
FN:93,(anonymous_14)
FNF:6
FNH:0
FNDA:0,(anonymous_7)
FNDA:0,(anonymous_9)
FNDA:0,(anonymous_10)
FNDA:0,(anonymous_11)
FNDA:0,(anonymous_12)
FNDA:0,(anonymous_14)
DA:20,0
DA:21,0
DA:22,0
DA:23,0
DA:24,0
DA:25,0
DA:29,0
DA:40,0
DA:51,0
DA:63,0
DA:75,0
DA:76,0
DA:77,0
DA:79,0
DA:80,0
DA:81,0
DA:83,0
DA:94,0
DA:95,0
DA:97,0
DA:98,0
DA:100,0
DA:101,0
LF:23
LH:0
BRDA:21,0,0,0
BRDA:21,0,1,0
BRDA:24,1,0,0
BRDA:24,1,1,0
BRDA:76,2,0,0
BRDA:76,2,1,0
BRDA:79,3,0,0
BRDA:79,3,1,0
BRDA:97,4,0,0
BRDA:97,4,1,0
BRDA:97,5,0,0
BRDA:97,5,1,0
BRF:12
BRH:0
end_of_record
TN:
SF:/Users/alexismajyambere/tembea/src/middlewares/ProviderValidator.js
FN:15,(anonymous_7)
FN:27,(anonymous_8)
FN:39,(anonymous_9)
FN:50,(anonymous_10)
FN:70,(anonymous_12)
FNF:5
FNH:0
FNDA:0,(anonymous_7)
FNDA:0,(anonymous_8)
FNDA:0,(anonymous_9)
FNDA:0,(anonymous_10)
FNDA:0,(anonymous_12)
DA:16,0
DA:28,0
DA:40,0
DA:51,0
DA:52,0
DA:53,0
DA:54,0
DA:56,0
DA:71,0
DA:73,0
DA:74,0
DA:75,0
DA:76,0
DA:78,0
DA:79,0
DA:82,0
LF:16
LH:0
BRDA:53,0,0,0
BRDA:53,0,1,0
BRDA:73,1,0,0
BRDA:73,1,1,0
BRF:4
BRH:0
end_of_record
TN:
SF:/Users/alexismajyambere/tembea/src/middlewares/RouteRequestValidator.js
FN:13,(anonymous_7)
FN:27,(anonymous_8)
FN:35,(anonymous_9)
FNF:3
FNH:0
FNDA:0,(anonymous_7)
FNDA:0,(anonymous_8)
FNDA:0,(anonymous_9)
DA:14,0
DA:15,0
DA:18,0
DA:28,0
DA:29,0
DA:30,0
DA:32,0
DA:37,0
DA:38,0
DA:39,0
DA:41,0
LF:11
LH:0
BRDA:14,0,0,0
BRDA:14,0,1,0
BRDA:29,1,0,0
BRDA:29,1,1,0
BRDA:29,2,0,0
BRDA:29,2,1,0
BRDA:38,3,0,0
BRDA:38,3,1,0
BRF:8
BRH:0
end_of_record
TN:
SF:/Users/alexismajyambere/tembea/src/middlewares/RouteValidator.js
FN:13,(anonymous_7)
FN:27,(anonymous_8)
FN:35,(anonymous_9)
FN:53,(anonymous_10)
FN:57,(anonymous_11)
FN:70,(anonymous_13)
FN:83,(anonymous_15)
FN:87,(anonymous_16)
FN:104,(anonymous_18)
FN:113,(anonymous_19)
FNF:10
FNH:0
FNDA:0,(anonymous_7)
FNDA:0,(anonymous_8)
FNDA:0,(anonymous_9)
FNDA:0,(anonymous_10)
FNDA:0,(anonymous_11)
FNDA:0,(anonymous_13)
FNDA:0,(anonymous_15)
FNDA:0,(anonymous_16)
FNDA:0,(anonymous_18)
FNDA:0,(anonymous_19)
DA:14,0
DA:15,0
DA:16,0
DA:19,0
DA:20,0
DA:21,0
DA:23,0
DA:24,0
DA:28,0
DA:29,0
DA:30,0
DA:32,0
DA:45,0
DA:46,0
DA:47,0
DA:48,0
DA:49,0
DA:54,0
DA:58,0
DA:59,0
DA:60,0
DA:61,0
DA:62,0
DA:63,0
DA:65,0
DA:67,0
DA:71,0
DA:72,0
DA:73,0
DA:74,0
DA:75,0
DA:76,0
DA:78,0
DA:80,0
DA:84,0
DA:88,0
DA:93,0
DA:95,0
DA:96,0
DA:97,0
DA:98,0
DA:100,0
DA:101,0
DA:102,0
DA:103,0
DA:104,0
DA:106,0
DA:107,0
DA:108,0
DA:109,0
DA:110,0
DA:114,0
LF:52
LH:0
BRDA:14,0,0,0
BRDA:14,0,1,0
BRDA:16,1,0,0
BRDA:16,1,1,0
BRDA:16,2,0,0
BRDA:16,2,1,0
BRDA:20,3,0,0
BRDA:20,3,1,0
BRDA:28,4,0,0
BRDA:28,4,1,0
BRDA:28,5,0,0
BRDA:28,5,1,0
BRDA:46,6,0,0
BRDA:46,6,1,0
BRDA:47,7,0,0
BRDA:47,7,1,0
BRDA:48,8,0,0
BRDA:48,8,1,0
BRDA:58,9,0,0
BRDA:58,9,1,0
BRDA:62,10,0,0
BRDA:62,10,1,0
BRDA:71,11,0,0
BRDA:71,11,1,0
BRDA:75,12,0,0
BRDA:75,12,1,0
BRDA:100,13,0,0
BRDA:100,13,1,0
BRDA:100,13,2,0
BRDA:101,14,0,0
BRDA:101,14,1,0
BRDA:101,14,2,0
BRDA:102,15,0,0
BRDA:102,15,1,0
BRDA:102,15,2,0
BRDA:103,16,0,0
BRDA:103,16,1,0
BRDA:103,16,2,0
BRDA:106,17,0,0
BRDA:106,17,1,0
BRDA:107,18,0,0
BRDA:107,18,1,0
BRDA:108,19,0,0
BRDA:108,19,1,0
BRF:44
BRH:0
end_of_record
TN:
SF:/Users/alexismajyambere/tembea/src/middlewares/TokenValidator.js
FN:6,(anonymous_7)
FN:20,(anonymous_8)
FN:48,(anonymous_10)
FN:72,(anonymous_11)
FNF:4
FNH:1
FNDA:1,(anonymous_7)
FNDA:0,(anonymous_8)
FNDA:0,(anonymous_10)
FNDA:0,(anonymous_11)
DA:7,1
DA:8,1
DA:21,0
DA:22,0
DA:24,0
DA:25,0
DA:26,0
DA:29,0
DA:30,0
DA:31,0
DA:32,0
DA:34,0
DA:35,0
DA:53,0
DA:54,0
DA:56,0
DA:57,0
DA:58,0
DA:60,0
DA:73,0
DA:74,0
DA:75,0
DA:77,0
DA:78,0
DA:82,1
LF:25
LH:3
BRDA:24,0,0,0
BRDA:24,0,1,0
BRDA:56,1,0,0
BRDA:56,1,1,0
BRDA:73,2,0,0
BRDA:73,2,1,0
BRF:6
BRH:0
end_of_record
TN:
SF:/Users/alexismajyambere/tembea/src/middlewares/TripValidator.js
FN:13,(anonymous_7)
FN:34,(anonymous_9)
FN:67,(anonymous_10)
FN:74,(anonymous_11)
FN:92,(anonymous_12)
FN:99,(anonymous_13)
FN:110,(anonymous_14)
FN:113,(anonymous_15)
FN:120,(anonymous_16)
FNF:9
FNH:0
FNDA:0,(anonymous_7)
FNDA:0,(anonymous_9)
FNDA:0,(anonymous_10)
FNDA:0,(anonymous_11)
FNDA:0,(anonymous_12)
FNDA:0,(anonymous_13)
FNDA:0,(anonymous_14)
FNDA:0,(anonymous_15)
FNDA:0,(anonymous_16)
DA:10,1
DA:14,0
DA:16,0
DA:18,0
DA:19,0
DA:21,0
DA:22,0
DA:23,0
DA:24,0
DA:25,0
DA:27,0
DA:28,0
DA:29,0
DA:31,0
DA:35,0
DA:40,0
DA:42,0
DA:45,0
DA:46,0
DA:48,0
DA:49,0
DA:51,0
DA:53,0
DA:55,0
DA:57,0
DA:58,0
DA:60,0
DA:61,0
DA:64,0
DA:68,0
DA:69,0
DA:70,0
DA:76,0
DA:77,0
DA:78,0
DA:79,0
DA:81,0
DA:82,0
DA:83,0
DA:86,0
DA:87,0
DA:89,0
DA:93,0
DA:94,0
DA:95,0
DA:100,0
DA:101,0
DA:102,0
DA:103,0
DA:104,0
DA:105,0
DA:107,0
DA:111,0
DA:112,0
DA:113,0
DA:114,0
DA:115,0
DA:117,0
DA:121,0
LF:59
LH:1
BRDA:18,0,0,0
BRDA:18,0,1,0
BRDA:28,1,0,0
BRDA:28,1,1,0
BRDA:45,2,0,0
BRDA:45,2,1,0
BRDA:60,3,0,0
BRDA:60,3,1,0
BRDA:68,4,0,0
BRDA:68,4,1,0
BRDA:78,5,0,0
BRDA:78,5,1,0
BRDA:82,6,0,0
BRDA:82,6,1,0
BRDA:86,7,0,0
BRDA:86,7,1,0
BRDA:93,8,0,0
BRDA:93,8,1,0
BRDA:94,9,0,0
BRDA:94,9,1,0
BRDA:94,10,0,0
BRDA:94,10,1,0
BRDA:103,11,0,0
BRDA:103,11,1,0
BRDA:104,12,0,0
BRDA:104,12,1,0
BRDA:104,13,0,0
BRDA:104,13,1,0
BRDA:107,14,0,0
BRDA:107,14,1,0
BRDA:112,15,0,0
BRDA:112,15,1,0
BRDA:113,16,0,0
BRDA:113,16,1,0
BRDA:114,17,0,0
BRDA:114,17,1,0
BRF:36
BRH:0
end_of_record
TN:
SF:/Users/alexismajyambere/tembea/src/middlewares/UserValidator.js
FN:14,(anonymous_0)
FN:25,(anonymous_1)
FN:29,(anonymous_2)
FN:33,(anonymous_3)
FN:37,(anonymous_4)
FN:41,(anonymous_5)
FNF:6
FNH:0
FNDA:0,(anonymous_0)
FNDA:0,(anonymous_1)
FNDA:0,(anonymous_2)
FNDA:0,(anonymous_3)
FNDA:0,(anonymous_4)
FNDA:0,(anonymous_5)
DA:15,0
DA:26,0
DA:30,0
DA:34,0
DA:38,0
DA:42,0
LF:6
LH:0
BRF:0
BRH:0
end_of_record
TN:
SF:/Users/alexismajyambere/tembea/src/middlewares/ValidationSchemas.js
FN:227,(anonymous_0)
FN:229,(anonymous_1)
FN:235,(anonymous_2)
FNF:3
FNH:0
FNDA:0,(anonymous_0)
FNDA:0,(anonymous_1)
FNDA:0,(anonymous_2)
DA:22,1
DA:30,1
DA:34,1
DA:39,1
DA:57,1
DA:73,1
DA:84,1
DA:90,1
DA:99,1
DA:103,1
DA:109,1
DA:111,1
DA:115,1
DA:121,1
DA:129,1
DA:139,1
DA:148,1
DA:157,1
DA:165,1
DA:174,1
DA:182,1
DA:189,1
DA:191,1
DA:196,1
DA:204,1
DA:211,1
DA:217,1
DA:224,1
DA:227,0
DA:229,0
DA:235,0
DA:242,1
DA:254,1
DA:255,1
LF:34
LH:31
BRF:0
BRH:0
end_of_record
TN:
SF:/Users/alexismajyambere/tembea/src/middlewares/mainValidor.js
FN:12,(anonymous_1)
FN:35,(anonymous_2)
FN:42,(anonymous_3)
FN:62,(anonymous_4)
FN:62,(anonymous_5)
FN:70,(anonymous_6)
FNF:6
FNH:0
FNDA:0,(anonymous_1)
FNDA:0,(anonymous_2)
FNDA:0,(anonymous_3)
FNDA:0,(anonymous_4)
FNDA:0,(anonymous_5)
FNDA:0,(anonymous_6)
DA:10,1
DA:12,1
DA:13,0
DA:14,0
DA:15,0
DA:17,0
DA:21,1
DA:35,1
DA:36,0
DA:40,0
DA:41,0
DA:42,0
DA:43,0
DA:44,0
DA:46,0
DA:52,0
DA:62,0
DA:63,0
DA:64,0
DA:69,0
DA:70,0
DA:71,0
DA:72,0
DA:73,0
DA:74,0
DA:75,0
DA:78,0
DA:81,0
DA:88,0
LF:29
LH:4
BRDA:12,0,0,0
BRDA:14,1,0,0
BRDA:14,1,1,0
BRDA:14,2,0,0
BRDA:14,2,1,0
BRDA:14,2,2,0
BRDA:14,2,3,0
BRDA:35,3,0,0
BRDA:41,4,0,0
BRDA:41,4,1,0
BRDA:62,5,0,0
BRDA:64,6,0,0
BRDA:64,6,1,0
BRDA:65,7,0,0
BRDA:65,7,1,0
BRDA:72,8,0,0
BRDA:72,8,1,0
BRF:17
BRH:0
end_of_record
TN:
SF:/Users/alexismajyambere/tembea/src/middlewares/validationSchemasExetension.js
FN:35,(anonymous_0)
FNF:1
FNH:1
FNDA:1,(anonymous_0)
DA:4,1
DA:6,1
DA:7,1
DA:8,1
DA:9,1
DA:10,1
DA:11,1
DA:12,1
DA:13,1
DA:14,1
DA:15,1
DA:19,1
DA:21,1
DA:35,1
DA:41,1
DA:44,1
DA:46,1
DA:53,1
DA:61,1
DA:62,1
DA:64,1
DA:71,1
DA:83,1
DA:86,1
LF:24
LH:24
BRDA:38,0,0,1
BRDA:38,0,1,0
BRF:2
BRH:1
end_of_record
TN:
SF:/Users/alexismajyambere/tembea/src/modules/addresses/address.service.ts
FN:10,(anonymous_7)
FN:23,(anonymous_8)
FN:33,(anonymous_10)
FN:38,(anonymous_12)
FN:56,(anonymous_14)
FN:74,(anonymous_16)
FN:100,(anonymous_18)
FN:131,(anonymous_20)
FN:151,(anonymous_22)
FN:158,(anonymous_24)
FN:167,(anonymous_26)
FN:167,(anonymous_27)
FN:171,(anonymous_28)
FN:179,(anonymous_30)
FN:179,(anonymous_31)
FN:183,(anonymous_32)
FN:198,(anonymous_34)
FNF:17
FNH:3
FNDA:3,(anonymous_7)
FNDA:1,(anonymous_8)
FNDA:0,(anonymous_10)
FNDA:0,(anonymous_12)
FNDA:0,(anonymous_14)
FNDA:0,(anonymous_16)
FNDA:1,(anonymous_18)
FNDA:0,(anonymous_20)
FNDA:0,(anonymous_22)
FNDA:0,(anonymous_24)
FNDA:0,(anonymous_26)
FNDA:0,(anonymous_27)
FNDA:0,(anonymous_28)
FNDA:0,(anonymous_30)
FNDA:0,(anonymous_31)
FNDA:0,(anonymous_32)
FNDA:0,(anonymous_34)
DA:12,3
DA:13,3
DA:15,3
DA:24,1
DA:25,1
DA:26,1
DA:28,0
DA:29,0
DA:34,0
DA:35,0
DA:43,0
DA:44,0
DA:45,0
DA:47,0
DA:49,0
DA:57,0
DA:63,0
DA:64,0
DA:75,0
DA:76,0
DA:77,0
DA:78,0
DA:85,0
DA:87,0
DA:88,0
DA:102,1
DA:103,1
DA:104,1
DA:108,0
DA:110,0
DA:118,0
DA:120,1
DA:121,1
DA:135,0
DA:143,0
DA:152,0
DA:155,0
DA:159,0
DA:167,0
DA:168,0
DA:172,0
DA:179,0
DA:180,0
DA:184,0
DA:195,0
DA:199,0
DA:203,0
DA:204,0
DA:208,1
LF:49
LH:12
BRDA:11,0,0,1
BRDA:12,1,0,1
BRDA:13,2,0,1
BRDA:35,3,0,0
BRDA:35,3,1,0
BRDA:44,4,0,0
BRDA:44,4,1,0
BRDA:112,5,0,0
BRDA:112,5,1,0
BRF:9
BRH:3
end_of_record
TN:
SF:/Users/alexismajyambere/tembea/src/modules/cabs/cab.service.ts
FN:7,(anonymous_7)
FN:11,(anonymous_8)
FN:23,(anonymous_10)
FN:28,(anonymous_12)
FN:39,(anonymous_13)
FN:57,(anonymous_15)
FN:68,(anonymous_17)
FNF:7
FNH:1
FNDA:1,(anonymous_7)
FNDA:0,(anonymous_8)
FNDA:0,(anonymous_10)
FNDA:0,(anonymous_12)
FNDA:0,(anonymous_13)
FNDA:0,(anonymous_15)
FNDA:0,(anonymous_17)
DA:8,1
DA:13,0
DA:19,0
DA:20,0
DA:24,0
DA:25,0
DA:28,0
DA:40,0
DA:46,0
DA:58,0
DA:59,0
DA:60,0
DA:61,0
DA:62,0
DA:64,0
DA:69,0
DA:72,0
DA:76,1
LF:18
LH:2
BRDA:7,0,0,1
BRDA:39,1,0,0
BRDA:39,2,0,0
BRDA:60,3,0,0
BRDA:60,3,1,0
BRF:5
BRH:1
end_of_record
TN:
SF:/Users/alexismajyambere/tembea/src/modules/countries/country.service.ts
FN:9,(anonymous_7)
FN:17,(anonymous_8)
FN:35,(anonymous_10)
FN:50,(anonymous_12)
FN:71,(anonymous_14)
FN:82,(anonymous_16)
FN:101,(anonymous_18)
FN:118,(anonymous_20)
FN:135,(anonymous_22)
FNF:9
FNH:1
FNDA:1,(anonymous_7)
FNDA:0,(anonymous_8)
FNDA:0,(anonymous_10)
FNDA:0,(anonymous_12)
FNDA:0,(anonymous_14)
FNDA:0,(anonymous_16)
FNDA:0,(anonymous_18)
FNDA:0,(anonymous_20)
FNDA:0,(anonymous_22)
DA:10,1
DA:18,0
DA:23,0
DA:36,0
DA:40,0
DA:52,0
DA:60,0
DA:72,0
DA:73,0
DA:83,0
DA:84,0
DA:86,0
DA:88,0
DA:89,0
DA:91,0
DA:103,0
DA:107,0
DA:108,0
DA:109,0
DA:119,0
DA:127,0
DA:136,0
DA:137,0
DA:138,0
DA:139,0
DA:141,0
DA:146,1
LF:27
LH:2
BRDA:9,0,0,1
BRDA:35,1,0,0
BRDA:86,2,0,0
BRDA:86,2,1,0
BRDA:101,3,0,0
BRDA:102,4,0,0
BRDA:118,5,0,0
BRDA:118,6,0,0
BRF:8
BRH:1
end_of_record
TN:
SF:/Users/alexismajyambere/tembea/src/modules/departments/department.service.ts
FN:14,(anonymous_7)
FN:35,(anonymous_8)
FN:39,(anonymous_9)
FN:54,(anonymous_11)
FN:64,(anonymous_13)
FN:85,(anonymous_15)
FN:105,(anonymous_17)
FN:119,(anonymous_19)
FN:128,(anonymous_21)
FN:134,(anonymous_23)
FN:142,(anonymous_25)
FN:149,(anonymous_26)
FN:150,(anonymous_28)
FN:150,(anonymous_29)
FN:157,(anonymous_30)
FNF:15
FNH:1
FNDA:0,(anonymous_7)
FNDA:1,(anonymous_8)
FNDA:0,(anonymous_9)
FNDA:0,(anonymous_11)
FNDA:0,(anonymous_13)
FNDA:0,(anonymous_15)
FNDA:0,(anonymous_17)
FNDA:0,(anonymous_19)
FNDA:0,(anonymous_21)
FNDA:0,(anonymous_23)
FNDA:0,(anonymous_25)
FNDA:0,(anonymous_26)
FNDA:0,(anonymous_28)
FNDA:0,(anonymous_29)
FNDA:0,(anonymous_30)
DA:14,1
DA:15,1
DA:22,1
DA:36,1
DA:40,0
DA:49,0
DA:50,0
DA:51,0
DA:55,0
DA:56,0
DA:57,0
DA:59,0
DA:60,0
DA:65,0
DA:66,0
DA:67,0
DA:68,0
DA:71,0
DA:72,0
DA:74,0
DA:75,0
DA:86,0
DA:106,0
DA:112,0
DA:114,0
DA:115,0
DA:116,0
DA:120,0
DA:121,0
DA:123,0
DA:124,0
DA:125,0
DA:129,0
DA:130,0
DA:131,0
DA:135,0
DA:142,0
DA:150,0
DA:151,0
DA:152,0
DA:154,0
DA:160,0
DA:161,0
DA:162,0
DA:163,0
DA:166,0
DA:168,0
DA:174,0
DA:177,1
LF:49
LH:5
BRDA:35,0,0,1
BRDA:59,1,0,0
BRDA:59,1,1,0
BRDA:67,2,0,0
BRDA:67,2,1,0
BRDA:74,3,0,0
BRDA:74,3,1,0
BRDA:89,4,0,0
BRDA:89,4,1,0
BRDA:105,5,0,0
BRDA:105,6,0,0
BRDA:119,7,0,0
BRDA:120,8,0,0
BRDA:120,8,1,0
BRDA:135,9,0,0
BRDA:135,9,1,0
BRDA:145,10,0,0
BRDA:145,10,1,0
BRDA:151,11,0,0
BRDA:151,11,1,0
BRDA:162,12,0,0
BRDA:162,12,1,0
BRDA:166,13,0,0
BRDA:166,13,1,0
BRF:24
BRH:1
end_of_record
TN:
SF:/Users/alexismajyambere/tembea/src/modules/drivers/driver.service.ts
FN:17,(anonymous_7)
FN:26,(anonymous_8)
FN:50,(anonymous_10)
FN:75,(anonymous_12)
FN:88,(anonymous_14)
FN:112,(anonymous_16)
FN:133,(anonymous_18)
FN:148,(anonymous_20)
FNF:8
FNH:1
FNDA:1,(anonymous_7)
FNDA:0,(anonymous_8)
FNDA:0,(anonymous_10)
FNDA:0,(anonymous_12)
FNDA:0,(anonymous_14)
FNDA:0,(anonymous_16)
FNDA:0,(anonymous_18)
FNDA:0,(anonymous_20)
DA:8,1
DA:18,1
DA:27,0
DA:29,0
DA:30,0
DA:34,0
DA:36,0
DA:51,0
DA:56,0
DA:76,0
DA:77,0
DA:89,0
DA:94,0
DA:113,0
DA:114,0
DA:115,0
DA:116,0
DA:117,0
DA:119,0
DA:134,0
DA:137,0
DA:144,0
DA:145,0
DA:149,0
DA:153,0
DA:157,1
LF:26
LH:3
BRDA:50,0,0,0
BRDA:50,1,0,0
BRDA:115,2,0,0
BRDA:115,2,1,0
BRDA:135,3,0,0
BRDA:135,3,1,0
BRF:6
BRH:0
end_of_record
TN:
SF:/Users/alexismajyambere/tembea/src/modules/emails/EmailService.ts
FN:6,(anonymous_7)
FN:29,(anonymous_8)
FNF:2
FNH:0
FNDA:0,(anonymous_7)
FNDA:0,(anonymous_8)
DA:7,0
DA:8,0
DA:10,0
DA:11,0
DA:16,0
DA:18,0
DA:30,0
DA:31,0
DA:32,0
DA:34,0
LF:10
LH:0
BRDA:10,0,0,0
BRDA:10,0,1,0
BRDA:10,1,0,0
BRDA:10,1,1,0
BRDA:30,2,0,0
BRDA:30,2,1,0
BRF:6
BRH:0
end_of_record
TN:
SF:/Users/alexismajyambere/tembea/src/modules/events/app-event.service.ts
FN:12,(anonymous_0)
FN:16,(anonymous_1)
FN:17,(anonymous_2)
FN:18,(anonymous_3)
FN:21,(anonymous_4)
FNF:5
FNH:1
FNDA:1,(anonymous_0)
FNDA:0,(anonymous_1)
FNDA:0,(anonymous_2)
FNDA:0,(anonymous_3)
FNDA:0,(anonymous_4)
DA:13,1
DA:17,0
DA:18,0
DA:22,0
DA:26,1
LF:5
LH:2
BRF:0
BRH:0
end_of_record
TN:
SF:/Users/alexismajyambere/tembea/src/modules/events/route-events.constants.js
FNF:0
FNH:0
DA:1,1
DA:6,1
DA:12,1
LF:3
LH:3
BRF:0
BRH:0
end_of_record
TN:
SF:/Users/alexismajyambere/tembea/src/modules/events/trip-events.contants.ts
FN:11,(anonymous_0)
FNF:1
FNH:1
FNDA:1,(anonymous_0)
DA:1,1
DA:11,1
DA:12,1
DA:13,1
LF:4
LH:4
BRDA:11,0,0,1
BRDA:11,0,1,1
BRF:2
BRH:2
end_of_record
TN:
SF:/Users/alexismajyambere/tembea/src/modules/homebases/homebase.service.ts
FN:13,(anonymous_7)
FN:17,(anonymous_8)
FN:49,(anonymous_10)
FN:54,(anonymous_11)
FN:62,(anonymous_12)
FN:71,(anonymous_14)
FN:90,(anonymous_15)
FN:103,(anonymous_16)
FN:112,(anonymous_18)
FN:122,(anonymous_20)
FN:127,(anonymous_22)
FN:132,(anonymous_24)
FN:139,(anonymous_26)
FN:159,(anonymous_28)
FN:173,(anonymous_30)
FN:175,(anonymous_31)
FN:179,(anonymous_32)
FNF:17
FNH:1
FNDA:1,(anonymous_7)
FNDA:0,(anonymous_8)
FNDA:0,(anonymous_10)
FNDA:0,(anonymous_11)
FNDA:0,(anonymous_12)
FNDA:0,(anonymous_14)
FNDA:0,(anonymous_15)
FNDA:0,(anonymous_16)
FNDA:0,(anonymous_18)
FNDA:0,(anonymous_20)
FNDA:0,(anonymous_22)
FNDA:0,(anonymous_24)
FNDA:0,(anonymous_26)
FNDA:0,(anonymous_28)
FNDA:0,(anonymous_30)
FNDA:0,(anonymous_31)
FNDA:0,(anonymous_32)
DA:10,1
DA:14,1
DA:18,0
DA:19,0
DA:20,0
DA:23,0
DA:24,0
DA:27,0
DA:41,0
DA:43,0
DA:50,0
DA:51,0
DA:55,0
DA:56,0
DA:57,0
DA:58,0
DA:59,0
DA:63,0
DA:69,0
DA:71,0
DA:91,0
DA:92,0
DA:93,0
DA:98,0
DA:99,0
DA:104,0
DA:109,0
DA:113,0
DA:114,0
DA:119,0
DA:123,0
DA:124,0
DA:128,0
DA:129,0
DA:133,0
DA:136,0
DA:142,0
DA:144,0
DA:145,0
DA:148,0
DA:149,0
DA:150,0
DA:151,0
DA:153,0
DA:155,0
DA:160,0
DA:161,0
DA:162,0
DA:163,0
DA:164,0
DA:169,0
DA:170,0
DA:174,0
DA:175,0
DA:180,0
DA:183,0
DA:184,0
DA:231,1
LF:58
LH:3
BRDA:13,0,0,1
BRDA:23,1,0,0
BRDA:23,1,1,0
BRDA:23,2,0,0
BRDA:23,2,1,0
BRDA:57,3,0,0
BRDA:57,3,1,0
BRDA:58,4,0,0
BRDA:58,4,1,0
BRDA:62,5,0,0
BRDA:75,6,0,0
BRDA:75,6,1,0
BRDA:92,7,0,0
BRDA:92,7,1,0
BRDA:103,8,0,0
BRDA:107,9,0,0
BRDA:107,9,1,0
BRDA:112,10,0,0
BRDA:116,11,0,0
BRDA:116,11,1,0
BRDA:124,12,0,0
BRDA:124,12,1,0
BRDA:144,13,0,0
BRDA:144,13,1,0
BRDA:144,14,0,0
BRDA:144,14,1,0
BRDA:150,15,0,0
BRDA:150,15,1,0
BRDA:163,16,0,0
BRDA:163,16,1,0
BRDA:174,17,0,0
BRDA:174,17,1,0
BRF:32
BRH:1
end_of_record
TN:
SF:/Users/alexismajyambere/tembea/src/modules/locations/index.ts
FNF:0
FNH:0
DA:10,1
DA:11,1
DA:13,1
DA:14,1
DA:35,1
LF:5
LH:5
BRF:0
BRH:0
end_of_record
TN:
SF:/Users/alexismajyambere/tembea/src/modules/locations/location.controller.ts
FN:7,(anonymous_7)
FN:16,(anonymous_8)
FNF:2
FNH:1
FNDA:1,(anonymous_7)
FNDA:0,(anonymous_8)
DA:8,1
DA:9,1
DA:17,0
DA:18,0
DA:19,0
DA:20,0
DA:22,0
DA:23,0
LF:8
LH:2
BRF:0
BRH:0
end_of_record
TN:
SF:/Users/alexismajyambere/tembea/src/modules/locations/location.service.ts
FN:7,(anonymous_7)
FN:20,(anonymous_8)
FN:42,(anonymous_10)
FN:57,(anonymous_12)
FNF:4
FNH:2
FNDA:2,(anonymous_7)
FNDA:0,(anonymous_8)
FNDA:1,(anonymous_10)
FNDA:0,(anonymous_12)
DA:7,2
DA:8,2
DA:21,0
DA:22,0
DA:23,0
DA:29,0
DA:31,0
DA:32,0
DA:43,1
DA:44,1
DA:45,1
DA:49,0
DA:50,0
DA:52,1
DA:53,1
DA:58,0
DA:59,0
DA:60,0
DA:61,0
DA:63,0
LF:20
LH:7
BRDA:20,0,0,0
BRDA:22,1,0,0
BRDA:22,1,1,0
BRDA:29,2,0,0
BRDA:29,2,1,0
BRF:5
BRH:0
end_of_record
TN:
SF:/Users/alexismajyambere/tembea/src/modules/new-slack/helpers/slack-helpers.js
FN:25,(anonymous_7)
FN:34,(anonymous_8)
FN:42,(anonymous_9)
FN:49,(anonymous_10)
FN:57,(anonymous_11)
FN:63,(anonymous_12)
FN:72,(anonymous_13)
FN:79,(anonymous_14)
FN:87,(anonymous_15)
FN:96,(anonymous_16)
FN:97,(anonymous_17)
FN:98,(anonymous_18)
FN:104,(anonymous_19)
FN:110,(anonymous_21)
FN:123,(anonymous_23)
FN:134,(anonymous_25)
FN:136,(anonymous_26)
FN:159,(anonymous_27)
FN:185,(anonymous_29)
FN:212,(anonymous_31)
FN:213,(anonymous_32)
FN:214,(anonymous_33)
FN:231,(anonymous_34)
FN:239,(anonymous_36)
FNF:24
FNH:0
FNDA:0,(anonymous_7)
FNDA:0,(anonymous_8)
FNDA:0,(anonymous_9)
FNDA:0,(anonymous_10)
FNDA:0,(anonymous_11)
FNDA:0,(anonymous_12)
FNDA:0,(anonymous_13)
FNDA:0,(anonymous_14)
FNDA:0,(anonymous_15)
FNDA:0,(anonymous_16)
FNDA:0,(anonymous_17)
FNDA:0,(anonymous_18)
FNDA:0,(anonymous_19)
FNDA:0,(anonymous_21)
FNDA:0,(anonymous_23)
FNDA:0,(anonymous_25)
FNDA:0,(anonymous_26)
FNDA:0,(anonymous_27)
FNDA:0,(anonymous_29)
FNDA:0,(anonymous_31)
FNDA:0,(anonymous_32)
FNDA:0,(anonymous_33)
FNDA:0,(anonymous_34)
FNDA:0,(anonymous_36)
DA:21,1
DA:22,1
DA:26,0
DA:35,0
DA:39,0
DA:43,0
DA:44,0
DA:45,0
DA:46,0
DA:50,0
DA:52,0
DA:53,0
DA:54,0
DA:58,0
DA:59,0
DA:60,0
DA:62,0
DA:63,0
DA:64,0
DA:65,0
DA:68,0
DA:73,0
DA:74,0
DA:75,0
DA:77,0
DA:78,0
DA:79,0
DA:80,0
DA:81,0
DA:83,0
DA:88,0
DA:89,0
DA:90,0
DA:91,0
DA:93,0
DA:97,0
DA:98,0
DA:105,0
DA:106,0
DA:107,0
DA:111,0
DA:112,0
DA:113,0
DA:115,0
DA:117,0
DA:124,0
DA:125,0
DA:126,0
DA:127,0
DA:130,0
DA:131,0
DA:135,0
DA:136,0
DA:137,0
DA:138,0
DA:140,0
DA:141,0
DA:143,0
DA:144,0
DA:146,0
DA:147,0
DA:150,0
DA:152,0
DA:156,0
DA:160,0
DA:162,0
DA:167,0
DA:169,0
DA:170,0
DA:172,0
DA:173,0
DA:176,0
DA:177,0
DA:179,0
DA:182,0
DA:186,0
DA:187,0
DA:189,0
DA:190,0
DA:191,0
DA:192,0
DA:196,0
DA:199,0
DA:209,0
DA:213,0
DA:214,0
DA:215,0
DA:216,0
DA:217,0
DA:222,0
DA:227,0
DA:232,0
DA:233,0
DA:236,0
DA:240,0
LF:95
LH:2
BRDA:66,0,0,0
BRDA:66,0,1,0
BRDA:81,1,0,0
BRDA:81,1,1,0
BRDA:89,2,0,0
BRDA:89,2,1,0
BRDA:91,3,0,0
BRDA:91,3,1,0
BRDA:96,4,0,0
BRDA:114,5,0,0
BRDA:114,5,1,0
BRDA:116,6,0,0
BRDA:116,6,1,0
BRDA:126,7,0,0
BRDA:126,7,1,0
BRDA:139,8,0,0
BRDA:139,8,1,0
BRDA:139,8,2,0
BRDA:139,8,3,0
BRDA:139,8,4,0
BRDA:139,8,5,0
BRDA:168,9,0,0
BRDA:168,9,1,0
BRDA:168,9,2,0
BRDA:168,9,3,0
BRDA:168,9,4,0
BRDA:212,10,0,0
BRDA:212,11,0,0
BRDA:213,12,0,0
BRDA:213,12,1,0
BRDA:216,13,0,0
BRDA:216,13,1,0
BRDA:234,14,0,0
BRDA:234,14,1,0
BRF:34
BRH:0
end_of_record
TN:
SF:/Users/alexismajyambere/tembea/src/modules/new-slack/models/slack-block-models.ts
FN:30,(anonymous_0)
FN:37,(anonymous_1)
FN:41,(anonymous_2)
FN:47,(anonymous_3)
FN:52,(anonymous_4)
FN:60,(anonymous_5)
FN:61,(anonymous_6)
FN:71,(anonymous_7)
FN:75,(anonymous_8)
FN:84,(anonymous_9)
FN:93,(anonymous_10)
FN:97,(anonymous_11)
FN:111,(anonymous_12)
FN:124,(anonymous_13)
FN:133,(anonymous_14)
FN:138,(anonymous_15)
FN:163,(anonymous_16)
FN:188,(anonymous_17)
FN:209,(anonymous_18)
FN:219,(anonymous_19)
FN:228,(anonymous_20)
FN:267,(anonymous_21)
FN:276,(anonymous_22)
FN:281,(anonymous_23)
FN:286,(anonymous_24)
FN:291,(anonymous_25)
FNF:26
FNH:1
FNDA:0,(anonymous_0)
FNDA:0,(anonymous_1)
FNDA:0,(anonymous_2)
FNDA:0,(anonymous_3)
FNDA:0,(anonymous_4)
FNDA:1,(anonymous_5)
FNDA:0,(anonymous_6)
FNDA:0,(anonymous_7)
FNDA:0,(anonymous_8)
FNDA:0,(anonymous_9)
FNDA:0,(anonymous_10)
FNDA:0,(anonymous_11)
FNDA:0,(anonymous_12)
FNDA:0,(anonymous_13)
FNDA:0,(anonymous_14)
FNDA:0,(anonymous_15)
FNDA:0,(anonymous_16)
FNDA:0,(anonymous_17)
FNDA:0,(anonymous_18)
FNDA:0,(anonymous_19)
FNDA:0,(anonymous_20)
FNDA:0,(anonymous_21)
FNDA:0,(anonymous_22)
FNDA:0,(anonymous_23)
FNDA:0,(anonymous_24)
FNDA:0,(anonymous_25)
DA:5,1
DA:13,1
DA:24,1
DA:31,0
DA:32,0
DA:33,0
DA:37,0
DA:41,0
DA:42,0
DA:48,0
DA:52,1
DA:60,1
DA:62,0
DA:63,0
DA:72,0
DA:76,0
DA:77,0
DA:78,0
DA:80,0
DA:81,0
DA:85,0
DA:86,0
DA:94,0
DA:98,0
DA:99,0
DA:100,0
DA:102,0
DA:103,0
DA:112,0
DA:113,0
DA:114,0
DA:115,0
DA:116,0
DA:125,0
DA:126,0
DA:127,0
DA:128,0
DA:133,0
DA:140,0
DA:141,0
DA:142,0
DA:144,0
DA:145,0
DA:165,0
DA:166,0
DA:167,0
DA:168,0
DA:169,0
DA:170,0
DA:190,0
DA:196,0
DA:213,0
DA:214,0
DA:215,0
DA:216,0
DA:220,0
DA:221,0
DA:228,0
DA:229,0
DA:230,0
DA:241,1
DA:268,0
DA:269,0
DA:270,0
DA:271,0
DA:272,0
DA:273,0
DA:277,0
DA:278,0
DA:282,0
DA:283,0
DA:287,0
DA:288,0
DA:292,0
DA:295,0
LF:75
LH:6
BRDA:37,0,0,0
BRDA:41,1,0,0
BRDA:53,2,0,0
BRDA:53,2,1,0
BRDA:60,3,0,0
BRDA:76,4,0,0
BRDA:76,4,1,0
BRDA:76,5,0,0
BRDA:76,5,1,0
BRDA:98,6,0,0
BRDA:98,6,1,0
BRDA:98,7,0,0
BRDA:98,7,1,0
BRDA:112,8,0,0
BRDA:141,9,0,0
BRDA:164,10,0,0
BRDA:216,11,0,0
BRDA:216,11,1,0
BRDA:267,12,0,0
BRF:19
BRH:0
end_of_record
TN:
SF:/Users/alexismajyambere/tembea/src/modules/new-slack/trips/manager/constants.ts
FN:1,(anonymous_0)
FN:9,(anonymous_1)
FNF:2
FNH:2
FNDA:1,(anonymous_0)
FNDA:1,(anonymous_1)
DA:1,1
DA:2,1
DA:3,1
DA:4,1
DA:5,1
DA:6,1
DA:9,1
DA:10,1
LF:8
LH:8
BRDA:1,0,0,1
BRDA:1,0,1,1
BRDA:9,1,0,1
BRDA:9,1,1,1
BRF:4
BRH:4
end_of_record
TN:
SF:/Users/alexismajyambere/tembea/src/modules/new-slack/trips/manager/interactions.ts
FN:19,(anonymous_7)
FN:37,(anonymous_9)
FN:51,(anonymous_11)
FN:57,(anonymous_12)
FNF:4
FNH:0
FNDA:0,(anonymous_7)
FNDA:0,(anonymous_9)
FNDA:0,(anonymous_11)
FNDA:0,(anonymous_12)
DA:21,0
DA:22,0
DA:24,0
DA:27,0
DA:28,0
DA:40,0
DA:41,0
DA:42,0
DA:44,0
DA:46,0
DA:48,0
DA:52,0
DA:53,0
DA:55,0
DA:58,0
DA:59,0
DA:60,0
DA:61,0
DA:62,0
DA:64,0
LF:20
LH:0
BRDA:20,0,0,0
BRDA:21,1,0,0
BRDA:21,1,1,0
BRDA:43,2,0,0
BRDA:43,2,1,0
BRDA:52,3,0,0
BRDA:52,3,1,0
BRF:7
BRH:0
end_of_record
TN:
SF:/Users/alexismajyambere/tembea/src/modules/new-slack/trips/manager/trip.helpers.ts
FN:26,(anonymous_7)
FN:36,(anonymous_9)
FN:43,(anonymous_11)
FN:52,(anonymous_13)
FN:68,(anonymous_15)
FN:84,(anonymous_17)
FN:102,(anonymous_19)
FN:123,(anonymous_21)
FN:132,(anonymous_23)
FN:140,(anonymous_24)
FN:206,(anonymous_26)
FNF:11
FNH:0
FNDA:0,(anonymous_7)
FNDA:0,(anonymous_9)
FNDA:0,(anonymous_11)
FNDA:0,(anonymous_13)
FNDA:0,(anonymous_15)
FNDA:0,(anonymous_17)
FNDA:0,(anonymous_19)
FNDA:0,(anonymous_21)
FNDA:0,(anonymous_23)
FNDA:0,(anonymous_24)
FNDA:0,(anonymous_26)
DA:27,0
DA:28,0
DA:29,0
DA:30,0
DA:33,0
DA:38,0
DA:39,0
DA:40,0
DA:44,0
DA:45,0
DA:46,0
DA:47,0
DA:49,0
DA:53,0
DA:59,0
DA:69,0
DA:75,0
DA:86,0
DA:87,0
DA:88,0
DA:89,0
DA:90,0
DA:91,0
DA:97,0
DA:98,0
DA:104,0
DA:105,0
DA:106,0
DA:107,0
DA:108,0
DA:109,0
DA:110,0
DA:117,0
DA:119,0
DA:124,0
DA:125,0
DA:126,0
DA:128,0
DA:133,0
DA:134,0
DA:135,0
DA:137,0
DA:142,0
DA:145,0
DA:146,0
DA:148,0
DA:149,0
DA:150,0
DA:152,0
DA:154,0
DA:155,0
DA:156,0
DA:158,0
DA:160,0
DA:161,0
DA:162,0
DA:164,0
DA:166,0
DA:167,0
DA:175,0
DA:176,0
DA:178,0
DA:180,0
DA:181,0
DA:182,0
DA:184,0
DA:186,0
DA:187,0
DA:190,0
DA:192,0
DA:193,0
DA:194,0
DA:195,0
DA:196,0
DA:197,0
DA:198,0
DA:200,0
DA:201,0
DA:202,0
DA:204,0
DA:207,0
DA:208,0
DA:209,0
DA:210,0
DA:212,0
DA:213,0
DA:215,0
LF:87
LH:0
BRDA:29,0,0,0
BRDA:29,0,1,0
BRDA:46,1,0,0
BRDA:46,1,1,0
BRDA:103,2,0,0
BRDA:107,3,0,0
BRDA:107,3,1,0
BRDA:124,4,0,0
BRDA:124,4,1,0
BRDA:125,5,0,0
BRDA:125,5,1,0
BRDA:134,6,0,0
BRDA:134,6,1,0
BRDA:134,7,0,0
BRDA:134,7,1,0
BRDA:147,8,0,0
BRDA:147,8,1,0
BRDA:147,8,2,0
BRDA:147,8,3,0
BRDA:147,8,4,0
BRDA:147,8,5,0
BRDA:196,9,0,0
BRDA:196,9,1,0
BRDA:200,10,0,0
BRDA:200,10,1,0
BRDA:200,11,0,0
BRDA:200,11,1,0
BRF:27
BRH:0
end_of_record
TN:
SF:/Users/alexismajyambere/tembea/src/modules/new-slack/trips/ops/trips.helper.ts
FN:8,(anonymous_7)
FN:22,(anonymous_9)
FNF:2
FNH:0
FNDA:0,(anonymous_7)
FNDA:0,(anonymous_9)
DA:9,0
DA:10,0
DA:11,0
DA:19,0
DA:23,0
DA:24,0
DA:28,0
DA:29,0
DA:30,0
DA:33,0
LF:10
LH:0
BRF:0
BRH:0
end_of_record
TN:
SF:/Users/alexismajyambere/tembea/src/modules/new-slack/trips/user/actions.ts
FNF:0
FNH:0
DA:1,1
DA:2,1
DA:30,1
LF:3
LH:3
BRF:0
BRH:0
end_of_record
TN:
SF:/Users/alexismajyambere/tembea/src/modules/notifications/whatsapp/whatsapp.service.ts
FN:23,(anonymous_7)
FN:30,(anonymous_8)
FN:45,(anonymous_10)
FN:50,(anonymous_11)
FN:55,(anonymous_12)
FN:60,(anonymous_13)
FNF:6
FNH:4
FNDA:1,(anonymous_7)
FNDA:0,(anonymous_8)
FNDA:0,(anonymous_10)
FNDA:1,(anonymous_11)
FNDA:1,(anonymous_12)
FNDA:1,(anonymous_13)
DA:24,1
DA:26,1
DA:27,1
DA:31,0
DA:32,0
DA:33,0
DA:38,0
DA:46,0
DA:50,1
DA:55,1
DA:60,1
DA:61,1
DA:64,1
DA:65,1
DA:66,1
LF:15
LH:10
BRDA:31,0,0,0
BRDA:31,0,1,0
BRDA:46,1,0,0
BRDA:46,1,1,0
BRDA:46,2,0,0
BRDA:46,2,1,0
BRDA:46,2,2,0
BRF:7
BRH:0
end_of_record
TN:
SF:/Users/alexismajyambere/tembea/src/modules/providers/provider.service.ts
FN:16,(anonymous_7)
FN:30,(anonymous_8)
FN:66,(anonymous_10)
FN:78,(anonymous_12)
FN:90,(anonymous_14)
FN:95,(anonymous_16)
FN:107,(anonymous_18)
FN:120,(anonymous_20)
FN:125,(anonymous_22)
FN:144,(anonymous_24)
FN:156,(anonymous_25)
FN:173,(anonymous_27)
FN:190,(anonymous_29)
FN:197,(anonymous_31)
FN:202,(anonymous_33)
FN:225,(anonymous_34)
FN:236,(anonymous_36)
FNF:17
FNH:1
FNDA:1,(anonymous_7)
FNDA:0,(anonymous_8)
FNDA:0,(anonymous_10)
FNDA:0,(anonymous_12)
FNDA:0,(anonymous_14)
FNDA:0,(anonymous_16)
FNDA:0,(anonymous_18)
FNDA:0,(anonymous_20)
FNDA:0,(anonymous_22)
FNDA:0,(anonymous_24)
FNDA:0,(anonymous_25)
FNDA:0,(anonymous_27)
FNDA:0,(anonymous_29)
FNDA:0,(anonymous_31)
FNDA:0,(anonymous_33)
FNDA:0,(anonymous_34)
FNDA:0,(anonymous_36)
DA:17,1
DA:31,0
DA:42,0
DA:47,0
DA:67,0
DA:68,0
DA:69,0
DA:70,0
DA:79,0
DA:82,0
DA:91,0
DA:92,0
DA:96,0
DA:97,0
DA:108,0
DA:109,0
DA:121,0
DA:122,0
DA:126,0
DA:143,0
DA:145,0
DA:146,0
DA:157,0
DA:165,0
DA:174,0
DA:182,0
DA:193,0
DA:198,0
DA:203,0
DA:206,0
DA:209,0
DA:212,0
DA:215,0
DA:217,0
DA:226,0
DA:227,0
DA:228,0
DA:230,0
DA:231,0
DA:232,0
DA:237,0
DA:242,1
LF:42
LH:2
BRDA:16,0,0,1
BRDA:30,1,0,0
BRDA:30,2,0,0
BRDA:68,3,0,0
BRDA:68,3,1,0
BRDA:95,4,0,0
BRDA:96,5,0,0
BRDA:96,5,1,0
BRDA:146,6,0,0
BRDA:146,6,1,0
BRDA:204,7,0,0
BRDA:204,7,1,0
BRDA:204,7,2,0
BRDA:204,7,3,0
BRDA:204,7,4,0
BRDA:237,8,0,0
BRDA:237,8,1,0
BRF:17
BRH:1
end_of_record
TN:
SF:/Users/alexismajyambere/tembea/src/modules/providers/notifications/base.notification.ts
FN:5,(anonymous_0)
FN:9,(anonymous_1)
FNF:2
FNH:0
FNDA:0,(anonymous_0)
FNDA:0,(anonymous_1)
DA:6,0
DA:10,0
DA:11,0
LF:3
LH:0
BRF:0
BRH:0
end_of_record
TN:
SF:/Users/alexismajyambere/tembea/src/modules/providers/notifications/channel.notification.ts
FN:10,(anonymous_7)
FN:14,(anonymous_8)
FNF:2
FNH:0
FNDA:0,(anonymous_7)
FNDA:0,(anonymous_8)
DA:11,0
DA:16,0
DA:17,0
DA:18,0
DA:19,0
DA:20,0
DA:21,0
DA:23,0
DA:24,0
DA:25,0
DA:28,0
DA:29,0
LF:12
LH:0
BRF:0
BRH:0
end_of_record
TN:
SF:/Users/alexismajyambere/tembea/src/modules/providers/notifications/dm.notification.ts
FN:10,(anonymous_7)
FN:14,(anonymous_8)
FNF:2
FNH:0
FNDA:0,(anonymous_7)
FNDA:0,(anonymous_8)
DA:11,0
DA:16,0
DA:17,0
DA:18,0
DA:19,0
DA:21,0
DA:22,0
DA:23,0
DA:25,0
DA:26,0
DA:27,0
DA:30,0
DA:31,0
LF:13
LH:0
BRF:0
BRH:0
end_of_record
TN:
SF:/Users/alexismajyambere/tembea/src/modules/providers/notifications/email.notification.ts
FN:10,(anonymous_7)
FN:15,(anonymous_8)
FN:24,(anonymous_10)
FN:48,(anonymous_12)
FNF:4
FNH:0
FNDA:0,(anonymous_7)
FNDA:0,(anonymous_8)
FNDA:0,(anonymous_10)
FNDA:0,(anonymous_12)
DA:10,0
DA:11,0
DA:13,0
DA:16,0
DA:22,0
DA:26,0
DA:36,0
DA:42,0
DA:43,0
DA:44,0
DA:46,0
DA:49,0
LF:12
LH:0
BRDA:10,0,0,0
BRDA:11,1,0,0
BRDA:43,2,0,0
BRDA:43,2,1,0
BRDA:43,3,0,0
BRDA:43,3,1,0
BRF:6
BRH:0
end_of_record
TN:
SF:/Users/alexismajyambere/tembea/src/modules/providers/notifications/whatsapp.notfication.ts
FN:7,(anonymous_7)
FN:11,(anonymous_8)
FN:16,(anonymous_9)
FNF:3
FNH:0
FNDA:0,(anonymous_7)
FNDA:0,(anonymous_8)
FNDA:0,(anonymous_9)
DA:7,0
DA:8,0
DA:13,0
DA:17,0
DA:18,0
DA:23,0
LF:6
LH:0
BRDA:7,0,0,0
BRDA:17,1,0,0
BRDA:17,1,1,0
BRF:3
BRH:0
end_of_record
TN:
SF:/Users/alexismajyambere/tembea/src/modules/report/providerMonthlyReport.ts
FN:6,(anonymous_7)
FN:9,(anonymous_9)
FN:23,(anonymous_10)
FN:25,(anonymous_11)
FN:32,(anonymous_12)
FN:33,(anonymous_13)
FN:43,(anonymous_14)
FNF:7
FNH:1
FNDA:0,(anonymous_7)
FNDA:0,(anonymous_9)
FNDA:0,(anonymous_10)
FNDA:0,(anonymous_11)
FNDA:0,(anonymous_12)
FNDA:0,(anonymous_13)
FNDA:1,(anonymous_14)
DA:7,0
DA:8,0
DA:9,0
DA:10,0
DA:11,0
DA:12,0
DA:13,0
DA:14,0
DA:15,0
DA:16,0
DA:17,0
DA:20,0
DA:24,0
DA:25,0
DA:26,0
DA:27,0
DA:29,0
DA:33,0
DA:34,0
DA:35,0
DA:37,0
DA:40,1
DA:43,1
DA:44,1
DA:45,1
LF:25
LH:4
BRDA:14,0,0,0
BRDA:14,0,1,0
BRDA:16,1,0,0
BRDA:16,1,1,0
BRDA:43,2,0,1
BRDA:43,2,1,1
BRF:6
BRH:2
end_of_record
TN:
SF:/Users/alexismajyambere/tembea/src/modules/routeBatches/routeBatch.service.ts
FN:14,(anonymous_7)
FN:18,(anonymous_8)
FN:23,(anonymous_10)
FN:28,(anonymous_12)
FN:52,(anonymous_14)
FN:65,(anonymous_16)
FN:75,(anonymous_18)
FN:93,(anonymous_20)
FN:127,(anonymous_22)
FN:131,(anonymous_24)
FNF:10
FNH:1
FNDA:1,(anonymous_7)
FNDA:0,(anonymous_8)
FNDA:0,(anonymous_10)
FNDA:0,(anonymous_12)
FNDA:0,(anonymous_14)
FNDA:0,(anonymous_16)
FNDA:0,(anonymous_18)
FNDA:0,(anonymous_20)
FNDA:0,(anonymous_22)
FNDA:0,(anonymous_24)
DA:11,1
DA:15,1
DA:19,0
DA:20,0
DA:24,0
DA:25,0
DA:29,0
DA:36,0
DA:53,0
DA:54,0
DA:66,0
DA:68,0
DA:69,0
DA:71,0
DA:72,0
DA:77,0
DA:97,0
DA:101,0
DA:102,0
DA:103,0
DA:107,0
DA:117,0
DA:118,0
DA:128,0
DA:132,0
DA:145,0
DA:164,1
LF:27
LH:3
BRDA:65,0,0,0
BRDA:66,1,0,0
BRDA:66,1,1,0
BRDA:68,2,0,0
BRDA:68,2,1,0
BRDA:76,3,0,0
BRDA:94,4,0,0
BRDA:95,5,0,0
BRDA:95,6,0,0
BRDA:95,7,0,0
BRDA:101,8,0,0
BRDA:101,8,1,0
BRDA:102,9,0,0
BRDA:102,9,1,0
BRDA:102,10,0,0
BRDA:102,10,1,0
BRDA:117,11,0,0
BRDA:117,11,1,0
BRF:18
BRH:0
end_of_record
TN:
SF:/Users/alexismajyambere/tembea/src/modules/routes/route-request.service.ts
FN:41,(anonymous_7)
FN:45,(anonymous_8)
FN:62,(anonymous_10)
FN:107,(anonymous_12)
FN:126,(anonymous_14)
FN:139,(anonymous_17)
FN:145,(anonymous_19)
FN:157,(anonymous_21)
FN:164,(anonymous_23)
FNF:9
FNH:1
FNDA:1,(anonymous_7)
FNDA:0,(anonymous_8)
FNDA:0,(anonymous_10)
FNDA:0,(anonymous_12)
FNDA:0,(anonymous_14)
FNDA:0,(anonymous_17)
FNDA:0,(anonymous_19)
FNDA:0,(anonymous_21)
FNDA:0,(anonymous_23)
DA:16,1
DA:42,1
DA:46,0
DA:47,0
DA:63,0
DA:108,0
DA:127,0
DA:140,0
DA:141,0
DA:142,0
DA:146,0
DA:150,0
DA:158,0
DA:165,0
DA:169,0
DA:173,1
LF:16
LH:3
BRDA:41,0,0,1
BRDA:45,1,0,0
BRDA:46,2,0,0
BRDA:46,2,1,0
BRDA:140,3,0,0
BRDA:140,3,1,0
BRDA:169,4,0,0
BRDA:169,4,1,0
BRDA:169,5,0,0
BRDA:169,5,1,0
BRF:10
BRH:1
end_of_record
TN:
SF:/Users/alexismajyambere/tembea/src/modules/routes/route.service.ts
FN:32,(anonymous_7)
FN:36,(anonymous_8)
FN:46,(anonymous_9)
FN:54,(anonymous_10)
FN:77,(anonymous_11)
FN:88,(anonymous_12)
FN:101,(anonymous_13)
FN:123,(anonymous_15)
FN:143,(anonymous_17)
FN:151,(anonymous_19)
FN:155,(anonymous_20)
FN:158,(anonymous_21)
FN:167,(anonymous_23)
FN:172,(anonymous_25)
FN:183,(anonymous_27)
FN:190,(anonymous_28)
FN:211,(anonymous_29)
FN:227,(anonymous_30)
FNF:18
FNH:1
FNDA:1,(anonymous_7)
FNDA:0,(anonymous_8)
FNDA:0,(anonymous_9)
FNDA:0,(anonymous_10)
FNDA:0,(anonymous_11)
FNDA:0,(anonymous_12)
FNDA:0,(anonymous_13)
FNDA:0,(anonymous_15)
FNDA:0,(anonymous_17)
FNDA:0,(anonymous_19)
FNDA:0,(anonymous_20)
FNDA:0,(anonymous_21)
FNDA:0,(anonymous_23)
FNDA:0,(anonymous_25)
FNDA:0,(anonymous_27)
FNDA:0,(anonymous_28)
FNDA:0,(anonymous_29)
FNDA:0,(anonymous_30)
DA:20,1
DA:22,1
DA:24,1
DA:33,1
DA:37,0
DA:47,0
DA:55,0
DA:78,0
DA:89,0
DA:105,0
DA:106,0
DA:107,0
DA:115,0
DA:116,0
DA:120,0
DA:124,0
DA:125,0
DA:126,0
DA:133,0
DA:144,0
DA:146,0
DA:147,0
DA:148,0
DA:150,0
DA:151,0
DA:152,0
DA:155,0
DA:160,0
DA:161,0
DA:163,0
DA:164,0
DA:168,0
DA:169,0
DA:173,0
DA:174,0
DA:175,0
DA:176,0
DA:177,0
DA:178,0
DA:180,0
DA:190,0
DA:191,0
DA:192,0
DA:193,0
DA:194,0
DA:196,0
DA:198,0
DA:200,0
DA:201,0
DA:212,0
DA:213,0
DA:224,0
DA:228,0
DA:229,0
DA:230,0
DA:246,0
DA:248,0
DA:249,0
DA:250,0
DA:264,1
LF:60
LH:5
BRDA:32,0,0,1
BRDA:102,1,0,0
BRDA:147,2,0,0
BRDA:147,2,1,0
BRDA:158,3,0,0
BRDA:160,4,0,0
BRDA:160,4,1,0
BRDA:174,5,0,0
BRDA:174,5,1,0
BRDA:193,6,0,0
BRDA:193,6,1,0
BRDA:196,7,0,0
BRDA:196,7,1,0
BRDA:200,8,0,0
BRDA:200,8,1,0
BRDA:212,9,0,0
BRDA:212,9,1,0
BRDA:212,10,0,0
BRDA:212,10,1,0
BRDA:246,11,0,0
BRDA:246,11,1,0
BRDA:247,12,0,0
BRDA:247,12,1,0
BRF:23
BRH:1
end_of_record
TN:
SF:/Users/alexismajyambere/tembea/src/modules/shared/base.service.ts
FN:9,(anonymous_7)
FN:11,(anonymous_8)
FN:11,(anonymous_9)
FN:16,(anonymous_10)
FN:16,(anonymous_11)
FN:18,(anonymous_12)
FN:21,(anonymous_13)
FN:21,(anonymous_14)
FN:23,(anonymous_15)
FN:64,(anonymous_16)
FN:26,(anonymous_17)
FN:31,(anonymous_19)
FN:34,(anonymous_21)
FN:37,(anonymous_22)
FN:41,(anonymous_23)
FN:57,(anonymous_25)
FN:71,(anonymous_26)
FN:75,(anonymous_27)
FN:75,(anonymous_28)
FN:80,(anonymous_29)
FN:91,(anonymous_31)
FN:115,(anonymous_33)
FNF:22
FNH:5
FNDA:17,(anonymous_7)
FNDA:1,(anonymous_8)
FNDA:1,(anonymous_9)
FNDA:0,(anonymous_10)
FNDA:0,(anonymous_11)
FNDA:0,(anonymous_12)
FNDA:0,(anonymous_13)
FNDA:0,(anonymous_14)
FNDA:0,(anonymous_15)
FNDA:1,(anonymous_16)
FNDA:0,(anonymous_17)
FNDA:0,(anonymous_19)
FNDA:0,(anonymous_21)
FNDA:0,(anonymous_22)
FNDA:0,(anonymous_23)
FNDA:0,(anonymous_25)
FNDA:16,(anonymous_26)
FNDA:0,(anonymous_27)
FNDA:0,(anonymous_28)
FNDA:0,(anonymous_29)
FNDA:0,(anonymous_31)
FNDA:0,(anonymous_33)
DA:7,17
DA:9,17
DA:11,17
DA:12,1
DA:13,1
DA:16,17
DA:17,0
DA:18,0
DA:21,17
DA:22,0
DA:23,0
DA:27,0
DA:28,0
DA:32,0
DA:33,0
DA:34,0
DA:38,0
DA:44,0
DA:45,0
DA:47,0
DA:48,0
DA:49,0
DA:50,0
DA:51,0
DA:58,0
DA:59,0
DA:61,0
DA:64,17
DA:72,16
DA:75,16
DA:76,0
DA:77,0
DA:81,0
DA:86,0
DA:87,0
DA:88,0
DA:92,0
DA:116,0
DA:117,0
LF:39
LH:10
BRDA:13,0,0,1
BRDA:13,0,1,0
BRDA:28,1,0,0
BRDA:28,1,1,0
BRDA:38,2,0,0
BRDA:38,2,1,0
BRDA:43,3,0,0
BRDA:43,4,0,0
BRDA:43,5,0,0
BRDA:43,6,0,0
BRDA:43,7,0,0
BRDA:44,8,0,0
BRDA:44,8,1,0
BRDA:47,9,0,0
BRDA:48,10,0,0
BRDA:48,10,1,0
BRDA:58,11,0,0
BRDA:58,11,1,0
BRDA:60,12,0,0
BRDA:60,12,1,0
BRDA:60,13,0,0
BRDA:60,13,1,0
BRDA:77,14,0,0
BRDA:77,14,1,0
BRDA:86,15,0,0
BRDA:86,15,1,0
BRF:26
BRH:1
end_of_record
TN:
SF:/Users/alexismajyambere/tembea/src/modules/shared/utilities.ts
FN:11,(anonymous_0)
FN:13,(anonymous_1)
FN:17,(anonymous_2)
FN:22,(anonymous_3)
FN:26,(anonymous_4)
FN:31,(anonymous_5)
FN:35,(anonymous_6)
FN:43,(anonymous_7)
FN:60,(anonymous_8)
FN:67,(anonymous_9)
FN:79,(anonymous_10)
FN:85,(anonymous_11)
FN:91,(anonymous_12)
FN:94,(anonymous_13)
FN:99,(anonymous_14)
FN:103,(anonymous_15)
FNF:16
FNH:1
FNDA:1,(anonymous_0)
FNDA:0,(anonymous_1)
FNDA:0,(anonymous_2)
FNDA:0,(anonymous_3)
FNDA:0,(anonymous_4)
FNDA:0,(anonymous_5)
FNDA:0,(anonymous_6)
FNDA:0,(anonymous_7)
FNDA:0,(anonymous_8)
FNDA:0,(anonymous_9)
FNDA:0,(anonymous_10)
FNDA:0,(anonymous_11)
FNDA:0,(anonymous_12)
FNDA:0,(anonymous_13)
FNDA:0,(anonymous_14)
FNDA:0,(anonymous_15)
DA:6,1
DA:11,1
DA:14,0
DA:18,0
DA:19,0
DA:23,0
DA:27,0
DA:28,0
DA:32,0
DA:36,0
DA:40,0
DA:44,0
DA:46,0
DA:47,0
DA:48,0
DA:49,0
DA:51,0
DA:61,0
DA:62,0
DA:63,0
DA:64,0
DA:68,0
DA:80,0
DA:81,0
DA:82,0
DA:86,0
DA:87,0
DA:88,0
DA:92,0
DA:93,0
DA:94,0
DA:96,0
DA:100,0
DA:104,0
LF:34
LH:2
BRDA:11,0,0,0
BRDA:22,1,0,0
BRDA:44,2,0,0
BRDA:44,2,1,0
BRDA:47,3,0,0
BRDA:47,3,1,0
BRDA:93,4,0,0
BRDA:93,4,1,0
BRF:8
BRH:0
end_of_record
TN:
SF:/Users/alexismajyambere/tembea/src/modules/shared/cache/base.cache.ts
[...]
DA:140,0
DA:146,0
DA:147,0
DA:153,0
DA:154,0
DA:161,0
DA:165,0
DA:167,0
DA:169,0
DA:170,0
DA:171,0
DA:173,0
DA:174,0
DA:175,0
DA:177,0
DA:181,1
DA:185,1
LF:61
LH:11
BRDA:61,0,0,0
BRDA:61,0,1,0
BRDA:69,1,0,0
BRDA:70,2,0,0
BRDA:71,3,0,0
BRDA:72,4,0,0
BRDA:74,5,0,0
BRDA:74,5,1,0
BRDA:75,6,0,0
BRDA:75,6,1,0
BRDA:76,7,0,0
BRDA:76,7,1,0
BRDA:77,8,0,0
BRDA:77,8,1,0
BRDA:78,9,0,0
BRDA:78,9,1,0
BRDA:86,10,0,0
BRDA:86,10,1,0
BRDA:110,11,0,0
BRDA:119,12,0,0
BRDA:120,13,0,0
BRDA:121,14,0,0
BRDA:122,15,0,0
BRDA:138,16,0,0
BRDA:145,17,0,0
BRF:25
BRH:0
end_of_record
TN:
SF:/Users/alexismajyambere/tembea/src/modules/slack/SlackPrompts/DialogPrompts.js
FN:24,(anonymous_7)
FN:27,(anonymous_8)
FN:34,(anonymous_10)
FN:44,(anonymous_12)
FN:58,(anonymous_14)
FN:72,(anonymous_16)
FN:87,(anonymous_18)
FN:122,(anonymous_20)
FN:151,(anonymous_22)
FN:173,(anonymous_24)
FN:195,(anonymous_25)
FN:219,(anonymous_27)
FN:245,(anonymous_29)
FN:257,(anonymous_31)
FN:267,(anonymous_33)
FN:281,(anonymous_35)
FN:300,(anonymous_37)
FN:314,(anonymous_39)
FN:331,(anonymous_41)
FN:349,(anonymous_43)
FN:356,(anonymous_45)
FN:363,(anonymous_47)
FNF:22
FNH:0
FNDA:0,(anonymous_7)
FNDA:0,(anonymous_8)
FNDA:0,(anonymous_10)
FNDA:0,(anonymous_12)
FNDA:0,(anonymous_14)
FNDA:0,(anonymous_16)
FNDA:0,(anonymous_18)
FNDA:0,(anonymous_20)
FNDA:0,(anonymous_22)
FNDA:0,(anonymous_24)
FNDA:0,(anonymous_25)
FNDA:0,(anonymous_27)
FNDA:0,(anonymous_29)
FNDA:0,(anonymous_31)
FNDA:0,(anonymous_33)
FNDA:0,(anonymous_35)
FNDA:0,(anonymous_37)
FNDA:0,(anonymous_39)
FNDA:0,(anonymous_41)
FNDA:0,(anonymous_43)
FNDA:0,(anonymous_45)
FNDA:0,(anonymous_47)
DA:24,1
DA:28,0
DA:29,0
DA:30,0
DA:31,0
DA:35,0
DA:37,0
DA:40,0
DA:41,0
DA:47,0
DA:48,0
DA:51,0
DA:54,0
DA:55,0
DA:59,0
DA:60,0
DA:64,0
DA:66,0
DA:69,0
DA:73,0
DA:74,0
DA:75,0
DA:79,0
DA:81,0
DA:84,0
DA:91,0
DA:92,0
DA:93,0
DA:94,0
DA:95,0
DA:96,0
DA:97,0
DA:98,0
DA:99,0
DA:100,0
DA:101,0
DA:103,0
DA:105,0
DA:111,0
DA:128,0
DA:129,0
DA:130,0
DA:131,0
DA:132,0
DA:133,0
DA:135,0
DA:138,0
DA:140,0
DA:148,0
DA:152,0
DA:153,0
DA:156,0
DA:157,0
DA:158,0
DA:159,0
DA:161,0
DA:162,0
DA:164,0
DA:166,0
DA:167,0
DA:170,0
DA:174,0
DA:192,0
DA:196,0
DA:198,0
DA:203,0
DA:204,0
DA:205,0
DA:206,0
DA:216,0
DA:220,0
DA:221,0
DA:228,0
DA:231,0
DA:234,0
DA:235,0
DA:237,0
DA:242,0
DA:246,0
DA:248,0
DA:249,0
DA:250,0
DA:254,0
DA:258,0
DA:260,0
DA:263,0
DA:264,0
DA:268,0
DA:269,0
DA:270,0
DA:273,0
DA:274,0
DA:277,0
DA:278,0
DA:282,0
DA:283,0
DA:284,0
DA:289,0
DA:293,0
DA:294,0
DA:295,0
DA:296,0
DA:297,0
DA:301,0
DA:304,0
DA:305,0
DA:311,0
DA:315,0
DA:319,0
DA:320,0
DA:321,0
DA:322,0
DA:328,0
DA:332,0
DA:334,0
DA:335,0
DA:336,0
DA:337,0
DA:338,0
DA:339,0
DA:342,0
DA:345,0
DA:346,0
DA:350,0
DA:351,0
DA:352,0
DA:353,0
DA:357,0
DA:358,0
DA:359,0
DA:360,0
DA:364,0
DA:369,1
LF:133
LH:2
BRDA:45,0,0,0
BRDA:47,1,0,0
BRDA:47,1,1,0
BRDA:48,2,0,0
BRDA:48,2,1,0
BRDA:58,3,0,0
BRDA:72,4,0,0
BRDA:102,5,0,0
BRDA:102,5,1,0
BRDA:157,6,0,0
BRDA:157,6,1,0
BRDA:235,7,0,0
BRDA:235,7,1,0
BRDA:245,8,0,0
BRDA:321,9,0,0
BRDA:321,9,1,0
BRDA:331,10,0,0
BRF:17
BRH:0
end_of_record
TN:
SF:/Users/alexismajyambere/tembea/src/modules/slack/SlackPrompts/Notifications.js
FN:38,(anonymous_7)
FN:47,(anonymous_9)
FN:57,(anonymous_11)
FN:69,(anonymous_13)
FN:78,(anonymous_15)
FN:96,(anonymous_16)
FN:110,(anonymous_18)
FN:125,(anonymous_20)
FN:135,(anonymous_22)
FN:142,(anonymous_24)
FN:150,(anonymous_26)
FN:156,(anonymous_28)
FN:161,(anonymous_30)
FN:177,(anonymous_32)
FN:187,(anonymous_33)
FN:199,(anonymous_34)
FN:219,(anonymous_36)
FN:225,(anonymous_37)
FN:232,(anonymous_38)
FN:245,(anonymous_40)
FN:263,(anonymous_41)
FN:271,(anonymous_43)
FN:277,(anonymous_45)
FN:302,(anonymous_47)
FN:323,(anonymous_49)
FN:338,(anonymous_50)
FN:380,(anonymous_51)
FN:408,(anonymous_52)
FN:434,(anonymous_53)
FN:460,(anonymous_55)
FN:486,(anonymous_57)
FN:508,(anonymous_59)
FN:525,(anonymous_61)
FN:542,(anonymous_63)
FN:548,(anonymous_65)
FN:548,(anonymous_66)
FN:566,(anonymous_67)
FN:571,(anonymous_69)
FN:571,(anonymous_70)
FNF:39
FNH:0
FNDA:0,(anonymous_7)
FNDA:0,(anonymous_9)
FNDA:0,(anonymous_11)
FNDA:0,(anonymous_13)
FNDA:0,(anonymous_15)
FNDA:0,(anonymous_16)
FNDA:0,(anonymous_18)
FNDA:0,(anonymous_20)
FNDA:0,(anonymous_22)
FNDA:0,(anonymous_24)
FNDA:0,(anonymous_26)
FNDA:0,(anonymous_28)
FNDA:0,(anonymous_30)
FNDA:0,(anonymous_32)
FNDA:0,(anonymous_33)
FNDA:0,(anonymous_34)
FNDA:0,(anonymous_36)
FNDA:0,(anonymous_37)
FNDA:0,(anonymous_38)
FNDA:0,(anonymous_40)
FNDA:0,(anonymous_41)
FNDA:0,(anonymous_43)
FNDA:0,(anonymous_45)
FNDA:0,(anonymous_47)
FNDA:0,(anonymous_49)
FNDA:0,(anonymous_50)
FNDA:0,(anonymous_51)
FNDA:0,(anonymous_52)
FNDA:0,(anonymous_53)
FNDA:0,(anonymous_55)
FNDA:0,(anonymous_57)
FNDA:0,(anonymous_59)
FNDA:0,(anonymous_61)
FNDA:0,(anonymous_63)
FNDA:0,(anonymous_65)
FNDA:0,(anonymous_66)
FNDA:0,(anonymous_67)
FNDA:0,(anonymous_69)
FNDA:0,(anonymous_70)
DA:32,1
DA:39,0
DA:44,0
DA:48,0
DA:58,0
DA:59,0
DA:61,0
DA:62,0
DA:64,0
DA:65,0
DA:66,0
DA:70,0
DA:71,0
DA:72,0
DA:74,0
DA:83,0
DA:84,0
DA:86,0
DA:87,0
DA:88,0
DA:92,0
DA:93,0
DA:97,0
DA:98,0
DA:99,0
DA:101,0
DA:102,0
DA:103,0
DA:105,0
DA:111,0
DA:112,0
DA:117,0
DA:118,0
DA:120,0
DA:126,0
DA:127,0
DA:129,0
DA:131,0
DA:136,0
DA:137,0
DA:139,0
DA:143,0
DA:144,0
DA:147,0
DA:151,0
DA:157,0
DA:158,0
DA:162,0
DA:163,0
DA:164,0
DA:165,0
DA:166,0
DA:167,0
DA:168,0
DA:169,0
DA:170,0
DA:173,0
DA:178,0
DA:179,0
DA:182,0
DA:183,0
DA:184,0
DA:188,0
DA:189,0
DA:190,0
DA:192,0
DA:202,0
DA:203,0
DA:204,0
DA:205,0
DA:206,0
DA:207,0
DA:208,0
DA:209,0
DA:210,0
DA:211,0
DA:212,0
DA:213,0
DA:214,0
DA:216,0
DA:220,0
DA:222,0
DA:226,0
DA:227,0
DA:229,0
DA:235,0
DA:236,0
DA:237,0
DA:238,0
DA:239,0
DA:241,0
DA:242,0
DA:243,0
DA:245,0
DA:248,0
DA:254,0
DA:255,0
DA:266,0
DA:267,0
DA:268,0
DA:272,0
DA:273,0
DA:274,0
DA:280,0
DA:281,0
DA:282,0
DA:283,0
DA:284,0
DA:293,0
DA:294,0
DA:296,0
DA:297,0
DA:299,0
DA:305,0
DA:306,0
DA:307,0
DA:308,0
DA:309,0
DA:318,0
DA:319,0
DA:326,0
DA:327,0
DA:333,0
DA:334,0
DA:350,0
DA:352,0
DA:354,0
DA:365,0
DA:381,0
DA:382,0
DA:383,0
DA:384,0
DA:385,0
DA:395,0
DA:409,0
DA:410,0
DA:411,0
DA:412,0
DA:413,0
DA:414,0
DA:415,0
DA:416,0
DA:418,0
DA:419,0
DA:420,0
DA:423,0
DA:424,0
DA:426,0
DA:427,0
DA:428,0
DA:431,0
DA:435,0
DA:436,0
DA:437,0
DA:439,0
DA:441,0
DA:444,0
DA:447,0
DA:454,0
DA:455,0
DA:456,0
DA:457,0
DA:461,0
DA:468,0
DA:469,0
DA:472,0
DA:473,0
DA:475,0
DA:481,0
DA:483,0
DA:487,0
DA:488,0
DA:489,0
DA:490,0
DA:495,0
DA:496,0
DA:499,0
DA:501,0
DA:502,0
DA:509,0
DA:510,0
DA:511,0
DA:512,0
DA:513,0
DA:514,0
DA:515,0
DA:518,0
DA:520,0
DA:521,0
DA:526,0
DA:527,0
DA:528,0
DA:530,0
DA:533,0
DA:534,0
DA:535,0
DA:536,0
DA:543,0
DA:544,0
DA:545,0
DA:546,0
DA:547,0
DA:548,0
DA:549,0
DA:550,0
DA:552,0
DA:554,0
DA:555,0
DA:556,0
DA:557,0
DA:567,0
DA:568,0
DA:569,0
DA:571,0
DA:572,0
DA:573,0
DA:579,0
LF:217
LH:1
BRDA:70,0,0,0
BRDA:70,0,1,0
BRDA:71,1,0,0
BRDA:71,1,1,0
BRDA:89,2,0,0
BRDA:89,2,1,0
BRDA:98,3,0,0
BRDA:98,3,1,0
BRDA:167,4,0,0
BRDA:167,4,1,0
BRDA:189,5,0,0
BRDA:189,5,1,0
BRDA:210,6,0,0
BRDA:210,6,1,0
BRDA:220,7,0,0
BRDA:220,7,1,0
BRDA:226,8,0,0
BRDA:226,8,1,0
BRDA:237,9,0,0
BRDA:237,9,1,0
BRDA:254,10,0,0
BRDA:254,10,1,0
BRDA:272,11,0,0
BRDA:272,11,1,0
BRDA:273,12,0,0
BRDA:273,12,1,0
BRDA:354,13,0,0
BRDA:354,13,1,0
BRDA:354,14,0,0
BRDA:354,14,1,0
BRDA:362,15,0,0
BRDA:362,15,1,0
BRDA:363,16,0,0
BRDA:363,16,1,0
BRDA:382,17,0,0
BRDA:382,17,1,0
BRDA:382,18,0,0
BRDA:382,18,1,0
BRDA:418,19,0,0
BRDA:418,19,1,0
BRDA:418,20,0,0
BRDA:418,20,1,0
BRDA:426,21,0,0
BRDA:426,21,1,0
BRDA:547,22,0,0
BRDA:547,22,1,0
BRF:46
BRH:0
end_of_record
TN:
SF:/Users/alexismajyambere/tembea/src/modules/slack/SlackPrompts/NotificationsResponse.js
FN:18,(anonymous_7)
FN:25,(anonymous_9)
FN:38,(anonymous_10)
FN:45,(anonymous_11)
FN:75,(anonymous_12)
FN:106,(anonymous_13)
FN:124,(anonymous_15)
FN:144,(anonymous_16)
FN:157,(anonymous_18)
FN:176,(anonymous_20)
FN:184,(anonymous_21)
FN:202,(anonymous_23)
FN:220,(anonymous_25)
FN:221,(anonymous_27)
FNF:14
FNH:0
FNDA:0,(anonymous_7)
FNDA:0,(anonymous_9)
FNDA:0,(anonymous_10)
FNDA:0,(anonymous_11)
FNDA:0,(anonymous_12)
FNDA:0,(anonymous_13)
FNDA:0,(anonymous_15)
FNDA:0,(anonymous_16)
FNDA:0,(anonymous_18)
FNDA:0,(anonymous_20)
FNDA:0,(anonymous_21)
FNDA:0,(anonymous_23)
FNDA:0,(anonymous_25)
FNDA:0,(anonymous_27)
DA:19,0
DA:20,0
DA:21,0
DA:22,0
DA:26,0
DA:27,0
DA:30,0
DA:31,0
DA:35,0
DA:39,0
DA:42,0
DA:49,0
DA:50,0
DA:52,0
DA:55,0
DA:66,0
DA:67,0
DA:68,0
DA:70,0
DA:79,0
DA:81,0
DA:83,0
DA:86,0
DA:96,0
DA:97,0
DA:98,0
DA:100,0
DA:110,0
DA:111,0
DA:112,0
DA:116,0
DA:119,0
DA:120,0
DA:126,0
DA:130,0
DA:138,0
DA:140,0
DA:145,0
DA:146,0
DA:147,0
DA:151,0
DA:154,0
DA:158,0
DA:168,0
DA:169,0
DA:173,0
DA:177,0
DA:181,0
DA:185,0
DA:191,0
DA:192,0
DA:193,0
DA:199,0
DA:203,0
DA:204,0
DA:205,0
DA:217,0
DA:221,0
DA:222,0
DA:223,0
DA:228,0
DA:229,0
DA:231,0
LF:63
LH:0
BRDA:28,0,0,0
BRDA:28,0,1,0
BRDA:27,1,0,0
BRDA:27,1,1,0
BRDA:30,2,0,0
BRDA:30,2,1,0
BRDA:40,3,0,0
BRDA:40,3,1,0
BRDA:64,4,0,0
BRDA:64,4,1,0
BRDA:145,5,0,0
BRDA:152,6,0,0
BRDA:152,6,1,0
BRDA:192,7,0,0
BRDA:192,7,1,0
BRF:15
BRH:0
end_of_record
TN:
SF:/Users/alexismajyambere/tembea/src/modules/slack/SlackPrompts/notifications/AttachmentHelper.js
FN:7,(anonymous_7)
FN:32,(anonymous_8)
FN:49,(anonymous_9)
FN:61,(anonymous_10)
FN:78,(anonymous_11)
FN:85,(anonymous_13)
FN:101,(anonymous_15)
FN:110,(anonymous_16)
FN:133,(anonymous_17)
FN:141,(anonymous_18)
FNF:10
FNH:0
FNDA:0,(anonymous_7)
FNDA:0,(anonymous_8)
FNDA:0,(anonymous_9)
FNDA:0,(anonymous_10)
FNDA:0,(anonymous_11)
FNDA:0,(anonymous_13)
FNDA:0,(anonymous_15)
FNDA:0,(anonymous_16)
FNDA:0,(anonymous_17)
FNDA:0,(anonymous_18)
DA:12,0
DA:13,0
DA:14,0
DA:15,0
DA:16,0
DA:17,0
DA:18,0
DA:19,0
DA:20,0
DA:21,0
DA:23,0
DA:24,0
DA:33,0
DA:34,0
DA:35,0
DA:38,0
DA:40,0
DA:41,0
DA:43,0
DA:45,0
DA:46,0
DA:50,0
DA:51,0
DA:52,0
DA:53,0
DA:56,0
DA:57,0
DA:58,0
DA:64,0
DA:65,0
DA:66,0
DA:67,0
DA:79,0
DA:80,0
DA:81,0
DA:82,0
DA:88,0
DA:89,0
DA:90,0
DA:91,0
DA:92,0
DA:93,0
DA:94,0
DA:95,0
DA:96,0
DA:97,0
DA:99,0
DA:101,0
DA:111,0
DA:113,0
DA:114,0
DA:116,0
DA:117,0
DA:119,0
DA:121,0
DA:122,0
DA:123,0
DA:124,0
DA:130,0
DA:134,0
DA:138,0
DA:142,0
DA:145,0
DA:146,0
LF:64
LH:0
BRDA:7,0,0,0
BRDA:12,1,0,0
BRDA:12,1,1,0
BRDA:17,2,0,0
BRDA:17,2,1,0
BRDA:17,3,0,0
BRDA:17,3,1,0
BRDA:23,4,0,0
BRDA:23,4,1,0
BRDA:34,5,0,0
BRDA:34,5,1,0
BRDA:34,6,0,0
BRDA:34,6,1,0
BRDA:40,7,0,0
BRDA:40,7,1,0
BRDA:52,8,0,0
BRDA:52,8,1,0
BRDA:54,9,0,0
BRDA:54,9,1,0
BRDA:90,10,0,0
BRDA:90,10,1,0
BRDA:113,11,0,0
BRDA:113,11,1,0
BRDA:113,12,0,0
BRDA:113,12,1,0
BRDA:116,13,0,0
BRDA:116,13,1,0
BRDA:116,14,0,0
BRDA:116,14,1,0
BRDA:118,15,0,0
BRDA:118,15,1,0
BRDA:120,16,0,0
BRDA:120,16,1,0
BRF:33
BRH:0
end_of_record
TN:
SF:/Users/alexismajyambere/tembea/src/modules/slack/SlackPrompts/notifications/DriverNotifications/driver.notifications.helper.ts
FN:22,(anonymous_7)
FN:45,(anonymous_8)
FN:59,(anonymous_10)
FNF:3
FNH:0
FNDA:0,(anonymous_7)
FNDA:0,(anonymous_8)
FNDA:0,(anonymous_10)
DA:9,1
DA:26,0
DA:27,0
DA:36,0
DA:38,0
DA:41,0
DA:42,0
DA:48,0
DA:50,0
DA:51,0
DA:55,0
DA:62,0
DA:63,0
DA:65,0
DA:68,0
DA:69,0
LF:16
LH:1
BRDA:34,0,0,0
BRDA:34,0,1,0
BRDA:50,1,0,0
BRDA:50,1,1,0
BRF:4
BRH:0
end_of_record
TN:
SF:/Users/alexismajyambere/tembea/src/modules/slack/SlackPrompts/notifications/DriverNotifications/driver.notifications.ts
FN:22,(anonymous_7)
FN:39,(anonymous_9)
FN:56,(anonymous_11)
FN:76,(anonymous_12)
FN:90,(anonymous_14)
FNF:5
FNH:0
FNDA:0,(anonymous_7)
FNDA:0,(anonymous_9)
FNDA:0,(anonymous_11)
FNDA:0,(anonymous_12)
FNDA:0,(anonymous_14)
DA:13,1
DA:25,0
DA:26,0
DA:27,0
DA:28,0
DA:29,0
DA:30,0
DA:40,0
DA:41,0
DA:42,0
DA:43,0
DA:44,0
DA:46,0
DA:47,0
DA:52,0
DA:57,0
DA:77,0
DA:78,0
DA:79,0
DA:81,0
DA:82,0
DA:84,0
DA:85,0
DA:86,0
DA:91,0
DA:92,0
DA:93,0
DA:94,0
LF:28
LH:1
BRDA:42,0,0,0
BRDA:42,0,1,0
BRDA:46,1,0,0
BRDA:46,1,1,0
BRDA:77,2,0,0
BRDA:77,2,1,0
BRDA:93,3,0,0
BRDA:93,3,1,0
BRF:8
BRH:0
end_of_record
TN:
SF:/Users/alexismajyambere/tembea/src/modules/slack/helpers/dateHelpers.js
FN:9,(anonymous_0)
FN:27,(anonymous_1)
FN:39,(anonymous_2)
FN:47,(anonymous_3)
FN:56,(anonymous_4)
FN:68,(anonymous_5)
FN:70,(anonymous_6)
FNF:7
FNH:0
FNDA:0,(anonymous_0)
FNDA:0,(anonymous_1)
FNDA:0,(anonymous_2)
FNDA:0,(anonymous_3)
FNDA:0,(anonymous_4)
FNDA:0,(anonymous_5)
FNDA:0,(anonymous_6)
DA:9,1
DA:10,0
DA:11,0
DA:15,0
DA:27,1
DA:28,0
DA:29,0
DA:33,0
DA:34,0
DA:35,0
DA:36,0
DA:39,1
DA:40,0
DA:41,0
DA:42,0
DA:43,0
DA:44,0
DA:47,1
DA:48,0
DA:49,0
DA:53,0
DA:56,1
DA:60,1
DA:68,1
DA:70,1
DA:71,0
DA:72,0
DA:74,0
LF:28
LH:8
BRDA:71,0,0,0
BRDA:71,0,1,0
BRF:2
BRH:0
end_of_record
TN:
SF:/Users/alexismajyambere/tembea/src/modules/slack/helpers/slackHelpers/CabsHelper.js
FN:8,(anonymous_0)
FN:19,(anonymous_1)
FN:33,(anonymous_2)
FN:34,(anonymous_3)
FN:49,(anonymous_4)
FN:50,(anonymous_5)
FNF:6
FNH:0
FNDA:0,(anonymous_0)
FNDA:0,(anonymous_1)
FNDA:0,(anonymous_2)
FNDA:0,(anonymous_3)
FNDA:0,(anonymous_4)
FNDA:0,(anonymous_5)
DA:10,0
DA:11,0
DA:13,0
DA:14,0
DA:16,0
DA:20,0
DA:21,0
DA:22,0
DA:24,0
DA:34,0
DA:35,0
DA:39,0
DA:40,0
DA:45,0
DA:50,0
DA:51,0
DA:52,0
DA:53,0
DA:54,0
DA:55,0
DA:56,0
DA:57,0
LF:22
LH:0
BRDA:10,0,0,0
BRDA:10,0,1,0
BRDA:10,1,0,0
BRDA:10,1,1,0
BRDA:13,2,0,0
BRDA:13,2,1,0
BRDA:14,3,0,0
BRDA:14,3,1,0
BRDA:21,4,0,0
BRDA:21,4,1,0
BRDA:21,5,0,0
BRDA:21,5,1,0
BRDA:33,6,0,0
BRDA:39,7,0,0
BRDA:39,7,1,0
BRDA:55,8,0,0
BRDA:55,8,1,0
BRF:17
BRH:0
end_of_record
TN:
SF:/Users/alexismajyambere/tembea/src/modules/slack/helpers/slackHelpers/ProvidersHelper.js
FN:5,(anonymous_7)
FN:6,(anonymous_8)
FN:18,(anonymous_9)
FNF:3
FNH:0
FNDA:0,(anonymous_7)
FNDA:0,(anonymous_8)
FNDA:0,(anonymous_9)
DA:6,0
DA:19,0
DA:22,0
DA:23,0
LF:4
LH:0
BRF:0
BRH:0
end_of_record
TN:
SF:/Users/alexismajyambere/tembea/src/modules/teamDetails/teamDetails.service.ts
FN:7,(anonymous_7)
FN:10,(anonymous_8)
FN:14,(anonymous_9)
FN:24,(anonymous_11)
FN:39,(anonymous_13)
FN:59,(anonymous_15)
FN:66,(anonymous_17)
FN:76,(anonymous_19)
FNF:8
FNH:1
FNDA:0,(anonymous_7)
FNDA:1,(anonymous_8)
FNDA:0,(anonymous_9)
FNDA:0,(anonymous_11)
FNDA:0,(anonymous_13)
FNDA:0,(anonymous_15)
FNDA:0,(anonymous_17)
FNDA:0,(anonymous_19)
DA:7,1
DA:11,1
DA:15,0
DA:16,0
DA:17,0
DA:19,0
DA:20,0
DA:25,0
DA:26,0
DA:27,0
DA:29,0
DA:30,0
DA:31,0
DA:32,0
DA:34,0
DA:35,0
DA:40,0
DA:41,0
DA:42,0
DA:44,0
DA:45,0
DA:51,0
DA:52,0
DA:54,0
DA:55,0
DA:62,0
DA:63,0
DA:67,0
DA:68,0
DA:69,0
DA:72,0
DA:77,0
DA:78,0
DA:79,0
DA:80,0
DA:82,0
DA:83,0
DA:102,1
LF:38
LH:3
BRDA:10,0,0,1
BRDA:26,1,0,0
BRDA:26,1,1,0
BRDA:41,2,0,0
BRDA:41,2,1,0
BRF:5
BRH:1
end_of_record
TN:
SF:/Users/alexismajyambere/tembea/src/modules/trips/trip.service.ts
FN:34,(anonymous_8)
FN:46,(anonymous_9)
FN:88,(anonymous_10)
FN:95,(anonymous_12)
FN:103,(anonymous_14)
FN:129,(anonymous_15)
FN:133,(anonymous_16)
FN:156,(anonymous_17)
FN:164,(anonymous_19)
FN:173,(anonymous_21)
FN:185,(anonymous_23)
FN:195,(anonymous_25)
FN:208,(anonymous_27)
FN:213,(anonymous_29)
FNF:14
FNH:1
FNDA:1,(anonymous_8)
FNDA:0,(anonymous_9)
FNDA:0,(anonymous_10)
FNDA:0,(anonymous_12)
FNDA:0,(anonymous_14)
FNDA:0,(anonymous_15)
FNDA:0,(anonymous_16)
FNDA:0,(anonymous_17)
FNDA:0,(anonymous_19)
FNDA:0,(anonymous_21)
FNDA:0,(anonymous_23)
FNDA:0,(anonymous_25)
FNDA:0,(anonymous_27)
FNDA:0,(anonymous_29)
DA:35,1
DA:37,1
DA:53,0
DA:54,0
DA:56,0
DA:57,0
DA:58,0
DA:59,0
DA:61,0
DA:62,0
DA:70,0
DA:71,0
DA:72,0
DA:73,0
DA:74,0
DA:75,0
DA:85,0
DA:90,0
DA:91,0
DA:92,0
DA:96,0
DA:97,0
DA:98,0
DA:99,0
DA:100,0
DA:104,0
DA:105,0
DA:106,0
DA:111,0
DA:112,0
DA:113,0
DA:114,0
DA:120,0
DA:122,0
DA:123,0
DA:130,0
DA:134,0
DA:135,0
DA:139,0
DA:140,0
DA:141,0
DA:143,0
DA:144,0
DA:145,0
DA:147,0
DA:148,0
DA:150,0
DA:151,0
DA:157,0
DA:158,0
DA:159,0
DA:161,0
DA:165,0
DA:166,0
DA:167,0
DA:169,0
DA:177,0
DA:182,0
DA:186,0
DA:187,0
DA:188,0
DA:189,0
DA:191,0
DA:196,0
DA:200,0
DA:201,0
DA:203,0
DA:204,0
DA:205,0
DA:209,0
DA:210,0
DA:218,0
DA:219,0
DA:220,0
DA:226,0
DA:231,0
DA:241,0
DA:245,1
LF:78
LH:3
BRDA:34,0,0,1
BRDA:56,1,0,0
BRDA:56,1,1,0
BRDA:57,2,0,0
BRDA:57,2,1,0
BRDA:58,3,0,0
BRDA:58,3,1,0
BRDA:61,4,0,0
BRDA:61,4,1,0
BRDA:70,5,0,0
BRDA:70,5,1,0
BRDA:72,6,0,0
BRDA:72,6,1,0
BRDA:74,7,0,0
BRDA:74,7,1,0
BRDA:89,8,0,0
BRDA:97,9,0,0
BRDA:97,9,1,0
BRDA:103,10,0,0
BRDA:112,11,0,0
BRDA:112,11,1,0
BRDA:112,12,0,0
BRDA:112,12,1,0
BRDA:135,13,0,0
BRDA:135,13,1,0
BRDA:139,14,0,0
BRDA:139,14,1,0
BRDA:143,15,0,0
BRDA:143,15,1,0
BRDA:147,16,0,0
BRDA:147,16,1,0
BRDA:150,17,0,0
BRDA:150,17,1,0
BRDA:150,18,0,0
BRDA:150,18,1,0
BRDA:158,19,0,0
BRDA:158,19,1,0
BRDA:164,20,0,0
BRDA:166,21,0,0
BRDA:166,21,1,0
BRDA:174,22,0,0
BRDA:175,23,0,0
BRDA:219,24,0,0
BRDA:219,24,1,0
BRDA:219,25,0,0
BRDA:219,25,1,0
BRF:46
BRH:1
end_of_record
TN:
SF:/Users/alexismajyambere/tembea/src/modules/users/user.service.ts
FN:41,(anonymous_7)
FN:192,(anonymous_8)
FN:192,(anonymous_9)
FN:200,(anonymous_10)
FN:200,(anonymous_11)
FN:211,(anonymous_12)
FN:211,(anonymous_13)
FN:222,(anonymous_14)
FN:223,(anonymous_15)
FN:230,(anonymous_16)
FN:230,(anonymous_17)
FN:51,(anonymous_18)
FN:72,(anonymous_20)
FN:83,(anonymous_22)
FN:100,(anonymous_24)
FN:116,(anonymous_26)
FN:126,(anonymous_28)
FN:139,(anonymous_30)
FN:163,(anonymous_32)
FN:239,(anonymous_34)
FN:252,(anonymous_36)
FN:263,(anonymous_38)
FN:271,(anonymous_40)
FN:286,(anonymous_42)
FN:299,(anonymous_44)
FNF:25
FNH:1
FNDA:1,(anonymous_7)
FNDA:0,(anonymous_8)
FNDA:0,(anonymous_9)
FNDA:0,(anonymous_10)
FNDA:0,(anonymous_11)
FNDA:0,(anonymous_12)
FNDA:0,(anonymous_13)
FNDA:0,(anonymous_14)
FNDA:0,(anonymous_15)
FNDA:0,(anonymous_16)
FNDA:0,(anonymous_17)
FNDA:0,(anonymous_18)
FNDA:0,(anonymous_20)
FNDA:0,(anonymous_22)
FNDA:0,(anonymous_24)
FNDA:0,(anonymous_26)
FNDA:0,(anonymous_28)
FNDA:0,(anonymous_30)
FNDA:0,(anonymous_32)
FNDA:0,(anonymous_34)
FNDA:0,(anonymous_36)
FNDA:0,(anonymous_38)
FNDA:0,(anonymous_40)
FNDA:0,(anonymous_42)
FNDA:0,(anonymous_44)
DA:42,1
DA:43,1
DA:52,0
DA:53,0
DA:56,0
DA:58,0
DA:73,0
DA:74,0
DA:75,0
DA:76,0
DA:78,0
DA:79,0
DA:84,0
DA:88,0
DA:102,0
DA:108,0
DA:117,0
DA:118,0
DA:119,0
DA:120,0
DA:122,0
DA:127,0
DA:129,0
DA:130,0
DA:140,0
DA:144,0
DA:145,0
DA:151,0
DA:157,0
DA:165,0
DA:166,0
DA:167,0
DA:181,0
DA:192,1
DA:200,1
DA:211,1
DA:222,1
DA:223,0
DA:230,1
DA:240,0
DA:241,0
DA:242,0
DA:253,0
DA:254,0
DA:255,0
DA:257,0
DA:260,0
DA:264,0
DA:266,0
DA:267,0
DA:268,0
DA:272,0
DA:276,0
DA:287,0
DA:293,0
DA:301,0
DA:304,0
DA:308,1
LF:58
LH:8
BRDA:41,0,0,1
BRDA:211,1,0,0
BRDA:213,2,0,0
BRDA:213,2,1,0
BRDA:56,3,0,0
BRDA:56,3,1,0
BRDA:78,4,0,0
BRDA:78,4,1,0
BRDA:104,5,0,0
BRDA:104,5,1,0
BRDA:105,6,0,0
BRDA:105,6,1,0
BRDA:106,7,0,0
BRDA:106,7,1,0
BRDA:129,8,0,0
BRDA:129,8,1,0
BRDA:144,9,0,0
BRDA:144,9,1,0
BRDA:163,10,0,0
BRDA:166,11,0,0
BRDA:166,11,1,0
BRDA:254,12,0,0
BRDA:254,12,1,0
BRDA:266,13,0,0
BRDA:266,13,1,0
BRF:25
BRH:1
end_of_record
TN:
SF:/Users/alexismajyambere/tembea/src/services/googleMaps/GoogleMapsDistanceMatrix.js
FN:17,(anonymous_7)
FNF:1
FNH:0
FNDA:0,(anonymous_7)
DA:4,1
DA:18,0
DA:19,0
DA:24,0
DA:28,0
DA:29,0
DA:31,0
DA:32,0
DA:33,0
DA:37,0
DA:39,0
DA:41,0
DA:42,0
LF:13
LH:1
BRDA:28,0,0,0
BRDA:28,0,1,0
BRDA:32,1,0,0
BRDA:32,1,1,0
BRF:4
BRH:0
end_of_record
TN:
SF:/Users/alexismajyambere/tembea/src/services/jobScheduler/jobs/TripJobs.ts
FN:9,(anonymous_7)
FN:14,(anonymous_8)
FN:15,(anonymous_9)
FN:43,(anonymous_10)
FN:43,(anonymous_11)
FN:67,(anonymous_12)
FN:67,(anonymous_13)
FNF:7
FNH:0
FNDA:0,(anonymous_7)
FNDA:0,(anonymous_8)
FNDA:0,(anonymous_9)
FNDA:0,(anonymous_10)
FNDA:0,(anonymous_11)
FNDA:0,(anonymous_12)
FNDA:0,(anonymous_13)
DA:9,1
DA:10,0
DA:14,1
DA:15,0
DA:16,0
DA:17,0
DA:20,0
DA:35,0
DA:43,1
DA:44,0
DA:45,0
DA:47,0
DA:63,0
DA:67,1
DA:68,0
DA:69,0
DA:71,0
DA:79,0
DA:87,0
LF:19
LH:4
BRF:0
BRH:0
end_of_record
TN:
SF:/Users/alexismajyambere/tembea/src/utils/WebClientSingleton.js
FN:4,(anonymous_0)
FNF:1
FNH:0
FNDA:0,(anonymous_0)
DA:5,0
LF:1
LH:0
BRF:0
BRH:0
end_of_record
TN:
SF:/Users/alexismajyambere/tembea/src/utils/data.js
FNF:0
FNH:0
DA:1,1
DA:3,1
DA:5,1
LF:3
LH:3
BRF:0
BRH:0
end_of_record
TN:
SF:/Users/alexismajyambere/tembea/src/utils/index.ts
FNF:0
FNH:0
DA:4,1
LF:1
LH:1
BRF:0
BRH:0
end_of_record
